running egg_info
creating ../../build/patrol_action_server/patrol_action_server.egg-info
writing ../../build/patrol_action_server/patrol_action_server.egg-info/PKG-INFO
writing dependency_links to ../../build/patrol_action_server/patrol_action_server.egg-info/dependency_links.txt
writing entry points to ../../build/patrol_action_server/patrol_action_server.egg-info/entry_points.txt
writing requirements to ../../build/patrol_action_server/patrol_action_server.egg-info/requires.txt
writing top-level names to ../../build/patrol_action_server/patrol_action_server.egg-info/top_level.txt
writing manifest file '../../build/patrol_action_server/patrol_action_server.egg-info/SOURCES.txt'
reading manifest file '../../build/patrol_action_server/patrol_action_server.egg-info/SOURCES.txt'
writing manifest file '../../build/patrol_action_server/patrol_action_server.egg-info/SOURCES.txt'
running build
running build_py
creating /home/ros2/hexapod_ws/build/patrol_action_server/build
creating /home/ros2/hexapod_ws/build/patrol_action_server/build/lib
creating /home/ros2/hexapod_ws/build/patrol_action_server/build/lib/patrol_action_server
copying patrol_action_server/__init__.py -> /home/ros2/hexapod_ws/build/patrol_action_server/build/lib/patrol_action_server
copying patrol_action_server/patrol_action_server copy.py -> /home/ros2/hexapod_ws/build/patrol_action_server/build/lib/patrol_action_server
copying patrol_action_server/patrol_action_server.py -> /home/ros2/hexapod_ws/build/patrol_action_server/build/lib/patrol_action_server
copying patrol_action_server/patrol_action_server_Backup.py -> /home/ros2/hexapod_ws/build/patrol_action_server/build/lib/patrol_action_server
running install
running install_lib
creating /home/ros2/hexapod_ws/install/patrol_action_server/lib/python3.8/site-packages/patrol_action_server
copying /home/ros2/hexapod_ws/build/patrol_action_server/build/lib/patrol_action_server/__init__.py -> /home/ros2/hexapod_ws/install/patrol_action_server/lib/python3.8/site-packages/patrol_action_server
copying /home/ros2/hexapod_ws/build/patrol_action_server/build/lib/patrol_action_server/patrol_action_server copy.py -> /home/ros2/hexapod_ws/install/patrol_action_server/lib/python3.8/site-packages/patrol_action_server
copying /home/ros2/hexapod_ws/build/patrol_action_server/build/lib/patrol_action_server/patrol_action_server.py -> /home/ros2/hexapod_ws/install/patrol_action_server/lib/python3.8/site-packages/patrol_action_server
copying /home/ros2/hexapod_ws/build/patrol_action_server/build/lib/patrol_action_server/patrol_action_server_Backup.py -> /home/ros2/hexapod_ws/install/patrol_action_server/lib/python3.8/site-packages/patrol_action_server
byte-compiling /home/ros2/hexapod_ws/install/patrol_action_server/lib/python3.8/site-packages/patrol_action_server/__init__.py to __init__.cpython-38.pyc
byte-compiling /home/ros2/hexapod_ws/install/patrol_action_server/lib/python3.8/site-packages/patrol_action_server/patrol_action_server copy.py to patrol_action_server copy.cpython-38.pyc
byte-compiling /home/ros2/hexapod_ws/install/patrol_action_server/lib/python3.8/site-packages/patrol_action_server/patrol_action_server.py to patrol_action_server.cpython-38.pyc
byte-compiling /home/ros2/hexapod_ws/install/patrol_action_server/lib/python3.8/site-packages/patrol_action_server/patrol_action_server_Backup.py to patrol_action_server_Backup.cpython-38.pyc
running install_data
creating /home/ros2/hexapod_ws/install/patrol_action_server/share/ament_index
creating /home/ros2/hexapod_ws/install/patrol_action_server/share/ament_index/resource_index
creating /home/ros2/hexapod_ws/install/patrol_action_server/share/ament_index/resource_index/packages
copying resource/patrol_action_server -> /home/ros2/hexapod_ws/install/patrol_action_server/share/ament_index/resource_index/packages
copying package.xml -> /home/ros2/hexapod_ws/install/patrol_action_server/share/patrol_action_server
running install_egg_info
Copying ../../build/patrol_action_server/patrol_action_server.egg-info to /home/ros2/hexapod_ws/install/patrol_action_server/lib/python3.8/site-packages/patrol_action_server-0.0.0-py3.8.egg-info
running install_scripts
Installing patrol_action_server_exe script to /home/ros2/hexapod_ws/install/patrol_action_server/lib/patrol_action_server
writing list of installed files to '/home/ros2/hexapod_ws/build/patrol_action_server/install.log'
