[1.576s] Invoking command in '/home/ros2/hexapod_ws/src/patrol_action_server': LD_LIBRARY_PATH=/home/ros2/hexapod_ws/install/custom_interfaces/lib:/usr/lib/x86_64-linux-gnu/gazebo-11/plugins:/opt/ros/foxy/opt/yaml_cpp_vendor/lib:/opt/ros/foxy/opt/rviz_ogre_vendor/lib:/opt/ros/foxy/lib/x86_64-linux-gnu:/opt/ros/foxy/lib:/usr/lib/x86_64-linux-gnu/gazebo-11/plugins PYTHONPATH=/home/ros2/hexapod_ws/build/patrol_action_server/prefix_override:/home/ros2/hexapod_ws/install/patrol_action_server/lib/python3.8/site-packages:/home/ros2/hexapod_ws/install/custom_interfaces/lib/python3.8/site-packages:/home/ros2/hexapod_ws/install/patrol_action_server/lib/python3.8/site-packages:/home/ros2/hexapod_ws/install/patrol_action_client/lib/python3.8/site-packages:/home/ros2/hexapod_ws/install/hexapod_description/lib/python3.8/site-packages:/opt/ros/foxy/lib/python3.8/site-packages /usr/bin/python3 setup.py egg_info --egg-base ../../build/patrol_action_server build --build-base /home/ros2/hexapod_ws/build/patrol_action_server/build install --record /home/ros2/hexapod_ws/build/patrol_action_server/install.log --install-scripts $base/lib/patrol_action_server --single-version-externally-managed
[1.910s] running egg_info
[1.911s] creating ../../build/patrol_action_server/patrol_action_server.egg-info
[1.911s] writing ../../build/patrol_action_server/patrol_action_server.egg-info/PKG-INFO
[1.912s] writing dependency_links to ../../build/patrol_action_server/patrol_action_server.egg-info/dependency_links.txt
[1.912s] writing entry points to ../../build/patrol_action_server/patrol_action_server.egg-info/entry_points.txt
[1.912s] writing requirements to ../../build/patrol_action_server/patrol_action_server.egg-info/requires.txt
[1.912s] writing top-level names to ../../build/patrol_action_server/patrol_action_server.egg-info/top_level.txt
[1.914s] writing manifest file '../../build/patrol_action_server/patrol_action_server.egg-info/SOURCES.txt'
[1.978s] reading manifest file '../../build/patrol_action_server/patrol_action_server.egg-info/SOURCES.txt'
[1.979s] writing manifest file '../../build/patrol_action_server/patrol_action_server.egg-info/SOURCES.txt'
[1.979s] running build
[1.980s] running build_py
[1.980s] creating /home/ros2/hexapod_ws/build/patrol_action_server/build
[1.980s] creating /home/ros2/hexapod_ws/build/patrol_action_server/build/lib
[1.980s] creating /home/ros2/hexapod_ws/build/patrol_action_server/build/lib/patrol_action_server
[1.981s] copying patrol_action_server/__init__.py -> /home/ros2/hexapod_ws/build/patrol_action_server/build/lib/patrol_action_server
[1.981s] copying patrol_action_server/patrol_action_server copy.py -> /home/ros2/hexapod_ws/build/patrol_action_server/build/lib/patrol_action_server
[1.981s] copying patrol_action_server/patrol_action_server.py -> /home/ros2/hexapod_ws/build/patrol_action_server/build/lib/patrol_action_server
[1.981s] copying patrol_action_server/patrol_action_server_Backup.py -> /home/ros2/hexapod_ws/build/patrol_action_server/build/lib/patrol_action_server
[1.981s] running install
[1.982s] running install_lib
[1.984s] creating /home/ros2/hexapod_ws/install/patrol_action_server/lib/python3.8/site-packages/patrol_action_server
[1.984s] copying /home/ros2/hexapod_ws/build/patrol_action_server/build/lib/patrol_action_server/__init__.py -> /home/ros2/hexapod_ws/install/patrol_action_server/lib/python3.8/site-packages/patrol_action_server
[1.984s] copying /home/ros2/hexapod_ws/build/patrol_action_server/build/lib/patrol_action_server/patrol_action_server copy.py -> /home/ros2/hexapod_ws/install/patrol_action_server/lib/python3.8/site-packages/patrol_action_server
[1.985s] copying /home/ros2/hexapod_ws/build/patrol_action_server/build/lib/patrol_action_server/patrol_action_server.py -> /home/ros2/hexapod_ws/install/patrol_action_server/lib/python3.8/site-packages/patrol_action_server
[1.985s] copying /home/ros2/hexapod_ws/build/patrol_action_server/build/lib/patrol_action_server/patrol_action_server_Backup.py -> /home/ros2/hexapod_ws/install/patrol_action_server/lib/python3.8/site-packages/patrol_action_server
[1.985s] byte-compiling /home/ros2/hexapod_ws/install/patrol_action_server/lib/python3.8/site-packages/patrol_action_server/__init__.py to __init__.cpython-38.pyc
[1.988s] byte-compiling /home/ros2/hexapod_ws/install/patrol_action_server/lib/python3.8/site-packages/patrol_action_server/patrol_action_server copy.py to patrol_action_server copy.cpython-38.pyc
[1.990s] byte-compiling /home/ros2/hexapod_ws/install/patrol_action_server/lib/python3.8/site-packages/patrol_action_server/patrol_action_server.py to patrol_action_server.cpython-38.pyc
[1.992s] byte-compiling /home/ros2/hexapod_ws/install/patrol_action_server/lib/python3.8/site-packages/patrol_action_server/patrol_action_server_Backup.py to patrol_action_server_Backup.cpython-38.pyc
[1.992s] running install_data
[1.993s] creating /home/ros2/hexapod_ws/install/patrol_action_server/share/ament_index
[1.994s] creating /home/ros2/hexapod_ws/install/patrol_action_server/share/ament_index/resource_index
[1.994s] creating /home/ros2/hexapod_ws/install/patrol_action_server/share/ament_index/resource_index/packages
[1.994s] copying resource/patrol_action_server -> /home/ros2/hexapod_ws/install/patrol_action_server/share/ament_index/resource_index/packages
[1.994s] copying package.xml -> /home/ros2/hexapod_ws/install/patrol_action_server/share/patrol_action_server
[1.995s] running install_egg_info
[1.999s] Copying ../../build/patrol_action_server/patrol_action_server.egg-info to /home/ros2/hexapod_ws/install/patrol_action_server/lib/python3.8/site-packages/patrol_action_server-0.0.0-py3.8.egg-info
[1.999s] running install_scripts
[2.026s] Installing patrol_action_server_exe script to /home/ros2/hexapod_ws/install/patrol_action_server/lib/patrol_action_server
[2.027s] writing list of installed files to '/home/ros2/hexapod_ws/build/patrol_action_server/install.log'
[2.058s] Invoked command in '/home/ros2/hexapod_ws/src/patrol_action_server' returned '0': LD_LIBRARY_PATH=/home/ros2/hexapod_ws/install/custom_interfaces/lib:/usr/lib/x86_64-linux-gnu/gazebo-11/plugins:/opt/ros/foxy/opt/yaml_cpp_vendor/lib:/opt/ros/foxy/opt/rviz_ogre_vendor/lib:/opt/ros/foxy/lib/x86_64-linux-gnu:/opt/ros/foxy/lib:/usr/lib/x86_64-linux-gnu/gazebo-11/plugins PYTHONPATH=/home/ros2/hexapod_ws/build/patrol_action_server/prefix_override:/home/ros2/hexapod_ws/install/patrol_action_server/lib/python3.8/site-packages:/home/ros2/hexapod_ws/install/custom_interfaces/lib/python3.8/site-packages:/home/ros2/hexapod_ws/install/patrol_action_server/lib/python3.8/site-packages:/home/ros2/hexapod_ws/install/patrol_action_client/lib/python3.8/site-packages:/home/ros2/hexapod_ws/install/hexapod_description/lib/python3.8/site-packages:/opt/ros/foxy/lib/python3.8/site-packages /usr/bin/python3 setup.py egg_info --egg-base ../../build/patrol_action_server build --build-base /home/ros2/hexapod_ws/build/patrol_action_server/build install --record /home/ros2/hexapod_ws/build/patrol_action_server/install.log --install-scripts $base/lib/patrol_action_server --single-version-externally-managed
