[1.763s] Invoking command in '/home/ros2/hexapod_ws/src/hexapod_description': LD_LIBRARY_PATH=/home/ros2/hexapod_ws/install/custom_interfaces/lib:/usr/lib/x86_64-linux-gnu/gazebo-11/plugins:/opt/ros/foxy/opt/yaml_cpp_vendor/lib:/opt/ros/foxy/opt/rviz_ogre_vendor/lib:/opt/ros/foxy/lib/x86_64-linux-gnu:/opt/ros/foxy/lib:/usr/lib/x86_64-linux-gnu/gazebo-11/plugins PYTHONPATH=/home/ros2/hexapod_ws/build/hexapod_description/prefix_override:/home/ros2/hexapod_ws/install/hexapod_description/lib/python3.8/site-packages:/home/ros2/hexapod_ws/install/custom_interfaces/lib/python3.8/site-packages:/home/ros2/hexapod_ws/install/patrol_action_server/lib/python3.8/site-packages:/home/ros2/hexapod_ws/install/patrol_action_client/lib/python3.8/site-packages:/home/ros2/hexapod_ws/install/hexapod_description/lib/python3.8/site-packages:/opt/ros/foxy/lib/python3.8/site-packages /usr/bin/python3 setup.py egg_info --egg-base ../../build/hexapod_description build --build-base /home/ros2/hexapod_ws/build/hexapod_description/build install --record /home/ros2/hexapod_ws/build/hexapod_description/install.log --single-version-externally-managed
[1.951s] running egg_info
[1.952s] writing ../../build/hexapod_description/hexapod_description.egg-info/PKG-INFO
[1.952s] writing dependency_links to ../../build/hexapod_description/hexapod_description.egg-info/dependency_links.txt
[1.952s] writing entry points to ../../build/hexapod_description/hexapod_description.egg-info/entry_points.txt
[1.953s] writing requirements to ../../build/hexapod_description/hexapod_description.egg-info/requires.txt
[1.953s] writing top-level names to ../../build/hexapod_description/hexapod_description.egg-info/top_level.txt
[1.986s] reading manifest file '../../build/hexapod_description/hexapod_description.egg-info/SOURCES.txt'
[1.989s] writing manifest file '../../build/hexapod_description/hexapod_description.egg-info/SOURCES.txt'
[1.989s] running build
[1.989s] running build_py
[1.990s] running install
[1.991s] running install_lib
[1.993s] running install_data
[1.994s] copying urdf/hexapod.gazebo -> /home/ros2/hexapod_ws/install/hexapod_description/share/hexapod_description/urdf
[1.995s] running install_egg_info
[1.996s] removing '/home/ros2/hexapod_ws/install/hexapod_description/lib/python3.8/site-packages/hexapod_description-0.0.0-py3.8.egg-info' (and everything under it)
[1.996s] Copying ../../build/hexapod_description/hexapod_description.egg-info to /home/ros2/hexapod_ws/install/hexapod_description/lib/python3.8/site-packages/hexapod_description-0.0.0-py3.8.egg-info
[1.997s] running install_scripts
[2.013s] Installing motor_data1 script to /home/ros2/hexapod_ws/install/hexapod_description/lib/hexapod_description
[2.013s] Installing motor_data2 script to /home/ros2/hexapod_ws/install/hexapod_description/lib/hexapod_description
[2.013s] Installing motor_data3 script to /home/ros2/hexapod_ws/install/hexapod_description/lib/hexapod_description
[2.013s] Installing motor_data4 script to /home/ros2/hexapod_ws/install/hexapod_description/lib/hexapod_description
[2.013s] Installing patrol_action_server_exe script to /home/ros2/hexapod_ws/install/hexapod_description/lib/hexapod_description
[2.014s] writing list of installed files to '/home/ros2/hexapod_ws/build/hexapod_description/install.log'
[2.033s] Invoked command in '/home/ros2/hexapod_ws/src/hexapod_description' returned '0': LD_LIBRARY_PATH=/home/ros2/hexapod_ws/install/custom_interfaces/lib:/usr/lib/x86_64-linux-gnu/gazebo-11/plugins:/opt/ros/foxy/opt/yaml_cpp_vendor/lib:/opt/ros/foxy/opt/rviz_ogre_vendor/lib:/opt/ros/foxy/lib/x86_64-linux-gnu:/opt/ros/foxy/lib:/usr/lib/x86_64-linux-gnu/gazebo-11/plugins PYTHONPATH=/home/ros2/hexapod_ws/build/hexapod_description/prefix_override:/home/ros2/hexapod_ws/install/hexapod_description/lib/python3.8/site-packages:/home/ros2/hexapod_ws/install/custom_interfaces/lib/python3.8/site-packages:/home/ros2/hexapod_ws/install/patrol_action_server/lib/python3.8/site-packages:/home/ros2/hexapod_ws/install/patrol_action_client/lib/python3.8/site-packages:/home/ros2/hexapod_ws/install/hexapod_description/lib/python3.8/site-packages:/opt/ros/foxy/lib/python3.8/site-packages /usr/bin/python3 setup.py egg_info --egg-base ../../build/hexapod_description build --build-base /home/ros2/hexapod_ws/build/hexapod_description/build install --record /home/ros2/hexapod_ws/build/hexapod_description/install.log --single-version-externally-managed
