[0.306s] Invoking command in '/home/ros2/hexapod_ws/build/custom_interfaces': CMAKE_PREFIX_PATH=${CMAKE_PREFIX_PATH}:/home/ros2/hexapod_ws/install/patrol_action_server:/home/ros2/hexapod_ws/install/patrol_action_client:/home/ros2/hexapod_ws/install/hexapod_description:/opt/ros/foxy /usr/bin/cmake --build /home/ros2/hexapod_ws/build/custom_interfaces -- -j8 -l8
[0.447s] [  3%] Built target custom_interfaces__cpp
[0.482s] [ 12%] Built target custom_interfaces__rosidl_generator_c
[0.538s] [ 22%] Built target custom_interfaces__rosidl_typesupport_cpp
[0.540s] [ 32%] Built target custom_interfaces__rosidl_typesupport_introspection_cpp
[0.550s] [ 41%] Built target custom_interfaces__rosidl_typesupport_c
[0.567s] [ 51%] Built target custom_interfaces__rosidl_typesupport_fastrtps_cpp
[0.579s] [ 61%] Built target custom_interfaces__rosidl_typesupport_introspection_c
[0.622s] [ 70%] Built target custom_interfaces__rosidl_typesupport_fastrtps_c
[0.663s] [ 70%] Built target custom_interfaces
[0.698s] [ 74%] Built target custom_interfaces__py
[0.748s] [ 80%] Built target custom_interfaces__python
[0.814s] [ 87%] Built target custom_interfaces__rosidl_typesupport_introspection_c__pyext
[0.815s] [ 93%] Built target custom_interfaces__rosidl_typesupport_fastrtps_c__pyext
[0.828s] [100%] Built target custom_interfaces__rosidl_typesupport_c__pyext
[0.846s] Invoked command in '/home/ros2/hexapod_ws/build/custom_interfaces' returned '0': CMAKE_PREFIX_PATH=${CMAKE_PREFIX_PATH}:/home/ros2/hexapod_ws/install/patrol_action_server:/home/ros2/hexapod_ws/install/patrol_action_client:/home/ros2/hexapod_ws/install/hexapod_description:/opt/ros/foxy /usr/bin/cmake --build /home/ros2/hexapod_ws/build/custom_interfaces -- -j8 -l8
[0.969s] Invoking command in '/home/ros2/hexapod_ws/build/custom_interfaces': CMAKE_PREFIX_PATH=${CMAKE_PREFIX_PATH}:/home/ros2/hexapod_ws/install/patrol_action_server:/home/ros2/hexapod_ws/install/patrol_action_client:/home/ros2/hexapod_ws/install/hexapod_description:/opt/ros/foxy /usr/bin/cmake --install /home/ros2/hexapod_ws/build/custom_interfaces
[0.986s] -- Install configuration: ""
[0.987s] -- Up-to-date: /home/ros2/hexapod_ws/install/custom_interfaces/share/ament_index/resource_index/rosidl_interfaces/custom_interfaces
[0.988s] -- Up-to-date: /home/ros2/hexapod_ws/install/custom_interfaces/include/custom_interfaces
[0.988s] -- Up-to-date: /home/ros2/hexapod_ws/install/custom_interfaces/include/custom_interfaces/action
[0.988s] -- Up-to-date: /home/ros2/hexapod_ws/install/custom_interfaces/include/custom_interfaces/action/patrol.h
[0.988s] -- Up-to-date: /home/ros2/hexapod_ws/install/custom_interfaces/include/custom_interfaces/action/detail
[0.988s] -- Up-to-date: /home/ros2/hexapod_ws/install/custom_interfaces/include/custom_interfaces/action/detail/patrol__functions.c
[0.988s] -- Up-to-date: /home/ros2/hexapod_ws/install/custom_interfaces/include/custom_interfaces/action/detail/patrol__functions.h
[0.988s] -- Up-to-date: /home/ros2/hexapod_ws/install/custom_interfaces/include/custom_interfaces/action/detail/patrol__type_support.h
[0.988s] -- Up-to-date: /home/ros2/hexapod_ws/install/custom_interfaces/include/custom_interfaces/action/detail/patrol__struct.h
[0.988s] -- Up-to-date: /home/ros2/hexapod_ws/install/custom_interfaces/include/custom_interfaces/msg
[0.988s] -- Up-to-date: /home/ros2/hexapod_ws/install/custom_interfaces/include/custom_interfaces/msg/rosidl_generator_c__visibility_control.h
[0.988s] -- Up-to-date: /home/ros2/hexapod_ws/install/custom_interfaces/share/custom_interfaces/environment/library_path.sh
[0.989s] -- Up-to-date: /home/ros2/hexapod_ws/install/custom_interfaces/share/custom_interfaces/environment/library_path.dsv
[0.989s] -- Up-to-date: /home/ros2/hexapod_ws/install/custom_interfaces/lib/libcustom_interfaces__rosidl_generator_c.so
[0.989s] -- Up-to-date: /home/ros2/hexapod_ws/install/custom_interfaces/include/custom_interfaces
[0.989s] -- Up-to-date: /home/ros2/hexapod_ws/install/custom_interfaces/include/custom_interfaces/action
[0.989s] -- Up-to-date: /home/ros2/hexapod_ws/install/custom_interfaces/include/custom_interfaces/action/detail
[0.989s] -- Up-to-date: /home/ros2/hexapod_ws/install/custom_interfaces/include/custom_interfaces/action/detail/patrol__rosidl_typesupport_fastrtps_c.h
[0.989s] -- Up-to-date: /home/ros2/hexapod_ws/install/custom_interfaces/include/custom_interfaces/msg
[0.989s] -- Up-to-date: /home/ros2/hexapod_ws/install/custom_interfaces/include/custom_interfaces/msg/rosidl_typesupport_fastrtps_c__visibility_control.h
[0.991s] -- Up-to-date: /home/ros2/hexapod_ws/install/custom_interfaces/lib/libcustom_interfaces__rosidl_typesupport_fastrtps_c.so
[0.991s] -- Up-to-date: /home/ros2/hexapod_ws/install/custom_interfaces/include/custom_interfaces
[0.991s] -- Up-to-date: /home/ros2/hexapod_ws/install/custom_interfaces/include/custom_interfaces/action
[0.991s] -- Up-to-date: /home/ros2/hexapod_ws/install/custom_interfaces/include/custom_interfaces/action/detail
[0.991s] -- Up-to-date: /home/ros2/hexapod_ws/install/custom_interfaces/include/custom_interfaces/action/detail/dds_fastrtps
[0.991s] -- Up-to-date: /home/ros2/hexapod_ws/install/custom_interfaces/include/custom_interfaces/action/detail/patrol__rosidl_typesupport_fastrtps_cpp.hpp
[0.991s] -- Up-to-date: /home/ros2/hexapod_ws/install/custom_interfaces/include/custom_interfaces/msg
[0.991s] -- Up-to-date: /home/ros2/hexapod_ws/install/custom_interfaces/include/custom_interfaces/msg/rosidl_typesupport_fastrtps_cpp__visibility_control.h
[0.992s] -- Up-to-date: /home/ros2/hexapod_ws/install/custom_interfaces/lib/libcustom_interfaces__rosidl_typesupport_fastrtps_cpp.so
[0.992s] -- Up-to-date: /home/ros2/hexapod_ws/install/custom_interfaces/include/custom_interfaces
[0.992s] -- Up-to-date: /home/ros2/hexapod_ws/install/custom_interfaces/include/custom_interfaces/action
[0.992s] -- Up-to-date: /home/ros2/hexapod_ws/install/custom_interfaces/include/custom_interfaces/action/detail
[0.992s] -- Up-to-date: /home/ros2/hexapod_ws/install/custom_interfaces/include/custom_interfaces/action/detail/patrol__type_support.c
[0.992s] -- Up-to-date: /home/ros2/hexapod_ws/install/custom_interfaces/include/custom_interfaces/action/detail/patrol__rosidl_typesupport_introspection_c.h
[0.992s] -- Up-to-date: /home/ros2/hexapod_ws/install/custom_interfaces/include/custom_interfaces/msg
[0.992s] -- Up-to-date: /home/ros2/hexapod_ws/install/custom_interfaces/include/custom_interfaces/msg/rosidl_typesupport_introspection_c__visibility_control.h
[0.992s] -- Up-to-date: /home/ros2/hexapod_ws/install/custom_interfaces/lib/libcustom_interfaces__rosidl_typesupport_introspection_c.so
[0.992s] -- Up-to-date: /home/ros2/hexapod_ws/install/custom_interfaces/lib/libcustom_interfaces__rosidl_typesupport_c.so
[0.992s] -- Up-to-date: /home/ros2/hexapod_ws/install/custom_interfaces/include/custom_interfaces
[0.992s] -- Up-to-date: /home/ros2/hexapod_ws/install/custom_interfaces/include/custom_interfaces/action
[0.993s] -- Up-to-date: /home/ros2/hexapod_ws/install/custom_interfaces/include/custom_interfaces/action/patrol.hpp
[0.993s] -- Up-to-date: /home/ros2/hexapod_ws/install/custom_interfaces/include/custom_interfaces/action/detail
[0.993s] -- Up-to-date: /home/ros2/hexapod_ws/install/custom_interfaces/include/custom_interfaces/action/detail/patrol__struct.hpp
[0.993s] -- Up-to-date: /home/ros2/hexapod_ws/install/custom_interfaces/include/custom_interfaces/action/detail/patrol__traits.hpp
[0.993s] -- Up-to-date: /home/ros2/hexapod_ws/install/custom_interfaces/include/custom_interfaces/action/detail/patrol__builder.hpp
[0.993s] -- Up-to-date: /home/ros2/hexapod_ws/install/custom_interfaces/include/custom_interfaces/action/detail/patrol__type_support.hpp
[0.993s] -- Up-to-date: /home/ros2/hexapod_ws/install/custom_interfaces/include/custom_interfaces/msg
[0.993s] -- Up-to-date: /home/ros2/hexapod_ws/install/custom_interfaces/include/custom_interfaces/msg/rosidl_generator_cpp__visibility_control.hpp
[0.993s] -- Up-to-date: /home/ros2/hexapod_ws/install/custom_interfaces/include/custom_interfaces
[0.993s] -- Up-to-date: /home/ros2/hexapod_ws/install/custom_interfaces/include/custom_interfaces/action
[0.993s] -- Up-to-date: /home/ros2/hexapod_ws/install/custom_interfaces/include/custom_interfaces/action/detail
[0.993s] -- Up-to-date: /home/ros2/hexapod_ws/install/custom_interfaces/include/custom_interfaces/action/detail/patrol__type_support.cpp
[0.994s] -- Up-to-date: /home/ros2/hexapod_ws/install/custom_interfaces/include/custom_interfaces/action/detail/patrol__rosidl_typesupport_introspection_cpp.hpp
[0.994s] -- Up-to-date: /home/ros2/hexapod_ws/install/custom_interfaces/lib/libcustom_interfaces__rosidl_typesupport_introspection_cpp.so
[0.994s] -- Up-to-date: /home/ros2/hexapod_ws/install/custom_interfaces/lib/libcustom_interfaces__rosidl_typesupport_cpp.so
[0.994s] -- Up-to-date: /home/ros2/hexapod_ws/install/custom_interfaces/share/custom_interfaces/environment/pythonpath.sh
[0.994s] -- Up-to-date: /home/ros2/hexapod_ws/install/custom_interfaces/share/custom_interfaces/environment/pythonpath.dsv
[0.994s] -- Up-to-date: /home/ros2/hexapod_ws/install/custom_interfaces/lib/python3.8/site-packages/custom_interfaces/__init__.py
[1.034s] -- Up-to-date: /home/ros2/hexapod_ws/install/custom_interfaces/lib/python3.8/site-packages/custom_interfaces/action
[1.034s] -- Up-to-date: /home/ros2/hexapod_ws/install/custom_interfaces/lib/python3.8/site-packages/custom_interfaces/action/__init__.py
[1.034s] -- Up-to-date: /home/ros2/hexapod_ws/install/custom_interfaces/lib/python3.8/site-packages/custom_interfaces/action/_patrol.py
[1.034s] -- Up-to-date: /home/ros2/hexapod_ws/install/custom_interfaces/lib/python3.8/site-packages/custom_interfaces/action/_patrol_s.c
[1.035s] -- Up-to-date: /home/ros2/hexapod_ws/install/custom_interfaces/lib/python3.8/site-packages/custom_interfaces/custom_interfaces_s__rosidl_typesupport_fastrtps_c.cpython-38-x86_64-linux-gnu.so
[1.038s] -- Up-to-date: /home/ros2/hexapod_ws/install/custom_interfaces/lib/python3.8/site-packages/custom_interfaces/custom_interfaces_s__rosidl_typesupport_introspection_c.cpython-38-x86_64-linux-gnu.so
[1.039s] -- Up-to-date: /home/ros2/hexapod_ws/install/custom_interfaces/lib/python3.8/site-packages/custom_interfaces/custom_interfaces_s__rosidl_typesupport_c.cpython-38-x86_64-linux-gnu.so
[1.040s] -- Up-to-date: /home/ros2/hexapod_ws/install/custom_interfaces/lib/libcustom_interfaces__python.so
[1.041s] -- Up-to-date: /home/ros2/hexapod_ws/install/custom_interfaces/share/custom_interfaces/action/Patrol.idl
[1.042s] -- Up-to-date: /home/ros2/hexapod_ws/install/custom_interfaces/share/custom_interfaces/action/Patrol.action
[1.043s] -- Up-to-date: /home/ros2/hexapod_ws/install/custom_interfaces/share/ament_index/resource_index/package_run_dependencies/custom_interfaces
[1.044s] -- Up-to-date: /home/ros2/hexapod_ws/install/custom_interfaces/share/ament_index/resource_index/parent_prefix_path/custom_interfaces
[1.049s] -- Up-to-date: /home/ros2/hexapod_ws/install/custom_interfaces/share/custom_interfaces/environment/ament_prefix_path.sh
[1.049s] -- Up-to-date: /home/ros2/hexapod_ws/install/custom_interfaces/share/custom_interfaces/environment/ament_prefix_path.dsv
[1.049s] -- Up-to-date: /home/ros2/hexapod_ws/install/custom_interfaces/share/custom_interfaces/environment/path.sh
[1.049s] -- Up-to-date: /home/ros2/hexapod_ws/install/custom_interfaces/share/custom_interfaces/environment/path.dsv
[1.050s] -- Up-to-date: /home/ros2/hexapod_ws/install/custom_interfaces/share/custom_interfaces/local_setup.bash
[1.052s] -- Up-to-date: /home/ros2/hexapod_ws/install/custom_interfaces/share/custom_interfaces/local_setup.sh
[1.053s] -- Up-to-date: /home/ros2/hexapod_ws/install/custom_interfaces/share/custom_interfaces/local_setup.zsh
[1.054s] -- Up-to-date: /home/ros2/hexapod_ws/install/custom_interfaces/share/custom_interfaces/local_setup.dsv
[1.054s] -- Installing: /home/ros2/hexapod_ws/install/custom_interfaces/share/custom_interfaces/package.dsv
[1.055s] -- Up-to-date: /home/ros2/hexapod_ws/install/custom_interfaces/share/ament_index/resource_index/packages/custom_interfaces
[1.055s] -- Up-to-date: /home/ros2/hexapod_ws/install/custom_interfaces/share/custom_interfaces/cmake/custom_interfaces__rosidl_generator_cExport.cmake
[1.055s] -- Up-to-date: /home/ros2/hexapod_ws/install/custom_interfaces/share/custom_interfaces/cmake/custom_interfaces__rosidl_generator_cExport-noconfig.cmake
[1.055s] -- Up-to-date: /home/ros2/hexapod_ws/install/custom_interfaces/share/custom_interfaces/cmake/custom_interfaces__rosidl_typesupport_introspection_cExport.cmake
[1.055s] -- Up-to-date: /home/ros2/hexapod_ws/install/custom_interfaces/share/custom_interfaces/cmake/custom_interfaces__rosidl_typesupport_introspection_cExport-noconfig.cmake
[1.055s] -- Up-to-date: /home/ros2/hexapod_ws/install/custom_interfaces/share/custom_interfaces/cmake/custom_interfaces__rosidl_typesupport_cExport.cmake
[1.055s] -- Up-to-date: /home/ros2/hexapod_ws/install/custom_interfaces/share/custom_interfaces/cmake/custom_interfaces__rosidl_typesupport_cExport-noconfig.cmake
[1.055s] -- Up-to-date: /home/ros2/hexapod_ws/install/custom_interfaces/share/custom_interfaces/cmake/custom_interfaces__rosidl_generator_cppExport.cmake
[1.055s] -- Up-to-date: /home/ros2/hexapod_ws/install/custom_interfaces/share/custom_interfaces/cmake/custom_interfaces__rosidl_typesupport_introspection_cppExport.cmake
[1.055s] -- Up-to-date: /home/ros2/hexapod_ws/install/custom_interfaces/share/custom_interfaces/cmake/custom_interfaces__rosidl_typesupport_introspection_cppExport-noconfig.cmake
[1.056s] -- Up-to-date: /home/ros2/hexapod_ws/install/custom_interfaces/share/custom_interfaces/cmake/custom_interfaces__rosidl_typesupport_cppExport.cmake
[1.056s] -- Up-to-date: /home/ros2/hexapod_ws/install/custom_interfaces/share/custom_interfaces/cmake/custom_interfaces__rosidl_typesupport_cppExport-noconfig.cmake
[1.056s] -- Up-to-date: /home/ros2/hexapod_ws/install/custom_interfaces/share/custom_interfaces/cmake/rosidl_cmake-extras.cmake
[1.056s] -- Up-to-date: /home/ros2/hexapod_ws/install/custom_interfaces/share/custom_interfaces/cmake/ament_cmake_export_dependencies-extras.cmake
[1.056s] -- Up-to-date: /home/ros2/hexapod_ws/install/custom_interfaces/share/custom_interfaces/cmake/ament_cmake_export_libraries-extras.cmake
[1.056s] -- Up-to-date: /home/ros2/hexapod_ws/install/custom_interfaces/share/custom_interfaces/cmake/ament_cmake_export_targets-extras.cmake
[1.056s] -- Up-to-date: /home/ros2/hexapod_ws/install/custom_interfaces/share/custom_interfaces/cmake/ament_cmake_export_include_directories-extras.cmake
[1.056s] -- Up-to-date: /home/ros2/hexapod_ws/install/custom_interfaces/share/custom_interfaces/cmake/rosidl_cmake_export_typesupport_libraries-extras.cmake
[1.056s] -- Up-to-date: /home/ros2/hexapod_ws/install/custom_interfaces/share/custom_interfaces/cmake/rosidl_cmake_export_typesupport_targets-extras.cmake
[1.057s] -- Up-to-date: /home/ros2/hexapod_ws/install/custom_interfaces/share/custom_interfaces/cmake/custom_interfacesConfig.cmake
[1.057s] -- Up-to-date: /home/ros2/hexapod_ws/install/custom_interfaces/share/custom_interfaces/cmake/custom_interfacesConfig-version.cmake
[1.057s] -- Up-to-date: /home/ros2/hexapod_ws/install/custom_interfaces/share/custom_interfaces/package.xml
[1.057s] Invoked command in '/home/ros2/hexapod_ws/build/custom_interfaces' returned '0': CMAKE_PREFIX_PATH=${CMAKE_PREFIX_PATH}:/home/ros2/hexapod_ws/install/patrol_action_server:/home/ros2/hexapod_ws/install/patrol_action_client:/home/ros2/hexapod_ws/install/hexapod_description:/opt/ros/foxy /usr/bin/cmake --install /home/ros2/hexapod_ws/build/custom_interfaces
