[1.799s] Invoking command in '/home/ros2/hexapod_ws/src/patrol_action_server': LD_LIBRARY_PATH=/home/ros2/hexapod_ws/install/custom_interfaces/lib:/usr/lib/x86_64-linux-gnu/gazebo-11/plugins:/opt/ros/foxy/opt/yaml_cpp_vendor/lib:/opt/ros/foxy/opt/rviz_ogre_vendor/lib:/opt/ros/foxy/lib/x86_64-linux-gnu:/opt/ros/foxy/lib:/usr/lib/x86_64-linux-gnu/gazebo-11/plugins PYTHONPATH=/home/ros2/hexapod_ws/build/patrol_action_server/prefix_override:/home/ros2/hexapod_ws/install/patrol_action_server/lib/python3.8/site-packages:/home/ros2/hexapod_ws/install/custom_interfaces/lib/python3.8/site-packages:/home/ros2/hexapod_ws/install/patrol_action_server/lib/python3.8/site-packages:/home/ros2/hexapod_ws/install/patrol_action_client/lib/python3.8/site-packages:/home/ros2/hexapod_ws/install/hexapod_description/lib/python3.8/site-packages:/opt/ros/foxy/lib/python3.8/site-packages /usr/bin/python3 setup.py egg_info --egg-base ../../build/patrol_action_server build --build-base /home/ros2/hexapod_ws/build/patrol_action_server/build install --record /home/ros2/hexapod_ws/build/patrol_action_server/install.log --install-scripts $base/lib/patrol_action_server --single-version-externally-managed
[2.100s] running egg_info
[2.101s] writing ../../build/patrol_action_server/patrol_action_server.egg-info/PKG-INFO
[2.102s] writing dependency_links to ../../build/patrol_action_server/patrol_action_server.egg-info/dependency_links.txt
[2.102s] writing entry points to ../../build/patrol_action_server/patrol_action_server.egg-info/entry_points.txt
[2.102s] writing requirements to ../../build/patrol_action_server/patrol_action_server.egg-info/requires.txt
[2.102s] writing top-level names to ../../build/patrol_action_server/patrol_action_server.egg-info/top_level.txt
[2.156s] reading manifest file '../../build/patrol_action_server/patrol_action_server.egg-info/SOURCES.txt'
[2.158s] writing manifest file '../../build/patrol_action_server/patrol_action_server.egg-info/SOURCES.txt'
[2.158s] running build
[2.158s] running build_py
[2.158s] running install
[2.160s] running install_lib
[2.162s] running install_data
[2.163s] running install_egg_info
[2.165s] removing '/home/ros2/hexapod_ws/install/patrol_action_server/lib/python3.8/site-packages/patrol_action_server-0.0.0-py3.8.egg-info' (and everything under it)
[2.166s] Copying ../../build/patrol_action_server/patrol_action_server.egg-info to /home/ros2/hexapod_ws/install/patrol_action_server/lib/python3.8/site-packages/patrol_action_server-0.0.0-py3.8.egg-info
[2.167s] running install_scripts
[2.196s] Installing patrol_action_server_exe script to /home/ros2/hexapod_ws/install/patrol_action_server/lib/patrol_action_server
[2.197s] writing list of installed files to '/home/ros2/hexapod_ws/build/patrol_action_server/install.log'
[2.390s] Invoked command in '/home/ros2/hexapod_ws/src/patrol_action_server' returned '0': LD_LIBRARY_PATH=/home/ros2/hexapod_ws/install/custom_interfaces/lib:/usr/lib/x86_64-linux-gnu/gazebo-11/plugins:/opt/ros/foxy/opt/yaml_cpp_vendor/lib:/opt/ros/foxy/opt/rviz_ogre_vendor/lib:/opt/ros/foxy/lib/x86_64-linux-gnu:/opt/ros/foxy/lib:/usr/lib/x86_64-linux-gnu/gazebo-11/plugins PYTHONPATH=/home/ros2/hexapod_ws/build/patrol_action_server/prefix_override:/home/ros2/hexapod_ws/install/patrol_action_server/lib/python3.8/site-packages:/home/ros2/hexapod_ws/install/custom_interfaces/lib/python3.8/site-packages:/home/ros2/hexapod_ws/install/patrol_action_server/lib/python3.8/site-packages:/home/ros2/hexapod_ws/install/patrol_action_client/lib/python3.8/site-packages:/home/ros2/hexapod_ws/install/hexapod_description/lib/python3.8/site-packages:/opt/ros/foxy/lib/python3.8/site-packages /usr/bin/python3 setup.py egg_info --egg-base ../../build/patrol_action_server build --build-base /home/ros2/hexapod_ws/build/patrol_action_server/build install --record /home/ros2/hexapod_ws/build/patrol_action_server/install.log --install-scripts $base/lib/patrol_action_server --single-version-externally-managed
