[1.672s] Invoking command in '/home/ros2/hexapod_ws/src/patrol_action_client': LD_LIBRARY_PATH=/home/ros2/hexapod_ws/install/custom_interfaces/lib:/usr/lib/x86_64-linux-gnu/gazebo-11/plugins:/opt/ros/foxy/opt/yaml_cpp_vendor/lib:/opt/ros/foxy/opt/rviz_ogre_vendor/lib:/opt/ros/foxy/lib/x86_64-linux-gnu:/opt/ros/foxy/lib:/usr/lib/x86_64-linux-gnu/gazebo-11/plugins PYTHONPATH=/home/ros2/hexapod_ws/build/patrol_action_client/prefix_override:/home/ros2/hexapod_ws/install/patrol_action_client/lib/python3.8/site-packages:/home/ros2/hexapod_ws/install/custom_interfaces/lib/python3.8/site-packages:/home/ros2/hexapod_ws/install/patrol_action_server/lib/python3.8/site-packages:/home/ros2/hexapod_ws/install/patrol_action_client/lib/python3.8/site-packages:/home/ros2/hexapod_ws/install/hexapod_description/lib/python3.8/site-packages:/opt/ros/foxy/lib/python3.8/site-packages /usr/bin/python3 setup.py egg_info --egg-base ../../build/patrol_action_client build --build-base /home/ros2/hexapod_ws/build/patrol_action_client/build install --record /home/ros2/hexapod_ws/build/patrol_action_client/install.log --install-scripts $base/lib/patrol_action_client --single-version-externally-managed
[1.999s] running egg_info
[1.999s] creating ../../build/patrol_action_client/patrol_action_client.egg-info
[2.000s] writing ../../build/patrol_action_client/patrol_action_client.egg-info/PKG-INFO
[2.000s] writing dependency_links to ../../build/patrol_action_client/patrol_action_client.egg-info/dependency_links.txt
[2.001s] writing entry points to ../../build/patrol_action_client/patrol_action_client.egg-info/entry_points.txt
[2.001s] writing requirements to ../../build/patrol_action_client/patrol_action_client.egg-info/requires.txt
[2.001s] writing top-level names to ../../build/patrol_action_client/patrol_action_client.egg-info/top_level.txt
[2.003s] writing manifest file '../../build/patrol_action_client/patrol_action_client.egg-info/SOURCES.txt'
[2.060s] reading manifest file '../../build/patrol_action_client/patrol_action_client.egg-info/SOURCES.txt'
[2.062s] writing manifest file '../../build/patrol_action_client/patrol_action_client.egg-info/SOURCES.txt'
[2.062s] running build
[2.062s] running build_py
[2.063s] creating /home/ros2/hexapod_ws/build/patrol_action_client/build
[2.063s] creating /home/ros2/hexapod_ws/build/patrol_action_client/build/lib
[2.063s] creating /home/ros2/hexapod_ws/build/patrol_action_client/build/lib/patrol_action_client
[2.063s] copying patrol_action_client/__init__.py -> /home/ros2/hexapod_ws/build/patrol_action_client/build/lib/patrol_action_client
[2.064s] copying patrol_action_client/patrol_action_client copy_with_stance.py -> /home/ros2/hexapod_ws/build/patrol_action_client/build/lib/patrol_action_client
[2.064s] copying patrol_action_client/patrol_action_client copy.py -> /home/ros2/hexapod_ws/build/patrol_action_client/build/lib/patrol_action_client
[2.064s] copying patrol_action_client/patrol_action_client copy 3.py -> /home/ros2/hexapod_ws/build/patrol_action_client/build/lib/patrol_action_client
[2.064s] copying patrol_action_client/patrol_action_client_backup.py -> /home/ros2/hexapod_ws/build/patrol_action_client/build/lib/patrol_action_client
[2.065s] copying patrol_action_client/patrol_action_client_without_cartes_leg_posi.py -> /home/ros2/hexapod_ws/build/patrol_action_client/build/lib/patrol_action_client
[2.065s] copying patrol_action_client/patrol_action_client_EXcellentBackup.py -> /home/ros2/hexapod_ws/build/patrol_action_client/build/lib/patrol_action_client
[2.065s] copying patrol_action_client/patrol_action_client_best_backup.py -> /home/ros2/hexapod_ws/build/patrol_action_client/build/lib/patrol_action_client
[2.065s] copying patrol_action_client/patrol_action_client copy 2.py -> /home/ros2/hexapod_ws/build/patrol_action_client/build/lib/patrol_action_client
[2.065s] copying patrol_action_client/patrol_action_client.py -> /home/ros2/hexapod_ws/build/patrol_action_client/build/lib/patrol_action_client
[2.066s] copying patrol_action_client/patrol_action_client_One_Leg_Test.py -> /home/ros2/hexapod_ws/build/patrol_action_client/build/lib/patrol_action_client
[2.066s] copying patrol_action_client/patrol_action_clientOhneWorld.py -> /home/ros2/hexapod_ws/build/patrol_action_client/build/lib/patrol_action_client
[2.066s] copying patrol_action_client/patrol_action_clientFinalBackup_InCaseSomethWrong.py -> /home/ros2/hexapod_ws/build/patrol_action_client/build/lib/patrol_action_client
[2.066s] running install
[2.067s] running install_lib
[2.068s] creating /home/ros2/hexapod_ws/install/patrol_action_client/lib/python3.8/site-packages/patrol_action_client
[2.069s] copying /home/ros2/hexapod_ws/build/patrol_action_client/build/lib/patrol_action_client/__init__.py -> /home/ros2/hexapod_ws/install/patrol_action_client/lib/python3.8/site-packages/patrol_action_client
[2.069s] copying /home/ros2/hexapod_ws/build/patrol_action_client/build/lib/patrol_action_client/patrol_action_client copy_with_stance.py -> /home/ros2/hexapod_ws/install/patrol_action_client/lib/python3.8/site-packages/patrol_action_client
[2.069s] copying /home/ros2/hexapod_ws/build/patrol_action_client/build/lib/patrol_action_client/patrol_action_client copy.py -> /home/ros2/hexapod_ws/install/patrol_action_client/lib/python3.8/site-packages/patrol_action_client
[2.069s] copying /home/ros2/hexapod_ws/build/patrol_action_client/build/lib/patrol_action_client/patrol_action_client copy 3.py -> /home/ros2/hexapod_ws/install/patrol_action_client/lib/python3.8/site-packages/patrol_action_client
[2.070s] copying /home/ros2/hexapod_ws/build/patrol_action_client/build/lib/patrol_action_client/patrol_action_client_backup.py -> /home/ros2/hexapod_ws/install/patrol_action_client/lib/python3.8/site-packages/patrol_action_client
[2.070s] copying /home/ros2/hexapod_ws/build/patrol_action_client/build/lib/patrol_action_client/patrol_action_client_without_cartes_leg_posi.py -> /home/ros2/hexapod_ws/install/patrol_action_client/lib/python3.8/site-packages/patrol_action_client
[2.070s] copying /home/ros2/hexapod_ws/build/patrol_action_client/build/lib/patrol_action_client/patrol_action_client_EXcellentBackup.py -> /home/ros2/hexapod_ws/install/patrol_action_client/lib/python3.8/site-packages/patrol_action_client
[2.070s] copying /home/ros2/hexapod_ws/build/patrol_action_client/build/lib/patrol_action_client/patrol_action_client_best_backup.py -> /home/ros2/hexapod_ws/install/patrol_action_client/lib/python3.8/site-packages/patrol_action_client
[2.070s] copying /home/ros2/hexapod_ws/build/patrol_action_client/build/lib/patrol_action_client/patrol_action_client copy 2.py -> /home/ros2/hexapod_ws/install/patrol_action_client/lib/python3.8/site-packages/patrol_action_client
[2.071s] copying /home/ros2/hexapod_ws/build/patrol_action_client/build/lib/patrol_action_client/patrol_action_client.py -> /home/ros2/hexapod_ws/install/patrol_action_client/lib/python3.8/site-packages/patrol_action_client
[2.071s] copying /home/ros2/hexapod_ws/build/patrol_action_client/build/lib/patrol_action_client/patrol_action_client_One_Leg_Test.py -> /home/ros2/hexapod_ws/install/patrol_action_client/lib/python3.8/site-packages/patrol_action_client
[2.071s] copying /home/ros2/hexapod_ws/build/patrol_action_client/build/lib/patrol_action_client/patrol_action_clientOhneWorld.py -> /home/ros2/hexapod_ws/install/patrol_action_client/lib/python3.8/site-packages/patrol_action_client
[2.071s] copying /home/ros2/hexapod_ws/build/patrol_action_client/build/lib/patrol_action_client/patrol_action_clientFinalBackup_InCaseSomethWrong.py -> /home/ros2/hexapod_ws/install/patrol_action_client/lib/python3.8/site-packages/patrol_action_client
[2.071s] byte-compiling /home/ros2/hexapod_ws/install/patrol_action_client/lib/python3.8/site-packages/patrol_action_client/__init__.py to __init__.cpython-38.pyc
[2.073s] byte-compiling /home/ros2/hexapod_ws/install/patrol_action_client/lib/python3.8/site-packages/patrol_action_client/patrol_action_client copy_with_stance.py to patrol_action_client copy_with_stance.cpython-38.pyc
[2.085s] byte-compiling /home/ros2/hexapod_ws/install/patrol_action_client/lib/python3.8/site-packages/patrol_action_client/patrol_action_client copy.py to patrol_action_client copy.cpython-38.pyc
[2.091s] byte-compiling /home/ros2/hexapod_ws/install/patrol_action_client/lib/python3.8/site-packages/patrol_action_client/patrol_action_client copy 3.py to patrol_action_client copy 3.cpython-38.pyc
[2.098s] byte-compiling /home/ros2/hexapod_ws/install/patrol_action_client/lib/python3.8/site-packages/patrol_action_client/patrol_action_client_backup.py to patrol_action_client_backup.cpython-38.pyc
[2.103s] byte-compiling /home/ros2/hexapod_ws/install/patrol_action_client/lib/python3.8/site-packages/patrol_action_client/patrol_action_client_without_cartes_leg_posi.py to patrol_action_client_without_cartes_leg_posi.cpython-38.pyc
[2.110s] byte-compiling /home/ros2/hexapod_ws/install/patrol_action_client/lib/python3.8/site-packages/patrol_action_client/patrol_action_client_EXcellentBackup.py to patrol_action_client_EXcellentBackup.cpython-38.pyc
[2.121s] byte-compiling /home/ros2/hexapod_ws/install/patrol_action_client/lib/python3.8/site-packages/patrol_action_client/patrol_action_client_best_backup.py to patrol_action_client_best_backup.cpython-38.pyc
[2.126s] byte-compiling /home/ros2/hexapod_ws/install/patrol_action_client/lib/python3.8/site-packages/patrol_action_client/patrol_action_client copy 2.py to patrol_action_client copy 2.cpython-38.pyc
[2.135s] byte-compiling /home/ros2/hexapod_ws/install/patrol_action_client/lib/python3.8/site-packages/patrol_action_client/patrol_action_client.py to patrol_action_client.cpython-38.pyc
[2.140s] byte-compiling /home/ros2/hexapod_ws/install/patrol_action_client/lib/python3.8/site-packages/patrol_action_client/patrol_action_client_One_Leg_Test.py to patrol_action_client_One_Leg_Test.cpython-38.pyc
[2.146s] byte-compiling /home/ros2/hexapod_ws/install/patrol_action_client/lib/python3.8/site-packages/patrol_action_client/patrol_action_clientOhneWorld.py to patrol_action_clientOhneWorld.cpython-38.pyc
[2.152s] byte-compiling /home/ros2/hexapod_ws/install/patrol_action_client/lib/python3.8/site-packages/patrol_action_client/patrol_action_clientFinalBackup_InCaseSomethWrong.py to patrol_action_clientFinalBackup_InCaseSomethWrong.cpython-38.pyc
[2.159s] running install_data
[2.160s] creating /home/ros2/hexapod_ws/install/patrol_action_client/share/ament_index
[2.160s] creating /home/ros2/hexapod_ws/install/patrol_action_client/share/ament_index/resource_index
[2.160s] creating /home/ros2/hexapod_ws/install/patrol_action_client/share/ament_index/resource_index/packages
[2.160s] copying resource/patrol_action_client -> /home/ros2/hexapod_ws/install/patrol_action_client/share/ament_index/resource_index/packages
[2.160s] copying package.xml -> /home/ros2/hexapod_ws/install/patrol_action_client/share/patrol_action_client
[2.161s] running install_egg_info
[2.163s] Copying ../../build/patrol_action_client/patrol_action_client.egg-info to /home/ros2/hexapod_ws/install/patrol_action_client/lib/python3.8/site-packages/patrol_action_client-0.0.0-py3.8.egg-info
[2.164s] running install_scripts
[2.195s] Installing patrol_action_client_exe script to /home/ros2/hexapod_ws/install/patrol_action_client/lib/patrol_action_client
[2.196s] writing list of installed files to '/home/ros2/hexapod_ws/build/patrol_action_client/install.log'
[2.429s] Invoked command in '/home/ros2/hexapod_ws/src/patrol_action_client' returned '0': LD_LIBRARY_PATH=/home/ros2/hexapod_ws/install/custom_interfaces/lib:/usr/lib/x86_64-linux-gnu/gazebo-11/plugins:/opt/ros/foxy/opt/yaml_cpp_vendor/lib:/opt/ros/foxy/opt/rviz_ogre_vendor/lib:/opt/ros/foxy/lib/x86_64-linux-gnu:/opt/ros/foxy/lib:/usr/lib/x86_64-linux-gnu/gazebo-11/plugins PYTHONPATH=/home/ros2/hexapod_ws/build/patrol_action_client/prefix_override:/home/ros2/hexapod_ws/install/patrol_action_client/lib/python3.8/site-packages:/home/ros2/hexapod_ws/install/custom_interfaces/lib/python3.8/site-packages:/home/ros2/hexapod_ws/install/patrol_action_server/lib/python3.8/site-packages:/home/ros2/hexapod_ws/install/patrol_action_client/lib/python3.8/site-packages:/home/ros2/hexapod_ws/install/hexapod_description/lib/python3.8/site-packages:/opt/ros/foxy/lib/python3.8/site-packages /usr/bin/python3 setup.py egg_info --egg-base ../../build/patrol_action_client build --build-base /home/ros2/hexapod_ws/build/patrol_action_client/build install --record /home/ros2/hexapod_ws/build/patrol_action_client/install.log --install-scripts $base/lib/patrol_action_client --single-version-externally-managed
