[2.623s] DEBUG:colcon:Command line arguments: ['/usr/bin/colcon', 'build']
[2.624s] DEBUG:colcon:Parsed command line arguments: Namespace(allow_overriding=[], ament_cmake_args=None, base_paths=['.'], build_base='build', catkin_cmake_args=None, catkin_skip_building_tests=False, cmake_args=None, cmake_clean_cache=False, cmake_clean_first=False, cmake_force_configure=False, cmake_target=None, cmake_target_skip_unavailable=False, continue_on_error=False, event_handlers=None, executor='parallel', ignore_user_meta=False, install_base='install', log_base=None, log_level=None, main=<bound method BuildVerb.main of <colcon_core.verb.build.BuildVerb object at 0x7f9fef017370>>, merge_install=False, metas=['./colcon.meta'], packages_above=None, packages_above_and_dependencies=None, packages_above_depth=None, packages_end=None, packages_ignore=None, packages_ignore_regex=None, packages_select=None, packages_select_build_failed=False, packages_select_by_dep=None, packages_select_regex=None, packages_select_test_failures=False, packages_skip=None, packages_skip_build_finished=False, packages_skip_by_dep=None, packages_skip_regex=None, packages_skip_test_passed=False, packages_skip_up_to=None, packages_start=None, packages_up_to=None, packages_up_to_regex=None, parallel_workers=8, paths=None, symlink_install=False, test_result_base=None, verb_extension=<colcon_core.verb.build.BuildVerb object at 0x7f9fef017370>, verb_name='build', verb_parser=<colcon_defaults.argument_parser.defaults.DefaultArgumentsDecorator object at 0x7f9feeff5d00>)
[2.719s] Level 1:colcon.colcon_core.package_discovery:discover_packages(colcon_meta) check parameters
[2.719s] Level 1:colcon.colcon_core.package_discovery:discover_packages(recursive) check parameters
[2.719s] Level 1:colcon.colcon_core.package_discovery:discover_packages(ignore) check parameters
[2.719s] Level 1:colcon.colcon_core.package_discovery:discover_packages(path) check parameters
[2.719s] Level 1:colcon.colcon_core.package_discovery:discover_packages(colcon_meta) discover
[2.719s] Level 1:colcon.colcon_core.package_discovery:discover_packages(recursive) discover
[2.719s] INFO:colcon.colcon_core.package_discovery:Crawling recursively for packages in '/home/ros2/hexapod_ws'
[2.719s] Level 1:colcon.colcon_core.package_identification:_identify(.) by extensions ['ignore', 'ignore_ament_install']
[2.719s] Level 1:colcon.colcon_core.package_identification:_identify(.) by extension 'ignore'
[2.720s] Level 1:colcon.colcon_core.package_identification:_identify(.) by extension 'ignore_ament_install'
[2.720s] Level 1:colcon.colcon_core.package_identification:_identify(.) by extensions ['colcon_pkg']
[2.720s] Level 1:colcon.colcon_core.package_identification:_identify(.) by extension 'colcon_pkg'
[2.720s] Level 1:colcon.colcon_core.package_identification:_identify(.) by extensions ['colcon_meta']
[2.720s] Level 1:colcon.colcon_core.package_identification:_identify(.) by extension 'colcon_meta'
[2.720s] Level 1:colcon.colcon_core.package_identification:_identify(.) by extensions ['ros']
[2.720s] Level 1:colcon.colcon_core.package_identification:_identify(.) by extension 'ros'
[2.731s] Level 1:colcon.colcon_core.package_identification:_identify(.) by extensions ['cmake', 'python']
[2.731s] Level 1:colcon.colcon_core.package_identification:_identify(.) by extension 'cmake'
[2.731s] Level 1:colcon.colcon_core.package_identification:_identify(.) by extension 'python'
[2.732s] Level 1:colcon.colcon_core.package_identification:_identify(.) by extensions ['python_setup_py']
[2.732s] Level 1:colcon.colcon_core.package_identification:_identify(.) by extension 'python_setup_py'
[2.732s] Level 1:colcon.colcon_core.package_identification:_identify(build) by extensions ['ignore', 'ignore_ament_install']
[2.732s] Level 1:colcon.colcon_core.package_identification:_identify(build) by extension 'ignore'
[2.732s] Level 1:colcon.colcon_core.package_identification:_identify(build) ignored
[2.732s] Level 1:colcon.colcon_core.package_identification:_identify(install) by extensions ['ignore', 'ignore_ament_install']
[2.732s] Level 1:colcon.colcon_core.package_identification:_identify(install) by extension 'ignore'
[2.732s] Level 1:colcon.colcon_core.package_identification:_identify(install) ignored
[2.732s] Level 1:colcon.colcon_core.package_identification:_identify(log) by extensions ['ignore', 'ignore_ament_install']
[2.732s] Level 1:colcon.colcon_core.package_identification:_identify(log) by extension 'ignore'
[2.732s] Level 1:colcon.colcon_core.package_identification:_identify(log) ignored
[2.733s] Level 1:colcon.colcon_core.package_identification:_identify(src) by extensions ['ignore', 'ignore_ament_install']
[2.733s] Level 1:colcon.colcon_core.package_identification:_identify(src) by extension 'ignore'
[2.733s] Level 1:colcon.colcon_core.package_identification:_identify(src) by extension 'ignore_ament_install'
[2.733s] Level 1:colcon.colcon_core.package_identification:_identify(src) by extensions ['colcon_pkg']
[2.733s] Level 1:colcon.colcon_core.package_identification:_identify(src) by extension 'colcon_pkg'
[2.733s] Level 1:colcon.colcon_core.package_identification:_identify(src) by extensions ['colcon_meta']
[2.733s] Level 1:colcon.colcon_core.package_identification:_identify(src) by extension 'colcon_meta'
[2.733s] Level 1:colcon.colcon_core.package_identification:_identify(src) by extensions ['ros']
[2.733s] Level 1:colcon.colcon_core.package_identification:_identify(src) by extension 'ros'
[2.733s] Level 1:colcon.colcon_core.package_identification:_identify(src) by extensions ['cmake', 'python']
[2.733s] Level 1:colcon.colcon_core.package_identification:_identify(src) by extension 'cmake'
[2.733s] Level 1:colcon.colcon_core.package_identification:_identify(src) by extension 'python'
[2.733s] Level 1:colcon.colcon_core.package_identification:_identify(src) by extensions ['python_setup_py']
[2.733s] Level 1:colcon.colcon_core.package_identification:_identify(src) by extension 'python_setup_py'
[2.733s] Level 1:colcon.colcon_core.package_identification:_identify(src/custom_interfaces) by extensions ['ignore', 'ignore_ament_install']
[2.733s] Level 1:colcon.colcon_core.package_identification:_identify(src/custom_interfaces) by extension 'ignore'
[2.733s] Level 1:colcon.colcon_core.package_identification:_identify(src/custom_interfaces) by extension 'ignore_ament_install'
[2.734s] Level 1:colcon.colcon_core.package_identification:_identify(src/custom_interfaces) by extensions ['colcon_pkg']
[2.734s] Level 1:colcon.colcon_core.package_identification:_identify(src/custom_interfaces) by extension 'colcon_pkg'
[2.734s] Level 1:colcon.colcon_core.package_identification:_identify(src/custom_interfaces) by extensions ['colcon_meta']
[2.734s] Level 1:colcon.colcon_core.package_identification:_identify(src/custom_interfaces) by extension 'colcon_meta'
[2.734s] Level 1:colcon.colcon_core.package_identification:_identify(src/custom_interfaces) by extensions ['ros']
[2.734s] Level 1:colcon.colcon_core.package_identification:_identify(src/custom_interfaces) by extension 'ros'
[2.737s] DEBUG:colcon.colcon_core.package_identification:Package 'src/custom_interfaces' with type 'ros.ament_cmake' and name 'custom_interfaces'
[2.737s] Level 1:colcon.colcon_core.package_identification:_identify(src/hexapod_description) by extensions ['ignore', 'ignore_ament_install']
[2.737s] Level 1:colcon.colcon_core.package_identification:_identify(src/hexapod_description) by extension 'ignore'
[2.737s] Level 1:colcon.colcon_core.package_identification:_identify(src/hexapod_description) by extension 'ignore_ament_install'
[2.737s] Level 1:colcon.colcon_core.package_identification:_identify(src/hexapod_description) by extensions ['colcon_pkg']
[2.737s] Level 1:colcon.colcon_core.package_identification:_identify(src/hexapod_description) by extension 'colcon_pkg'
[2.737s] Level 1:colcon.colcon_core.package_identification:_identify(src/hexapod_description) by extensions ['colcon_meta']
[2.737s] Level 1:colcon.colcon_core.package_identification:_identify(src/hexapod_description) by extension 'colcon_meta'
[2.737s] Level 1:colcon.colcon_core.package_identification:_identify(src/hexapod_description) by extensions ['ros']
[2.737s] Level 1:colcon.colcon_core.package_identification:_identify(src/hexapod_description) by extension 'ros'
[2.739s] DEBUG:colcon.colcon_core.package_identification:Package 'src/hexapod_description' with type 'ros.ament_python' and name 'hexapod_description'
[2.740s] Level 1:colcon.colcon_core.package_identification:_identify(src/install) by extensions ['ignore', 'ignore_ament_install']
[2.740s] Level 1:colcon.colcon_core.package_identification:_identify(src/install) by extension 'ignore'
[2.740s] Level 1:colcon.colcon_core.package_identification:_identify(src/install) ignored
[2.740s] Level 1:colcon.colcon_core.package_identification:_identify(src/log) by extensions ['ignore', 'ignore_ament_install']
[2.740s] Level 1:colcon.colcon_core.package_identification:_identify(src/log) by extension 'ignore'
[2.740s] Level 1:colcon.colcon_core.package_identification:_identify(src/log) ignored
[2.740s] Level 1:colcon.colcon_core.package_identification:_identify(src/patrol_action_client) by extensions ['ignore', 'ignore_ament_install']
[2.740s] Level 1:colcon.colcon_core.package_identification:_identify(src/patrol_action_client) by extension 'ignore'
[2.740s] Level 1:colcon.colcon_core.package_identification:_identify(src/patrol_action_client) by extension 'ignore_ament_install'
[2.740s] Level 1:colcon.colcon_core.package_identification:_identify(src/patrol_action_client) by extensions ['colcon_pkg']
[2.740s] Level 1:colcon.colcon_core.package_identification:_identify(src/patrol_action_client) by extension 'colcon_pkg'
[2.740s] Level 1:colcon.colcon_core.package_identification:_identify(src/patrol_action_client) by extensions ['colcon_meta']
[2.740s] Level 1:colcon.colcon_core.package_identification:_identify(src/patrol_action_client) by extension 'colcon_meta'
[2.740s] Level 1:colcon.colcon_core.package_identification:_identify(src/patrol_action_client) by extensions ['ros']
[2.740s] Level 1:colcon.colcon_core.package_identification:_identify(src/patrol_action_client) by extension 'ros'
[2.741s] DEBUG:colcon.colcon_core.package_identification:Package 'src/patrol_action_client' with type 'ros.ament_python' and name 'patrol_action_client'
[2.741s] Level 1:colcon.colcon_core.package_identification:_identify(src/patrol_action_server) by extensions ['ignore', 'ignore_ament_install']
[2.742s] Level 1:colcon.colcon_core.package_identification:_identify(src/patrol_action_server) by extension 'ignore'
[2.742s] Level 1:colcon.colcon_core.package_identification:_identify(src/patrol_action_server) by extension 'ignore_ament_install'
[2.742s] Level 1:colcon.colcon_core.package_identification:_identify(src/patrol_action_server) by extensions ['colcon_pkg']
[2.742s] Level 1:colcon.colcon_core.package_identification:_identify(src/patrol_action_server) by extension 'colcon_pkg'
[2.742s] Level 1:colcon.colcon_core.package_identification:_identify(src/patrol_action_server) by extensions ['colcon_meta']
[2.742s] Level 1:colcon.colcon_core.package_identification:_identify(src/patrol_action_server) by extension 'colcon_meta'
[2.742s] Level 1:colcon.colcon_core.package_identification:_identify(src/patrol_action_server) by extensions ['ros']
[2.742s] Level 1:colcon.colcon_core.package_identification:_identify(src/patrol_action_server) by extension 'ros'
[2.743s] DEBUG:colcon.colcon_core.package_identification:Package 'src/patrol_action_server' with type 'ros.ament_python' and name 'patrol_action_server'
[2.743s] Level 1:colcon.colcon_core.package_discovery:discover_packages(recursive) using defaults
[2.743s] Level 1:colcon.colcon_core.package_discovery:discover_packages(ignore) discover
[2.743s] Level 1:colcon.colcon_core.package_discovery:discover_packages(ignore) using defaults
[2.743s] Level 1:colcon.colcon_core.package_discovery:discover_packages(path) discover
[2.743s] Level 1:colcon.colcon_core.package_discovery:discover_packages(path) using defaults
[2.964s] Level 1:colcon.colcon_core.package_discovery:discover_packages(prefix_path) check parameters
[2.964s] Level 1:colcon.colcon_core.package_discovery:discover_packages(prefix_path) discover
[3.040s] DEBUG:colcon.colcon_installed_package_information.package_discovery:Found 4 installed packages in /home/ros2/hexapod_ws/install
[3.078s] DEBUG:colcon.colcon_installed_package_information.package_discovery:Found 287 installed packages in /opt/ros/foxy
[3.079s] Level 1:colcon.colcon_core.package_discovery:discover_packages(prefix_path) using defaults
[3.253s] Level 5:colcon.colcon_core.verb:set package 'custom_interfaces' build argument 'cmake_args' from command line to 'None'
[3.253s] Level 5:colcon.colcon_core.verb:set package 'custom_interfaces' build argument 'cmake_target' from command line to 'None'
[3.253s] Level 5:colcon.colcon_core.verb:set package 'custom_interfaces' build argument 'cmake_target_skip_unavailable' from command line to 'False'
[3.254s] Level 5:colcon.colcon_core.verb:set package 'custom_interfaces' build argument 'cmake_clean_cache' from command line to 'False'
[3.254s] Level 5:colcon.colcon_core.verb:set package 'custom_interfaces' build argument 'cmake_clean_first' from command line to 'False'
[3.254s] Level 5:colcon.colcon_core.verb:set package 'custom_interfaces' build argument 'cmake_force_configure' from command line to 'False'
[3.254s] Level 5:colcon.colcon_core.verb:set package 'custom_interfaces' build argument 'ament_cmake_args' from command line to 'None'
[3.254s] Level 5:colcon.colcon_core.verb:set package 'custom_interfaces' build argument 'catkin_cmake_args' from command line to 'None'
[3.254s] Level 5:colcon.colcon_core.verb:set package 'custom_interfaces' build argument 'catkin_skip_building_tests' from command line to 'False'
[3.254s] DEBUG:colcon.colcon_core.verb:Building package 'custom_interfaces' with the following arguments: {'ament_cmake_args': None, 'build_base': '/home/ros2/hexapod_ws/build/custom_interfaces', 'catkin_cmake_args': None, 'catkin_skip_building_tests': False, 'cmake_args': None, 'cmake_clean_cache': False, 'cmake_clean_first': False, 'cmake_force_configure': False, 'cmake_target': None, 'cmake_target_skip_unavailable': False, 'install_base': '/home/ros2/hexapod_ws/install/custom_interfaces', 'merge_install': False, 'path': '/home/ros2/hexapod_ws/src/custom_interfaces', 'symlink_install': False, 'test_result_base': None}
[3.292s] Level 5:colcon.colcon_core.verb:set package 'hexapod_description' build argument 'cmake_args' from command line to 'None'
[3.292s] Level 5:colcon.colcon_core.verb:set package 'hexapod_description' build argument 'cmake_target' from command line to 'None'
[3.292s] Level 5:colcon.colcon_core.verb:set package 'hexapod_description' build argument 'cmake_target_skip_unavailable' from command line to 'False'
[3.292s] Level 5:colcon.colcon_core.verb:set package 'hexapod_description' build argument 'cmake_clean_cache' from command line to 'False'
[3.292s] Level 5:colcon.colcon_core.verb:set package 'hexapod_description' build argument 'cmake_clean_first' from command line to 'False'
[3.292s] Level 5:colcon.colcon_core.verb:set package 'hexapod_description' build argument 'cmake_force_configure' from command line to 'False'
[3.292s] Level 5:colcon.colcon_core.verb:set package 'hexapod_description' build argument 'ament_cmake_args' from command line to 'None'
[3.292s] Level 5:colcon.colcon_core.verb:set package 'hexapod_description' build argument 'catkin_cmake_args' from command line to 'None'
[3.292s] Level 5:colcon.colcon_core.verb:set package 'hexapod_description' build argument 'catkin_skip_building_tests' from command line to 'False'
[3.292s] DEBUG:colcon.colcon_core.verb:Building package 'hexapod_description' with the following arguments: {'ament_cmake_args': None, 'build_base': '/home/ros2/hexapod_ws/build/hexapod_description', 'catkin_cmake_args': None, 'catkin_skip_building_tests': False, 'cmake_args': None, 'cmake_clean_cache': False, 'cmake_clean_first': False, 'cmake_force_configure': False, 'cmake_target': None, 'cmake_target_skip_unavailable': False, 'install_base': '/home/ros2/hexapod_ws/install/hexapod_description', 'merge_install': False, 'path': '/home/ros2/hexapod_ws/src/hexapod_description', 'symlink_install': False, 'test_result_base': None}
[3.331s] Level 5:colcon.colcon_core.verb:set package 'patrol_action_client' build argument 'cmake_args' from command line to 'None'
[3.331s] Level 5:colcon.colcon_core.verb:set package 'patrol_action_client' build argument 'cmake_target' from command line to 'None'
[3.331s] Level 5:colcon.colcon_core.verb:set package 'patrol_action_client' build argument 'cmake_target_skip_unavailable' from command line to 'False'
[3.331s] Level 5:colcon.colcon_core.verb:set package 'patrol_action_client' build argument 'cmake_clean_cache' from command line to 'False'
[3.331s] Level 5:colcon.colcon_core.verb:set package 'patrol_action_client' build argument 'cmake_clean_first' from command line to 'False'
[3.331s] Level 5:colcon.colcon_core.verb:set package 'patrol_action_client' build argument 'cmake_force_configure' from command line to 'False'
[3.332s] Level 5:colcon.colcon_core.verb:set package 'patrol_action_client' build argument 'ament_cmake_args' from command line to 'None'
[3.332s] Level 5:colcon.colcon_core.verb:set package 'patrol_action_client' build argument 'catkin_cmake_args' from command line to 'None'
[3.332s] Level 5:colcon.colcon_core.verb:set package 'patrol_action_client' build argument 'catkin_skip_building_tests' from command line to 'False'
[3.332s] DEBUG:colcon.colcon_core.verb:Building package 'patrol_action_client' with the following arguments: {'ament_cmake_args': None, 'build_base': '/home/ros2/hexapod_ws/build/patrol_action_client', 'catkin_cmake_args': None, 'catkin_skip_building_tests': False, 'cmake_args': None, 'cmake_clean_cache': False, 'cmake_clean_first': False, 'cmake_force_configure': False, 'cmake_target': None, 'cmake_target_skip_unavailable': False, 'install_base': '/home/ros2/hexapod_ws/install/patrol_action_client', 'merge_install': False, 'path': '/home/ros2/hexapod_ws/src/patrol_action_client', 'symlink_install': False, 'test_result_base': None}
[3.371s] Level 5:colcon.colcon_core.verb:set package 'patrol_action_server' build argument 'cmake_args' from command line to 'None'
[3.371s] Level 5:colcon.colcon_core.verb:set package 'patrol_action_server' build argument 'cmake_target' from command line to 'None'
[3.371s] Level 5:colcon.colcon_core.verb:set package 'patrol_action_server' build argument 'cmake_target_skip_unavailable' from command line to 'False'
[3.371s] Level 5:colcon.colcon_core.verb:set package 'patrol_action_server' build argument 'cmake_clean_cache' from command line to 'False'
[3.371s] Level 5:colcon.colcon_core.verb:set package 'patrol_action_server' build argument 'cmake_clean_first' from command line to 'False'
[3.371s] Level 5:colcon.colcon_core.verb:set package 'patrol_action_server' build argument 'cmake_force_configure' from command line to 'False'
[3.371s] Level 5:colcon.colcon_core.verb:set package 'patrol_action_server' build argument 'ament_cmake_args' from command line to 'None'
[3.371s] Level 5:colcon.colcon_core.verb:set package 'patrol_action_server' build argument 'catkin_cmake_args' from command line to 'None'
[3.371s] Level 5:colcon.colcon_core.verb:set package 'patrol_action_server' build argument 'catkin_skip_building_tests' from command line to 'False'
[3.371s] DEBUG:colcon.colcon_core.verb:Building package 'patrol_action_server' with the following arguments: {'ament_cmake_args': None, 'build_base': '/home/ros2/hexapod_ws/build/patrol_action_server', 'catkin_cmake_args': None, 'catkin_skip_building_tests': False, 'cmake_args': None, 'cmake_clean_cache': False, 'cmake_clean_first': False, 'cmake_force_configure': False, 'cmake_target': None, 'cmake_target_skip_unavailable': False, 'install_base': '/home/ros2/hexapod_ws/install/patrol_action_server', 'merge_install': False, 'path': '/home/ros2/hexapod_ws/src/patrol_action_server', 'symlink_install': False, 'test_result_base': None}
[3.408s] INFO:colcon.colcon_core.executor:Executing jobs using 'parallel' executor
[3.447s] DEBUG:colcon.colcon_parallel_executor.executor.parallel:run_until_complete
[3.447s] INFO:colcon.colcon_ros.task.ament_cmake.build:Building ROS package in '/home/ros2/hexapod_ws/src/custom_interfaces' with build type 'ament_cmake'
[3.447s] INFO:colcon.colcon_cmake.task.cmake.build:Building CMake package in '/home/ros2/hexapod_ws/src/custom_interfaces'
[3.490s] INFO:colcon.colcon_core.plugin_system:Skipping extension 'colcon_core.shell.bat': Not used on non-Windows systems
[3.490s] INFO:colcon.colcon_core.shell:Skip shell extension 'powershell' for command environment: Not usable outside of PowerShell
[3.490s] DEBUG:colcon.colcon_core.shell:Skip shell extension 'dsv' for command environment
[3.619s] DEBUG:colcon.colcon_core.event_handler.log_command:Invoking command in '/home/ros2/hexapod_ws/build/custom_interfaces': CMAKE_PREFIX_PATH=${CMAKE_PREFIX_PATH}:/home/ros2/hexapod_ws/install/patrol_action_server:/home/ros2/hexapod_ws/install/patrol_action_client:/home/ros2/hexapod_ws/install/hexapod_description:/opt/ros/foxy /usr/bin/cmake --build /home/ros2/hexapod_ws/build/custom_interfaces -- -j8 -l8
[3.878s] DEBUG:colcon.colcon_core.event_handler.log_command:Invoked command in '/home/ros2/hexapod_ws/build/custom_interfaces' returned '0': CMAKE_PREFIX_PATH=${CMAKE_PREFIX_PATH}:/home/ros2/hexapod_ws/install/patrol_action_server:/home/ros2/hexapod_ws/install/patrol_action_client:/home/ros2/hexapod_ws/install/hexapod_description:/opt/ros/foxy /usr/bin/cmake --build /home/ros2/hexapod_ws/build/custom_interfaces -- -j8 -l8
[3.948s] DEBUG:colcon.colcon_core.event_handler.log_command:Invoking command in '/home/ros2/hexapod_ws/build/custom_interfaces': CMAKE_PREFIX_PATH=${CMAKE_PREFIX_PATH}:/home/ros2/hexapod_ws/install/patrol_action_server:/home/ros2/hexapod_ws/install/patrol_action_client:/home/ros2/hexapod_ws/install/hexapod_description:/opt/ros/foxy /usr/bin/cmake --install /home/ros2/hexapod_ws/build/custom_interfaces
[4.012s] Level 1:colcon.colcon_core.environment:create_environment_scripts_only(custom_interfaces)
[4.012s] DEBUG:colcon.colcon_core.event_handler.log_command:Invoked command in '/home/ros2/hexapod_ws/build/custom_interfaces' returned '0': CMAKE_PREFIX_PATH=${CMAKE_PREFIX_PATH}:/home/ros2/hexapod_ws/install/patrol_action_server:/home/ros2/hexapod_ws/install/patrol_action_client:/home/ros2/hexapod_ws/install/hexapod_description:/opt/ros/foxy /usr/bin/cmake --install /home/ros2/hexapod_ws/build/custom_interfaces
[4.055s] Level 1:colcon.colcon_core.environment:checking '/home/ros2/hexapod_ws/install/custom_interfaces' for CMake module files
[4.056s] Level 1:colcon.colcon_core.environment:checking '/home/ros2/hexapod_ws/install/custom_interfaces' for CMake config files
[4.056s] Level 1:colcon.colcon_core.shell:create_environment_hook('custom_interfaces', 'cmake_prefix_path')
[4.100s] INFO:colcon.colcon_core.shell:Creating environment hook '/home/ros2/hexapod_ws/install/custom_interfaces/share/custom_interfaces/hook/cmake_prefix_path.ps1'
[4.101s] INFO:colcon.colcon_core.shell:Creating environment descriptor '/home/ros2/hexapod_ws/install/custom_interfaces/share/custom_interfaces/hook/cmake_prefix_path.dsv'
[4.101s] INFO:colcon.colcon_core.shell:Creating environment hook '/home/ros2/hexapod_ws/install/custom_interfaces/share/custom_interfaces/hook/cmake_prefix_path.sh'
[4.102s] Level 1:colcon.colcon_core.environment:checking '/home/ros2/hexapod_ws/install/custom_interfaces/lib'
[4.103s] Level 1:colcon.colcon_core.shell:create_environment_hook('custom_interfaces', 'ld_library_path_lib')
[4.141s] INFO:colcon.colcon_core.shell:Creating environment hook '/home/ros2/hexapod_ws/install/custom_interfaces/share/custom_interfaces/hook/ld_library_path_lib.ps1'
[4.142s] INFO:colcon.colcon_core.shell:Creating environment descriptor '/home/ros2/hexapod_ws/install/custom_interfaces/share/custom_interfaces/hook/ld_library_path_lib.dsv'
[4.142s] INFO:colcon.colcon_core.shell:Creating environment hook '/home/ros2/hexapod_ws/install/custom_interfaces/share/custom_interfaces/hook/ld_library_path_lib.sh'
[4.143s] Level 1:colcon.colcon_core.environment:checking '/home/ros2/hexapod_ws/install/custom_interfaces/bin'
[4.143s] Level 1:colcon.colcon_core.environment:checking '/home/ros2/hexapod_ws/install/custom_interfaces/lib/pkgconfig/custom_interfaces.pc'
[4.143s] Level 1:colcon.colcon_core.environment:checking '/home/ros2/hexapod_ws/install/custom_interfaces/lib/python3.8/site-packages'
[4.143s] Level 1:colcon.colcon_core.shell:create_environment_hook('custom_interfaces', 'pythonpath')
[4.182s] INFO:colcon.colcon_core.shell:Creating environment hook '/home/ros2/hexapod_ws/install/custom_interfaces/share/custom_interfaces/hook/pythonpath.ps1'
[4.183s] INFO:colcon.colcon_core.shell:Creating environment descriptor '/home/ros2/hexapod_ws/install/custom_interfaces/share/custom_interfaces/hook/pythonpath.dsv'
[4.183s] INFO:colcon.colcon_core.shell:Creating environment hook '/home/ros2/hexapod_ws/install/custom_interfaces/share/custom_interfaces/hook/pythonpath.sh'
[4.184s] Level 1:colcon.colcon_core.environment:checking '/home/ros2/hexapod_ws/install/custom_interfaces/bin'
[4.222s] INFO:colcon.colcon_core.shell:Creating package script '/home/ros2/hexapod_ws/install/custom_interfaces/share/custom_interfaces/package.ps1'
[4.223s] INFO:colcon.colcon_core.shell:Creating package descriptor '/home/ros2/hexapod_ws/install/custom_interfaces/share/custom_interfaces/package.dsv'
[4.224s] INFO:colcon.colcon_core.shell:Creating package script '/home/ros2/hexapod_ws/install/custom_interfaces/share/custom_interfaces/package.sh'
[4.224s] INFO:colcon.colcon_core.shell:Creating package script '/home/ros2/hexapod_ws/install/custom_interfaces/share/custom_interfaces/package.bash'
[4.225s] INFO:colcon.colcon_core.shell:Creating package script '/home/ros2/hexapod_ws/install/custom_interfaces/share/custom_interfaces/package.zsh'
[4.226s] Level 1:colcon.colcon_core.environment:create_file_with_runtime_dependencies(/home/ros2/hexapod_ws/install/custom_interfaces/share/colcon-core/packages/custom_interfaces)
[4.320s] Level 1:colcon.colcon_core.environment:create_environment_scripts_only(custom_interfaces)
[4.360s] Level 1:colcon.colcon_core.environment:checking '/home/ros2/hexapod_ws/install/custom_interfaces' for CMake module files
[4.361s] Level 1:colcon.colcon_core.environment:checking '/home/ros2/hexapod_ws/install/custom_interfaces' for CMake config files
[4.361s] Level 1:colcon.colcon_core.shell:create_environment_hook('custom_interfaces', 'cmake_prefix_path')
[4.400s] INFO:colcon.colcon_core.shell:Creating environment hook '/home/ros2/hexapod_ws/install/custom_interfaces/share/custom_interfaces/hook/cmake_prefix_path.ps1'
[4.400s] INFO:colcon.colcon_core.shell:Creating environment descriptor '/home/ros2/hexapod_ws/install/custom_interfaces/share/custom_interfaces/hook/cmake_prefix_path.dsv'
[4.401s] INFO:colcon.colcon_core.shell:Creating environment hook '/home/ros2/hexapod_ws/install/custom_interfaces/share/custom_interfaces/hook/cmake_prefix_path.sh'
[4.401s] Level 1:colcon.colcon_core.environment:checking '/home/ros2/hexapod_ws/install/custom_interfaces/lib'
[4.401s] Level 1:colcon.colcon_core.shell:create_environment_hook('custom_interfaces', 'ld_library_path_lib')
[4.440s] INFO:colcon.colcon_core.shell:Creating environment hook '/home/ros2/hexapod_ws/install/custom_interfaces/share/custom_interfaces/hook/ld_library_path_lib.ps1'
[4.440s] INFO:colcon.colcon_core.shell:Creating environment descriptor '/home/ros2/hexapod_ws/install/custom_interfaces/share/custom_interfaces/hook/ld_library_path_lib.dsv'
[4.441s] INFO:colcon.colcon_core.shell:Creating environment hook '/home/ros2/hexapod_ws/install/custom_interfaces/share/custom_interfaces/hook/ld_library_path_lib.sh'
[4.441s] Level 1:colcon.colcon_core.environment:checking '/home/ros2/hexapod_ws/install/custom_interfaces/bin'
[4.441s] Level 1:colcon.colcon_core.environment:checking '/home/ros2/hexapod_ws/install/custom_interfaces/lib/pkgconfig/custom_interfaces.pc'
[4.441s] Level 1:colcon.colcon_core.environment:checking '/home/ros2/hexapod_ws/install/custom_interfaces/lib/python3.8/site-packages'
[4.442s] Level 1:colcon.colcon_core.shell:create_environment_hook('custom_interfaces', 'pythonpath')
[4.481s] INFO:colcon.colcon_core.shell:Creating environment hook '/home/ros2/hexapod_ws/install/custom_interfaces/share/custom_interfaces/hook/pythonpath.ps1'
[4.482s] INFO:colcon.colcon_core.shell:Creating environment descriptor '/home/ros2/hexapod_ws/install/custom_interfaces/share/custom_interfaces/hook/pythonpath.dsv'
[4.482s] INFO:colcon.colcon_core.shell:Creating environment hook '/home/ros2/hexapod_ws/install/custom_interfaces/share/custom_interfaces/hook/pythonpath.sh'
[4.483s] Level 1:colcon.colcon_core.environment:checking '/home/ros2/hexapod_ws/install/custom_interfaces/bin'
[4.522s] INFO:colcon.colcon_core.shell:Creating package script '/home/ros2/hexapod_ws/install/custom_interfaces/share/custom_interfaces/package.ps1'
[4.523s] INFO:colcon.colcon_core.shell:Creating package descriptor '/home/ros2/hexapod_ws/install/custom_interfaces/share/custom_interfaces/package.dsv'
[4.524s] INFO:colcon.colcon_core.shell:Creating package script '/home/ros2/hexapod_ws/install/custom_interfaces/share/custom_interfaces/package.sh'
[4.524s] INFO:colcon.colcon_core.shell:Creating package script '/home/ros2/hexapod_ws/install/custom_interfaces/share/custom_interfaces/package.bash'
[4.524s] INFO:colcon.colcon_core.shell:Creating package script '/home/ros2/hexapod_ws/install/custom_interfaces/share/custom_interfaces/package.zsh'
[4.525s] Level 1:colcon.colcon_core.environment:create_file_with_runtime_dependencies(/home/ros2/hexapod_ws/install/custom_interfaces/share/colcon-core/packages/custom_interfaces)
[4.525s] INFO:colcon.colcon_ros.task.ament_python.build:Building ROS package in '/home/ros2/hexapod_ws/src/hexapod_description' with build type 'ament_python'
[4.526s] Level 1:colcon.colcon_core.shell:create_environment_hook('hexapod_description', 'ament_prefix_path')
[4.568s] INFO:colcon.colcon_core.shell:Creating environment hook '/home/ros2/hexapod_ws/install/hexapod_description/share/hexapod_description/hook/ament_prefix_path.ps1'
[4.569s] INFO:colcon.colcon_core.shell:Creating environment descriptor '/home/ros2/hexapod_ws/install/hexapod_description/share/hexapod_description/hook/ament_prefix_path.dsv'
[4.569s] INFO:colcon.colcon_core.shell:Creating environment hook '/home/ros2/hexapod_ws/install/hexapod_description/share/hexapod_description/hook/ament_prefix_path.sh'
[4.612s] INFO:colcon.colcon_core.shell:Skip shell extension 'powershell' for command environment: Not usable outside of PowerShell
[4.613s] DEBUG:colcon.colcon_core.shell:Skip shell extension 'dsv' for command environment
[4.737s] INFO:colcon.colcon_ros.task.ament_python.build:Building ROS package in '/home/ros2/hexapod_ws/src/patrol_action_client' with build type 'ament_python'
[4.737s] Level 1:colcon.colcon_core.shell:create_environment_hook('patrol_action_client', 'ament_prefix_path')
[4.794s] INFO:colcon.colcon_core.shell:Creating environment hook '/home/ros2/hexapod_ws/install/patrol_action_client/share/patrol_action_client/hook/ament_prefix_path.ps1'
[4.795s] INFO:colcon.colcon_core.shell:Creating environment descriptor '/home/ros2/hexapod_ws/install/patrol_action_client/share/patrol_action_client/hook/ament_prefix_path.dsv'
[4.795s] INFO:colcon.colcon_core.shell:Creating environment hook '/home/ros2/hexapod_ws/install/patrol_action_client/share/patrol_action_client/hook/ament_prefix_path.sh'
[4.836s] INFO:colcon.colcon_core.shell:Skip shell extension 'powershell' for command environment: Not usable outside of PowerShell
[4.837s] DEBUG:colcon.colcon_core.shell:Skip shell extension 'dsv' for command environment
[4.957s] INFO:colcon.colcon_ros.task.ament_python.build:Building ROS package in '/home/ros2/hexapod_ws/src/patrol_action_server' with build type 'ament_python'
[4.957s] Level 1:colcon.colcon_core.shell:create_environment_hook('patrol_action_server', 'ament_prefix_path')
[4.999s] INFO:colcon.colcon_core.shell:Creating environment hook '/home/ros2/hexapod_ws/install/patrol_action_server/share/patrol_action_server/hook/ament_prefix_path.ps1'
[5.000s] INFO:colcon.colcon_core.shell:Creating environment descriptor '/home/ros2/hexapod_ws/install/patrol_action_server/share/patrol_action_server/hook/ament_prefix_path.dsv'
[5.000s] INFO:colcon.colcon_core.shell:Creating environment hook '/home/ros2/hexapod_ws/install/patrol_action_server/share/patrol_action_server/hook/ament_prefix_path.sh'
[5.039s] INFO:colcon.colcon_core.shell:Skip shell extension 'powershell' for command environment: Not usable outside of PowerShell
[5.040s] DEBUG:colcon.colcon_core.shell:Skip shell extension 'dsv' for command environment
[5.411s] INFO:colcon.colcon_core.task.python.build:Building Python package in '/home/ros2/hexapod_ws/src/hexapod_description'
[5.450s] INFO:colcon.colcon_core.shell:Skip shell extension 'powershell' for command environment: Not usable outside of PowerShell
[5.450s] DEBUG:colcon.colcon_core.shell:Skip shell extension 'dsv' for command environment
[5.795s] INFO:colcon.colcon_core.task.python.build:Building Python package in '/home/ros2/hexapod_ws/src/patrol_action_client'
[5.834s] INFO:colcon.colcon_core.shell:Skip shell extension 'powershell' for command environment: Not usable outside of PowerShell
[5.834s] DEBUG:colcon.colcon_core.shell:Skip shell extension 'dsv' for command environment
[6.188s] INFO:colcon.colcon_core.task.python.build:Building Python package in '/home/ros2/hexapod_ws/src/patrol_action_server'
[6.225s] INFO:colcon.colcon_core.shell:Skip shell extension 'powershell' for command environment: Not usable outside of PowerShell
[6.225s] DEBUG:colcon.colcon_core.shell:Skip shell extension 'dsv' for command environment
[6.834s] DEBUG:colcon.colcon_core.event_handler.log_command:Invoking command in '/home/ros2/hexapod_ws/src/patrol_action_client': LD_LIBRARY_PATH=/home/ros2/hexapod_ws/install/custom_interfaces/lib:/usr/lib/x86_64-linux-gnu/gazebo-11/plugins:/opt/ros/foxy/opt/yaml_cpp_vendor/lib:/opt/ros/foxy/opt/rviz_ogre_vendor/lib:/opt/ros/foxy/lib/x86_64-linux-gnu:/opt/ros/foxy/lib:/usr/lib/x86_64-linux-gnu/gazebo-11/plugins PYTHONPATH=/home/ros2/hexapod_ws/build/patrol_action_client/prefix_override:/home/ros2/hexapod_ws/install/patrol_action_client/lib/python3.8/site-packages:/home/ros2/hexapod_ws/install/custom_interfaces/lib/python3.8/site-packages:/home/ros2/hexapod_ws/install/patrol_action_server/lib/python3.8/site-packages:/home/ros2/hexapod_ws/install/patrol_action_client/lib/python3.8/site-packages:/home/ros2/hexapod_ws/install/hexapod_description/lib/python3.8/site-packages:/opt/ros/foxy/lib/python3.8/site-packages /usr/bin/python3 setup.py egg_info --egg-base ../../build/patrol_action_client build --build-base /home/ros2/hexapod_ws/build/patrol_action_client/build install --record /home/ros2/hexapod_ws/build/patrol_action_client/install.log --install-scripts $base/lib/patrol_action_client --single-version-externally-managed
[6.843s] DEBUG:colcon.colcon_core.event_handler.log_command:Invoking command in '/home/ros2/hexapod_ws/src/hexapod_description': LD_LIBRARY_PATH=/home/ros2/hexapod_ws/install/custom_interfaces/lib:/usr/lib/x86_64-linux-gnu/gazebo-11/plugins:/opt/ros/foxy/opt/yaml_cpp_vendor/lib:/opt/ros/foxy/opt/rviz_ogre_vendor/lib:/opt/ros/foxy/lib/x86_64-linux-gnu:/opt/ros/foxy/lib:/usr/lib/x86_64-linux-gnu/gazebo-11/plugins PYTHONPATH=/home/ros2/hexapod_ws/build/hexapod_description/prefix_override:/home/ros2/hexapod_ws/install/hexapod_description/lib/python3.8/site-packages:/home/ros2/hexapod_ws/install/custom_interfaces/lib/python3.8/site-packages:/home/ros2/hexapod_ws/install/patrol_action_server/lib/python3.8/site-packages:/home/ros2/hexapod_ws/install/patrol_action_client/lib/python3.8/site-packages:/home/ros2/hexapod_ws/install/hexapod_description/lib/python3.8/site-packages:/opt/ros/foxy/lib/python3.8/site-packages /usr/bin/python3 setup.py egg_info --egg-base ../../build/hexapod_description build --build-base /home/ros2/hexapod_ws/build/hexapod_description/build install --record /home/ros2/hexapod_ws/build/hexapod_description/install.log --single-version-externally-managed
[6.850s] DEBUG:colcon.colcon_core.event_handler.log_command:Invoking command in '/home/ros2/hexapod_ws/src/patrol_action_server': LD_LIBRARY_PATH=/home/ros2/hexapod_ws/install/custom_interfaces/lib:/usr/lib/x86_64-linux-gnu/gazebo-11/plugins:/opt/ros/foxy/opt/yaml_cpp_vendor/lib:/opt/ros/foxy/opt/rviz_ogre_vendor/lib:/opt/ros/foxy/lib/x86_64-linux-gnu:/opt/ros/foxy/lib:/usr/lib/x86_64-linux-gnu/gazebo-11/plugins PYTHONPATH=/home/ros2/hexapod_ws/build/patrol_action_server/prefix_override:/home/ros2/hexapod_ws/install/patrol_action_server/lib/python3.8/site-packages:/home/ros2/hexapod_ws/install/custom_interfaces/lib/python3.8/site-packages:/home/ros2/hexapod_ws/install/patrol_action_server/lib/python3.8/site-packages:/home/ros2/hexapod_ws/install/patrol_action_client/lib/python3.8/site-packages:/home/ros2/hexapod_ws/install/hexapod_description/lib/python3.8/site-packages:/opt/ros/foxy/lib/python3.8/site-packages /usr/bin/python3 setup.py egg_info --egg-base ../../build/patrol_action_server build --build-base /home/ros2/hexapod_ws/build/patrol_action_server/build install --record /home/ros2/hexapod_ws/build/patrol_action_server/install.log --install-scripts $base/lib/patrol_action_server --single-version-externally-managed
[7.256s] DEBUG:colcon.colcon_core.event_handler.log_command:Invoked command in '/home/ros2/hexapod_ws/src/patrol_action_client' returned '0': LD_LIBRARY_PATH=/home/ros2/hexapod_ws/install/custom_interfaces/lib:/usr/lib/x86_64-linux-gnu/gazebo-11/plugins:/opt/ros/foxy/opt/yaml_cpp_vendor/lib:/opt/ros/foxy/opt/rviz_ogre_vendor/lib:/opt/ros/foxy/lib/x86_64-linux-gnu:/opt/ros/foxy/lib:/usr/lib/x86_64-linux-gnu/gazebo-11/plugins PYTHONPATH=/home/ros2/hexapod_ws/build/patrol_action_client/prefix_override:/home/ros2/hexapod_ws/install/patrol_action_client/lib/python3.8/site-packages:/home/ros2/hexapod_ws/install/custom_interfaces/lib/python3.8/site-packages:/home/ros2/hexapod_ws/install/patrol_action_server/lib/python3.8/site-packages:/home/ros2/hexapod_ws/install/patrol_action_client/lib/python3.8/site-packages:/home/ros2/hexapod_ws/install/hexapod_description/lib/python3.8/site-packages:/opt/ros/foxy/lib/python3.8/site-packages /usr/bin/python3 setup.py egg_info --egg-base ../../build/patrol_action_client build --build-base /home/ros2/hexapod_ws/build/patrol_action_client/build install --record /home/ros2/hexapod_ws/build/patrol_action_client/install.log --install-scripts $base/lib/patrol_action_client --single-version-externally-managed
[7.320s] Level 1:colcon.colcon_core.environment:checking '/home/ros2/hexapod_ws/install/patrol_action_client' for CMake module files
[7.320s] Level 1:colcon.colcon_core.environment:checking '/home/ros2/hexapod_ws/install/patrol_action_client' for CMake config files
[7.321s] Level 1:colcon.colcon_core.environment:checking '/home/ros2/hexapod_ws/install/patrol_action_client/lib'
[7.321s] Level 1:colcon.colcon_core.environment:checking '/home/ros2/hexapod_ws/install/patrol_action_client/bin'
[7.322s] Level 1:colcon.colcon_core.environment:checking '/home/ros2/hexapod_ws/install/patrol_action_client/lib/pkgconfig/patrol_action_client.pc'
[7.322s] Level 1:colcon.colcon_core.environment:checking '/home/ros2/hexapod_ws/install/patrol_action_client/lib/python3.8/site-packages'
[7.322s] Level 1:colcon.colcon_core.shell:create_environment_hook('patrol_action_client', 'pythonpath')
[7.381s] INFO:colcon.colcon_core.shell:Creating environment hook '/home/ros2/hexapod_ws/install/patrol_action_client/share/patrol_action_client/hook/pythonpath.ps1'
[7.382s] INFO:colcon.colcon_core.shell:Creating environment descriptor '/home/ros2/hexapod_ws/install/patrol_action_client/share/patrol_action_client/hook/pythonpath.dsv'
[7.383s] INFO:colcon.colcon_core.shell:Creating environment hook '/home/ros2/hexapod_ws/install/patrol_action_client/share/patrol_action_client/hook/pythonpath.sh'
[7.384s] Level 1:colcon.colcon_core.environment:checking '/home/ros2/hexapod_ws/install/patrol_action_client/bin'
[7.384s] Level 1:colcon.colcon_core.environment:create_environment_scripts_only(patrol_action_client)
[7.441s] INFO:colcon.colcon_core.shell:Creating package script '/home/ros2/hexapod_ws/install/patrol_action_client/share/patrol_action_client/package.ps1'
[7.442s] INFO:colcon.colcon_core.shell:Creating package descriptor '/home/ros2/hexapod_ws/install/patrol_action_client/share/patrol_action_client/package.dsv'
[7.442s] INFO:colcon.colcon_core.shell:Creating package script '/home/ros2/hexapod_ws/install/patrol_action_client/share/patrol_action_client/package.sh'
[7.443s] INFO:colcon.colcon_core.shell:Creating package script '/home/ros2/hexapod_ws/install/patrol_action_client/share/patrol_action_client/package.bash'
[7.443s] INFO:colcon.colcon_core.shell:Creating package script '/home/ros2/hexapod_ws/install/patrol_action_client/share/patrol_action_client/package.zsh'
[7.444s] Level 1:colcon.colcon_core.environment:create_file_with_runtime_dependencies(/home/ros2/hexapod_ws/install/patrol_action_client/share/colcon-core/packages/patrol_action_client)
[7.446s] DEBUG:colcon.colcon_core.event_handler.log_command:Invoked command in '/home/ros2/hexapod_ws/src/hexapod_description' returned '0': LD_LIBRARY_PATH=/home/ros2/hexapod_ws/install/custom_interfaces/lib:/usr/lib/x86_64-linux-gnu/gazebo-11/plugins:/opt/ros/foxy/opt/yaml_cpp_vendor/lib:/opt/ros/foxy/opt/rviz_ogre_vendor/lib:/opt/ros/foxy/lib/x86_64-linux-gnu:/opt/ros/foxy/lib:/usr/lib/x86_64-linux-gnu/gazebo-11/plugins PYTHONPATH=/home/ros2/hexapod_ws/build/hexapod_description/prefix_override:/home/ros2/hexapod_ws/install/hexapod_description/lib/python3.8/site-packages:/home/ros2/hexapod_ws/install/custom_interfaces/lib/python3.8/site-packages:/home/ros2/hexapod_ws/install/patrol_action_server/lib/python3.8/site-packages:/home/ros2/hexapod_ws/install/patrol_action_client/lib/python3.8/site-packages:/home/ros2/hexapod_ws/install/hexapod_description/lib/python3.8/site-packages:/opt/ros/foxy/lib/python3.8/site-packages /usr/bin/python3 setup.py egg_info --egg-base ../../build/hexapod_description build --build-base /home/ros2/hexapod_ws/build/hexapod_description/build install --record /home/ros2/hexapod_ws/build/hexapod_description/install.log --single-version-externally-managed
[7.516s] Level 1:colcon.colcon_core.environment:checking '/home/ros2/hexapod_ws/install/hexapod_description' for CMake module files
[7.517s] Level 1:colcon.colcon_core.environment:checking '/home/ros2/hexapod_ws/install/hexapod_description' for CMake config files
[7.518s] Level 1:colcon.colcon_core.environment:checking '/home/ros2/hexapod_ws/install/hexapod_description/lib'
[7.518s] Level 1:colcon.colcon_core.environment:checking '/home/ros2/hexapod_ws/install/hexapod_description/bin'
[7.518s] Level 1:colcon.colcon_core.environment:checking '/home/ros2/hexapod_ws/install/hexapod_description/lib/pkgconfig/hexapod_description.pc'
[7.518s] Level 1:colcon.colcon_core.environment:checking '/home/ros2/hexapod_ws/install/hexapod_description/lib/python3.8/site-packages'
[7.519s] Level 1:colcon.colcon_core.shell:create_environment_hook('hexapod_description', 'pythonpath')
[7.569s] INFO:colcon.colcon_core.shell:Creating environment hook '/home/ros2/hexapod_ws/install/hexapod_description/share/hexapod_description/hook/pythonpath.ps1'
[7.570s] INFO:colcon.colcon_core.shell:Creating environment descriptor '/home/ros2/hexapod_ws/install/hexapod_description/share/hexapod_description/hook/pythonpath.dsv'
[7.570s] INFO:colcon.colcon_core.shell:Creating environment hook '/home/ros2/hexapod_ws/install/hexapod_description/share/hexapod_description/hook/pythonpath.sh'
[7.571s] Level 1:colcon.colcon_core.environment:checking '/home/ros2/hexapod_ws/install/hexapod_description/bin'
[7.571s] Level 1:colcon.colcon_core.environment:create_environment_scripts_only(hexapod_description)
[7.623s] INFO:colcon.colcon_core.shell:Creating package script '/home/ros2/hexapod_ws/install/hexapod_description/share/hexapod_description/package.ps1'
[7.624s] INFO:colcon.colcon_core.shell:Creating package descriptor '/home/ros2/hexapod_ws/install/hexapod_description/share/hexapod_description/package.dsv'
[7.624s] INFO:colcon.colcon_core.shell:Creating package script '/home/ros2/hexapod_ws/install/hexapod_description/share/hexapod_description/package.sh'
[7.625s] INFO:colcon.colcon_core.shell:Creating package script '/home/ros2/hexapod_ws/install/hexapod_description/share/hexapod_description/package.bash'
[7.625s] INFO:colcon.colcon_core.shell:Creating package script '/home/ros2/hexapod_ws/install/hexapod_description/share/hexapod_description/package.zsh'
[7.626s] Level 1:colcon.colcon_core.environment:create_file_with_runtime_dependencies(/home/ros2/hexapod_ws/install/hexapod_description/share/colcon-core/packages/hexapod_description)
[7.627s] DEBUG:colcon.colcon_core.event_handler.log_command:Invoked command in '/home/ros2/hexapod_ws/src/patrol_action_server' returned '0': LD_LIBRARY_PATH=/home/ros2/hexapod_ws/install/custom_interfaces/lib:/usr/lib/x86_64-linux-gnu/gazebo-11/plugins:/opt/ros/foxy/opt/yaml_cpp_vendor/lib:/opt/ros/foxy/opt/rviz_ogre_vendor/lib:/opt/ros/foxy/lib/x86_64-linux-gnu:/opt/ros/foxy/lib:/usr/lib/x86_64-linux-gnu/gazebo-11/plugins PYTHONPATH=/home/ros2/hexapod_ws/build/patrol_action_server/prefix_override:/home/ros2/hexapod_ws/install/patrol_action_server/lib/python3.8/site-packages:/home/ros2/hexapod_ws/install/custom_interfaces/lib/python3.8/site-packages:/home/ros2/hexapod_ws/install/patrol_action_server/lib/python3.8/site-packages:/home/ros2/hexapod_ws/install/patrol_action_client/lib/python3.8/site-packages:/home/ros2/hexapod_ws/install/hexapod_description/lib/python3.8/site-packages:/opt/ros/foxy/lib/python3.8/site-packages /usr/bin/python3 setup.py egg_info --egg-base ../../build/patrol_action_server build --build-base /home/ros2/hexapod_ws/build/patrol_action_server/build install --record /home/ros2/hexapod_ws/build/patrol_action_server/install.log --install-scripts $base/lib/patrol_action_server --single-version-externally-managed
[7.677s] Level 1:colcon.colcon_core.environment:checking '/home/ros2/hexapod_ws/install/patrol_action_server' for CMake module files
[7.678s] Level 1:colcon.colcon_core.environment:checking '/home/ros2/hexapod_ws/install/patrol_action_server' for CMake config files
[7.678s] Level 1:colcon.colcon_core.environment:checking '/home/ros2/hexapod_ws/install/patrol_action_server/lib'
[7.679s] Level 1:colcon.colcon_core.environment:checking '/home/ros2/hexapod_ws/install/patrol_action_server/bin'
[7.679s] Level 1:colcon.colcon_core.environment:checking '/home/ros2/hexapod_ws/install/patrol_action_server/lib/pkgconfig/patrol_action_server.pc'
[7.679s] Level 1:colcon.colcon_core.environment:checking '/home/ros2/hexapod_ws/install/patrol_action_server/lib/python3.8/site-packages'
[7.679s] Level 1:colcon.colcon_core.shell:create_environment_hook('patrol_action_server', 'pythonpath')
[7.730s] INFO:colcon.colcon_core.shell:Creating environment hook '/home/ros2/hexapod_ws/install/patrol_action_server/share/patrol_action_server/hook/pythonpath.ps1'
[7.731s] INFO:colcon.colcon_core.shell:Creating environment descriptor '/home/ros2/hexapod_ws/install/patrol_action_server/share/patrol_action_server/hook/pythonpath.dsv'
[7.731s] INFO:colcon.colcon_core.shell:Creating environment hook '/home/ros2/hexapod_ws/install/patrol_action_server/share/patrol_action_server/hook/pythonpath.sh'
[7.732s] Level 1:colcon.colcon_core.environment:checking '/home/ros2/hexapod_ws/install/patrol_action_server/bin'
[7.732s] Level 1:colcon.colcon_core.environment:create_environment_scripts_only(patrol_action_server)
[7.782s] INFO:colcon.colcon_core.shell:Creating package script '/home/ros2/hexapod_ws/install/patrol_action_server/share/patrol_action_server/package.ps1'
[7.783s] INFO:colcon.colcon_core.shell:Creating package descriptor '/home/ros2/hexapod_ws/install/patrol_action_server/share/patrol_action_server/package.dsv'
[7.784s] INFO:colcon.colcon_core.shell:Creating package script '/home/ros2/hexapod_ws/install/patrol_action_server/share/patrol_action_server/package.sh'
[7.784s] INFO:colcon.colcon_core.shell:Creating package script '/home/ros2/hexapod_ws/install/patrol_action_server/share/patrol_action_server/package.bash'
[7.785s] INFO:colcon.colcon_core.shell:Creating package script '/home/ros2/hexapod_ws/install/patrol_action_server/share/patrol_action_server/package.zsh'
[7.785s] Level 1:colcon.colcon_core.environment:create_file_with_runtime_dependencies(/home/ros2/hexapod_ws/install/patrol_action_server/share/colcon-core/packages/patrol_action_server)
[7.786s] DEBUG:colcon.colcon_parallel_executor.executor.parallel:closing loop
[7.786s] DEBUG:colcon.colcon_parallel_executor.executor.parallel:loop closed
[7.787s] DEBUG:colcon.colcon_parallel_executor.executor.parallel:run_until_complete finished with '0'
[7.787s] DEBUG:colcon.colcon_core.event_reactor:joining thread
[7.848s] INFO:colcon.colcon_core.plugin_system:Skipping extension 'colcon_notification.desktop_notification.terminal_notifier': Not used on non-Darwin systems
[7.848s] INFO:colcon.colcon_core.plugin_system:Skipping extension 'colcon_notification.desktop_notification.win32': Not used on non-Windows systems
[7.848s] INFO:colcon.colcon_notification.desktop_notification:Sending desktop notification using 'notify2'
[7.868s] DEBUG:colcon.colcon_core.event_reactor:joined thread
[7.916s] INFO:colcon.colcon_core.shell:Creating prefix script '/home/ros2/hexapod_ws/install/local_setup.ps1'
[7.917s] INFO:colcon.colcon_core.shell:Creating prefix util module '/home/ros2/hexapod_ws/install/_local_setup_util_ps1.py'
[7.919s] INFO:colcon.colcon_core.shell:Creating prefix chain script '/home/ros2/hexapod_ws/install/setup.ps1'
[7.973s] INFO:colcon.colcon_core.shell:Creating prefix script '/home/ros2/hexapod_ws/install/local_setup.sh'
[7.974s] INFO:colcon.colcon_core.shell:Creating prefix util module '/home/ros2/hexapod_ws/install/_local_setup_util_sh.py'
[7.975s] INFO:colcon.colcon_core.shell:Creating prefix chain script '/home/ros2/hexapod_ws/install/setup.sh'
[8.029s] INFO:colcon.colcon_core.shell:Creating prefix script '/home/ros2/hexapod_ws/install/local_setup.bash'
[8.030s] INFO:colcon.colcon_core.shell:Creating prefix chain script '/home/ros2/hexapod_ws/install/setup.bash'
[8.083s] INFO:colcon.colcon_core.shell:Creating prefix script '/home/ros2/hexapod_ws/install/local_setup.zsh'
[8.084s] INFO:colcon.colcon_core.shell:Creating prefix chain script '/home/ros2/hexapod_ws/install/setup.zsh'
