running egg_info
writing ../../build/hexapod_description/hexapod_description.egg-info/PKG-INFO
writing dependency_links to ../../build/hexapod_description/hexapod_description.egg-info/dependency_links.txt
writing entry points to ../../build/hexapod_description/hexapod_description.egg-info/entry_points.txt
writing requirements to ../../build/hexapod_description/hexapod_description.egg-info/requires.txt
writing top-level names to ../../build/hexapod_description/hexapod_description.egg-info/top_level.txt
reading manifest file '../../build/hexapod_description/hexapod_description.egg-info/SOURCES.txt'
writing manifest file '../../build/hexapod_description/hexapod_description.egg-info/SOURCES.txt'
running build
running build_py
running install
running install_lib
running install_data
copying urdf/hexapod.gazebo -> /home/ros2/hexapod_ws/install/hexapod_description/share/hexapod_description/urdf
running install_egg_info
removing '/home/ros2/hexapod_ws/install/hexapod_description/lib/python3.8/site-packages/hexapod_description-0.0.0-py3.8.egg-info' (and everything under it)
Copying ../../build/hexapod_description/hexapod_description.egg-info to /home/ros2/hexapod_ws/install/hexapod_description/lib/python3.8/site-packages/hexapod_description-0.0.0-py3.8.egg-info
running install_scripts
Installing motor_data1 script to /home/ros2/hexapod_ws/install/hexapod_description/lib/hexapod_description
Installing motor_data2 script to /home/ros2/hexapod_ws/install/hexapod_description/lib/hexapod_description
Installing motor_data3 script to /home/ros2/hexapod_ws/install/hexapod_description/lib/hexapod_description
Installing motor_data4 script to /home/ros2/hexapod_ws/install/hexapod_description/lib/hexapod_description
Installing patrol_action_server_exe script to /home/ros2/hexapod_ws/install/hexapod_description/lib/hexapod_description
writing list of installed files to '/home/ros2/hexapod_ws/build/hexapod_description/install.log'
