[1.180s] DEBUG:colcon:Command line arguments: ['/usr/bin/colcon', 'build']
[1.180s] DEBUG:colcon:Parsed command line arguments: Namespace(allow_overriding=[], ament_cmake_args=None, base_paths=['.'], build_base='build', catkin_cmake_args=None, catkin_skip_building_tests=False, cmake_args=None, cmake_clean_cache=False, cmake_clean_first=False, cmake_force_configure=False, cmake_target=None, cmake_target_skip_unavailable=False, continue_on_error=False, event_handlers=None, executor='parallel', ignore_user_meta=False, install_base='install', log_base=None, log_level=None, main=<bound method BuildVerb.main of <colcon_core.verb.build.BuildVerb object at 0x7f241e473370>>, merge_install=False, metas=['./colcon.meta'], packages_above=None, packages_above_and_dependencies=None, packages_above_depth=None, packages_end=None, packages_ignore=None, packages_ignore_regex=None, packages_select=None, packages_select_build_failed=False, packages_select_by_dep=None, packages_select_regex=None, packages_select_test_failures=False, packages_skip=None, packages_skip_build_finished=False, packages_skip_by_dep=None, packages_skip_regex=None, packages_skip_test_passed=False, packages_skip_up_to=None, packages_start=None, packages_up_to=None, packages_up_to_regex=None, parallel_workers=8, paths=None, symlink_install=False, test_result_base=None, verb_extension=<colcon_core.verb.build.BuildVerb object at 0x7f241e473370>, verb_name='build', verb_parser=<colcon_defaults.argument_parser.defaults.DefaultArgumentsDecorator object at 0x7f241e4510a0>)
[1.232s] Level 1:colcon.colcon_core.package_discovery:discover_packages(colcon_meta) check parameters
[1.232s] Level 1:colcon.colcon_core.package_discovery:discover_packages(recursive) check parameters
[1.232s] Level 1:colcon.colcon_core.package_discovery:discover_packages(ignore) check parameters
[1.232s] Level 1:colcon.colcon_core.package_discovery:discover_packages(path) check parameters
[1.232s] Level 1:colcon.colcon_core.package_discovery:discover_packages(colcon_meta) discover
[1.232s] Level 1:colcon.colcon_core.package_discovery:discover_packages(recursive) discover
[1.232s] INFO:colcon.colcon_core.package_discovery:Crawling recursively for packages in '/home/ros2/hexapod_ws'
[1.232s] Level 1:colcon.colcon_core.package_identification:_identify(.) by extensions ['ignore', 'ignore_ament_install']
[1.232s] Level 1:colcon.colcon_core.package_identification:_identify(.) by extension 'ignore'
[1.232s] Level 1:colcon.colcon_core.package_identification:_identify(.) by extension 'ignore_ament_install'
[1.232s] Level 1:colcon.colcon_core.package_identification:_identify(.) by extensions ['colcon_pkg']
[1.232s] Level 1:colcon.colcon_core.package_identification:_identify(.) by extension 'colcon_pkg'
[1.232s] Level 1:colcon.colcon_core.package_identification:_identify(.) by extensions ['colcon_meta']
[1.232s] Level 1:colcon.colcon_core.package_identification:_identify(.) by extension 'colcon_meta'
[1.232s] Level 1:colcon.colcon_core.package_identification:_identify(.) by extensions ['ros']
[1.232s] Level 1:colcon.colcon_core.package_identification:_identify(.) by extension 'ros'
[1.239s] Level 1:colcon.colcon_core.package_identification:_identify(.) by extensions ['cmake', 'python']
[1.239s] Level 1:colcon.colcon_core.package_identification:_identify(.) by extension 'cmake'
[1.239s] Level 1:colcon.colcon_core.package_identification:_identify(.) by extension 'python'
[1.239s] Level 1:colcon.colcon_core.package_identification:_identify(.) by extensions ['python_setup_py']
[1.239s] Level 1:colcon.colcon_core.package_identification:_identify(.) by extension 'python_setup_py'
[1.239s] Level 1:colcon.colcon_core.package_identification:_identify(build) by extensions ['ignore', 'ignore_ament_install']
[1.239s] Level 1:colcon.colcon_core.package_identification:_identify(build) by extension 'ignore'
[1.239s] Level 1:colcon.colcon_core.package_identification:_identify(build) ignored
[1.239s] Level 1:colcon.colcon_core.package_identification:_identify(install) by extensions ['ignore', 'ignore_ament_install']
[1.239s] Level 1:colcon.colcon_core.package_identification:_identify(install) by extension 'ignore'
[1.239s] Level 1:colcon.colcon_core.package_identification:_identify(install) ignored
[1.239s] Level 1:colcon.colcon_core.package_identification:_identify(log) by extensions ['ignore', 'ignore_ament_install']
[1.239s] Level 1:colcon.colcon_core.package_identification:_identify(log) by extension 'ignore'
[1.239s] Level 1:colcon.colcon_core.package_identification:_identify(log) ignored
[1.239s] Level 1:colcon.colcon_core.package_identification:_identify(src) by extensions ['ignore', 'ignore_ament_install']
[1.239s] Level 1:colcon.colcon_core.package_identification:_identify(src) by extension 'ignore'
[1.239s] Level 1:colcon.colcon_core.package_identification:_identify(src) by extension 'ignore_ament_install'
[1.239s] Level 1:colcon.colcon_core.package_identification:_identify(src) by extensions ['colcon_pkg']
[1.239s] Level 1:colcon.colcon_core.package_identification:_identify(src) by extension 'colcon_pkg'
[1.239s] Level 1:colcon.colcon_core.package_identification:_identify(src) by extensions ['colcon_meta']
[1.239s] Level 1:colcon.colcon_core.package_identification:_identify(src) by extension 'colcon_meta'
[1.239s] Level 1:colcon.colcon_core.package_identification:_identify(src) by extensions ['ros']
[1.239s] Level 1:colcon.colcon_core.package_identification:_identify(src) by extension 'ros'
[1.239s] Level 1:colcon.colcon_core.package_identification:_identify(src) by extensions ['cmake', 'python']
[1.239s] Level 1:colcon.colcon_core.package_identification:_identify(src) by extension 'cmake'
[1.240s] Level 1:colcon.colcon_core.package_identification:_identify(src) by extension 'python'
[1.240s] Level 1:colcon.colcon_core.package_identification:_identify(src) by extensions ['python_setup_py']
[1.240s] Level 1:colcon.colcon_core.package_identification:_identify(src) by extension 'python_setup_py'
[1.240s] Level 1:colcon.colcon_core.package_identification:_identify(src/custom_interfaces) by extensions ['ignore', 'ignore_ament_install']
[1.240s] Level 1:colcon.colcon_core.package_identification:_identify(src/custom_interfaces) by extension 'ignore'
[1.240s] Level 1:colcon.colcon_core.package_identification:_identify(src/custom_interfaces) by extension 'ignore_ament_install'
[1.240s] Level 1:colcon.colcon_core.package_identification:_identify(src/custom_interfaces) by extensions ['colcon_pkg']
[1.240s] Level 1:colcon.colcon_core.package_identification:_identify(src/custom_interfaces) by extension 'colcon_pkg'
[1.240s] Level 1:colcon.colcon_core.package_identification:_identify(src/custom_interfaces) by extensions ['colcon_meta']
[1.240s] Level 1:colcon.colcon_core.package_identification:_identify(src/custom_interfaces) by extension 'colcon_meta'
[1.240s] Level 1:colcon.colcon_core.package_identification:_identify(src/custom_interfaces) by extensions ['ros']
[1.240s] Level 1:colcon.colcon_core.package_identification:_identify(src/custom_interfaces) by extension 'ros'
[1.241s] DEBUG:colcon.colcon_core.package_identification:Package 'src/custom_interfaces' with type 'ros.ament_cmake' and name 'custom_interfaces'
[1.242s] Level 1:colcon.colcon_core.package_identification:_identify(src/hexapod_description) by extensions ['ignore', 'ignore_ament_install']
[1.242s] Level 1:colcon.colcon_core.package_identification:_identify(src/hexapod_description) by extension 'ignore'
[1.242s] Level 1:colcon.colcon_core.package_identification:_identify(src/hexapod_description) by extension 'ignore_ament_install'
[1.242s] Level 1:colcon.colcon_core.package_identification:_identify(src/hexapod_description) by extensions ['colcon_pkg']
[1.242s] Level 1:colcon.colcon_core.package_identification:_identify(src/hexapod_description) by extension 'colcon_pkg'
[1.242s] Level 1:colcon.colcon_core.package_identification:_identify(src/hexapod_description) by extensions ['colcon_meta']
[1.242s] Level 1:colcon.colcon_core.package_identification:_identify(src/hexapod_description) by extension 'colcon_meta'
[1.242s] Level 1:colcon.colcon_core.package_identification:_identify(src/hexapod_description) by extensions ['ros']
[1.242s] Level 1:colcon.colcon_core.package_identification:_identify(src/hexapod_description) by extension 'ros'
[1.243s] DEBUG:colcon.colcon_core.package_identification:Package 'src/hexapod_description' with type 'ros.ament_python' and name 'hexapod_description'
[1.243s] Level 1:colcon.colcon_core.package_identification:_identify(src/install) by extensions ['ignore', 'ignore_ament_install']
[1.243s] Level 1:colcon.colcon_core.package_identification:_identify(src/install) by extension 'ignore'
[1.243s] Level 1:colcon.colcon_core.package_identification:_identify(src/install) ignored
[1.243s] Level 1:colcon.colcon_core.package_identification:_identify(src/log) by extensions ['ignore', 'ignore_ament_install']
[1.243s] Level 1:colcon.colcon_core.package_identification:_identify(src/log) by extension 'ignore'
[1.243s] Level 1:colcon.colcon_core.package_identification:_identify(src/log) ignored
[1.243s] Level 1:colcon.colcon_core.package_identification:_identify(src/patrol_action_client) by extensions ['ignore', 'ignore_ament_install']
[1.243s] Level 1:colcon.colcon_core.package_identification:_identify(src/patrol_action_client) by extension 'ignore'
[1.243s] Level 1:colcon.colcon_core.package_identification:_identify(src/patrol_action_client) by extension 'ignore_ament_install'
[1.243s] Level 1:colcon.colcon_core.package_identification:_identify(src/patrol_action_client) by extensions ['colcon_pkg']
[1.243s] Level 1:colcon.colcon_core.package_identification:_identify(src/patrol_action_client) by extension 'colcon_pkg'
[1.243s] Level 1:colcon.colcon_core.package_identification:_identify(src/patrol_action_client) by extensions ['colcon_meta']
[1.243s] Level 1:colcon.colcon_core.package_identification:_identify(src/patrol_action_client) by extension 'colcon_meta'
[1.243s] Level 1:colcon.colcon_core.package_identification:_identify(src/patrol_action_client) by extensions ['ros']
[1.243s] Level 1:colcon.colcon_core.package_identification:_identify(src/patrol_action_client) by extension 'ros'
[1.244s] DEBUG:colcon.colcon_core.package_identification:Package 'src/patrol_action_client' with type 'ros.ament_python' and name 'patrol_action_client'
[1.244s] Level 1:colcon.colcon_core.package_identification:_identify(src/patrol_action_server) by extensions ['ignore', 'ignore_ament_install']
[1.244s] Level 1:colcon.colcon_core.package_identification:_identify(src/patrol_action_server) by extension 'ignore'
[1.244s] Level 1:colcon.colcon_core.package_identification:_identify(src/patrol_action_server) by extension 'ignore_ament_install'
[1.244s] Level 1:colcon.colcon_core.package_identification:_identify(src/patrol_action_server) by extensions ['colcon_pkg']
[1.244s] Level 1:colcon.colcon_core.package_identification:_identify(src/patrol_action_server) by extension 'colcon_pkg'
[1.244s] Level 1:colcon.colcon_core.package_identification:_identify(src/patrol_action_server) by extensions ['colcon_meta']
[1.244s] Level 1:colcon.colcon_core.package_identification:_identify(src/patrol_action_server) by extension 'colcon_meta'
[1.244s] Level 1:colcon.colcon_core.package_identification:_identify(src/patrol_action_server) by extensions ['ros']
[1.244s] Level 1:colcon.colcon_core.package_identification:_identify(src/patrol_action_server) by extension 'ros'
[1.244s] DEBUG:colcon.colcon_core.package_identification:Package 'src/patrol_action_server' with type 'ros.ament_python' and name 'patrol_action_server'
[1.244s] Level 1:colcon.colcon_core.package_discovery:discover_packages(recursive) using defaults
[1.244s] Level 1:colcon.colcon_core.package_discovery:discover_packages(ignore) discover
[1.245s] Level 1:colcon.colcon_core.package_discovery:discover_packages(ignore) using defaults
[1.245s] Level 1:colcon.colcon_core.package_discovery:discover_packages(path) discover
[1.245s] Level 1:colcon.colcon_core.package_discovery:discover_packages(path) using defaults
[1.360s] Level 1:colcon.colcon_core.package_discovery:discover_packages(prefix_path) check parameters
[1.360s] Level 1:colcon.colcon_core.package_discovery:discover_packages(prefix_path) discover
[1.400s] DEBUG:colcon.colcon_installed_package_information.package_discovery:Found 4 installed packages in /home/ros2/hexapod_ws/install
[1.420s] DEBUG:colcon.colcon_installed_package_information.package_discovery:Found 287 installed packages in /opt/ros/foxy
[1.421s] Level 1:colcon.colcon_core.package_discovery:discover_packages(prefix_path) using defaults
[1.507s] Level 5:colcon.colcon_core.verb:set package 'custom_interfaces' build argument 'cmake_args' from command line to 'None'
[1.507s] Level 5:colcon.colcon_core.verb:set package 'custom_interfaces' build argument 'cmake_target' from command line to 'None'
[1.507s] Level 5:colcon.colcon_core.verb:set package 'custom_interfaces' build argument 'cmake_target_skip_unavailable' from command line to 'False'
[1.507s] Level 5:colcon.colcon_core.verb:set package 'custom_interfaces' build argument 'cmake_clean_cache' from command line to 'False'
[1.507s] Level 5:colcon.colcon_core.verb:set package 'custom_interfaces' build argument 'cmake_clean_first' from command line to 'False'
[1.507s] Level 5:colcon.colcon_core.verb:set package 'custom_interfaces' build argument 'cmake_force_configure' from command line to 'False'
[1.507s] Level 5:colcon.colcon_core.verb:set package 'custom_interfaces' build argument 'ament_cmake_args' from command line to 'None'
[1.507s] Level 5:colcon.colcon_core.verb:set package 'custom_interfaces' build argument 'catkin_cmake_args' from command line to 'None'
[1.507s] Level 5:colcon.colcon_core.verb:set package 'custom_interfaces' build argument 'catkin_skip_building_tests' from command line to 'False'
[1.507s] DEBUG:colcon.colcon_core.verb:Building package 'custom_interfaces' with the following arguments: {'ament_cmake_args': None, 'build_base': '/home/ros2/hexapod_ws/build/custom_interfaces', 'catkin_cmake_args': None, 'catkin_skip_building_tests': False, 'cmake_args': None, 'cmake_clean_cache': False, 'cmake_clean_first': False, 'cmake_force_configure': False, 'cmake_target': None, 'cmake_target_skip_unavailable': False, 'install_base': '/home/ros2/hexapod_ws/install/custom_interfaces', 'merge_install': False, 'path': '/home/ros2/hexapod_ws/src/custom_interfaces', 'symlink_install': False, 'test_result_base': None}
[1.527s] Level 5:colcon.colcon_core.verb:set package 'hexapod_description' build argument 'cmake_args' from command line to 'None'
[1.527s] Level 5:colcon.colcon_core.verb:set package 'hexapod_description' build argument 'cmake_target' from command line to 'None'
[1.527s] Level 5:colcon.colcon_core.verb:set package 'hexapod_description' build argument 'cmake_target_skip_unavailable' from command line to 'False'
[1.527s] Level 5:colcon.colcon_core.verb:set package 'hexapod_description' build argument 'cmake_clean_cache' from command line to 'False'
[1.527s] Level 5:colcon.colcon_core.verb:set package 'hexapod_description' build argument 'cmake_clean_first' from command line to 'False'
[1.527s] Level 5:colcon.colcon_core.verb:set package 'hexapod_description' build argument 'cmake_force_configure' from command line to 'False'
[1.527s] Level 5:colcon.colcon_core.verb:set package 'hexapod_description' build argument 'ament_cmake_args' from command line to 'None'
[1.527s] Level 5:colcon.colcon_core.verb:set package 'hexapod_description' build argument 'catkin_cmake_args' from command line to 'None'
[1.527s] Level 5:colcon.colcon_core.verb:set package 'hexapod_description' build argument 'catkin_skip_building_tests' from command line to 'False'
[1.527s] DEBUG:colcon.colcon_core.verb:Building package 'hexapod_description' with the following arguments: {'ament_cmake_args': None, 'build_base': '/home/ros2/hexapod_ws/build/hexapod_description', 'catkin_cmake_args': None, 'catkin_skip_building_tests': False, 'cmake_args': None, 'cmake_clean_cache': False, 'cmake_clean_first': False, 'cmake_force_configure': False, 'cmake_target': None, 'cmake_target_skip_unavailable': False, 'install_base': '/home/ros2/hexapod_ws/install/hexapod_description', 'merge_install': False, 'path': '/home/ros2/hexapod_ws/src/hexapod_description', 'symlink_install': False, 'test_result_base': None}
[1.547s] Level 5:colcon.colcon_core.verb:set package 'patrol_action_client' build argument 'cmake_args' from command line to 'None'
[1.547s] Level 5:colcon.colcon_core.verb:set package 'patrol_action_client' build argument 'cmake_target' from command line to 'None'
[1.547s] Level 5:colcon.colcon_core.verb:set package 'patrol_action_client' build argument 'cmake_target_skip_unavailable' from command line to 'False'
[1.547s] Level 5:colcon.colcon_core.verb:set package 'patrol_action_client' build argument 'cmake_clean_cache' from command line to 'False'
[1.547s] Level 5:colcon.colcon_core.verb:set package 'patrol_action_client' build argument 'cmake_clean_first' from command line to 'False'
[1.547s] Level 5:colcon.colcon_core.verb:set package 'patrol_action_client' build argument 'cmake_force_configure' from command line to 'False'
[1.547s] Level 5:colcon.colcon_core.verb:set package 'patrol_action_client' build argument 'ament_cmake_args' from command line to 'None'
[1.547s] Level 5:colcon.colcon_core.verb:set package 'patrol_action_client' build argument 'catkin_cmake_args' from command line to 'None'
[1.547s] Level 5:colcon.colcon_core.verb:set package 'patrol_action_client' build argument 'catkin_skip_building_tests' from command line to 'False'
[1.547s] DEBUG:colcon.colcon_core.verb:Building package 'patrol_action_client' with the following arguments: {'ament_cmake_args': None, 'build_base': '/home/ros2/hexapod_ws/build/patrol_action_client', 'catkin_cmake_args': None, 'catkin_skip_building_tests': False, 'cmake_args': None, 'cmake_clean_cache': False, 'cmake_clean_first': False, 'cmake_force_configure': False, 'cmake_target': None, 'cmake_target_skip_unavailable': False, 'install_base': '/home/ros2/hexapod_ws/install/patrol_action_client', 'merge_install': False, 'path': '/home/ros2/hexapod_ws/src/patrol_action_client', 'symlink_install': False, 'test_result_base': None}
[1.567s] Level 5:colcon.colcon_core.verb:set package 'patrol_action_server' build argument 'cmake_args' from command line to 'None'
[1.567s] Level 5:colcon.colcon_core.verb:set package 'patrol_action_server' build argument 'cmake_target' from command line to 'None'
[1.567s] Level 5:colcon.colcon_core.verb:set package 'patrol_action_server' build argument 'cmake_target_skip_unavailable' from command line to 'False'
[1.567s] Level 5:colcon.colcon_core.verb:set package 'patrol_action_server' build argument 'cmake_clean_cache' from command line to 'False'
[1.567s] Level 5:colcon.colcon_core.verb:set package 'patrol_action_server' build argument 'cmake_clean_first' from command line to 'False'
[1.567s] Level 5:colcon.colcon_core.verb:set package 'patrol_action_server' build argument 'cmake_force_configure' from command line to 'False'
[1.567s] Level 5:colcon.colcon_core.verb:set package 'patrol_action_server' build argument 'ament_cmake_args' from command line to 'None'
[1.567s] Level 5:colcon.colcon_core.verb:set package 'patrol_action_server' build argument 'catkin_cmake_args' from command line to 'None'
[1.567s] Level 5:colcon.colcon_core.verb:set package 'patrol_action_server' build argument 'catkin_skip_building_tests' from command line to 'False'
[1.567s] DEBUG:colcon.colcon_core.verb:Building package 'patrol_action_server' with the following arguments: {'ament_cmake_args': None, 'build_base': '/home/ros2/hexapod_ws/build/patrol_action_server', 'catkin_cmake_args': None, 'catkin_skip_building_tests': False, 'cmake_args': None, 'cmake_clean_cache': False, 'cmake_clean_first': False, 'cmake_force_configure': False, 'cmake_target': None, 'cmake_target_skip_unavailable': False, 'install_base': '/home/ros2/hexapod_ws/install/patrol_action_server', 'merge_install': False, 'path': '/home/ros2/hexapod_ws/src/patrol_action_server', 'symlink_install': False, 'test_result_base': None}
[1.586s] INFO:colcon.colcon_core.executor:Executing jobs using 'parallel' executor
[1.607s] DEBUG:colcon.colcon_parallel_executor.executor.parallel:run_until_complete
[1.607s] INFO:colcon.colcon_ros.task.ament_cmake.build:Building ROS package in '/home/ros2/hexapod_ws/src/custom_interfaces' with build type 'ament_cmake'
[1.607s] INFO:colcon.colcon_cmake.task.cmake.build:Building CMake package in '/home/ros2/hexapod_ws/src/custom_interfaces'
[1.629s] INFO:colcon.colcon_core.plugin_system:Skipping extension 'colcon_core.shell.bat': Not used on non-Windows systems
[1.629s] INFO:colcon.colcon_core.shell:Skip shell extension 'powershell' for command environment: Not usable outside of PowerShell
[1.629s] DEBUG:colcon.colcon_core.shell:Skip shell extension 'dsv' for command environment
[1.698s] DEBUG:colcon.colcon_core.event_handler.log_command:Invoking command in '/home/ros2/hexapod_ws/build/custom_interfaces': CMAKE_PREFIX_PATH=${CMAKE_PREFIX_PATH}:/home/ros2/hexapod_ws/install/patrol_action_server:/home/ros2/hexapod_ws/install/patrol_action_client:/home/ros2/hexapod_ws/install/hexapod_description:/opt/ros/foxy /usr/bin/cmake --build /home/ros2/hexapod_ws/build/custom_interfaces -- -j8 -l8
[1.853s] DEBUG:colcon.colcon_core.event_handler.log_command:Invoked command in '/home/ros2/hexapod_ws/build/custom_interfaces' returned '0': CMAKE_PREFIX_PATH=${CMAKE_PREFIX_PATH}:/home/ros2/hexapod_ws/install/patrol_action_server:/home/ros2/hexapod_ws/install/patrol_action_client:/home/ros2/hexapod_ws/install/hexapod_description:/opt/ros/foxy /usr/bin/cmake --build /home/ros2/hexapod_ws/build/custom_interfaces -- -j8 -l8
[1.891s] DEBUG:colcon.colcon_core.event_handler.log_command:Invoking command in '/home/ros2/hexapod_ws/build/custom_interfaces': CMAKE_PREFIX_PATH=${CMAKE_PREFIX_PATH}:/home/ros2/hexapod_ws/install/patrol_action_server:/home/ros2/hexapod_ws/install/patrol_action_client:/home/ros2/hexapod_ws/install/hexapod_description:/opt/ros/foxy /usr/bin/cmake --install /home/ros2/hexapod_ws/build/custom_interfaces
[1.923s] Level 1:colcon.colcon_core.environment:create_environment_scripts_only(custom_interfaces)
[1.923s] DEBUG:colcon.colcon_core.event_handler.log_command:Invoked command in '/home/ros2/hexapod_ws/build/custom_interfaces' returned '0': CMAKE_PREFIX_PATH=${CMAKE_PREFIX_PATH}:/home/ros2/hexapod_ws/install/patrol_action_server:/home/ros2/hexapod_ws/install/patrol_action_client:/home/ros2/hexapod_ws/install/hexapod_description:/opt/ros/foxy /usr/bin/cmake --install /home/ros2/hexapod_ws/build/custom_interfaces
[1.947s] Level 1:colcon.colcon_core.environment:checking '/home/ros2/hexapod_ws/install/custom_interfaces' for CMake module files
[1.947s] Level 1:colcon.colcon_core.environment:checking '/home/ros2/hexapod_ws/install/custom_interfaces' for CMake config files
[1.947s] Level 1:colcon.colcon_core.shell:create_environment_hook('custom_interfaces', 'cmake_prefix_path')
[1.968s] INFO:colcon.colcon_core.shell:Creating environment hook '/home/ros2/hexapod_ws/install/custom_interfaces/share/custom_interfaces/hook/cmake_prefix_path.ps1'
[1.968s] INFO:colcon.colcon_core.shell:Creating environment descriptor '/home/ros2/hexapod_ws/install/custom_interfaces/share/custom_interfaces/hook/cmake_prefix_path.dsv'
[1.968s] INFO:colcon.colcon_core.shell:Creating environment hook '/home/ros2/hexapod_ws/install/custom_interfaces/share/custom_interfaces/hook/cmake_prefix_path.sh'
[1.969s] Level 1:colcon.colcon_core.environment:checking '/home/ros2/hexapod_ws/install/custom_interfaces/lib'
[1.969s] Level 1:colcon.colcon_core.shell:create_environment_hook('custom_interfaces', 'ld_library_path_lib')
[1.989s] INFO:colcon.colcon_core.shell:Creating environment hook '/home/ros2/hexapod_ws/install/custom_interfaces/share/custom_interfaces/hook/ld_library_path_lib.ps1'
[1.989s] INFO:colcon.colcon_core.shell:Creating environment descriptor '/home/ros2/hexapod_ws/install/custom_interfaces/share/custom_interfaces/hook/ld_library_path_lib.dsv'
[1.990s] INFO:colcon.colcon_core.shell:Creating environment hook '/home/ros2/hexapod_ws/install/custom_interfaces/share/custom_interfaces/hook/ld_library_path_lib.sh'
[1.990s] Level 1:colcon.colcon_core.environment:checking '/home/ros2/hexapod_ws/install/custom_interfaces/bin'
[1.990s] Level 1:colcon.colcon_core.environment:checking '/home/ros2/hexapod_ws/install/custom_interfaces/lib/pkgconfig/custom_interfaces.pc'
[1.990s] Level 1:colcon.colcon_core.environment:checking '/home/ros2/hexapod_ws/install/custom_interfaces/lib/python3.8/site-packages'
[1.990s] Level 1:colcon.colcon_core.shell:create_environment_hook('custom_interfaces', 'pythonpath')
[2.011s] INFO:colcon.colcon_core.shell:Creating environment hook '/home/ros2/hexapod_ws/install/custom_interfaces/share/custom_interfaces/hook/pythonpath.ps1'
[2.012s] INFO:colcon.colcon_core.shell:Creating environment descriptor '/home/ros2/hexapod_ws/install/custom_interfaces/share/custom_interfaces/hook/pythonpath.dsv'
[2.012s] INFO:colcon.colcon_core.shell:Creating environment hook '/home/ros2/hexapod_ws/install/custom_interfaces/share/custom_interfaces/hook/pythonpath.sh'
[2.012s] Level 1:colcon.colcon_core.environment:checking '/home/ros2/hexapod_ws/install/custom_interfaces/bin'
[2.032s] INFO:colcon.colcon_core.shell:Creating package script '/home/ros2/hexapod_ws/install/custom_interfaces/share/custom_interfaces/package.ps1'
[2.033s] INFO:colcon.colcon_core.shell:Creating package descriptor '/home/ros2/hexapod_ws/install/custom_interfaces/share/custom_interfaces/package.dsv'
[2.033s] INFO:colcon.colcon_core.shell:Creating package script '/home/ros2/hexapod_ws/install/custom_interfaces/share/custom_interfaces/package.sh'
[2.033s] INFO:colcon.colcon_core.shell:Creating package script '/home/ros2/hexapod_ws/install/custom_interfaces/share/custom_interfaces/package.bash'
[2.034s] INFO:colcon.colcon_core.shell:Creating package script '/home/ros2/hexapod_ws/install/custom_interfaces/share/custom_interfaces/package.zsh'
[2.034s] Level 1:colcon.colcon_core.environment:create_file_with_runtime_dependencies(/home/ros2/hexapod_ws/install/custom_interfaces/share/colcon-core/packages/custom_interfaces)
[2.085s] Level 1:colcon.colcon_core.environment:create_environment_scripts_only(custom_interfaces)
[2.105s] Level 1:colcon.colcon_core.environment:checking '/home/ros2/hexapod_ws/install/custom_interfaces' for CMake module files
[2.105s] Level 1:colcon.colcon_core.environment:checking '/home/ros2/hexapod_ws/install/custom_interfaces' for CMake config files
[2.106s] Level 1:colcon.colcon_core.shell:create_environment_hook('custom_interfaces', 'cmake_prefix_path')
[2.126s] INFO:colcon.colcon_core.shell:Creating environment hook '/home/ros2/hexapod_ws/install/custom_interfaces/share/custom_interfaces/hook/cmake_prefix_path.ps1'
[2.127s] INFO:colcon.colcon_core.shell:Creating environment descriptor '/home/ros2/hexapod_ws/install/custom_interfaces/share/custom_interfaces/hook/cmake_prefix_path.dsv'
[2.127s] INFO:colcon.colcon_core.shell:Creating environment hook '/home/ros2/hexapod_ws/install/custom_interfaces/share/custom_interfaces/hook/cmake_prefix_path.sh'
[2.127s] Level 1:colcon.colcon_core.environment:checking '/home/ros2/hexapod_ws/install/custom_interfaces/lib'
[2.127s] Level 1:colcon.colcon_core.shell:create_environment_hook('custom_interfaces', 'ld_library_path_lib')
[2.148s] INFO:colcon.colcon_core.shell:Creating environment hook '/home/ros2/hexapod_ws/install/custom_interfaces/share/custom_interfaces/hook/ld_library_path_lib.ps1'
[2.148s] INFO:colcon.colcon_core.shell:Creating environment descriptor '/home/ros2/hexapod_ws/install/custom_interfaces/share/custom_interfaces/hook/ld_library_path_lib.dsv'
[2.148s] INFO:colcon.colcon_core.shell:Creating environment hook '/home/ros2/hexapod_ws/install/custom_interfaces/share/custom_interfaces/hook/ld_library_path_lib.sh'
[2.148s] Level 1:colcon.colcon_core.environment:checking '/home/ros2/hexapod_ws/install/custom_interfaces/bin'
[2.149s] Level 1:colcon.colcon_core.environment:checking '/home/ros2/hexapod_ws/install/custom_interfaces/lib/pkgconfig/custom_interfaces.pc'
[2.149s] Level 1:colcon.colcon_core.environment:checking '/home/ros2/hexapod_ws/install/custom_interfaces/lib/python3.8/site-packages'
[2.149s] Level 1:colcon.colcon_core.shell:create_environment_hook('custom_interfaces', 'pythonpath')
[2.169s] INFO:colcon.colcon_core.shell:Creating environment hook '/home/ros2/hexapod_ws/install/custom_interfaces/share/custom_interfaces/hook/pythonpath.ps1'
[2.169s] INFO:colcon.colcon_core.shell:Creating environment descriptor '/home/ros2/hexapod_ws/install/custom_interfaces/share/custom_interfaces/hook/pythonpath.dsv'
[2.170s] INFO:colcon.colcon_core.shell:Creating environment hook '/home/ros2/hexapod_ws/install/custom_interfaces/share/custom_interfaces/hook/pythonpath.sh'
[2.170s] Level 1:colcon.colcon_core.environment:checking '/home/ros2/hexapod_ws/install/custom_interfaces/bin'
[2.191s] INFO:colcon.colcon_core.shell:Creating package script '/home/ros2/hexapod_ws/install/custom_interfaces/share/custom_interfaces/package.ps1'
[2.191s] INFO:colcon.colcon_core.shell:Creating package descriptor '/home/ros2/hexapod_ws/install/custom_interfaces/share/custom_interfaces/package.dsv'
[2.191s] INFO:colcon.colcon_core.shell:Creating package script '/home/ros2/hexapod_ws/install/custom_interfaces/share/custom_interfaces/package.sh'
[2.192s] INFO:colcon.colcon_core.shell:Creating package script '/home/ros2/hexapod_ws/install/custom_interfaces/share/custom_interfaces/package.bash'
[2.192s] INFO:colcon.colcon_core.shell:Creating package script '/home/ros2/hexapod_ws/install/custom_interfaces/share/custom_interfaces/package.zsh'
[2.192s] Level 1:colcon.colcon_core.environment:create_file_with_runtime_dependencies(/home/ros2/hexapod_ws/install/custom_interfaces/share/colcon-core/packages/custom_interfaces)
[2.192s] INFO:colcon.colcon_ros.task.ament_python.build:Building ROS package in '/home/ros2/hexapod_ws/src/hexapod_description' with build type 'ament_python'
[2.192s] Level 1:colcon.colcon_core.shell:create_environment_hook('hexapod_description', 'ament_prefix_path')
[2.215s] INFO:colcon.colcon_core.shell:Creating environment hook '/home/ros2/hexapod_ws/install/hexapod_description/share/hexapod_description/hook/ament_prefix_path.ps1'
[2.215s] INFO:colcon.colcon_core.shell:Creating environment descriptor '/home/ros2/hexapod_ws/install/hexapod_description/share/hexapod_description/hook/ament_prefix_path.dsv'
[2.216s] INFO:colcon.colcon_core.shell:Creating environment hook '/home/ros2/hexapod_ws/install/hexapod_description/share/hexapod_description/hook/ament_prefix_path.sh'
[2.238s] INFO:colcon.colcon_core.shell:Skip shell extension 'powershell' for command environment: Not usable outside of PowerShell
[2.238s] DEBUG:colcon.colcon_core.shell:Skip shell extension 'dsv' for command environment
[2.301s] INFO:colcon.colcon_ros.task.ament_python.build:Building ROS package in '/home/ros2/hexapod_ws/src/patrol_action_client' with build type 'ament_python'
[2.301s] Level 1:colcon.colcon_core.shell:create_environment_hook('patrol_action_client', 'ament_prefix_path')
[2.325s] INFO:colcon.colcon_core.shell:Creating environment hook '/home/ros2/hexapod_ws/install/patrol_action_client/share/patrol_action_client/hook/ament_prefix_path.ps1'
[2.325s] INFO:colcon.colcon_core.shell:Creating environment descriptor '/home/ros2/hexapod_ws/install/patrol_action_client/share/patrol_action_client/hook/ament_prefix_path.dsv'
[2.326s] INFO:colcon.colcon_core.shell:Creating environment hook '/home/ros2/hexapod_ws/install/patrol_action_client/share/patrol_action_client/hook/ament_prefix_path.sh'
[2.355s] INFO:colcon.colcon_core.shell:Skip shell extension 'powershell' for command environment: Not usable outside of PowerShell
[2.355s] DEBUG:colcon.colcon_core.shell:Skip shell extension 'dsv' for command environment
[2.419s] INFO:colcon.colcon_ros.task.ament_python.build:Building ROS package in '/home/ros2/hexapod_ws/src/patrol_action_server' with build type 'ament_python'
[2.420s] Level 1:colcon.colcon_core.shell:create_environment_hook('patrol_action_server', 'ament_prefix_path')
[2.441s] INFO:colcon.colcon_core.shell:Creating environment hook '/home/ros2/hexapod_ws/install/patrol_action_server/share/patrol_action_server/hook/ament_prefix_path.ps1'
[2.442s] INFO:colcon.colcon_core.shell:Creating environment descriptor '/home/ros2/hexapod_ws/install/patrol_action_server/share/patrol_action_server/hook/ament_prefix_path.dsv'
[2.442s] INFO:colcon.colcon_core.shell:Creating environment hook '/home/ros2/hexapod_ws/install/patrol_action_server/share/patrol_action_server/hook/ament_prefix_path.sh'
[2.463s] INFO:colcon.colcon_core.shell:Skip shell extension 'powershell' for command environment: Not usable outside of PowerShell
[2.463s] DEBUG:colcon.colcon_core.shell:Skip shell extension 'dsv' for command environment
[2.657s] INFO:colcon.colcon_core.task.python.build:Building Python package in '/home/ros2/hexapod_ws/src/hexapod_description'
[2.678s] INFO:colcon.colcon_core.shell:Skip shell extension 'powershell' for command environment: Not usable outside of PowerShell
[2.678s] DEBUG:colcon.colcon_core.shell:Skip shell extension 'dsv' for command environment
[2.872s] INFO:colcon.colcon_core.task.python.build:Building Python package in '/home/ros2/hexapod_ws/src/patrol_action_client'
[2.893s] INFO:colcon.colcon_core.shell:Skip shell extension 'powershell' for command environment: Not usable outside of PowerShell
[2.893s] DEBUG:colcon.colcon_core.shell:Skip shell extension 'dsv' for command environment
[3.090s] INFO:colcon.colcon_core.task.python.build:Building Python package in '/home/ros2/hexapod_ws/src/patrol_action_server'
[3.111s] INFO:colcon.colcon_core.shell:Skip shell extension 'powershell' for command environment: Not usable outside of PowerShell
[3.111s] DEBUG:colcon.colcon_core.shell:Skip shell extension 'dsv' for command environment
[3.472s] DEBUG:colcon.colcon_core.event_handler.log_command:Invoking command in '/home/ros2/hexapod_ws/src/hexapod_description': LD_LIBRARY_PATH=/home/ros2/hexapod_ws/install/custom_interfaces/lib:/usr/lib/x86_64-linux-gnu/gazebo-11/plugins:/opt/ros/foxy/opt/yaml_cpp_vendor/lib:/opt/ros/foxy/opt/rviz_ogre_vendor/lib:/opt/ros/foxy/lib/x86_64-linux-gnu:/opt/ros/foxy/lib:/usr/lib/x86_64-linux-gnu/gazebo-11/plugins PYTHONPATH=/home/ros2/hexapod_ws/build/hexapod_description/prefix_override:/home/ros2/hexapod_ws/install/hexapod_description/lib/python3.8/site-packages:/home/ros2/hexapod_ws/install/custom_interfaces/lib/python3.8/site-packages:/home/ros2/hexapod_ws/install/patrol_action_server/lib/python3.8/site-packages:/home/ros2/hexapod_ws/install/patrol_action_client/lib/python3.8/site-packages:/home/ros2/hexapod_ws/install/hexapod_description/lib/python3.8/site-packages:/opt/ros/foxy/lib/python3.8/site-packages /usr/bin/python3 setup.py egg_info --egg-base ../../build/hexapod_description build --build-base /home/ros2/hexapod_ws/build/hexapod_description/build install --record /home/ros2/hexapod_ws/build/hexapod_description/install.log --single-version-externally-managed
[3.482s] DEBUG:colcon.colcon_core.event_handler.log_command:Invoking command in '/home/ros2/hexapod_ws/src/patrol_action_server': LD_LIBRARY_PATH=/home/ros2/hexapod_ws/install/custom_interfaces/lib:/usr/lib/x86_64-linux-gnu/gazebo-11/plugins:/opt/ros/foxy/opt/yaml_cpp_vendor/lib:/opt/ros/foxy/opt/rviz_ogre_vendor/lib:/opt/ros/foxy/lib/x86_64-linux-gnu:/opt/ros/foxy/lib:/usr/lib/x86_64-linux-gnu/gazebo-11/plugins PYTHONPATH=/home/ros2/hexapod_ws/build/patrol_action_server/prefix_override:/home/ros2/hexapod_ws/install/patrol_action_server/lib/python3.8/site-packages:/home/ros2/hexapod_ws/install/custom_interfaces/lib/python3.8/site-packages:/home/ros2/hexapod_ws/install/patrol_action_server/lib/python3.8/site-packages:/home/ros2/hexapod_ws/install/patrol_action_client/lib/python3.8/site-packages:/home/ros2/hexapod_ws/install/hexapod_description/lib/python3.8/site-packages:/opt/ros/foxy/lib/python3.8/site-packages /usr/bin/python3 setup.py egg_info --egg-base ../../build/patrol_action_server build --build-base /home/ros2/hexapod_ws/build/patrol_action_server/build install --record /home/ros2/hexapod_ws/build/patrol_action_server/install.log --install-scripts $base/lib/patrol_action_server --single-version-externally-managed
[3.486s] DEBUG:colcon.colcon_core.event_handler.log_command:Invoking command in '/home/ros2/hexapod_ws/src/patrol_action_client': LD_LIBRARY_PATH=/home/ros2/hexapod_ws/install/custom_interfaces/lib:/usr/lib/x86_64-linux-gnu/gazebo-11/plugins:/opt/ros/foxy/opt/yaml_cpp_vendor/lib:/opt/ros/foxy/opt/rviz_ogre_vendor/lib:/opt/ros/foxy/lib/x86_64-linux-gnu:/opt/ros/foxy/lib:/usr/lib/x86_64-linux-gnu/gazebo-11/plugins PYTHONPATH=/home/ros2/hexapod_ws/build/patrol_action_client/prefix_override:/home/ros2/hexapod_ws/install/patrol_action_client/lib/python3.8/site-packages:/home/ros2/hexapod_ws/install/custom_interfaces/lib/python3.8/site-packages:/home/ros2/hexapod_ws/install/patrol_action_server/lib/python3.8/site-packages:/home/ros2/hexapod_ws/install/patrol_action_client/lib/python3.8/site-packages:/home/ros2/hexapod_ws/install/hexapod_description/lib/python3.8/site-packages:/opt/ros/foxy/lib/python3.8/site-packages /usr/bin/python3 setup.py egg_info --egg-base ../../build/patrol_action_client build --build-base /home/ros2/hexapod_ws/build/patrol_action_client/build install --record /home/ros2/hexapod_ws/build/patrol_action_client/install.log --install-scripts $base/lib/patrol_action_client --single-version-externally-managed
[3.686s] DEBUG:colcon.colcon_core.event_handler.log_command:Invoked command in '/home/ros2/hexapod_ws/src/hexapod_description' returned '0': LD_LIBRARY_PATH=/home/ros2/hexapod_ws/install/custom_interfaces/lib:/usr/lib/x86_64-linux-gnu/gazebo-11/plugins:/opt/ros/foxy/opt/yaml_cpp_vendor/lib:/opt/ros/foxy/opt/rviz_ogre_vendor/lib:/opt/ros/foxy/lib/x86_64-linux-gnu:/opt/ros/foxy/lib:/usr/lib/x86_64-linux-gnu/gazebo-11/plugins PYTHONPATH=/home/ros2/hexapod_ws/build/hexapod_description/prefix_override:/home/ros2/hexapod_ws/install/hexapod_description/lib/python3.8/site-packages:/home/ros2/hexapod_ws/install/custom_interfaces/lib/python3.8/site-packages:/home/ros2/hexapod_ws/install/patrol_action_server/lib/python3.8/site-packages:/home/ros2/hexapod_ws/install/patrol_action_client/lib/python3.8/site-packages:/home/ros2/hexapod_ws/install/hexapod_description/lib/python3.8/site-packages:/opt/ros/foxy/lib/python3.8/site-packages /usr/bin/python3 setup.py egg_info --egg-base ../../build/hexapod_description build --build-base /home/ros2/hexapod_ws/build/hexapod_description/build install --record /home/ros2/hexapod_ws/build/hexapod_description/install.log --single-version-externally-managed
[3.710s] Level 1:colcon.colcon_core.environment:checking '/home/ros2/hexapod_ws/install/hexapod_description' for CMake module files
[3.711s] Level 1:colcon.colcon_core.environment:checking '/home/ros2/hexapod_ws/install/hexapod_description' for CMake config files
[3.711s] Level 1:colcon.colcon_core.environment:checking '/home/ros2/hexapod_ws/install/hexapod_description/lib'
[3.711s] Level 1:colcon.colcon_core.environment:checking '/home/ros2/hexapod_ws/install/hexapod_description/bin'
[3.711s] Level 1:colcon.colcon_core.environment:checking '/home/ros2/hexapod_ws/install/hexapod_description/lib/pkgconfig/hexapod_description.pc'
[3.711s] Level 1:colcon.colcon_core.environment:checking '/home/ros2/hexapod_ws/install/hexapod_description/lib/python3.8/site-packages'
[3.711s] Level 1:colcon.colcon_core.shell:create_environment_hook('hexapod_description', 'pythonpath')
[3.733s] INFO:colcon.colcon_core.shell:Creating environment hook '/home/ros2/hexapod_ws/install/hexapod_description/share/hexapod_description/hook/pythonpath.ps1'
[3.733s] INFO:colcon.colcon_core.shell:Creating environment descriptor '/home/ros2/hexapod_ws/install/hexapod_description/share/hexapod_description/hook/pythonpath.dsv'
[3.733s] INFO:colcon.colcon_core.shell:Creating environment hook '/home/ros2/hexapod_ws/install/hexapod_description/share/hexapod_description/hook/pythonpath.sh'
[3.734s] Level 1:colcon.colcon_core.environment:checking '/home/ros2/hexapod_ws/install/hexapod_description/bin'
[3.734s] Level 1:colcon.colcon_core.environment:create_environment_scripts_only(hexapod_description)
[3.755s] INFO:colcon.colcon_core.shell:Creating package script '/home/ros2/hexapod_ws/install/hexapod_description/share/hexapod_description/package.ps1'
[3.755s] INFO:colcon.colcon_core.shell:Creating package descriptor '/home/ros2/hexapod_ws/install/hexapod_description/share/hexapod_description/package.dsv'
[3.755s] INFO:colcon.colcon_core.shell:Creating package script '/home/ros2/hexapod_ws/install/hexapod_description/share/hexapod_description/package.sh'
[3.755s] INFO:colcon.colcon_core.shell:Creating package script '/home/ros2/hexapod_ws/install/hexapod_description/share/hexapod_description/package.bash'
[3.756s] INFO:colcon.colcon_core.shell:Creating package script '/home/ros2/hexapod_ws/install/hexapod_description/share/hexapod_description/package.zsh'
[3.756s] Level 1:colcon.colcon_core.environment:create_file_with_runtime_dependencies(/home/ros2/hexapod_ws/install/hexapod_description/share/colcon-core/packages/hexapod_description)
[3.757s] DEBUG:colcon.colcon_core.event_handler.log_command:Invoked command in '/home/ros2/hexapod_ws/src/patrol_action_server' returned '0': LD_LIBRARY_PATH=/home/ros2/hexapod_ws/install/custom_interfaces/lib:/usr/lib/x86_64-linux-gnu/gazebo-11/plugins:/opt/ros/foxy/opt/yaml_cpp_vendor/lib:/opt/ros/foxy/opt/rviz_ogre_vendor/lib:/opt/ros/foxy/lib/x86_64-linux-gnu:/opt/ros/foxy/lib:/usr/lib/x86_64-linux-gnu/gazebo-11/plugins PYTHONPATH=/home/ros2/hexapod_ws/build/patrol_action_server/prefix_override:/home/ros2/hexapod_ws/install/patrol_action_server/lib/python3.8/site-packages:/home/ros2/hexapod_ws/install/custom_interfaces/lib/python3.8/site-packages:/home/ros2/hexapod_ws/install/patrol_action_server/lib/python3.8/site-packages:/home/ros2/hexapod_ws/install/patrol_action_client/lib/python3.8/site-packages:/home/ros2/hexapod_ws/install/hexapod_description/lib/python3.8/site-packages:/opt/ros/foxy/lib/python3.8/site-packages /usr/bin/python3 setup.py egg_info --egg-base ../../build/patrol_action_server build --build-base /home/ros2/hexapod_ws/build/patrol_action_server/build install --record /home/ros2/hexapod_ws/build/patrol_action_server/install.log --install-scripts $base/lib/patrol_action_server --single-version-externally-managed
[3.779s] Level 1:colcon.colcon_core.environment:checking '/home/ros2/hexapod_ws/install/patrol_action_server' for CMake module files
[3.779s] Level 1:colcon.colcon_core.environment:checking '/home/ros2/hexapod_ws/install/patrol_action_server' for CMake config files
[3.779s] Level 1:colcon.colcon_core.environment:checking '/home/ros2/hexapod_ws/install/patrol_action_server/lib'
[3.779s] Level 1:colcon.colcon_core.environment:checking '/home/ros2/hexapod_ws/install/patrol_action_server/bin'
[3.779s] Level 1:colcon.colcon_core.environment:checking '/home/ros2/hexapod_ws/install/patrol_action_server/lib/pkgconfig/patrol_action_server.pc'
[3.780s] Level 1:colcon.colcon_core.environment:checking '/home/ros2/hexapod_ws/install/patrol_action_server/lib/python3.8/site-packages'
[3.780s] Level 1:colcon.colcon_core.shell:create_environment_hook('patrol_action_server', 'pythonpath')
[3.801s] INFO:colcon.colcon_core.shell:Creating environment hook '/home/ros2/hexapod_ws/install/patrol_action_server/share/patrol_action_server/hook/pythonpath.ps1'
[3.801s] INFO:colcon.colcon_core.shell:Creating environment descriptor '/home/ros2/hexapod_ws/install/patrol_action_server/share/patrol_action_server/hook/pythonpath.dsv'
[3.801s] INFO:colcon.colcon_core.shell:Creating environment hook '/home/ros2/hexapod_ws/install/patrol_action_server/share/patrol_action_server/hook/pythonpath.sh'
[3.801s] Level 1:colcon.colcon_core.environment:checking '/home/ros2/hexapod_ws/install/patrol_action_server/bin'
[3.801s] Level 1:colcon.colcon_core.environment:create_environment_scripts_only(patrol_action_server)
[3.822s] INFO:colcon.colcon_core.shell:Creating package script '/home/ros2/hexapod_ws/install/patrol_action_server/share/patrol_action_server/package.ps1'
[3.822s] INFO:colcon.colcon_core.shell:Creating package descriptor '/home/ros2/hexapod_ws/install/patrol_action_server/share/patrol_action_server/package.dsv'
[3.822s] INFO:colcon.colcon_core.shell:Creating package script '/home/ros2/hexapod_ws/install/patrol_action_server/share/patrol_action_server/package.sh'
[3.823s] INFO:colcon.colcon_core.shell:Creating package script '/home/ros2/hexapod_ws/install/patrol_action_server/share/patrol_action_server/package.bash'
[3.823s] INFO:colcon.colcon_core.shell:Creating package script '/home/ros2/hexapod_ws/install/patrol_action_server/share/patrol_action_server/package.zsh'
[3.823s] Level 1:colcon.colcon_core.environment:create_file_with_runtime_dependencies(/home/ros2/hexapod_ws/install/patrol_action_server/share/colcon-core/packages/patrol_action_server)
[3.824s] DEBUG:colcon.colcon_core.event_handler.log_command:Invoked command in '/home/ros2/hexapod_ws/src/patrol_action_client' returned '0': LD_LIBRARY_PATH=/home/ros2/hexapod_ws/install/custom_interfaces/lib:/usr/lib/x86_64-linux-gnu/gazebo-11/plugins:/opt/ros/foxy/opt/yaml_cpp_vendor/lib:/opt/ros/foxy/opt/rviz_ogre_vendor/lib:/opt/ros/foxy/lib/x86_64-linux-gnu:/opt/ros/foxy/lib:/usr/lib/x86_64-linux-gnu/gazebo-11/plugins PYTHONPATH=/home/ros2/hexapod_ws/build/patrol_action_client/prefix_override:/home/ros2/hexapod_ws/install/patrol_action_client/lib/python3.8/site-packages:/home/ros2/hexapod_ws/install/custom_interfaces/lib/python3.8/site-packages:/home/ros2/hexapod_ws/install/patrol_action_server/lib/python3.8/site-packages:/home/ros2/hexapod_ws/install/patrol_action_client/lib/python3.8/site-packages:/home/ros2/hexapod_ws/install/hexapod_description/lib/python3.8/site-packages:/opt/ros/foxy/lib/python3.8/site-packages /usr/bin/python3 setup.py egg_info --egg-base ../../build/patrol_action_client build --build-base /home/ros2/hexapod_ws/build/patrol_action_client/build install --record /home/ros2/hexapod_ws/build/patrol_action_client/install.log --install-scripts $base/lib/patrol_action_client --single-version-externally-managed
[3.847s] Level 1:colcon.colcon_core.environment:checking '/home/ros2/hexapod_ws/install/patrol_action_client' for CMake module files
[3.847s] Level 1:colcon.colcon_core.environment:checking '/home/ros2/hexapod_ws/install/patrol_action_client' for CMake config files
[3.847s] Level 1:colcon.colcon_core.environment:checking '/home/ros2/hexapod_ws/install/patrol_action_client/lib'
[3.847s] Level 1:colcon.colcon_core.environment:checking '/home/ros2/hexapod_ws/install/patrol_action_client/bin'
[3.847s] Level 1:colcon.colcon_core.environment:checking '/home/ros2/hexapod_ws/install/patrol_action_client/lib/pkgconfig/patrol_action_client.pc'
[3.848s] Level 1:colcon.colcon_core.environment:checking '/home/ros2/hexapod_ws/install/patrol_action_client/lib/python3.8/site-packages'
[3.848s] Level 1:colcon.colcon_core.shell:create_environment_hook('patrol_action_client', 'pythonpath')
[3.877s] INFO:colcon.colcon_core.shell:Creating environment hook '/home/ros2/hexapod_ws/install/patrol_action_client/share/patrol_action_client/hook/pythonpath.ps1'
[3.877s] INFO:colcon.colcon_core.shell:Creating environment descriptor '/home/ros2/hexapod_ws/install/patrol_action_client/share/patrol_action_client/hook/pythonpath.dsv'
[3.877s] INFO:colcon.colcon_core.shell:Creating environment hook '/home/ros2/hexapod_ws/install/patrol_action_client/share/patrol_action_client/hook/pythonpath.sh'
[3.878s] Level 1:colcon.colcon_core.environment:checking '/home/ros2/hexapod_ws/install/patrol_action_client/bin'
[3.878s] Level 1:colcon.colcon_core.environment:create_environment_scripts_only(patrol_action_client)
[3.898s] INFO:colcon.colcon_core.shell:Creating package script '/home/ros2/hexapod_ws/install/patrol_action_client/share/patrol_action_client/package.ps1'
[3.898s] INFO:colcon.colcon_core.shell:Creating package descriptor '/home/ros2/hexapod_ws/install/patrol_action_client/share/patrol_action_client/package.dsv'
[3.898s] INFO:colcon.colcon_core.shell:Creating package script '/home/ros2/hexapod_ws/install/patrol_action_client/share/patrol_action_client/package.sh'
[3.899s] INFO:colcon.colcon_core.shell:Creating package script '/home/ros2/hexapod_ws/install/patrol_action_client/share/patrol_action_client/package.bash'
[3.899s] INFO:colcon.colcon_core.shell:Creating package script '/home/ros2/hexapod_ws/install/patrol_action_client/share/patrol_action_client/package.zsh'
[3.899s] Level 1:colcon.colcon_core.environment:create_file_with_runtime_dependencies(/home/ros2/hexapod_ws/install/patrol_action_client/share/colcon-core/packages/patrol_action_client)
[3.899s] DEBUG:colcon.colcon_parallel_executor.executor.parallel:closing loop
[3.899s] DEBUG:colcon.colcon_parallel_executor.executor.parallel:loop closed
[3.899s] DEBUG:colcon.colcon_parallel_executor.executor.parallel:run_until_complete finished with '0'
[3.899s] DEBUG:colcon.colcon_core.event_reactor:joining thread
[3.928s] INFO:colcon.colcon_core.plugin_system:Skipping extension 'colcon_notification.desktop_notification.terminal_notifier': Not used on non-Darwin systems
[3.928s] INFO:colcon.colcon_core.plugin_system:Skipping extension 'colcon_notification.desktop_notification.win32': Not used on non-Windows systems
[3.928s] INFO:colcon.colcon_notification.desktop_notification:Sending desktop notification using 'notify2'
[3.937s] DEBUG:colcon.colcon_core.event_reactor:joined thread
[3.959s] INFO:colcon.colcon_core.shell:Creating prefix script '/home/ros2/hexapod_ws/install/local_setup.ps1'
[3.960s] INFO:colcon.colcon_core.shell:Creating prefix util module '/home/ros2/hexapod_ws/install/_local_setup_util_ps1.py'
[3.961s] INFO:colcon.colcon_core.shell:Creating prefix chain script '/home/ros2/hexapod_ws/install/setup.ps1'
[3.982s] INFO:colcon.colcon_core.shell:Creating prefix script '/home/ros2/hexapod_ws/install/local_setup.sh'
[3.983s] INFO:colcon.colcon_core.shell:Creating prefix util module '/home/ros2/hexapod_ws/install/_local_setup_util_sh.py'
[3.983s] INFO:colcon.colcon_core.shell:Creating prefix chain script '/home/ros2/hexapod_ws/install/setup.sh'
[4.005s] INFO:colcon.colcon_core.shell:Creating prefix script '/home/ros2/hexapod_ws/install/local_setup.bash'
[4.005s] INFO:colcon.colcon_core.shell:Creating prefix chain script '/home/ros2/hexapod_ws/install/setup.bash'
[4.027s] INFO:colcon.colcon_core.shell:Creating prefix script '/home/ros2/hexapod_ws/install/local_setup.zsh'
[4.027s] INFO:colcon.colcon_core.shell:Creating prefix chain script '/home/ros2/hexapod_ws/install/setup.zsh'
