/home/ros2/hexapod_ws/install/hexapod_description/lib/python3.8/site-packages/hexapod_description/__init__.py
/home/ros2/hexapod_ws/install/hexapod_description/lib/python3.8/site-packages/hexapod_description/controller1Full.py
/home/ros2/hexapod_ws/install/hexapod_description/lib/python3.8/site-packages/hexapod_description/controller1____oneLegNormal.py
/home/ros2/hexapod_ws/install/hexapod_description/lib/python3.8/site-packages/hexapod_description/patrol_action_server.py
/home/ros2/hexapod_ws/install/hexapod_description/lib/python3.8/site-packages/hexapod_description/controllerSpot.py
/home/ros2/hexapod_ws/install/hexapod_description/lib/python3.8/site-packages/hexapod_description/controller1___trigomy.py
/home/ros2/hexapod_ws/install/hexapod_description/lib/python3.8/site-packages/hexapod_description/controllerOLd.py
/home/ros2/hexapod_ws/install/hexapod_description/lib/python3.8/site-packages/hexapod_description/controller1copy.py
/home/ros2/hexapod_ws/install/hexapod_description/lib/python3.8/site-packages/hexapod_description/controllerDontKnow.py
/home/ros2/hexapod_ws/install/hexapod_description/lib/python3.8/site-packages/hexapod_description/controllerwrong.py
/home/ros2/hexapod_ws/install/hexapod_description/lib/python3.8/site-packages/hexapod_description/controller1____GutFull.py
/home/ros2/hexapod_ws/install/hexapod_description/lib/python3.8/site-packages/hexapod_description/controller1OneTest.py
/home/ros2/hexapod_ws/install/hexapod_description/lib/python3.8/site-packages/hexapod_description/controllerBack.py
/home/ros2/hexapod_ws/install/hexapod_description/lib/python3.8/site-packages/hexapod_description/controller1.py
/home/ros2/hexapod_ws/install/hexapod_description/lib/python3.8/site-packages/hexapod_description/controller2.py
/home/ros2/hexapod_ws/install/hexapod_description/lib/python3.8/site-packages/hexapod_description/controllerTrigo.py
/home/ros2/hexapod_ws/install/hexapod_description/lib/python3.8/site-packages/hexapod_description/__pycache__/__init__.cpython-38.pyc
/home/ros2/hexapod_ws/install/hexapod_description/lib/python3.8/site-packages/hexapod_description/__pycache__/controller1Full.cpython-38.pyc
/home/ros2/hexapod_ws/install/hexapod_description/lib/python3.8/site-packages/hexapod_description/__pycache__/controller1____oneLegNormal.cpython-38.pyc
/home/ros2/hexapod_ws/install/hexapod_description/lib/python3.8/site-packages/hexapod_description/__pycache__/patrol_action_server.cpython-38.pyc
/home/ros2/hexapod_ws/install/hexapod_description/lib/python3.8/site-packages/hexapod_description/__pycache__/controllerSpot.cpython-38.pyc
/home/ros2/hexapod_ws/install/hexapod_description/lib/python3.8/site-packages/hexapod_description/__pycache__/controller1___trigomy.cpython-38.pyc
/home/ros2/hexapod_ws/install/hexapod_description/lib/python3.8/site-packages/hexapod_description/__pycache__/controllerOLd.cpython-38.pyc
/home/ros2/hexapod_ws/install/hexapod_description/lib/python3.8/site-packages/hexapod_description/__pycache__/controller1copy.cpython-38.pyc
/home/ros2/hexapod_ws/install/hexapod_description/lib/python3.8/site-packages/hexapod_description/__pycache__/controllerDontKnow.cpython-38.pyc
/home/ros2/hexapod_ws/install/hexapod_description/lib/python3.8/site-packages/hexapod_description/__pycache__/controllerwrong.cpython-38.pyc
/home/ros2/hexapod_ws/install/hexapod_description/lib/python3.8/site-packages/hexapod_description/__pycache__/controller1____GutFull.cpython-38.pyc
/home/ros2/hexapod_ws/install/hexapod_description/lib/python3.8/site-packages/hexapod_description/__pycache__/controller1OneTest.cpython-38.pyc
/home/ros2/hexapod_ws/install/hexapod_description/lib/python3.8/site-packages/hexapod_description/__pycache__/controllerBack.cpython-38.pyc
/home/ros2/hexapod_ws/install/hexapod_description/lib/python3.8/site-packages/hexapod_description/__pycache__/controller1.cpython-38.pyc
/home/ros2/hexapod_ws/install/hexapod_description/lib/python3.8/site-packages/hexapod_description/__pycache__/controller2.cpython-38.pyc
/home/ros2/hexapod_ws/install/hexapod_description/lib/python3.8/site-packages/hexapod_description/__pycache__/controllerTrigo.cpython-38.pyc
/home/ros2/hexapod_ws/install/hexapod_description/share/ament_index/resource_index/packages/hexapod_description
/home/ros2/hexapod_ws/install/hexapod_description/share/hexapod_description/package.xml
/home/ros2/hexapod_ws/install/hexapod_description/share/hexapod_description/launch/controlBack.launch.py
/home/ros2/hexapod_ws/install/hexapod_description/share/hexapod_description/launch/position3.launch.py
/home/ros2/hexapod_ws/install/hexapod_description/share/hexapod_description/launch/control2.launch.py
/home/ros2/hexapod_ws/install/hexapod_description/share/hexapod_description/launch/position2.launch.py
/home/ros2/hexapod_ws/install/hexapod_description/share/hexapod_description/launch/position1.launch.py
/home/ros2/hexapod_ws/install/hexapod_description/share/hexapod_description/launch/control1.launch.py
/home/ros2/hexapod_ws/install/hexapod_description/share/hexapod_description/launch/hexapod.launch.py
/home/ros2/hexapod_ws/install/hexapod_description/share/hexapod_description/launch/controlSpot.launch.py
/home/ros2/hexapod_ws/install/hexapod_description/share/hexapod_description/launch/display.launch.py
/home/ros2/hexapod_ws/install/hexapod_description/share/hexapod_description/launch/gazebo.launch.py
/home/ros2/hexapod_ws/install/hexapod_description/share/hexapod_description/launch/load_world_into_gazebo.launch.py
/home/ros2/hexapod_ws/install/hexapod_description/share/hexapod_description/launch/controlTrigo.launch.py
/home/ros2/hexapod_ws/install/hexapod_description/share/hexapod_description/launch/start_world.launch.py
/home/ros2/hexapod_ws/install/hexapod_description/share/hexapod_description/urdf/hexapod_Backup_Latest.xacro
/home/ros2/hexapod_ws/install/hexapod_description/share/hexapod_description/urdf/hexapod.trans
/home/ros2/hexapod_ws/install/hexapod_description/share/hexapod_description/urdf/hexapod_pos1.xacro
/home/ros2/hexapod_ws/install/hexapod_description/share/hexapod_description/urdf/hexapod.xacro
/home/ros2/hexapod_ws/install/hexapod_description/share/hexapod_description/urdf/hexapodBackup.xacro
/home/ros2/hexapod_ws/install/hexapod_description/share/hexapod_description/urdf/hexapod.urdf
/home/ros2/hexapod_ws/install/hexapod_description/share/hexapod_description/urdf/hexapodOneLeg.xacro
/home/ros2/hexapod_ws/install/hexapod_description/share/hexapod_description/urdf/hexapod.gazebo
/home/ros2/hexapod_ws/install/hexapod_description/share/hexapod_description/urdf/materials.xacro
/home/ros2/hexapod_ws/install/hexapod_description/share/hexapod_description/meshes/leg_rubber_tip.stl
/home/ros2/hexapod_ws/install/hexapod_description/share/hexapod_description/meshes/leg1_link1_collision.stl
/home/ros2/hexapod_ws/install/hexapod_description/share/hexapod_description/meshes/leg2_link3_collision.stl
/home/ros2/hexapod_ws/install/hexapod_description/share/hexapod_description/meshes/leg5_link1_collision.stl
/home/ros2/hexapod_ws/install/hexapod_description/share/hexapod_description/meshes/leg2_link1_collision.stl
/home/ros2/hexapod_ws/install/hexapod_description/share/hexapod_description/meshes/component12_1.stl
/home/ros2/hexapod_ws/install/hexapod_description/share/hexapod_description/meshes/component4_1.stl
/home/ros2/hexapod_ws/install/hexapod_description/share/hexapod_description/meshes/component15_1_collision.stl
/home/ros2/hexapod_ws/install/hexapod_description/share/hexapod_description/meshes/base_link.stl
/home/ros2/hexapod_ws/install/hexapod_description/share/hexapod_description/meshes/component2_1.stl
/home/ros2/hexapod_ws/install/hexapod_description/share/hexapod_description/meshes/component11_1.stl
/home/ros2/hexapod_ws/install/hexapod_description/share/hexapod_description/meshes/leg4_link1_collision.stl
/home/ros2/hexapod_ws/install/hexapod_description/share/hexapod_description/meshes/component3_1.stl
/home/ros2/hexapod_ws/install/hexapod_description/share/hexapod_description/meshes/component14_1.stl
/home/ros2/hexapod_ws/install/hexapod_description/share/hexapod_description/meshes/leg2_link2_collision.stl
/home/ros2/hexapod_ws/install/hexapod_description/share/hexapod_description/meshes/component6_1.stl
/home/ros2/hexapod_ws/install/hexapod_description/share/hexapod_description/meshes/component3_1_collision.stl
/home/ros2/hexapod_ws/install/hexapod_description/share/hexapod_description/meshes/component10_1_collision.stl
/home/ros2/hexapod_ws/install/hexapod_description/share/hexapod_description/meshes/leg4_link3_collision.stl
/home/ros2/hexapod_ws/install/hexapod_description/share/hexapod_description/meshes/component1_1_collision.stl
/home/ros2/hexapod_ws/install/hexapod_description/share/hexapod_description/meshes/component6_1_collision.stl
/home/ros2/hexapod_ws/install/hexapod_description/share/hexapod_description/meshes/leg6_link3_collision.stl
/home/ros2/hexapod_ws/install/hexapod_description/share/hexapod_description/meshes/component1_1.stl
/home/ros2/hexapod_ws/install/hexapod_description/share/hexapod_description/meshes/leg1_link3_collision.stl
/home/ros2/hexapod_ws/install/hexapod_description/share/hexapod_description/meshes/component17_1_collision.stl
/home/ros2/hexapod_ws/install/hexapod_description/share/hexapod_description/meshes/component16_1.stl
/home/ros2/hexapod_ws/install/hexapod_description/share/hexapod_description/meshes/component5_1.stl
/home/ros2/hexapod_ws/install/hexapod_description/share/hexapod_description/meshes/component9_1.stl
/home/ros2/hexapod_ws/install/hexapod_description/share/hexapod_description/meshes/component16_1_collision.stl
/home/ros2/hexapod_ws/install/hexapod_description/share/hexapod_description/meshes/leg3_link3_collision.stl
/home/ros2/hexapod_ws/install/hexapod_description/share/hexapod_description/meshes/component5_1_collision.stl
/home/ros2/hexapod_ws/install/hexapod_description/share/hexapod_description/meshes/component7_1_collision.stl
/home/ros2/hexapod_ws/install/hexapod_description/share/hexapod_description/meshes/component13_1.stl
/home/ros2/hexapod_ws/install/hexapod_description/share/hexapod_description/meshes/leg6_link2_collision.stl
/home/ros2/hexapod_ws/install/hexapod_description/share/hexapod_description/meshes/leg1_link2_collision.stl
/home/ros2/hexapod_ws/install/hexapod_description/share/hexapod_description/meshes/leg4_link2_collision.stl
/home/ros2/hexapod_ws/install/hexapod_description/share/hexapod_description/meshes/leg3_link2_collision.stl
/home/ros2/hexapod_ws/install/hexapod_description/share/hexapod_description/meshes/component4_1_collision.stl
/home/ros2/hexapod_ws/install/hexapod_description/share/hexapod_description/meshes/component18_1_collision.stl
/home/ros2/hexapod_ws/install/hexapod_description/share/hexapod_description/meshes/component17_1.stl
/home/ros2/hexapod_ws/install/hexapod_description/share/hexapod_description/meshes/leg3_link1_collision.stl
/home/ros2/hexapod_ws/install/hexapod_description/share/hexapod_description/meshes/leg5_link3_collision.stl
/home/ros2/hexapod_ws/install/hexapod_description/share/hexapod_description/meshes/component8_1_collision.stl
/home/ros2/hexapod_ws/install/hexapod_description/share/hexapod_description/meshes/component15_1.stl
/home/ros2/hexapod_ws/install/hexapod_description/share/hexapod_description/meshes/component10_1.stl
/home/ros2/hexapod_ws/install/hexapod_description/share/hexapod_description/meshes/component13_1_collision.stl
/home/ros2/hexapod_ws/install/hexapod_description/share/hexapod_description/meshes/component18_1.stl
/home/ros2/hexapod_ws/install/hexapod_description/share/hexapod_description/meshes/leg6_link1_collision.stl
/home/ros2/hexapod_ws/install/hexapod_description/share/hexapod_description/meshes/component8_1.stl
/home/ros2/hexapod_ws/install/hexapod_description/share/hexapod_description/meshes/component2_1_collision.stl
/home/ros2/hexapod_ws/install/hexapod_description/share/hexapod_description/meshes/component12_1_collision.stl
/home/ros2/hexapod_ws/install/hexapod_description/share/hexapod_description/meshes/component11_1_collision.stl
/home/ros2/hexapod_ws/install/hexapod_description/share/hexapod_description/meshes/component7_1.stl
/home/ros2/hexapod_ws/install/hexapod_description/share/hexapod_description/meshes/base_link_collision.stl
/home/ros2/hexapod_ws/install/hexapod_description/share/hexapod_description/meshes/component9_1_collision.stl
/home/ros2/hexapod_ws/install/hexapod_description/share/hexapod_description/meshes/component14_1_collision.stl
/home/ros2/hexapod_ws/install/hexapod_description/share/hexapod_description/meshes/leg5_link2_collision.stl
/home/ros2/hexapod_ws/install/hexapod_description/share/hexapod_description/config/controller_configuration.yaml
/home/ros2/hexapod_ws/install/hexapod_description/share/hexapod_description/config/controller_configurationPo.yaml
/home/ros2/hexapod_ws/install/hexapod_description/share/hexapod_description/config/controller_configurationPo copy.yaml
/home/ros2/hexapod_ws/install/hexapod_description/share/hexapod_description/config/controller_configurationtraj.yaml
/home/ros2/hexapod_ws/install/hexapod_description/share/hexapod_description/config/controller_configurationOneLeg.yaml
/home/ros2/hexapod_ws/install/hexapod_description/share/hexapod_description/config/display.rviz
/home/ros2/hexapod_ws/install/hexapod_description/share/hexapod_description/config/controller_configurationPo copy 2.yaml
/home/ros2/hexapod_ws/install/hexapod_description/share/hexapod_description/worlds
/home/ros2/hexapod_ws/install/hexapod_description/lib/python3.8/site-packages/hexapod_description-0.0.0-py3.8.egg-info/top_level.txt
/home/ros2/hexapod_ws/install/hexapod_description/lib/python3.8/site-packages/hexapod_description-0.0.0-py3.8.egg-info/dependency_links.txt
/home/ros2/hexapod_ws/install/hexapod_description/lib/python3.8/site-packages/hexapod_description-0.0.0-py3.8.egg-info/entry_points.txt
/home/ros2/hexapod_ws/install/hexapod_description/lib/python3.8/site-packages/hexapod_description-0.0.0-py3.8.egg-info/zip-safe
/home/ros2/hexapod_ws/install/hexapod_description/lib/python3.8/site-packages/hexapod_description-0.0.0-py3.8.egg-info/requires.txt
/home/ros2/hexapod_ws/install/hexapod_description/lib/python3.8/site-packages/hexapod_description-0.0.0-py3.8.egg-info/PKG-INFO
/home/ros2/hexapod_ws/install/hexapod_description/lib/python3.8/site-packages/hexapod_description-0.0.0-py3.8.egg-info/SOURCES.txt
/home/ros2/hexapod_ws/install/hexapod_description/lib/hexapod_description/motor_data1
/home/ros2/hexapod_ws/install/hexapod_description/lib/hexapod_description/motor_data2
/home/ros2/hexapod_ws/install/hexapod_description/lib/hexapod_description/motor_data3
/home/ros2/hexapod_ws/install/hexapod_description/lib/hexapod_description/motor_data4
/home/ros2/hexapod_ws/install/hexapod_description/lib/hexapod_description/patrol_action_server_exe
