[1.281s] DEBUG:colcon:Command line arguments: ['/usr/bin/colcon', 'build']
[1.281s] DEBUG:colcon:Parsed command line arguments: Namespace(allow_overriding=[], ament_cmake_args=None, base_paths=['.'], build_base='build', catkin_cmake_args=None, catkin_skip_building_tests=False, cmake_args=None, cmake_clean_cache=False, cmake_clean_first=False, cmake_force_configure=False, cmake_target=None, cmake_target_skip_unavailable=False, continue_on_error=False, event_handlers=None, executor='parallel', ignore_user_meta=False, install_base='install', log_base=None, log_level=None, main=<bound method BuildVerb.main of <colcon_core.verb.build.BuildVerb object at 0x7f8081ff3370>>, merge_install=False, metas=['./colcon.meta'], packages_above=None, packages_above_and_dependencies=None, packages_above_depth=None, packages_end=None, packages_ignore=None, packages_ignore_regex=None, packages_select=None, packages_select_build_failed=False, packages_select_by_dep=None, packages_select_regex=None, packages_select_test_failures=False, packages_skip=None, packages_skip_build_finished=False, packages_skip_by_dep=None, packages_skip_regex=None, packages_skip_test_passed=False, packages_skip_up_to=None, packages_start=None, packages_up_to=None, packages_up_to_regex=None, parallel_workers=8, paths=None, symlink_install=False, test_result_base=None, verb_extension=<colcon_core.verb.build.BuildVerb object at 0x7f8081ff3370>, verb_name='build', verb_parser=<colcon_defaults.argument_parser.defaults.DefaultArgumentsDecorator object at 0x7f8081fd10d0>)
[1.337s] Level 1:colcon.colcon_core.package_discovery:discover_packages(colcon_meta) check parameters
[1.337s] Level 1:colcon.colcon_core.package_discovery:discover_packages(recursive) check parameters
[1.337s] Level 1:colcon.colcon_core.package_discovery:discover_packages(ignore) check parameters
[1.337s] Level 1:colcon.colcon_core.package_discovery:discover_packages(path) check parameters
[1.337s] Level 1:colcon.colcon_core.package_discovery:discover_packages(colcon_meta) discover
[1.337s] Level 1:colcon.colcon_core.package_discovery:discover_packages(recursive) discover
[1.337s] INFO:colcon.colcon_core.package_discovery:Crawling recursively for packages in '/home/ros2/hexapod_ws'
[1.337s] Level 1:colcon.colcon_core.package_identification:_identify(.) by extensions ['ignore', 'ignore_ament_install']
[1.337s] Level 1:colcon.colcon_core.package_identification:_identify(.) by extension 'ignore'
[1.337s] Level 1:colcon.colcon_core.package_identification:_identify(.) by extension 'ignore_ament_install'
[1.337s] Level 1:colcon.colcon_core.package_identification:_identify(.) by extensions ['colcon_pkg']
[1.337s] Level 1:colcon.colcon_core.package_identification:_identify(.) by extension 'colcon_pkg'
[1.337s] Level 1:colcon.colcon_core.package_identification:_identify(.) by extensions ['colcon_meta']
[1.337s] Level 1:colcon.colcon_core.package_identification:_identify(.) by extension 'colcon_meta'
[1.337s] Level 1:colcon.colcon_core.package_identification:_identify(.) by extensions ['ros']
[1.337s] Level 1:colcon.colcon_core.package_identification:_identify(.) by extension 'ros'
[1.344s] Level 1:colcon.colcon_core.package_identification:_identify(.) by extensions ['cmake', 'python']
[1.345s] Level 1:colcon.colcon_core.package_identification:_identify(.) by extension 'cmake'
[1.345s] Level 1:colcon.colcon_core.package_identification:_identify(.) by extension 'python'
[1.345s] Level 1:colcon.colcon_core.package_identification:_identify(.) by extensions ['python_setup_py']
[1.345s] Level 1:colcon.colcon_core.package_identification:_identify(.) by extension 'python_setup_py'
[1.345s] Level 1:colcon.colcon_core.package_identification:_identify(build) by extensions ['ignore', 'ignore_ament_install']
[1.345s] Level 1:colcon.colcon_core.package_identification:_identify(build) by extension 'ignore'
[1.345s] Level 1:colcon.colcon_core.package_identification:_identify(build) ignored
[1.345s] Level 1:colcon.colcon_core.package_identification:_identify(install) by extensions ['ignore', 'ignore_ament_install']
[1.345s] Level 1:colcon.colcon_core.package_identification:_identify(install) by extension 'ignore'
[1.345s] Level 1:colcon.colcon_core.package_identification:_identify(install) ignored
[1.345s] Level 1:colcon.colcon_core.package_identification:_identify(log) by extensions ['ignore', 'ignore_ament_install']
[1.345s] Level 1:colcon.colcon_core.package_identification:_identify(log) by extension 'ignore'
[1.345s] Level 1:colcon.colcon_core.package_identification:_identify(log) ignored
[1.345s] Level 1:colcon.colcon_core.package_identification:_identify(src) by extensions ['ignore', 'ignore_ament_install']
[1.345s] Level 1:colcon.colcon_core.package_identification:_identify(src) by extension 'ignore'
[1.345s] Level 1:colcon.colcon_core.package_identification:_identify(src) by extension 'ignore_ament_install'
[1.345s] Level 1:colcon.colcon_core.package_identification:_identify(src) by extensions ['colcon_pkg']
[1.345s] Level 1:colcon.colcon_core.package_identification:_identify(src) by extension 'colcon_pkg'
[1.345s] Level 1:colcon.colcon_core.package_identification:_identify(src) by extensions ['colcon_meta']
[1.346s] Level 1:colcon.colcon_core.package_identification:_identify(src) by extension 'colcon_meta'
[1.346s] Level 1:colcon.colcon_core.package_identification:_identify(src) by extensions ['ros']
[1.346s] Level 1:colcon.colcon_core.package_identification:_identify(src) by extension 'ros'
[1.346s] Level 1:colcon.colcon_core.package_identification:_identify(src) by extensions ['cmake', 'python']
[1.346s] Level 1:colcon.colcon_core.package_identification:_identify(src) by extension 'cmake'
[1.346s] Level 1:colcon.colcon_core.package_identification:_identify(src) by extension 'python'
[1.346s] Level 1:colcon.colcon_core.package_identification:_identify(src) by extensions ['python_setup_py']
[1.346s] Level 1:colcon.colcon_core.package_identification:_identify(src) by extension 'python_setup_py'
[1.346s] Level 1:colcon.colcon_core.package_identification:_identify(src/custom_interfaces) by extensions ['ignore', 'ignore_ament_install']
[1.346s] Level 1:colcon.colcon_core.package_identification:_identify(src/custom_interfaces) by extension 'ignore'
[1.346s] Level 1:colcon.colcon_core.package_identification:_identify(src/custom_interfaces) by extension 'ignore_ament_install'
[1.346s] Level 1:colcon.colcon_core.package_identification:_identify(src/custom_interfaces) by extensions ['colcon_pkg']
[1.346s] Level 1:colcon.colcon_core.package_identification:_identify(src/custom_interfaces) by extension 'colcon_pkg'
[1.346s] Level 1:colcon.colcon_core.package_identification:_identify(src/custom_interfaces) by extensions ['colcon_meta']
[1.346s] Level 1:colcon.colcon_core.package_identification:_identify(src/custom_interfaces) by extension 'colcon_meta'
[1.346s] Level 1:colcon.colcon_core.package_identification:_identify(src/custom_interfaces) by extensions ['ros']
[1.346s] Level 1:colcon.colcon_core.package_identification:_identify(src/custom_interfaces) by extension 'ros'
[1.348s] DEBUG:colcon.colcon_core.package_identification:Package 'src/custom_interfaces' with type 'ros.ament_cmake' and name 'custom_interfaces'
[1.348s] Level 1:colcon.colcon_core.package_identification:_identify(src/hexapod_description) by extensions ['ignore', 'ignore_ament_install']
[1.348s] Level 1:colcon.colcon_core.package_identification:_identify(src/hexapod_description) by extension 'ignore'
[1.348s] Level 1:colcon.colcon_core.package_identification:_identify(src/hexapod_description) by extension 'ignore_ament_install'
[1.348s] Level 1:colcon.colcon_core.package_identification:_identify(src/hexapod_description) by extensions ['colcon_pkg']
[1.348s] Level 1:colcon.colcon_core.package_identification:_identify(src/hexapod_description) by extension 'colcon_pkg'
[1.348s] Level 1:colcon.colcon_core.package_identification:_identify(src/hexapod_description) by extensions ['colcon_meta']
[1.348s] Level 1:colcon.colcon_core.package_identification:_identify(src/hexapod_description) by extension 'colcon_meta'
[1.348s] Level 1:colcon.colcon_core.package_identification:_identify(src/hexapod_description) by extensions ['ros']
[1.348s] Level 1:colcon.colcon_core.package_identification:_identify(src/hexapod_description) by extension 'ros'
[1.350s] DEBUG:colcon.colcon_core.package_identification:Package 'src/hexapod_description' with type 'ros.ament_python' and name 'hexapod_description'
[1.350s] Level 1:colcon.colcon_core.package_identification:_identify(src/install) by extensions ['ignore', 'ignore_ament_install']
[1.350s] Level 1:colcon.colcon_core.package_identification:_identify(src/install) by extension 'ignore'
[1.350s] Level 1:colcon.colcon_core.package_identification:_identify(src/install) ignored
[1.350s] Level 1:colcon.colcon_core.package_identification:_identify(src/log) by extensions ['ignore', 'ignore_ament_install']
[1.350s] Level 1:colcon.colcon_core.package_identification:_identify(src/log) by extension 'ignore'
[1.350s] Level 1:colcon.colcon_core.package_identification:_identify(src/log) ignored
[1.350s] Level 1:colcon.colcon_core.package_identification:_identify(src/patrol_action_client) by extensions ['ignore', 'ignore_ament_install']
[1.350s] Level 1:colcon.colcon_core.package_identification:_identify(src/patrol_action_client) by extension 'ignore'
[1.350s] Level 1:colcon.colcon_core.package_identification:_identify(src/patrol_action_client) by extension 'ignore_ament_install'
[1.350s] Level 1:colcon.colcon_core.package_identification:_identify(src/patrol_action_client) by extensions ['colcon_pkg']
[1.350s] Level 1:colcon.colcon_core.package_identification:_identify(src/patrol_action_client) by extension 'colcon_pkg'
[1.350s] Level 1:colcon.colcon_core.package_identification:_identify(src/patrol_action_client) by extensions ['colcon_meta']
[1.350s] Level 1:colcon.colcon_core.package_identification:_identify(src/patrol_action_client) by extension 'colcon_meta'
[1.350s] Level 1:colcon.colcon_core.package_identification:_identify(src/patrol_action_client) by extensions ['ros']
[1.350s] Level 1:colcon.colcon_core.package_identification:_identify(src/patrol_action_client) by extension 'ros'
[1.351s] DEBUG:colcon.colcon_core.package_identification:Package 'src/patrol_action_client' with type 'ros.ament_python' and name 'patrol_action_client'
[1.351s] Level 1:colcon.colcon_core.package_identification:_identify(src/patrol_action_server) by extensions ['ignore', 'ignore_ament_install']
[1.351s] Level 1:colcon.colcon_core.package_identification:_identify(src/patrol_action_server) by extension 'ignore'
[1.351s] Level 1:colcon.colcon_core.package_identification:_identify(src/patrol_action_server) by extension 'ignore_ament_install'
[1.351s] Level 1:colcon.colcon_core.package_identification:_identify(src/patrol_action_server) by extensions ['colcon_pkg']
[1.351s] Level 1:colcon.colcon_core.package_identification:_identify(src/patrol_action_server) by extension 'colcon_pkg'
[1.351s] Level 1:colcon.colcon_core.package_identification:_identify(src/patrol_action_server) by extensions ['colcon_meta']
[1.351s] Level 1:colcon.colcon_core.package_identification:_identify(src/patrol_action_server) by extension 'colcon_meta'
[1.351s] Level 1:colcon.colcon_core.package_identification:_identify(src/patrol_action_server) by extensions ['ros']
[1.351s] Level 1:colcon.colcon_core.package_identification:_identify(src/patrol_action_server) by extension 'ros'
[1.352s] DEBUG:colcon.colcon_core.package_identification:Package 'src/patrol_action_server' with type 'ros.ament_python' and name 'patrol_action_server'
[1.352s] Level 1:colcon.colcon_core.package_discovery:discover_packages(recursive) using defaults
[1.352s] Level 1:colcon.colcon_core.package_discovery:discover_packages(ignore) discover
[1.352s] Level 1:colcon.colcon_core.package_discovery:discover_packages(ignore) using defaults
[1.352s] Level 1:colcon.colcon_core.package_discovery:discover_packages(path) discover
[1.352s] Level 1:colcon.colcon_core.package_discovery:discover_packages(path) using defaults
[1.480s] Level 1:colcon.colcon_core.package_discovery:discover_packages(prefix_path) check parameters
[1.480s] Level 1:colcon.colcon_core.package_discovery:discover_packages(prefix_path) discover
[1.523s] DEBUG:colcon.colcon_installed_package_information.package_discovery:Found 4 installed packages in /home/ros2/hexapod_ws/install
[1.545s] DEBUG:colcon.colcon_installed_package_information.package_discovery:Found 287 installed packages in /opt/ros/foxy
[1.546s] Level 1:colcon.colcon_core.package_discovery:discover_packages(prefix_path) using defaults
[1.643s] Level 5:colcon.colcon_core.verb:set package 'custom_interfaces' build argument 'cmake_args' from command line to 'None'
[1.643s] Level 5:colcon.colcon_core.verb:set package 'custom_interfaces' build argument 'cmake_target' from command line to 'None'
[1.643s] Level 5:colcon.colcon_core.verb:set package 'custom_interfaces' build argument 'cmake_target_skip_unavailable' from command line to 'False'
[1.643s] Level 5:colcon.colcon_core.verb:set package 'custom_interfaces' build argument 'cmake_clean_cache' from command line to 'False'
[1.643s] Level 5:colcon.colcon_core.verb:set package 'custom_interfaces' build argument 'cmake_clean_first' from command line to 'False'
[1.643s] Level 5:colcon.colcon_core.verb:set package 'custom_interfaces' build argument 'cmake_force_configure' from command line to 'False'
[1.643s] Level 5:colcon.colcon_core.verb:set package 'custom_interfaces' build argument 'ament_cmake_args' from command line to 'None'
[1.643s] Level 5:colcon.colcon_core.verb:set package 'custom_interfaces' build argument 'catkin_cmake_args' from command line to 'None'
[1.643s] Level 5:colcon.colcon_core.verb:set package 'custom_interfaces' build argument 'catkin_skip_building_tests' from command line to 'False'
[1.643s] DEBUG:colcon.colcon_core.verb:Building package 'custom_interfaces' with the following arguments: {'ament_cmake_args': None, 'build_base': '/home/ros2/hexapod_ws/build/custom_interfaces', 'catkin_cmake_args': None, 'catkin_skip_building_tests': False, 'cmake_args': None, 'cmake_clean_cache': False, 'cmake_clean_first': False, 'cmake_force_configure': False, 'cmake_target': None, 'cmake_target_skip_unavailable': False, 'install_base': '/home/ros2/hexapod_ws/install/custom_interfaces', 'merge_install': False, 'path': '/home/ros2/hexapod_ws/src/custom_interfaces', 'symlink_install': False, 'test_result_base': None}
[1.664s] Level 5:colcon.colcon_core.verb:set package 'hexapod_description' build argument 'cmake_args' from command line to 'None'
[1.664s] Level 5:colcon.colcon_core.verb:set package 'hexapod_description' build argument 'cmake_target' from command line to 'None'
[1.664s] Level 5:colcon.colcon_core.verb:set package 'hexapod_description' build argument 'cmake_target_skip_unavailable' from command line to 'False'
[1.664s] Level 5:colcon.colcon_core.verb:set package 'hexapod_description' build argument 'cmake_clean_cache' from command line to 'False'
[1.664s] Level 5:colcon.colcon_core.verb:set package 'hexapod_description' build argument 'cmake_clean_first' from command line to 'False'
[1.664s] Level 5:colcon.colcon_core.verb:set package 'hexapod_description' build argument 'cmake_force_configure' from command line to 'False'
[1.664s] Level 5:colcon.colcon_core.verb:set package 'hexapod_description' build argument 'ament_cmake_args' from command line to 'None'
[1.664s] Level 5:colcon.colcon_core.verb:set package 'hexapod_description' build argument 'catkin_cmake_args' from command line to 'None'
[1.664s] Level 5:colcon.colcon_core.verb:set package 'hexapod_description' build argument 'catkin_skip_building_tests' from command line to 'False'
[1.664s] DEBUG:colcon.colcon_core.verb:Building package 'hexapod_description' with the following arguments: {'ament_cmake_args': None, 'build_base': '/home/ros2/hexapod_ws/build/hexapod_description', 'catkin_cmake_args': None, 'catkin_skip_building_tests': False, 'cmake_args': None, 'cmake_clean_cache': False, 'cmake_clean_first': False, 'cmake_force_configure': False, 'cmake_target': None, 'cmake_target_skip_unavailable': False, 'install_base': '/home/ros2/hexapod_ws/install/hexapod_description', 'merge_install': False, 'path': '/home/ros2/hexapod_ws/src/hexapod_description', 'symlink_install': False, 'test_result_base': None}
[1.685s] Level 5:colcon.colcon_core.verb:set package 'patrol_action_client' build argument 'cmake_args' from command line to 'None'
[1.685s] Level 5:colcon.colcon_core.verb:set package 'patrol_action_client' build argument 'cmake_target' from command line to 'None'
[1.685s] Level 5:colcon.colcon_core.verb:set package 'patrol_action_client' build argument 'cmake_target_skip_unavailable' from command line to 'False'
[1.685s] Level 5:colcon.colcon_core.verb:set package 'patrol_action_client' build argument 'cmake_clean_cache' from command line to 'False'
[1.686s] Level 5:colcon.colcon_core.verb:set package 'patrol_action_client' build argument 'cmake_clean_first' from command line to 'False'
[1.686s] Level 5:colcon.colcon_core.verb:set package 'patrol_action_client' build argument 'cmake_force_configure' from command line to 'False'
[1.686s] Level 5:colcon.colcon_core.verb:set package 'patrol_action_client' build argument 'ament_cmake_args' from command line to 'None'
[1.686s] Level 5:colcon.colcon_core.verb:set package 'patrol_action_client' build argument 'catkin_cmake_args' from command line to 'None'
[1.686s] Level 5:colcon.colcon_core.verb:set package 'patrol_action_client' build argument 'catkin_skip_building_tests' from command line to 'False'
[1.686s] DEBUG:colcon.colcon_core.verb:Building package 'patrol_action_client' with the following arguments: {'ament_cmake_args': None, 'build_base': '/home/ros2/hexapod_ws/build/patrol_action_client', 'catkin_cmake_args': None, 'catkin_skip_building_tests': False, 'cmake_args': None, 'cmake_clean_cache': False, 'cmake_clean_first': False, 'cmake_force_configure': False, 'cmake_target': None, 'cmake_target_skip_unavailable': False, 'install_base': '/home/ros2/hexapod_ws/install/patrol_action_client', 'merge_install': False, 'path': '/home/ros2/hexapod_ws/src/patrol_action_client', 'symlink_install': False, 'test_result_base': None}
[1.707s] Level 5:colcon.colcon_core.verb:set package 'patrol_action_server' build argument 'cmake_args' from command line to 'None'
[1.707s] Level 5:colcon.colcon_core.verb:set package 'patrol_action_server' build argument 'cmake_target' from command line to 'None'
[1.707s] Level 5:colcon.colcon_core.verb:set package 'patrol_action_server' build argument 'cmake_target_skip_unavailable' from command line to 'False'
[1.707s] Level 5:colcon.colcon_core.verb:set package 'patrol_action_server' build argument 'cmake_clean_cache' from command line to 'False'
[1.707s] Level 5:colcon.colcon_core.verb:set package 'patrol_action_server' build argument 'cmake_clean_first' from command line to 'False'
[1.707s] Level 5:colcon.colcon_core.verb:set package 'patrol_action_server' build argument 'cmake_force_configure' from command line to 'False'
[1.707s] Level 5:colcon.colcon_core.verb:set package 'patrol_action_server' build argument 'ament_cmake_args' from command line to 'None'
[1.707s] Level 5:colcon.colcon_core.verb:set package 'patrol_action_server' build argument 'catkin_cmake_args' from command line to 'None'
[1.707s] Level 5:colcon.colcon_core.verb:set package 'patrol_action_server' build argument 'catkin_skip_building_tests' from command line to 'False'
[1.707s] DEBUG:colcon.colcon_core.verb:Building package 'patrol_action_server' with the following arguments: {'ament_cmake_args': None, 'build_base': '/home/ros2/hexapod_ws/build/patrol_action_server', 'catkin_cmake_args': None, 'catkin_skip_building_tests': False, 'cmake_args': None, 'cmake_clean_cache': False, 'cmake_clean_first': False, 'cmake_force_configure': False, 'cmake_target': None, 'cmake_target_skip_unavailable': False, 'install_base': '/home/ros2/hexapod_ws/install/patrol_action_server', 'merge_install': False, 'path': '/home/ros2/hexapod_ws/src/patrol_action_server', 'symlink_install': False, 'test_result_base': None}
[1.729s] INFO:colcon.colcon_core.executor:Executing jobs using 'parallel' executor
[1.751s] DEBUG:colcon.colcon_parallel_executor.executor.parallel:run_until_complete
[1.751s] INFO:colcon.colcon_ros.task.ament_cmake.build:Building ROS package in '/home/ros2/hexapod_ws/src/custom_interfaces' with build type 'ament_cmake'
[1.751s] INFO:colcon.colcon_cmake.task.cmake.build:Building CMake package in '/home/ros2/hexapod_ws/src/custom_interfaces'
[1.774s] INFO:colcon.colcon_core.plugin_system:Skipping extension 'colcon_core.shell.bat': Not used on non-Windows systems
[1.774s] INFO:colcon.colcon_core.shell:Skip shell extension 'powershell' for command environment: Not usable outside of PowerShell
[1.774s] DEBUG:colcon.colcon_core.shell:Skip shell extension 'dsv' for command environment
[1.849s] DEBUG:colcon.colcon_core.event_handler.log_command:Invoking command in '/home/ros2/hexapod_ws/build/custom_interfaces': CMAKE_PREFIX_PATH=${CMAKE_PREFIX_PATH}:/home/ros2/hexapod_ws/install/patrol_action_server:/home/ros2/hexapod_ws/install/patrol_action_client:/home/ros2/hexapod_ws/install/hexapod_description:/opt/ros/foxy /usr/bin/cmake --build /home/ros2/hexapod_ws/build/custom_interfaces -- -j8 -l8
[2.157s] DEBUG:colcon.colcon_core.event_handler.log_command:Invoked command in '/home/ros2/hexapod_ws/build/custom_interfaces' returned '0': CMAKE_PREFIX_PATH=${CMAKE_PREFIX_PATH}:/home/ros2/hexapod_ws/install/patrol_action_server:/home/ros2/hexapod_ws/install/patrol_action_client:/home/ros2/hexapod_ws/install/hexapod_description:/opt/ros/foxy /usr/bin/cmake --build /home/ros2/hexapod_ws/build/custom_interfaces -- -j8 -l8
[2.341s] DEBUG:colcon.colcon_core.event_handler.log_command:Invoking command in '/home/ros2/hexapod_ws/build/custom_interfaces': CMAKE_PREFIX_PATH=${CMAKE_PREFIX_PATH}:/home/ros2/hexapod_ws/install/patrol_action_server:/home/ros2/hexapod_ws/install/patrol_action_client:/home/ros2/hexapod_ws/install/hexapod_description:/opt/ros/foxy /usr/bin/cmake --install /home/ros2/hexapod_ws/build/custom_interfaces
[2.438s] Level 1:colcon.colcon_core.environment:create_environment_scripts_only(custom_interfaces)
[2.439s] DEBUG:colcon.colcon_core.event_handler.log_command:Invoked command in '/home/ros2/hexapod_ws/build/custom_interfaces' returned '0': CMAKE_PREFIX_PATH=${CMAKE_PREFIX_PATH}:/home/ros2/hexapod_ws/install/patrol_action_server:/home/ros2/hexapod_ws/install/patrol_action_client:/home/ros2/hexapod_ws/install/hexapod_description:/opt/ros/foxy /usr/bin/cmake --install /home/ros2/hexapod_ws/build/custom_interfaces
[2.511s] Level 1:colcon.colcon_core.environment:checking '/home/ros2/hexapod_ws/install/custom_interfaces' for CMake module files
[2.512s] Level 1:colcon.colcon_core.environment:checking '/home/ros2/hexapod_ws/install/custom_interfaces' for CMake config files
[2.513s] Level 1:colcon.colcon_core.shell:create_environment_hook('custom_interfaces', 'cmake_prefix_path')
[2.575s] INFO:colcon.colcon_core.shell:Creating environment hook '/home/ros2/hexapod_ws/install/custom_interfaces/share/custom_interfaces/hook/cmake_prefix_path.ps1'
[2.577s] INFO:colcon.colcon_core.shell:Creating environment descriptor '/home/ros2/hexapod_ws/install/custom_interfaces/share/custom_interfaces/hook/cmake_prefix_path.dsv'
[2.577s] INFO:colcon.colcon_core.shell:Creating environment hook '/home/ros2/hexapod_ws/install/custom_interfaces/share/custom_interfaces/hook/cmake_prefix_path.sh'
[2.579s] Level 1:colcon.colcon_core.environment:checking '/home/ros2/hexapod_ws/install/custom_interfaces/lib'
[2.580s] Level 1:colcon.colcon_core.shell:create_environment_hook('custom_interfaces', 'ld_library_path_lib')
[2.639s] INFO:colcon.colcon_core.shell:Creating environment hook '/home/ros2/hexapod_ws/install/custom_interfaces/share/custom_interfaces/hook/ld_library_path_lib.ps1'
[2.640s] INFO:colcon.colcon_core.shell:Creating environment descriptor '/home/ros2/hexapod_ws/install/custom_interfaces/share/custom_interfaces/hook/ld_library_path_lib.dsv'
[2.641s] INFO:colcon.colcon_core.shell:Creating environment hook '/home/ros2/hexapod_ws/install/custom_interfaces/share/custom_interfaces/hook/ld_library_path_lib.sh'
[2.642s] Level 1:colcon.colcon_core.environment:checking '/home/ros2/hexapod_ws/install/custom_interfaces/bin'
[2.642s] Level 1:colcon.colcon_core.environment:checking '/home/ros2/hexapod_ws/install/custom_interfaces/lib/pkgconfig/custom_interfaces.pc'
[2.642s] Level 1:colcon.colcon_core.environment:checking '/home/ros2/hexapod_ws/install/custom_interfaces/lib/python3.8/site-packages'
[2.642s] Level 1:colcon.colcon_core.shell:create_environment_hook('custom_interfaces', 'pythonpath')
[2.702s] INFO:colcon.colcon_core.shell:Creating environment hook '/home/ros2/hexapod_ws/install/custom_interfaces/share/custom_interfaces/hook/pythonpath.ps1'
[2.703s] INFO:colcon.colcon_core.shell:Creating environment descriptor '/home/ros2/hexapod_ws/install/custom_interfaces/share/custom_interfaces/hook/pythonpath.dsv'
[2.703s] INFO:colcon.colcon_core.shell:Creating environment hook '/home/ros2/hexapod_ws/install/custom_interfaces/share/custom_interfaces/hook/pythonpath.sh'
[2.704s] Level 1:colcon.colcon_core.environment:checking '/home/ros2/hexapod_ws/install/custom_interfaces/bin'
[2.764s] INFO:colcon.colcon_core.shell:Creating package script '/home/ros2/hexapod_ws/install/custom_interfaces/share/custom_interfaces/package.ps1'
[2.765s] INFO:colcon.colcon_core.shell:Creating package descriptor '/home/ros2/hexapod_ws/install/custom_interfaces/share/custom_interfaces/package.dsv'
[2.766s] INFO:colcon.colcon_core.shell:Creating package script '/home/ros2/hexapod_ws/install/custom_interfaces/share/custom_interfaces/package.sh'
[2.768s] INFO:colcon.colcon_core.shell:Creating package script '/home/ros2/hexapod_ws/install/custom_interfaces/share/custom_interfaces/package.bash'
[2.769s] INFO:colcon.colcon_core.shell:Creating package script '/home/ros2/hexapod_ws/install/custom_interfaces/share/custom_interfaces/package.zsh'
[2.770s] Level 1:colcon.colcon_core.environment:create_file_with_runtime_dependencies(/home/ros2/hexapod_ws/install/custom_interfaces/share/colcon-core/packages/custom_interfaces)
[2.939s] Level 1:colcon.colcon_core.environment:create_environment_scripts_only(custom_interfaces)
[2.989s] Level 1:colcon.colcon_core.environment:checking '/home/ros2/hexapod_ws/install/custom_interfaces' for CMake module files
[2.989s] Level 1:colcon.colcon_core.environment:checking '/home/ros2/hexapod_ws/install/custom_interfaces' for CMake config files
[2.990s] Level 1:colcon.colcon_core.shell:create_environment_hook('custom_interfaces', 'cmake_prefix_path')
[3.028s] INFO:colcon.colcon_core.shell:Creating environment hook '/home/ros2/hexapod_ws/install/custom_interfaces/share/custom_interfaces/hook/cmake_prefix_path.ps1'
[3.029s] INFO:colcon.colcon_core.shell:Creating environment descriptor '/home/ros2/hexapod_ws/install/custom_interfaces/share/custom_interfaces/hook/cmake_prefix_path.dsv'
[3.029s] INFO:colcon.colcon_core.shell:Creating environment hook '/home/ros2/hexapod_ws/install/custom_interfaces/share/custom_interfaces/hook/cmake_prefix_path.sh'
[3.029s] Level 1:colcon.colcon_core.environment:checking '/home/ros2/hexapod_ws/install/custom_interfaces/lib'
[3.030s] Level 1:colcon.colcon_core.shell:create_environment_hook('custom_interfaces', 'ld_library_path_lib')
[3.070s] INFO:colcon.colcon_core.shell:Creating environment hook '/home/ros2/hexapod_ws/install/custom_interfaces/share/custom_interfaces/hook/ld_library_path_lib.ps1'
[3.071s] INFO:colcon.colcon_core.shell:Creating environment descriptor '/home/ros2/hexapod_ws/install/custom_interfaces/share/custom_interfaces/hook/ld_library_path_lib.dsv'
[3.071s] INFO:colcon.colcon_core.shell:Creating environment hook '/home/ros2/hexapod_ws/install/custom_interfaces/share/custom_interfaces/hook/ld_library_path_lib.sh'
[3.072s] Level 1:colcon.colcon_core.environment:checking '/home/ros2/hexapod_ws/install/custom_interfaces/bin'
[3.072s] Level 1:colcon.colcon_core.environment:checking '/home/ros2/hexapod_ws/install/custom_interfaces/lib/pkgconfig/custom_interfaces.pc'
[3.072s] Level 1:colcon.colcon_core.environment:checking '/home/ros2/hexapod_ws/install/custom_interfaces/lib/python3.8/site-packages'
[3.072s] Level 1:colcon.colcon_core.shell:create_environment_hook('custom_interfaces', 'pythonpath')
[3.106s] INFO:colcon.colcon_core.shell:Creating environment hook '/home/ros2/hexapod_ws/install/custom_interfaces/share/custom_interfaces/hook/pythonpath.ps1'
[3.107s] INFO:colcon.colcon_core.shell:Creating environment descriptor '/home/ros2/hexapod_ws/install/custom_interfaces/share/custom_interfaces/hook/pythonpath.dsv'
[3.107s] INFO:colcon.colcon_core.shell:Creating environment hook '/home/ros2/hexapod_ws/install/custom_interfaces/share/custom_interfaces/hook/pythonpath.sh'
[3.108s] Level 1:colcon.colcon_core.environment:checking '/home/ros2/hexapod_ws/install/custom_interfaces/bin'
[3.134s] INFO:colcon.colcon_core.shell:Creating package script '/home/ros2/hexapod_ws/install/custom_interfaces/share/custom_interfaces/package.ps1'
[3.134s] INFO:colcon.colcon_core.shell:Creating package descriptor '/home/ros2/hexapod_ws/install/custom_interfaces/share/custom_interfaces/package.dsv'
[3.135s] INFO:colcon.colcon_core.shell:Creating package script '/home/ros2/hexapod_ws/install/custom_interfaces/share/custom_interfaces/package.sh'
[3.135s] INFO:colcon.colcon_core.shell:Creating package script '/home/ros2/hexapod_ws/install/custom_interfaces/share/custom_interfaces/package.bash'
[3.135s] INFO:colcon.colcon_core.shell:Creating package script '/home/ros2/hexapod_ws/install/custom_interfaces/share/custom_interfaces/package.zsh'
[3.136s] Level 1:colcon.colcon_core.environment:create_file_with_runtime_dependencies(/home/ros2/hexapod_ws/install/custom_interfaces/share/colcon-core/packages/custom_interfaces)
[3.136s] INFO:colcon.colcon_ros.task.ament_python.build:Building ROS package in '/home/ros2/hexapod_ws/src/hexapod_description' with build type 'ament_python'
[3.136s] Level 1:colcon.colcon_core.shell:create_environment_hook('hexapod_description', 'ament_prefix_path')
[3.165s] INFO:colcon.colcon_core.shell:Creating environment hook '/home/ros2/hexapod_ws/install/hexapod_description/share/hexapod_description/hook/ament_prefix_path.ps1'
[3.165s] INFO:colcon.colcon_core.shell:Creating environment descriptor '/home/ros2/hexapod_ws/install/hexapod_description/share/hexapod_description/hook/ament_prefix_path.dsv'
[3.166s] INFO:colcon.colcon_core.shell:Creating environment hook '/home/ros2/hexapod_ws/install/hexapod_description/share/hexapod_description/hook/ament_prefix_path.sh'
[3.196s] INFO:colcon.colcon_core.shell:Skip shell extension 'powershell' for command environment: Not usable outside of PowerShell
[3.196s] DEBUG:colcon.colcon_core.shell:Skip shell extension 'dsv' for command environment
[3.285s] INFO:colcon.colcon_ros.task.ament_python.build:Building ROS package in '/home/ros2/hexapod_ws/src/patrol_action_client' with build type 'ament_python'
[3.285s] Level 1:colcon.colcon_core.shell:create_environment_hook('patrol_action_client', 'ament_prefix_path')
[3.326s] INFO:colcon.colcon_core.shell:Creating environment hook '/home/ros2/hexapod_ws/install/patrol_action_client/share/patrol_action_client/hook/ament_prefix_path.ps1'
[3.326s] INFO:colcon.colcon_core.shell:Creating environment descriptor '/home/ros2/hexapod_ws/install/patrol_action_client/share/patrol_action_client/hook/ament_prefix_path.dsv'
[3.327s] INFO:colcon.colcon_core.shell:Creating environment hook '/home/ros2/hexapod_ws/install/patrol_action_client/share/patrol_action_client/hook/ament_prefix_path.sh'
[3.356s] INFO:colcon.colcon_core.shell:Skip shell extension 'powershell' for command environment: Not usable outside of PowerShell
[3.356s] DEBUG:colcon.colcon_core.shell:Skip shell extension 'dsv' for command environment
[3.449s] INFO:colcon.colcon_ros.task.ament_python.build:Building ROS package in '/home/ros2/hexapod_ws/src/patrol_action_server' with build type 'ament_python'
[3.450s] Level 1:colcon.colcon_core.shell:create_environment_hook('patrol_action_server', 'ament_prefix_path')
[3.484s] INFO:colcon.colcon_core.shell:Creating environment hook '/home/ros2/hexapod_ws/install/patrol_action_server/share/patrol_action_server/hook/ament_prefix_path.ps1'
[3.485s] INFO:colcon.colcon_core.shell:Creating environment descriptor '/home/ros2/hexapod_ws/install/patrol_action_server/share/patrol_action_server/hook/ament_prefix_path.dsv'
[3.485s] INFO:colcon.colcon_core.shell:Creating environment hook '/home/ros2/hexapod_ws/install/patrol_action_server/share/patrol_action_server/hook/ament_prefix_path.sh'
[3.516s] INFO:colcon.colcon_core.shell:Skip shell extension 'powershell' for command environment: Not usable outside of PowerShell
[3.517s] DEBUG:colcon.colcon_core.shell:Skip shell extension 'dsv' for command environment
[3.827s] INFO:colcon.colcon_core.task.python.build:Building Python package in '/home/ros2/hexapod_ws/src/hexapod_description'
[3.863s] INFO:colcon.colcon_core.shell:Skip shell extension 'powershell' for command environment: Not usable outside of PowerShell
[3.863s] DEBUG:colcon.colcon_core.shell:Skip shell extension 'dsv' for command environment
[4.185s] INFO:colcon.colcon_core.task.python.build:Building Python package in '/home/ros2/hexapod_ws/src/patrol_action_client'
[4.223s] INFO:colcon.colcon_core.shell:Skip shell extension 'powershell' for command environment: Not usable outside of PowerShell
[4.223s] DEBUG:colcon.colcon_core.shell:Skip shell extension 'dsv' for command environment
[4.561s] INFO:colcon.colcon_core.task.python.build:Building Python package in '/home/ros2/hexapod_ws/src/patrol_action_server'
[4.599s] INFO:colcon.colcon_core.shell:Skip shell extension 'powershell' for command environment: Not usable outside of PowerShell
[4.599s] DEBUG:colcon.colcon_core.shell:Skip shell extension 'dsv' for command environment
[5.248s] DEBUG:colcon.colcon_core.event_handler.log_command:Invoking command in '/home/ros2/hexapod_ws/src/hexapod_description': LD_LIBRARY_PATH=/home/ros2/hexapod_ws/install/custom_interfaces/lib:/usr/lib/x86_64-linux-gnu/gazebo-11/plugins:/opt/ros/foxy/opt/yaml_cpp_vendor/lib:/opt/ros/foxy/opt/rviz_ogre_vendor/lib:/opt/ros/foxy/lib/x86_64-linux-gnu:/opt/ros/foxy/lib:/usr/lib/x86_64-linux-gnu/gazebo-11/plugins PYTHONPATH=/home/ros2/hexapod_ws/build/hexapod_description/prefix_override:/home/ros2/hexapod_ws/install/hexapod_description/lib/python3.8/site-packages:/home/ros2/hexapod_ws/install/custom_interfaces/lib/python3.8/site-packages:/home/ros2/hexapod_ws/install/patrol_action_server/lib/python3.8/site-packages:/home/ros2/hexapod_ws/install/patrol_action_client/lib/python3.8/site-packages:/home/ros2/hexapod_ws/install/hexapod_description/lib/python3.8/site-packages:/opt/ros/foxy/lib/python3.8/site-packages /usr/bin/python3 setup.py egg_info --egg-base ../../build/hexapod_description build --build-base /home/ros2/hexapod_ws/build/hexapod_description/build install --record /home/ros2/hexapod_ws/build/hexapod_description/install.log --single-version-externally-managed
[5.265s] DEBUG:colcon.colcon_core.event_handler.log_command:Invoking command in '/home/ros2/hexapod_ws/src/patrol_action_client': LD_LIBRARY_PATH=/home/ros2/hexapod_ws/install/custom_interfaces/lib:/usr/lib/x86_64-linux-gnu/gazebo-11/plugins:/opt/ros/foxy/opt/yaml_cpp_vendor/lib:/opt/ros/foxy/opt/rviz_ogre_vendor/lib:/opt/ros/foxy/lib/x86_64-linux-gnu:/opt/ros/foxy/lib:/usr/lib/x86_64-linux-gnu/gazebo-11/plugins PYTHONPATH=/home/ros2/hexapod_ws/build/patrol_action_client/prefix_override:/home/ros2/hexapod_ws/install/patrol_action_client/lib/python3.8/site-packages:/home/ros2/hexapod_ws/install/custom_interfaces/lib/python3.8/site-packages:/home/ros2/hexapod_ws/install/patrol_action_server/lib/python3.8/site-packages:/home/ros2/hexapod_ws/install/patrol_action_client/lib/python3.8/site-packages:/home/ros2/hexapod_ws/install/hexapod_description/lib/python3.8/site-packages:/opt/ros/foxy/lib/python3.8/site-packages /usr/bin/python3 setup.py egg_info --egg-base ../../build/patrol_action_client build --build-base /home/ros2/hexapod_ws/build/patrol_action_client/build install --record /home/ros2/hexapod_ws/build/patrol_action_client/install.log --install-scripts $base/lib/patrol_action_client --single-version-externally-managed
[5.272s] DEBUG:colcon.colcon_core.event_handler.log_command:Invoking command in '/home/ros2/hexapod_ws/src/patrol_action_server': LD_LIBRARY_PATH=/home/ros2/hexapod_ws/install/custom_interfaces/lib:/usr/lib/x86_64-linux-gnu/gazebo-11/plugins:/opt/ros/foxy/opt/yaml_cpp_vendor/lib:/opt/ros/foxy/opt/rviz_ogre_vendor/lib:/opt/ros/foxy/lib/x86_64-linux-gnu:/opt/ros/foxy/lib:/usr/lib/x86_64-linux-gnu/gazebo-11/plugins PYTHONPATH=/home/ros2/hexapod_ws/build/patrol_action_server/prefix_override:/home/ros2/hexapod_ws/install/patrol_action_server/lib/python3.8/site-packages:/home/ros2/hexapod_ws/install/custom_interfaces/lib/python3.8/site-packages:/home/ros2/hexapod_ws/install/patrol_action_server/lib/python3.8/site-packages:/home/ros2/hexapod_ws/install/patrol_action_client/lib/python3.8/site-packages:/home/ros2/hexapod_ws/install/hexapod_description/lib/python3.8/site-packages:/opt/ros/foxy/lib/python3.8/site-packages /usr/bin/python3 setup.py egg_info --egg-base ../../build/patrol_action_server build --build-base /home/ros2/hexapod_ws/build/patrol_action_server/build install --record /home/ros2/hexapod_ws/build/patrol_action_server/install.log --install-scripts $base/lib/patrol_action_server --single-version-externally-managed
[5.755s] DEBUG:colcon.colcon_core.event_handler.log_command:Invoked command in '/home/ros2/hexapod_ws/src/hexapod_description' returned '0': LD_LIBRARY_PATH=/home/ros2/hexapod_ws/install/custom_interfaces/lib:/usr/lib/x86_64-linux-gnu/gazebo-11/plugins:/opt/ros/foxy/opt/yaml_cpp_vendor/lib:/opt/ros/foxy/opt/rviz_ogre_vendor/lib:/opt/ros/foxy/lib/x86_64-linux-gnu:/opt/ros/foxy/lib:/usr/lib/x86_64-linux-gnu/gazebo-11/plugins PYTHONPATH=/home/ros2/hexapod_ws/build/hexapod_description/prefix_override:/home/ros2/hexapod_ws/install/hexapod_description/lib/python3.8/site-packages:/home/ros2/hexapod_ws/install/custom_interfaces/lib/python3.8/site-packages:/home/ros2/hexapod_ws/install/patrol_action_server/lib/python3.8/site-packages:/home/ros2/hexapod_ws/install/patrol_action_client/lib/python3.8/site-packages:/home/ros2/hexapod_ws/install/hexapod_description/lib/python3.8/site-packages:/opt/ros/foxy/lib/python3.8/site-packages /usr/bin/python3 setup.py egg_info --egg-base ../../build/hexapod_description build --build-base /home/ros2/hexapod_ws/build/hexapod_description/build install --record /home/ros2/hexapod_ws/build/hexapod_description/install.log --single-version-externally-managed
[5.853s] Level 1:colcon.colcon_core.environment:checking '/home/ros2/hexapod_ws/install/hexapod_description' for CMake module files
[5.854s] Level 1:colcon.colcon_core.environment:checking '/home/ros2/hexapod_ws/install/hexapod_description' for CMake config files
[5.856s] Level 1:colcon.colcon_core.environment:checking '/home/ros2/hexapod_ws/install/hexapod_description/lib'
[5.857s] Level 1:colcon.colcon_core.environment:checking '/home/ros2/hexapod_ws/install/hexapod_description/bin'
[5.857s] Level 1:colcon.colcon_core.environment:checking '/home/ros2/hexapod_ws/install/hexapod_description/lib/pkgconfig/hexapod_description.pc'
[5.857s] Level 1:colcon.colcon_core.environment:checking '/home/ros2/hexapod_ws/install/hexapod_description/lib/python3.8/site-packages'
[5.858s] Level 1:colcon.colcon_core.shell:create_environment_hook('hexapod_description', 'pythonpath')
[5.933s] INFO:colcon.colcon_core.shell:Creating environment hook '/home/ros2/hexapod_ws/install/hexapod_description/share/hexapod_description/hook/pythonpath.ps1'
[5.934s] INFO:colcon.colcon_core.shell:Creating environment descriptor '/home/ros2/hexapod_ws/install/hexapod_description/share/hexapod_description/hook/pythonpath.dsv'
[5.934s] INFO:colcon.colcon_core.shell:Creating environment hook '/home/ros2/hexapod_ws/install/hexapod_description/share/hexapod_description/hook/pythonpath.sh'
[5.935s] Level 1:colcon.colcon_core.environment:checking '/home/ros2/hexapod_ws/install/hexapod_description/bin'
[5.935s] Level 1:colcon.colcon_core.environment:create_environment_scripts_only(hexapod_description)
[6.001s] INFO:colcon.colcon_core.shell:Creating package script '/home/ros2/hexapod_ws/install/hexapod_description/share/hexapod_description/package.ps1'
[6.002s] INFO:colcon.colcon_core.shell:Creating package descriptor '/home/ros2/hexapod_ws/install/hexapod_description/share/hexapod_description/package.dsv'
[6.003s] INFO:colcon.colcon_core.shell:Creating package script '/home/ros2/hexapod_ws/install/hexapod_description/share/hexapod_description/package.sh'
[6.004s] INFO:colcon.colcon_core.shell:Creating package script '/home/ros2/hexapod_ws/install/hexapod_description/share/hexapod_description/package.bash'
[6.004s] INFO:colcon.colcon_core.shell:Creating package script '/home/ros2/hexapod_ws/install/hexapod_description/share/hexapod_description/package.zsh'
[6.005s] Level 1:colcon.colcon_core.environment:create_file_with_runtime_dependencies(/home/ros2/hexapod_ws/install/hexapod_description/share/colcon-core/packages/hexapod_description)
[6.007s] DEBUG:colcon.colcon_core.event_handler.log_command:Invoked command in '/home/ros2/hexapod_ws/src/patrol_action_client' returned '0': LD_LIBRARY_PATH=/home/ros2/hexapod_ws/install/custom_interfaces/lib:/usr/lib/x86_64-linux-gnu/gazebo-11/plugins:/opt/ros/foxy/opt/yaml_cpp_vendor/lib:/opt/ros/foxy/opt/rviz_ogre_vendor/lib:/opt/ros/foxy/lib/x86_64-linux-gnu:/opt/ros/foxy/lib:/usr/lib/x86_64-linux-gnu/gazebo-11/plugins PYTHONPATH=/home/ros2/hexapod_ws/build/patrol_action_client/prefix_override:/home/ros2/hexapod_ws/install/patrol_action_client/lib/python3.8/site-packages:/home/ros2/hexapod_ws/install/custom_interfaces/lib/python3.8/site-packages:/home/ros2/hexapod_ws/install/patrol_action_server/lib/python3.8/site-packages:/home/ros2/hexapod_ws/install/patrol_action_client/lib/python3.8/site-packages:/home/ros2/hexapod_ws/install/hexapod_description/lib/python3.8/site-packages:/opt/ros/foxy/lib/python3.8/site-packages /usr/bin/python3 setup.py egg_info --egg-base ../../build/patrol_action_client build --build-base /home/ros2/hexapod_ws/build/patrol_action_client/build install --record /home/ros2/hexapod_ws/build/patrol_action_client/install.log --install-scripts $base/lib/patrol_action_client --single-version-externally-managed
[6.088s] Level 1:colcon.colcon_core.environment:checking '/home/ros2/hexapod_ws/install/patrol_action_client' for CMake module files
[6.089s] Level 1:colcon.colcon_core.environment:checking '/home/ros2/hexapod_ws/install/patrol_action_client' for CMake config files
[6.091s] Level 1:colcon.colcon_core.environment:checking '/home/ros2/hexapod_ws/install/patrol_action_client/lib'
[6.091s] Level 1:colcon.colcon_core.environment:checking '/home/ros2/hexapod_ws/install/patrol_action_client/bin'
[6.091s] Level 1:colcon.colcon_core.environment:checking '/home/ros2/hexapod_ws/install/patrol_action_client/lib/pkgconfig/patrol_action_client.pc'
[6.091s] Level 1:colcon.colcon_core.environment:checking '/home/ros2/hexapod_ws/install/patrol_action_client/lib/python3.8/site-packages'
[6.092s] Level 1:colcon.colcon_core.shell:create_environment_hook('patrol_action_client', 'pythonpath')
[6.155s] INFO:colcon.colcon_core.shell:Creating environment hook '/home/ros2/hexapod_ws/install/patrol_action_client/share/patrol_action_client/hook/pythonpath.ps1'
[6.156s] INFO:colcon.colcon_core.shell:Creating environment descriptor '/home/ros2/hexapod_ws/install/patrol_action_client/share/patrol_action_client/hook/pythonpath.dsv'
[6.157s] INFO:colcon.colcon_core.shell:Creating environment hook '/home/ros2/hexapod_ws/install/patrol_action_client/share/patrol_action_client/hook/pythonpath.sh'
[6.157s] Level 1:colcon.colcon_core.environment:checking '/home/ros2/hexapod_ws/install/patrol_action_client/bin'
[6.158s] Level 1:colcon.colcon_core.environment:create_environment_scripts_only(patrol_action_client)
[6.220s] INFO:colcon.colcon_core.shell:Creating package script '/home/ros2/hexapod_ws/install/patrol_action_client/share/patrol_action_client/package.ps1'
[6.221s] INFO:colcon.colcon_core.shell:Creating package descriptor '/home/ros2/hexapod_ws/install/patrol_action_client/share/patrol_action_client/package.dsv'
[6.221s] INFO:colcon.colcon_core.shell:Creating package script '/home/ros2/hexapod_ws/install/patrol_action_client/share/patrol_action_client/package.sh'
[6.222s] INFO:colcon.colcon_core.shell:Creating package script '/home/ros2/hexapod_ws/install/patrol_action_client/share/patrol_action_client/package.bash'
[6.222s] INFO:colcon.colcon_core.shell:Creating package script '/home/ros2/hexapod_ws/install/patrol_action_client/share/patrol_action_client/package.zsh'
[6.223s] Level 1:colcon.colcon_core.environment:create_file_with_runtime_dependencies(/home/ros2/hexapod_ws/install/patrol_action_client/share/colcon-core/packages/patrol_action_client)
[6.225s] DEBUG:colcon.colcon_core.event_handler.log_command:Invoked command in '/home/ros2/hexapod_ws/src/patrol_action_server' returned '0': LD_LIBRARY_PATH=/home/ros2/hexapod_ws/install/custom_interfaces/lib:/usr/lib/x86_64-linux-gnu/gazebo-11/plugins:/opt/ros/foxy/opt/yaml_cpp_vendor/lib:/opt/ros/foxy/opt/rviz_ogre_vendor/lib:/opt/ros/foxy/lib/x86_64-linux-gnu:/opt/ros/foxy/lib:/usr/lib/x86_64-linux-gnu/gazebo-11/plugins PYTHONPATH=/home/ros2/hexapod_ws/build/patrol_action_server/prefix_override:/home/ros2/hexapod_ws/install/patrol_action_server/lib/python3.8/site-packages:/home/ros2/hexapod_ws/install/custom_interfaces/lib/python3.8/site-packages:/home/ros2/hexapod_ws/install/patrol_action_server/lib/python3.8/site-packages:/home/ros2/hexapod_ws/install/patrol_action_client/lib/python3.8/site-packages:/home/ros2/hexapod_ws/install/hexapod_description/lib/python3.8/site-packages:/opt/ros/foxy/lib/python3.8/site-packages /usr/bin/python3 setup.py egg_info --egg-base ../../build/patrol_action_server build --build-base /home/ros2/hexapod_ws/build/patrol_action_server/build install --record /home/ros2/hexapod_ws/build/patrol_action_server/install.log --install-scripts $base/lib/patrol_action_server --single-version-externally-managed
[6.284s] Level 1:colcon.colcon_core.environment:checking '/home/ros2/hexapod_ws/install/patrol_action_server' for CMake module files
[6.285s] Level 1:colcon.colcon_core.environment:checking '/home/ros2/hexapod_ws/install/patrol_action_server' for CMake config files
[6.286s] Level 1:colcon.colcon_core.environment:checking '/home/ros2/hexapod_ws/install/patrol_action_server/lib'
[6.286s] Level 1:colcon.colcon_core.environment:checking '/home/ros2/hexapod_ws/install/patrol_action_server/bin'
[6.286s] Level 1:colcon.colcon_core.environment:checking '/home/ros2/hexapod_ws/install/patrol_action_server/lib/pkgconfig/patrol_action_server.pc'
[6.286s] Level 1:colcon.colcon_core.environment:checking '/home/ros2/hexapod_ws/install/patrol_action_server/lib/python3.8/site-packages'
[6.286s] Level 1:colcon.colcon_core.shell:create_environment_hook('patrol_action_server', 'pythonpath')
[6.344s] INFO:colcon.colcon_core.shell:Creating environment hook '/home/ros2/hexapod_ws/install/patrol_action_server/share/patrol_action_server/hook/pythonpath.ps1'
[6.345s] INFO:colcon.colcon_core.shell:Creating environment descriptor '/home/ros2/hexapod_ws/install/patrol_action_server/share/patrol_action_server/hook/pythonpath.dsv'
[6.345s] INFO:colcon.colcon_core.shell:Creating environment hook '/home/ros2/hexapod_ws/install/patrol_action_server/share/patrol_action_server/hook/pythonpath.sh'
[6.346s] Level 1:colcon.colcon_core.environment:checking '/home/ros2/hexapod_ws/install/patrol_action_server/bin'
[6.346s] Level 1:colcon.colcon_core.environment:create_environment_scripts_only(patrol_action_server)
[6.405s] INFO:colcon.colcon_core.shell:Creating package script '/home/ros2/hexapod_ws/install/patrol_action_server/share/patrol_action_server/package.ps1'
[6.406s] INFO:colcon.colcon_core.shell:Creating package descriptor '/home/ros2/hexapod_ws/install/patrol_action_server/share/patrol_action_server/package.dsv'
[6.407s] INFO:colcon.colcon_core.shell:Creating package script '/home/ros2/hexapod_ws/install/patrol_action_server/share/patrol_action_server/package.sh'
[6.407s] INFO:colcon.colcon_core.shell:Creating package script '/home/ros2/hexapod_ws/install/patrol_action_server/share/patrol_action_server/package.bash'
[6.408s] INFO:colcon.colcon_core.shell:Creating package script '/home/ros2/hexapod_ws/install/patrol_action_server/share/patrol_action_server/package.zsh'
[6.408s] Level 1:colcon.colcon_core.environment:create_file_with_runtime_dependencies(/home/ros2/hexapod_ws/install/patrol_action_server/share/colcon-core/packages/patrol_action_server)
[6.409s] DEBUG:colcon.colcon_parallel_executor.executor.parallel:closing loop
[6.409s] DEBUG:colcon.colcon_parallel_executor.executor.parallel:loop closed
[6.409s] DEBUG:colcon.colcon_parallel_executor.executor.parallel:run_until_complete finished with '0'
[6.409s] DEBUG:colcon.colcon_core.event_reactor:joining thread
[6.484s] INFO:colcon.colcon_core.plugin_system:Skipping extension 'colcon_notification.desktop_notification.terminal_notifier': Not used on non-Darwin systems
[6.485s] INFO:colcon.colcon_core.plugin_system:Skipping extension 'colcon_notification.desktop_notification.win32': Not used on non-Windows systems
[6.485s] INFO:colcon.colcon_notification.desktop_notification:Sending desktop notification using 'notify2'
[6.505s] DEBUG:colcon.colcon_core.event_reactor:joined thread
[6.565s] INFO:colcon.colcon_core.shell:Creating prefix script '/home/ros2/hexapod_ws/install/local_setup.ps1'
[6.567s] INFO:colcon.colcon_core.shell:Creating prefix util module '/home/ros2/hexapod_ws/install/_local_setup_util_ps1.py'
[6.568s] INFO:colcon.colcon_core.shell:Creating prefix chain script '/home/ros2/hexapod_ws/install/setup.ps1'
[6.626s] INFO:colcon.colcon_core.shell:Creating prefix script '/home/ros2/hexapod_ws/install/local_setup.sh'
[6.627s] INFO:colcon.colcon_core.shell:Creating prefix util module '/home/ros2/hexapod_ws/install/_local_setup_util_sh.py'
[6.628s] INFO:colcon.colcon_core.shell:Creating prefix chain script '/home/ros2/hexapod_ws/install/setup.sh'
[6.686s] INFO:colcon.colcon_core.shell:Creating prefix script '/home/ros2/hexapod_ws/install/local_setup.bash'
[6.686s] INFO:colcon.colcon_core.shell:Creating prefix chain script '/home/ros2/hexapod_ws/install/setup.bash'
[6.744s] INFO:colcon.colcon_core.shell:Creating prefix script '/home/ros2/hexapod_ws/install/local_setup.zsh'
[6.745s] INFO:colcon.colcon_core.shell:Creating prefix chain script '/home/ros2/hexapod_ws/install/setup.zsh'
