[1.384s] DEBUG:colcon:Command line arguments: ['/usr/bin/colcon', 'build']
[1.384s] DEBUG:colcon:Parsed command line arguments: Namespace(allow_overriding=[], ament_cmake_args=None, base_paths=['.'], build_base='build', catkin_cmake_args=None, catkin_skip_building_tests=False, cmake_args=None, cmake_clean_cache=False, cmake_clean_first=False, cmake_force_configure=False, cmake_target=None, cmake_target_skip_unavailable=False, continue_on_error=False, event_handlers=None, executor='parallel', ignore_user_meta=False, install_base='install', log_base=None, log_level=None, main=<bound method BuildVerb.main of <colcon_core.verb.build.BuildVerb object at 0x7f8a95f98370>>, merge_install=False, metas=['./colcon.meta'], packages_above=None, packages_above_and_dependencies=None, packages_above_depth=None, packages_end=None, packages_ignore=None, packages_ignore_regex=None, packages_select=None, packages_select_build_failed=False, packages_select_by_dep=None, packages_select_regex=None, packages_select_test_failures=False, packages_skip=None, packages_skip_build_finished=False, packages_skip_by_dep=None, packages_skip_regex=None, packages_skip_test_passed=False, packages_skip_up_to=None, packages_start=None, packages_up_to=None, packages_up_to_regex=None, parallel_workers=8, paths=None, symlink_install=False, test_result_base=None, verb_extension=<colcon_core.verb.build.BuildVerb object at 0x7f8a95f98370>, verb_name='build', verb_parser=<colcon_defaults.argument_parser.defaults.DefaultArgumentsDecorator object at 0x7f8a95f760a0>)
[1.444s] Level 1:colcon.colcon_core.package_discovery:discover_packages(colcon_meta) check parameters
[1.444s] Level 1:colcon.colcon_core.package_discovery:discover_packages(recursive) check parameters
[1.444s] Level 1:colcon.colcon_core.package_discovery:discover_packages(ignore) check parameters
[1.444s] Level 1:colcon.colcon_core.package_discovery:discover_packages(path) check parameters
[1.444s] Level 1:colcon.colcon_core.package_discovery:discover_packages(colcon_meta) discover
[1.444s] Level 1:colcon.colcon_core.package_discovery:discover_packages(recursive) discover
[1.444s] INFO:colcon.colcon_core.package_discovery:Crawling recursively for packages in '/home/ros2/hexapod_ws'
[1.444s] Level 1:colcon.colcon_core.package_identification:_identify(.) by extensions ['ignore', 'ignore_ament_install']
[1.444s] Level 1:colcon.colcon_core.package_identification:_identify(.) by extension 'ignore'
[1.444s] Level 1:colcon.colcon_core.package_identification:_identify(.) by extension 'ignore_ament_install'
[1.444s] Level 1:colcon.colcon_core.package_identification:_identify(.) by extensions ['colcon_pkg']
[1.444s] Level 1:colcon.colcon_core.package_identification:_identify(.) by extension 'colcon_pkg'
[1.444s] Level 1:colcon.colcon_core.package_identification:_identify(.) by extensions ['colcon_meta']
[1.444s] Level 1:colcon.colcon_core.package_identification:_identify(.) by extension 'colcon_meta'
[1.444s] Level 1:colcon.colcon_core.package_identification:_identify(.) by extensions ['ros']
[1.444s] Level 1:colcon.colcon_core.package_identification:_identify(.) by extension 'ros'
[1.452s] Level 1:colcon.colcon_core.package_identification:_identify(.) by extensions ['cmake', 'python']
[1.452s] Level 1:colcon.colcon_core.package_identification:_identify(.) by extension 'cmake'
[1.452s] Level 1:colcon.colcon_core.package_identification:_identify(.) by extension 'python'
[1.452s] Level 1:colcon.colcon_core.package_identification:_identify(.) by extensions ['python_setup_py']
[1.452s] Level 1:colcon.colcon_core.package_identification:_identify(.) by extension 'python_setup_py'
[1.452s] Level 1:colcon.colcon_core.package_identification:_identify(build) by extensions ['ignore', 'ignore_ament_install']
[1.452s] Level 1:colcon.colcon_core.package_identification:_identify(build) by extension 'ignore'
[1.452s] Level 1:colcon.colcon_core.package_identification:_identify(build) ignored
[1.452s] Level 1:colcon.colcon_core.package_identification:_identify(install) by extensions ['ignore', 'ignore_ament_install']
[1.452s] Level 1:colcon.colcon_core.package_identification:_identify(install) by extension 'ignore'
[1.452s] Level 1:colcon.colcon_core.package_identification:_identify(install) ignored
[1.452s] Level 1:colcon.colcon_core.package_identification:_identify(log) by extensions ['ignore', 'ignore_ament_install']
[1.452s] Level 1:colcon.colcon_core.package_identification:_identify(log) by extension 'ignore'
[1.453s] Level 1:colcon.colcon_core.package_identification:_identify(log) ignored
[1.453s] Level 1:colcon.colcon_core.package_identification:_identify(src) by extensions ['ignore', 'ignore_ament_install']
[1.453s] Level 1:colcon.colcon_core.package_identification:_identify(src) by extension 'ignore'
[1.453s] Level 1:colcon.colcon_core.package_identification:_identify(src) by extension 'ignore_ament_install'
[1.453s] Level 1:colcon.colcon_core.package_identification:_identify(src) by extensions ['colcon_pkg']
[1.453s] Level 1:colcon.colcon_core.package_identification:_identify(src) by extension 'colcon_pkg'
[1.453s] Level 1:colcon.colcon_core.package_identification:_identify(src) by extensions ['colcon_meta']
[1.453s] Level 1:colcon.colcon_core.package_identification:_identify(src) by extension 'colcon_meta'
[1.453s] Level 1:colcon.colcon_core.package_identification:_identify(src) by extensions ['ros']
[1.453s] Level 1:colcon.colcon_core.package_identification:_identify(src) by extension 'ros'
[1.453s] Level 1:colcon.colcon_core.package_identification:_identify(src) by extensions ['cmake', 'python']
[1.453s] Level 1:colcon.colcon_core.package_identification:_identify(src) by extension 'cmake'
[1.453s] Level 1:colcon.colcon_core.package_identification:_identify(src) by extension 'python'
[1.453s] Level 1:colcon.colcon_core.package_identification:_identify(src) by extensions ['python_setup_py']
[1.453s] Level 1:colcon.colcon_core.package_identification:_identify(src) by extension 'python_setup_py'
[1.453s] Level 1:colcon.colcon_core.package_identification:_identify(src/custom_interfaces) by extensions ['ignore', 'ignore_ament_install']
[1.453s] Level 1:colcon.colcon_core.package_identification:_identify(src/custom_interfaces) by extension 'ignore'
[1.453s] Level 1:colcon.colcon_core.package_identification:_identify(src/custom_interfaces) by extension 'ignore_ament_install'
[1.453s] Level 1:colcon.colcon_core.package_identification:_identify(src/custom_interfaces) by extensions ['colcon_pkg']
[1.453s] Level 1:colcon.colcon_core.package_identification:_identify(src/custom_interfaces) by extension 'colcon_pkg'
[1.453s] Level 1:colcon.colcon_core.package_identification:_identify(src/custom_interfaces) by extensions ['colcon_meta']
[1.453s] Level 1:colcon.colcon_core.package_identification:_identify(src/custom_interfaces) by extension 'colcon_meta'
[1.453s] Level 1:colcon.colcon_core.package_identification:_identify(src/custom_interfaces) by extensions ['ros']
[1.453s] Level 1:colcon.colcon_core.package_identification:_identify(src/custom_interfaces) by extension 'ros'
[1.455s] DEBUG:colcon.colcon_core.package_identification:Package 'src/custom_interfaces' with type 'ros.ament_cmake' and name 'custom_interfaces'
[1.455s] Level 1:colcon.colcon_core.package_identification:_identify(src/hexapod_description) by extensions ['ignore', 'ignore_ament_install']
[1.455s] Level 1:colcon.colcon_core.package_identification:_identify(src/hexapod_description) by extension 'ignore'
[1.455s] Level 1:colcon.colcon_core.package_identification:_identify(src/hexapod_description) by extension 'ignore_ament_install'
[1.455s] Level 1:colcon.colcon_core.package_identification:_identify(src/hexapod_description) by extensions ['colcon_pkg']
[1.455s] Level 1:colcon.colcon_core.package_identification:_identify(src/hexapod_description) by extension 'colcon_pkg'
[1.455s] Level 1:colcon.colcon_core.package_identification:_identify(src/hexapod_description) by extensions ['colcon_meta']
[1.455s] Level 1:colcon.colcon_core.package_identification:_identify(src/hexapod_description) by extension 'colcon_meta'
[1.455s] Level 1:colcon.colcon_core.package_identification:_identify(src/hexapod_description) by extensions ['ros']
[1.455s] Level 1:colcon.colcon_core.package_identification:_identify(src/hexapod_description) by extension 'ros'
[1.457s] DEBUG:colcon.colcon_core.package_identification:Package 'src/hexapod_description' with type 'ros.ament_python' and name 'hexapod_description'
[1.457s] Level 1:colcon.colcon_core.package_identification:_identify(src/install) by extensions ['ignore', 'ignore_ament_install']
[1.457s] Level 1:colcon.colcon_core.package_identification:_identify(src/install) by extension 'ignore'
[1.457s] Level 1:colcon.colcon_core.package_identification:_identify(src/install) ignored
[1.457s] Level 1:colcon.colcon_core.package_identification:_identify(src/log) by extensions ['ignore', 'ignore_ament_install']
[1.457s] Level 1:colcon.colcon_core.package_identification:_identify(src/log) by extension 'ignore'
[1.457s] Level 1:colcon.colcon_core.package_identification:_identify(src/log) ignored
[1.457s] Level 1:colcon.colcon_core.package_identification:_identify(src/patrol_action_client) by extensions ['ignore', 'ignore_ament_install']
[1.457s] Level 1:colcon.colcon_core.package_identification:_identify(src/patrol_action_client) by extension 'ignore'
[1.457s] Level 1:colcon.colcon_core.package_identification:_identify(src/patrol_action_client) by extension 'ignore_ament_install'
[1.457s] Level 1:colcon.colcon_core.package_identification:_identify(src/patrol_action_client) by extensions ['colcon_pkg']
[1.457s] Level 1:colcon.colcon_core.package_identification:_identify(src/patrol_action_client) by extension 'colcon_pkg'
[1.457s] Level 1:colcon.colcon_core.package_identification:_identify(src/patrol_action_client) by extensions ['colcon_meta']
[1.457s] Level 1:colcon.colcon_core.package_identification:_identify(src/patrol_action_client) by extension 'colcon_meta'
[1.457s] Level 1:colcon.colcon_core.package_identification:_identify(src/patrol_action_client) by extensions ['ros']
[1.457s] Level 1:colcon.colcon_core.package_identification:_identify(src/patrol_action_client) by extension 'ros'
[1.458s] DEBUG:colcon.colcon_core.package_identification:Package 'src/patrol_action_client' with type 'ros.ament_python' and name 'patrol_action_client'
[1.458s] Level 1:colcon.colcon_core.package_identification:_identify(src/patrol_action_server) by extensions ['ignore', 'ignore_ament_install']
[1.458s] Level 1:colcon.colcon_core.package_identification:_identify(src/patrol_action_server) by extension 'ignore'
[1.458s] Level 1:colcon.colcon_core.package_identification:_identify(src/patrol_action_server) by extension 'ignore_ament_install'
[1.458s] Level 1:colcon.colcon_core.package_identification:_identify(src/patrol_action_server) by extensions ['colcon_pkg']
[1.458s] Level 1:colcon.colcon_core.package_identification:_identify(src/patrol_action_server) by extension 'colcon_pkg'
[1.458s] Level 1:colcon.colcon_core.package_identification:_identify(src/patrol_action_server) by extensions ['colcon_meta']
[1.458s] Level 1:colcon.colcon_core.package_identification:_identify(src/patrol_action_server) by extension 'colcon_meta'
[1.458s] Level 1:colcon.colcon_core.package_identification:_identify(src/patrol_action_server) by extensions ['ros']
[1.458s] Level 1:colcon.colcon_core.package_identification:_identify(src/patrol_action_server) by extension 'ros'
[1.459s] DEBUG:colcon.colcon_core.package_identification:Package 'src/patrol_action_server' with type 'ros.ament_python' and name 'patrol_action_server'
[1.459s] Level 1:colcon.colcon_core.package_discovery:discover_packages(recursive) using defaults
[1.459s] Level 1:colcon.colcon_core.package_discovery:discover_packages(ignore) discover
[1.459s] Level 1:colcon.colcon_core.package_discovery:discover_packages(ignore) using defaults
[1.459s] Level 1:colcon.colcon_core.package_discovery:discover_packages(path) discover
[1.459s] Level 1:colcon.colcon_core.package_discovery:discover_packages(path) using defaults
[1.589s] Level 1:colcon.colcon_core.package_discovery:discover_packages(prefix_path) check parameters
[1.589s] Level 1:colcon.colcon_core.package_discovery:discover_packages(prefix_path) discover
[1.633s] DEBUG:colcon.colcon_installed_package_information.package_discovery:Found 4 installed packages in /home/ros2/hexapod_ws/install
[1.656s] DEBUG:colcon.colcon_installed_package_information.package_discovery:Found 287 installed packages in /opt/ros/foxy
[1.657s] Level 1:colcon.colcon_core.package_discovery:discover_packages(prefix_path) using defaults
[1.757s] Level 5:colcon.colcon_core.verb:set package 'custom_interfaces' build argument 'cmake_args' from command line to 'None'
[1.758s] Level 5:colcon.colcon_core.verb:set package 'custom_interfaces' build argument 'cmake_target' from command line to 'None'
[1.758s] Level 5:colcon.colcon_core.verb:set package 'custom_interfaces' build argument 'cmake_target_skip_unavailable' from command line to 'False'
[1.758s] Level 5:colcon.colcon_core.verb:set package 'custom_interfaces' build argument 'cmake_clean_cache' from command line to 'False'
[1.758s] Level 5:colcon.colcon_core.verb:set package 'custom_interfaces' build argument 'cmake_clean_first' from command line to 'False'
[1.758s] Level 5:colcon.colcon_core.verb:set package 'custom_interfaces' build argument 'cmake_force_configure' from command line to 'False'
[1.758s] Level 5:colcon.colcon_core.verb:set package 'custom_interfaces' build argument 'ament_cmake_args' from command line to 'None'
[1.758s] Level 5:colcon.colcon_core.verb:set package 'custom_interfaces' build argument 'catkin_cmake_args' from command line to 'None'
[1.758s] Level 5:colcon.colcon_core.verb:set package 'custom_interfaces' build argument 'catkin_skip_building_tests' from command line to 'False'
[1.758s] DEBUG:colcon.colcon_core.verb:Building package 'custom_interfaces' with the following arguments: {'ament_cmake_args': None, 'build_base': '/home/ros2/hexapod_ws/build/custom_interfaces', 'catkin_cmake_args': None, 'catkin_skip_building_tests': False, 'cmake_args': None, 'cmake_clean_cache': False, 'cmake_clean_first': False, 'cmake_force_configure': False, 'cmake_target': None, 'cmake_target_skip_unavailable': False, 'install_base': '/home/ros2/hexapod_ws/install/custom_interfaces', 'merge_install': False, 'path': '/home/ros2/hexapod_ws/src/custom_interfaces', 'symlink_install': False, 'test_result_base': None}
[1.780s] Level 5:colcon.colcon_core.verb:set package 'hexapod_description' build argument 'cmake_args' from command line to 'None'
[1.780s] Level 5:colcon.colcon_core.verb:set package 'hexapod_description' build argument 'cmake_target' from command line to 'None'
[1.780s] Level 5:colcon.colcon_core.verb:set package 'hexapod_description' build argument 'cmake_target_skip_unavailable' from command line to 'False'
[1.780s] Level 5:colcon.colcon_core.verb:set package 'hexapod_description' build argument 'cmake_clean_cache' from command line to 'False'
[1.780s] Level 5:colcon.colcon_core.verb:set package 'hexapod_description' build argument 'cmake_clean_first' from command line to 'False'
[1.780s] Level 5:colcon.colcon_core.verb:set package 'hexapod_description' build argument 'cmake_force_configure' from command line to 'False'
[1.780s] Level 5:colcon.colcon_core.verb:set package 'hexapod_description' build argument 'ament_cmake_args' from command line to 'None'
[1.780s] Level 5:colcon.colcon_core.verb:set package 'hexapod_description' build argument 'catkin_cmake_args' from command line to 'None'
[1.780s] Level 5:colcon.colcon_core.verb:set package 'hexapod_description' build argument 'catkin_skip_building_tests' from command line to 'False'
[1.780s] DEBUG:colcon.colcon_core.verb:Building package 'hexapod_description' with the following arguments: {'ament_cmake_args': None, 'build_base': '/home/ros2/hexapod_ws/build/hexapod_description', 'catkin_cmake_args': None, 'catkin_skip_building_tests': False, 'cmake_args': None, 'cmake_clean_cache': False, 'cmake_clean_first': False, 'cmake_force_configure': False, 'cmake_target': None, 'cmake_target_skip_unavailable': False, 'install_base': '/home/ros2/hexapod_ws/install/hexapod_description', 'merge_install': False, 'path': '/home/ros2/hexapod_ws/src/hexapod_description', 'symlink_install': False, 'test_result_base': None}
[1.803s] Level 5:colcon.colcon_core.verb:set package 'patrol_action_client' build argument 'cmake_args' from command line to 'None'
[1.803s] Level 5:colcon.colcon_core.verb:set package 'patrol_action_client' build argument 'cmake_target' from command line to 'None'
[1.803s] Level 5:colcon.colcon_core.verb:set package 'patrol_action_client' build argument 'cmake_target_skip_unavailable' from command line to 'False'
[1.803s] Level 5:colcon.colcon_core.verb:set package 'patrol_action_client' build argument 'cmake_clean_cache' from command line to 'False'
[1.803s] Level 5:colcon.colcon_core.verb:set package 'patrol_action_client' build argument 'cmake_clean_first' from command line to 'False'
[1.803s] Level 5:colcon.colcon_core.verb:set package 'patrol_action_client' build argument 'cmake_force_configure' from command line to 'False'
[1.803s] Level 5:colcon.colcon_core.verb:set package 'patrol_action_client' build argument 'ament_cmake_args' from command line to 'None'
[1.803s] Level 5:colcon.colcon_core.verb:set package 'patrol_action_client' build argument 'catkin_cmake_args' from command line to 'None'
[1.803s] Level 5:colcon.colcon_core.verb:set package 'patrol_action_client' build argument 'catkin_skip_building_tests' from command line to 'False'
[1.803s] DEBUG:colcon.colcon_core.verb:Building package 'patrol_action_client' with the following arguments: {'ament_cmake_args': None, 'build_base': '/home/ros2/hexapod_ws/build/patrol_action_client', 'catkin_cmake_args': None, 'catkin_skip_building_tests': False, 'cmake_args': None, 'cmake_clean_cache': False, 'cmake_clean_first': False, 'cmake_force_configure': False, 'cmake_target': None, 'cmake_target_skip_unavailable': False, 'install_base': '/home/ros2/hexapod_ws/install/patrol_action_client', 'merge_install': False, 'path': '/home/ros2/hexapod_ws/src/patrol_action_client', 'symlink_install': False, 'test_result_base': None}
[1.825s] Level 5:colcon.colcon_core.verb:set package 'patrol_action_server' build argument 'cmake_args' from command line to 'None'
[1.825s] Level 5:colcon.colcon_core.verb:set package 'patrol_action_server' build argument 'cmake_target' from command line to 'None'
[1.825s] Level 5:colcon.colcon_core.verb:set package 'patrol_action_server' build argument 'cmake_target_skip_unavailable' from command line to 'False'
[1.825s] Level 5:colcon.colcon_core.verb:set package 'patrol_action_server' build argument 'cmake_clean_cache' from command line to 'False'
[1.825s] Level 5:colcon.colcon_core.verb:set package 'patrol_action_server' build argument 'cmake_clean_first' from command line to 'False'
[1.825s] Level 5:colcon.colcon_core.verb:set package 'patrol_action_server' build argument 'cmake_force_configure' from command line to 'False'
[1.825s] Level 5:colcon.colcon_core.verb:set package 'patrol_action_server' build argument 'ament_cmake_args' from command line to 'None'
[1.825s] Level 5:colcon.colcon_core.verb:set package 'patrol_action_server' build argument 'catkin_cmake_args' from command line to 'None'
[1.825s] Level 5:colcon.colcon_core.verb:set package 'patrol_action_server' build argument 'catkin_skip_building_tests' from command line to 'False'
[1.825s] DEBUG:colcon.colcon_core.verb:Building package 'patrol_action_server' with the following arguments: {'ament_cmake_args': None, 'build_base': '/home/ros2/hexapod_ws/build/patrol_action_server', 'catkin_cmake_args': None, 'catkin_skip_building_tests': False, 'cmake_args': None, 'cmake_clean_cache': False, 'cmake_clean_first': False, 'cmake_force_configure': False, 'cmake_target': None, 'cmake_target_skip_unavailable': False, 'install_base': '/home/ros2/hexapod_ws/install/patrol_action_server', 'merge_install': False, 'path': '/home/ros2/hexapod_ws/src/patrol_action_server', 'symlink_install': False, 'test_result_base': None}
[1.848s] INFO:colcon.colcon_core.executor:Executing jobs using 'parallel' executor
[1.871s] DEBUG:colcon.colcon_parallel_executor.executor.parallel:run_until_complete
[1.871s] INFO:colcon.colcon_ros.task.ament_cmake.build:Building ROS package in '/home/ros2/hexapod_ws/src/custom_interfaces' with build type 'ament_cmake'
[1.871s] INFO:colcon.colcon_cmake.task.cmake.build:Building CMake package in '/home/ros2/hexapod_ws/src/custom_interfaces'
[1.896s] INFO:colcon.colcon_core.plugin_system:Skipping extension 'colcon_core.shell.bat': Not used on non-Windows systems
[1.896s] INFO:colcon.colcon_core.shell:Skip shell extension 'powershell' for command environment: Not usable outside of PowerShell
[1.896s] DEBUG:colcon.colcon_core.shell:Skip shell extension 'dsv' for command environment
[2.002s] DEBUG:colcon.colcon_core.event_handler.log_command:Invoking command in '/home/ros2/hexapod_ws/build/custom_interfaces': CMAKE_PREFIX_PATH=${CMAKE_PREFIX_PATH}:/home/ros2/hexapod_ws/install/patrol_action_server:/home/ros2/hexapod_ws/install/patrol_action_client:/home/ros2/hexapod_ws/install/hexapod_description:/opt/ros/foxy /usr/bin/cmake --build /home/ros2/hexapod_ws/build/custom_interfaces -- -j8 -l8
[2.205s] DEBUG:colcon.colcon_core.event_handler.log_command:Invoked command in '/home/ros2/hexapod_ws/build/custom_interfaces' returned '0': CMAKE_PREFIX_PATH=${CMAKE_PREFIX_PATH}:/home/ros2/hexapod_ws/install/patrol_action_server:/home/ros2/hexapod_ws/install/patrol_action_client:/home/ros2/hexapod_ws/install/hexapod_description:/opt/ros/foxy /usr/bin/cmake --build /home/ros2/hexapod_ws/build/custom_interfaces -- -j8 -l8
[2.246s] DEBUG:colcon.colcon_core.event_handler.log_command:Invoking command in '/home/ros2/hexapod_ws/build/custom_interfaces': CMAKE_PREFIX_PATH=${CMAKE_PREFIX_PATH}:/home/ros2/hexapod_ws/install/patrol_action_server:/home/ros2/hexapod_ws/install/patrol_action_client:/home/ros2/hexapod_ws/install/hexapod_description:/opt/ros/foxy /usr/bin/cmake --install /home/ros2/hexapod_ws/build/custom_interfaces
[2.283s] Level 1:colcon.colcon_core.environment:create_environment_scripts_only(custom_interfaces)
[2.284s] DEBUG:colcon.colcon_core.event_handler.log_command:Invoked command in '/home/ros2/hexapod_ws/build/custom_interfaces' returned '0': CMAKE_PREFIX_PATH=${CMAKE_PREFIX_PATH}:/home/ros2/hexapod_ws/install/patrol_action_server:/home/ros2/hexapod_ws/install/patrol_action_client:/home/ros2/hexapod_ws/install/hexapod_description:/opt/ros/foxy /usr/bin/cmake --install /home/ros2/hexapod_ws/build/custom_interfaces
[2.310s] Level 1:colcon.colcon_core.environment:checking '/home/ros2/hexapod_ws/install/custom_interfaces' for CMake module files
[2.310s] Level 1:colcon.colcon_core.environment:checking '/home/ros2/hexapod_ws/install/custom_interfaces' for CMake config files
[2.310s] Level 1:colcon.colcon_core.shell:create_environment_hook('custom_interfaces', 'cmake_prefix_path')
[2.333s] INFO:colcon.colcon_core.shell:Creating environment hook '/home/ros2/hexapod_ws/install/custom_interfaces/share/custom_interfaces/hook/cmake_prefix_path.ps1'
[2.334s] INFO:colcon.colcon_core.shell:Creating environment descriptor '/home/ros2/hexapod_ws/install/custom_interfaces/share/custom_interfaces/hook/cmake_prefix_path.dsv'
[2.334s] INFO:colcon.colcon_core.shell:Creating environment hook '/home/ros2/hexapod_ws/install/custom_interfaces/share/custom_interfaces/hook/cmake_prefix_path.sh'
[2.335s] Level 1:colcon.colcon_core.environment:checking '/home/ros2/hexapod_ws/install/custom_interfaces/lib'
[2.335s] Level 1:colcon.colcon_core.shell:create_environment_hook('custom_interfaces', 'ld_library_path_lib')
[2.358s] INFO:colcon.colcon_core.shell:Creating environment hook '/home/ros2/hexapod_ws/install/custom_interfaces/share/custom_interfaces/hook/ld_library_path_lib.ps1'
[2.358s] INFO:colcon.colcon_core.shell:Creating environment descriptor '/home/ros2/hexapod_ws/install/custom_interfaces/share/custom_interfaces/hook/ld_library_path_lib.dsv'
[2.359s] INFO:colcon.colcon_core.shell:Creating environment hook '/home/ros2/hexapod_ws/install/custom_interfaces/share/custom_interfaces/hook/ld_library_path_lib.sh'
[2.359s] Level 1:colcon.colcon_core.environment:checking '/home/ros2/hexapod_ws/install/custom_interfaces/bin'
[2.359s] Level 1:colcon.colcon_core.environment:checking '/home/ros2/hexapod_ws/install/custom_interfaces/lib/pkgconfig/custom_interfaces.pc'
[2.359s] Level 1:colcon.colcon_core.environment:checking '/home/ros2/hexapod_ws/install/custom_interfaces/lib/python3.8/site-packages'
[2.359s] Level 1:colcon.colcon_core.shell:create_environment_hook('custom_interfaces', 'pythonpath')
[2.383s] INFO:colcon.colcon_core.shell:Creating environment hook '/home/ros2/hexapod_ws/install/custom_interfaces/share/custom_interfaces/hook/pythonpath.ps1'
[2.383s] INFO:colcon.colcon_core.shell:Creating environment descriptor '/home/ros2/hexapod_ws/install/custom_interfaces/share/custom_interfaces/hook/pythonpath.dsv'
[2.383s] INFO:colcon.colcon_core.shell:Creating environment hook '/home/ros2/hexapod_ws/install/custom_interfaces/share/custom_interfaces/hook/pythonpath.sh'
[2.383s] Level 1:colcon.colcon_core.environment:checking '/home/ros2/hexapod_ws/install/custom_interfaces/bin'
[2.407s] INFO:colcon.colcon_core.shell:Creating package script '/home/ros2/hexapod_ws/install/custom_interfaces/share/custom_interfaces/package.ps1'
[2.407s] INFO:colcon.colcon_core.shell:Creating package descriptor '/home/ros2/hexapod_ws/install/custom_interfaces/share/custom_interfaces/package.dsv'
[2.408s] INFO:colcon.colcon_core.shell:Creating package script '/home/ros2/hexapod_ws/install/custom_interfaces/share/custom_interfaces/package.sh'
[2.408s] INFO:colcon.colcon_core.shell:Creating package script '/home/ros2/hexapod_ws/install/custom_interfaces/share/custom_interfaces/package.bash'
[2.409s] INFO:colcon.colcon_core.shell:Creating package script '/home/ros2/hexapod_ws/install/custom_interfaces/share/custom_interfaces/package.zsh'
[2.409s] Level 1:colcon.colcon_core.environment:create_file_with_runtime_dependencies(/home/ros2/hexapod_ws/install/custom_interfaces/share/colcon-core/packages/custom_interfaces)
[2.464s] Level 1:colcon.colcon_core.environment:create_environment_scripts_only(custom_interfaces)
[2.488s] Level 1:colcon.colcon_core.environment:checking '/home/ros2/hexapod_ws/install/custom_interfaces' for CMake module files
[2.488s] Level 1:colcon.colcon_core.environment:checking '/home/ros2/hexapod_ws/install/custom_interfaces' for CMake config files
[2.489s] Level 1:colcon.colcon_core.shell:create_environment_hook('custom_interfaces', 'cmake_prefix_path')
[2.512s] INFO:colcon.colcon_core.shell:Creating environment hook '/home/ros2/hexapod_ws/install/custom_interfaces/share/custom_interfaces/hook/cmake_prefix_path.ps1'
[2.512s] INFO:colcon.colcon_core.shell:Creating environment descriptor '/home/ros2/hexapod_ws/install/custom_interfaces/share/custom_interfaces/hook/cmake_prefix_path.dsv'
[2.513s] INFO:colcon.colcon_core.shell:Creating environment hook '/home/ros2/hexapod_ws/install/custom_interfaces/share/custom_interfaces/hook/cmake_prefix_path.sh'
[2.513s] Level 1:colcon.colcon_core.environment:checking '/home/ros2/hexapod_ws/install/custom_interfaces/lib'
[2.513s] Level 1:colcon.colcon_core.shell:create_environment_hook('custom_interfaces', 'ld_library_path_lib')
[2.537s] INFO:colcon.colcon_core.shell:Creating environment hook '/home/ros2/hexapod_ws/install/custom_interfaces/share/custom_interfaces/hook/ld_library_path_lib.ps1'
[2.537s] INFO:colcon.colcon_core.shell:Creating environment descriptor '/home/ros2/hexapod_ws/install/custom_interfaces/share/custom_interfaces/hook/ld_library_path_lib.dsv'
[2.537s] INFO:colcon.colcon_core.shell:Creating environment hook '/home/ros2/hexapod_ws/install/custom_interfaces/share/custom_interfaces/hook/ld_library_path_lib.sh'
[2.537s] Level 1:colcon.colcon_core.environment:checking '/home/ros2/hexapod_ws/install/custom_interfaces/bin'
[2.538s] Level 1:colcon.colcon_core.environment:checking '/home/ros2/hexapod_ws/install/custom_interfaces/lib/pkgconfig/custom_interfaces.pc'
[2.538s] Level 1:colcon.colcon_core.environment:checking '/home/ros2/hexapod_ws/install/custom_interfaces/lib/python3.8/site-packages'
[2.538s] Level 1:colcon.colcon_core.shell:create_environment_hook('custom_interfaces', 'pythonpath')
[2.562s] INFO:colcon.colcon_core.shell:Creating environment hook '/home/ros2/hexapod_ws/install/custom_interfaces/share/custom_interfaces/hook/pythonpath.ps1'
[2.562s] INFO:colcon.colcon_core.shell:Creating environment descriptor '/home/ros2/hexapod_ws/install/custom_interfaces/share/custom_interfaces/hook/pythonpath.dsv'
[2.562s] INFO:colcon.colcon_core.shell:Creating environment hook '/home/ros2/hexapod_ws/install/custom_interfaces/share/custom_interfaces/hook/pythonpath.sh'
[2.563s] Level 1:colcon.colcon_core.environment:checking '/home/ros2/hexapod_ws/install/custom_interfaces/bin'
[2.586s] INFO:colcon.colcon_core.shell:Creating package script '/home/ros2/hexapod_ws/install/custom_interfaces/share/custom_interfaces/package.ps1'
[2.587s] INFO:colcon.colcon_core.shell:Creating package descriptor '/home/ros2/hexapod_ws/install/custom_interfaces/share/custom_interfaces/package.dsv'
[2.587s] INFO:colcon.colcon_core.shell:Creating package script '/home/ros2/hexapod_ws/install/custom_interfaces/share/custom_interfaces/package.sh'
[2.587s] INFO:colcon.colcon_core.shell:Creating package script '/home/ros2/hexapod_ws/install/custom_interfaces/share/custom_interfaces/package.bash'
[2.588s] INFO:colcon.colcon_core.shell:Creating package script '/home/ros2/hexapod_ws/install/custom_interfaces/share/custom_interfaces/package.zsh'
[2.588s] Level 1:colcon.colcon_core.environment:create_file_with_runtime_dependencies(/home/ros2/hexapod_ws/install/custom_interfaces/share/colcon-core/packages/custom_interfaces)
[2.588s] INFO:colcon.colcon_ros.task.ament_python.build:Building ROS package in '/home/ros2/hexapod_ws/src/hexapod_description' with build type 'ament_python'
[2.588s] Level 1:colcon.colcon_core.shell:create_environment_hook('hexapod_description', 'ament_prefix_path')
[2.612s] INFO:colcon.colcon_core.shell:Creating environment hook '/home/ros2/hexapod_ws/install/hexapod_description/share/hexapod_description/hook/ament_prefix_path.ps1'
[2.612s] INFO:colcon.colcon_core.shell:Creating environment descriptor '/home/ros2/hexapod_ws/install/hexapod_description/share/hexapod_description/hook/ament_prefix_path.dsv'
[2.612s] INFO:colcon.colcon_core.shell:Creating environment hook '/home/ros2/hexapod_ws/install/hexapod_description/share/hexapod_description/hook/ament_prefix_path.sh'
[2.638s] INFO:colcon.colcon_core.shell:Skip shell extension 'powershell' for command environment: Not usable outside of PowerShell
[2.638s] DEBUG:colcon.colcon_core.shell:Skip shell extension 'dsv' for command environment
[2.712s] INFO:colcon.colcon_ros.task.ament_python.build:Building ROS package in '/home/ros2/hexapod_ws/src/patrol_action_client' with build type 'ament_python'
[2.713s] Level 1:colcon.colcon_core.shell:create_environment_hook('patrol_action_client', 'ament_prefix_path')
[2.748s] INFO:colcon.colcon_core.shell:Creating environment hook '/home/ros2/hexapod_ws/install/patrol_action_client/share/patrol_action_client/hook/ament_prefix_path.ps1'
[2.748s] INFO:colcon.colcon_core.shell:Creating environment descriptor '/home/ros2/hexapod_ws/install/patrol_action_client/share/patrol_action_client/hook/ament_prefix_path.dsv'
[2.748s] INFO:colcon.colcon_core.shell:Creating environment hook '/home/ros2/hexapod_ws/install/patrol_action_client/share/patrol_action_client/hook/ament_prefix_path.sh'
[2.771s] INFO:colcon.colcon_core.shell:Skip shell extension 'powershell' for command environment: Not usable outside of PowerShell
[2.771s] DEBUG:colcon.colcon_core.shell:Skip shell extension 'dsv' for command environment
[2.846s] INFO:colcon.colcon_ros.task.ament_python.build:Building ROS package in '/home/ros2/hexapod_ws/src/patrol_action_server' with build type 'ament_python'
[2.846s] Level 1:colcon.colcon_core.shell:create_environment_hook('patrol_action_server', 'ament_prefix_path')
[2.871s] INFO:colcon.colcon_core.shell:Creating environment hook '/home/ros2/hexapod_ws/install/patrol_action_server/share/patrol_action_server/hook/ament_prefix_path.ps1'
[2.871s] INFO:colcon.colcon_core.shell:Creating environment descriptor '/home/ros2/hexapod_ws/install/patrol_action_server/share/patrol_action_server/hook/ament_prefix_path.dsv'
[2.871s] INFO:colcon.colcon_core.shell:Creating environment hook '/home/ros2/hexapod_ws/install/patrol_action_server/share/patrol_action_server/hook/ament_prefix_path.sh'
[2.896s] INFO:colcon.colcon_core.shell:Skip shell extension 'powershell' for command environment: Not usable outside of PowerShell
[2.896s] DEBUG:colcon.colcon_core.shell:Skip shell extension 'dsv' for command environment
[3.123s] INFO:colcon.colcon_core.task.python.build:Building Python package in '/home/ros2/hexapod_ws/src/hexapod_description'
[3.147s] INFO:colcon.colcon_core.shell:Skip shell extension 'powershell' for command environment: Not usable outside of PowerShell
[3.147s] DEBUG:colcon.colcon_core.shell:Skip shell extension 'dsv' for command environment
[3.365s] INFO:colcon.colcon_core.task.python.build:Building Python package in '/home/ros2/hexapod_ws/src/patrol_action_client'
[3.390s] INFO:colcon.colcon_core.shell:Skip shell extension 'powershell' for command environment: Not usable outside of PowerShell
[3.390s] DEBUG:colcon.colcon_core.shell:Skip shell extension 'dsv' for command environment
[3.613s] INFO:colcon.colcon_core.task.python.build:Building Python package in '/home/ros2/hexapod_ws/src/patrol_action_server'
[3.639s] INFO:colcon.colcon_core.shell:Skip shell extension 'powershell' for command environment: Not usable outside of PowerShell
[3.639s] DEBUG:colcon.colcon_core.shell:Skip shell extension 'dsv' for command environment
[4.081s] DEBUG:colcon.colcon_core.event_handler.log_command:Invoking command in '/home/ros2/hexapod_ws/src/hexapod_description': LD_LIBRARY_PATH=/home/ros2/hexapod_ws/install/custom_interfaces/lib:/usr/lib/x86_64-linux-gnu/gazebo-11/plugins:/opt/ros/foxy/opt/yaml_cpp_vendor/lib:/opt/ros/foxy/opt/rviz_ogre_vendor/lib:/opt/ros/foxy/lib/x86_64-linux-gnu:/opt/ros/foxy/lib:/usr/lib/x86_64-linux-gnu/gazebo-11/plugins PYTHONPATH=/home/ros2/hexapod_ws/build/hexapod_description/prefix_override:/home/ros2/hexapod_ws/install/hexapod_description/lib/python3.8/site-packages:/home/ros2/hexapod_ws/install/custom_interfaces/lib/python3.8/site-packages:/home/ros2/hexapod_ws/install/patrol_action_server/lib/python3.8/site-packages:/home/ros2/hexapod_ws/install/patrol_action_client/lib/python3.8/site-packages:/home/ros2/hexapod_ws/install/hexapod_description/lib/python3.8/site-packages:/opt/ros/foxy/lib/python3.8/site-packages /usr/bin/python3 setup.py egg_info --egg-base ../../build/hexapod_description build --build-base /home/ros2/hexapod_ws/build/hexapod_description/build install --record /home/ros2/hexapod_ws/build/hexapod_description/install.log --single-version-externally-managed
[4.086s] DEBUG:colcon.colcon_core.event_handler.log_command:Invoking command in '/home/ros2/hexapod_ws/src/patrol_action_server': LD_LIBRARY_PATH=/home/ros2/hexapod_ws/install/custom_interfaces/lib:/usr/lib/x86_64-linux-gnu/gazebo-11/plugins:/opt/ros/foxy/opt/yaml_cpp_vendor/lib:/opt/ros/foxy/opt/rviz_ogre_vendor/lib:/opt/ros/foxy/lib/x86_64-linux-gnu:/opt/ros/foxy/lib:/usr/lib/x86_64-linux-gnu/gazebo-11/plugins PYTHONPATH=/home/ros2/hexapod_ws/build/patrol_action_server/prefix_override:/home/ros2/hexapod_ws/install/patrol_action_server/lib/python3.8/site-packages:/home/ros2/hexapod_ws/install/custom_interfaces/lib/python3.8/site-packages:/home/ros2/hexapod_ws/install/patrol_action_server/lib/python3.8/site-packages:/home/ros2/hexapod_ws/install/patrol_action_client/lib/python3.8/site-packages:/home/ros2/hexapod_ws/install/hexapod_description/lib/python3.8/site-packages:/opt/ros/foxy/lib/python3.8/site-packages /usr/bin/python3 setup.py egg_info --egg-base ../../build/patrol_action_server build --build-base /home/ros2/hexapod_ws/build/patrol_action_server/build install --record /home/ros2/hexapod_ws/build/patrol_action_server/install.log --install-scripts $base/lib/patrol_action_server --single-version-externally-managed
[4.090s] DEBUG:colcon.colcon_core.event_handler.log_command:Invoking command in '/home/ros2/hexapod_ws/src/patrol_action_client': LD_LIBRARY_PATH=/home/ros2/hexapod_ws/install/custom_interfaces/lib:/usr/lib/x86_64-linux-gnu/gazebo-11/plugins:/opt/ros/foxy/opt/yaml_cpp_vendor/lib:/opt/ros/foxy/opt/rviz_ogre_vendor/lib:/opt/ros/foxy/lib/x86_64-linux-gnu:/opt/ros/foxy/lib:/usr/lib/x86_64-linux-gnu/gazebo-11/plugins PYTHONPATH=/home/ros2/hexapod_ws/build/patrol_action_client/prefix_override:/home/ros2/hexapod_ws/install/patrol_action_client/lib/python3.8/site-packages:/home/ros2/hexapod_ws/install/custom_interfaces/lib/python3.8/site-packages:/home/ros2/hexapod_ws/install/patrol_action_server/lib/python3.8/site-packages:/home/ros2/hexapod_ws/install/patrol_action_client/lib/python3.8/site-packages:/home/ros2/hexapod_ws/install/hexapod_description/lib/python3.8/site-packages:/opt/ros/foxy/lib/python3.8/site-packages /usr/bin/python3 setup.py egg_info --egg-base ../../build/patrol_action_client build --build-base /home/ros2/hexapod_ws/build/patrol_action_client/build install --record /home/ros2/hexapod_ws/build/patrol_action_client/install.log --install-scripts $base/lib/patrol_action_client --single-version-externally-managed
[4.394s] DEBUG:colcon.colcon_core.event_handler.log_command:Invoked command in '/home/ros2/hexapod_ws/src/patrol_action_server' returned '0': LD_LIBRARY_PATH=/home/ros2/hexapod_ws/install/custom_interfaces/lib:/usr/lib/x86_64-linux-gnu/gazebo-11/plugins:/opt/ros/foxy/opt/yaml_cpp_vendor/lib:/opt/ros/foxy/opt/rviz_ogre_vendor/lib:/opt/ros/foxy/lib/x86_64-linux-gnu:/opt/ros/foxy/lib:/usr/lib/x86_64-linux-gnu/gazebo-11/plugins PYTHONPATH=/home/ros2/hexapod_ws/build/patrol_action_server/prefix_override:/home/ros2/hexapod_ws/install/patrol_action_server/lib/python3.8/site-packages:/home/ros2/hexapod_ws/install/custom_interfaces/lib/python3.8/site-packages:/home/ros2/hexapod_ws/install/patrol_action_server/lib/python3.8/site-packages:/home/ros2/hexapod_ws/install/patrol_action_client/lib/python3.8/site-packages:/home/ros2/hexapod_ws/install/hexapod_description/lib/python3.8/site-packages:/opt/ros/foxy/lib/python3.8/site-packages /usr/bin/python3 setup.py egg_info --egg-base ../../build/patrol_action_server build --build-base /home/ros2/hexapod_ws/build/patrol_action_server/build install --record /home/ros2/hexapod_ws/build/patrol_action_server/install.log --install-scripts $base/lib/patrol_action_server --single-version-externally-managed
[4.437s] Level 1:colcon.colcon_core.environment:checking '/home/ros2/hexapod_ws/install/patrol_action_server' for CMake module files
[4.437s] Level 1:colcon.colcon_core.environment:checking '/home/ros2/hexapod_ws/install/patrol_action_server' for CMake config files
[4.438s] Level 1:colcon.colcon_core.environment:checking '/home/ros2/hexapod_ws/install/patrol_action_server/lib'
[4.438s] Level 1:colcon.colcon_core.environment:checking '/home/ros2/hexapod_ws/install/patrol_action_server/bin'
[4.438s] Level 1:colcon.colcon_core.environment:checking '/home/ros2/hexapod_ws/install/patrol_action_server/lib/pkgconfig/patrol_action_server.pc'
[4.438s] Level 1:colcon.colcon_core.environment:checking '/home/ros2/hexapod_ws/install/patrol_action_server/lib/python3.8/site-packages'
[4.438s] Level 1:colcon.colcon_core.shell:create_environment_hook('patrol_action_server', 'pythonpath')
[4.479s] INFO:colcon.colcon_core.shell:Creating environment hook '/home/ros2/hexapod_ws/install/patrol_action_server/share/patrol_action_server/hook/pythonpath.ps1'
[4.480s] INFO:colcon.colcon_core.shell:Creating environment descriptor '/home/ros2/hexapod_ws/install/patrol_action_server/share/patrol_action_server/hook/pythonpath.dsv'
[4.480s] INFO:colcon.colcon_core.shell:Creating environment hook '/home/ros2/hexapod_ws/install/patrol_action_server/share/patrol_action_server/hook/pythonpath.sh'
[4.481s] Level 1:colcon.colcon_core.environment:checking '/home/ros2/hexapod_ws/install/patrol_action_server/bin'
[4.481s] Level 1:colcon.colcon_core.environment:create_environment_scripts_only(patrol_action_server)
[4.521s] INFO:colcon.colcon_core.shell:Creating package script '/home/ros2/hexapod_ws/install/patrol_action_server/share/patrol_action_server/package.ps1'
[4.522s] INFO:colcon.colcon_core.shell:Creating package descriptor '/home/ros2/hexapod_ws/install/patrol_action_server/share/patrol_action_server/package.dsv'
[4.523s] INFO:colcon.colcon_core.shell:Creating package script '/home/ros2/hexapod_ws/install/patrol_action_server/share/patrol_action_server/package.sh'
[4.523s] INFO:colcon.colcon_core.shell:Creating package script '/home/ros2/hexapod_ws/install/patrol_action_server/share/patrol_action_server/package.bash'
[4.523s] INFO:colcon.colcon_core.shell:Creating package script '/home/ros2/hexapod_ws/install/patrol_action_server/share/patrol_action_server/package.zsh'
[4.523s] Level 1:colcon.colcon_core.environment:create_file_with_runtime_dependencies(/home/ros2/hexapod_ws/install/patrol_action_server/share/colcon-core/packages/patrol_action_server)
[4.525s] DEBUG:colcon.colcon_core.event_handler.log_command:Invoked command in '/home/ros2/hexapod_ws/src/hexapod_description' returned '0': LD_LIBRARY_PATH=/home/ros2/hexapod_ws/install/custom_interfaces/lib:/usr/lib/x86_64-linux-gnu/gazebo-11/plugins:/opt/ros/foxy/opt/yaml_cpp_vendor/lib:/opt/ros/foxy/opt/rviz_ogre_vendor/lib:/opt/ros/foxy/lib/x86_64-linux-gnu:/opt/ros/foxy/lib:/usr/lib/x86_64-linux-gnu/gazebo-11/plugins PYTHONPATH=/home/ros2/hexapod_ws/build/hexapod_description/prefix_override:/home/ros2/hexapod_ws/install/hexapod_description/lib/python3.8/site-packages:/home/ros2/hexapod_ws/install/custom_interfaces/lib/python3.8/site-packages:/home/ros2/hexapod_ws/install/patrol_action_server/lib/python3.8/site-packages:/home/ros2/hexapod_ws/install/patrol_action_client/lib/python3.8/site-packages:/home/ros2/hexapod_ws/install/hexapod_description/lib/python3.8/site-packages:/opt/ros/foxy/lib/python3.8/site-packages /usr/bin/python3 setup.py egg_info --egg-base ../../build/hexapod_description build --build-base /home/ros2/hexapod_ws/build/hexapod_description/build install --record /home/ros2/hexapod_ws/build/hexapod_description/install.log --single-version-externally-managed
[4.583s] Level 1:colcon.colcon_core.environment:checking '/home/ros2/hexapod_ws/install/hexapod_description' for CMake module files
[4.584s] Level 1:colcon.colcon_core.environment:checking '/home/ros2/hexapod_ws/install/hexapod_description' for CMake config files
[4.585s] Level 1:colcon.colcon_core.environment:checking '/home/ros2/hexapod_ws/install/hexapod_description/lib'
[4.585s] Level 1:colcon.colcon_core.environment:checking '/home/ros2/hexapod_ws/install/hexapod_description/bin'
[4.585s] Level 1:colcon.colcon_core.environment:checking '/home/ros2/hexapod_ws/install/hexapod_description/lib/pkgconfig/hexapod_description.pc'
[4.585s] Level 1:colcon.colcon_core.environment:checking '/home/ros2/hexapod_ws/install/hexapod_description/lib/python3.8/site-packages'
[4.585s] Level 1:colcon.colcon_core.shell:create_environment_hook('hexapod_description', 'pythonpath')
[4.632s] INFO:colcon.colcon_core.shell:Creating environment hook '/home/ros2/hexapod_ws/install/hexapod_description/share/hexapod_description/hook/pythonpath.ps1'
[4.632s] INFO:colcon.colcon_core.shell:Creating environment descriptor '/home/ros2/hexapod_ws/install/hexapod_description/share/hexapod_description/hook/pythonpath.dsv'
[4.633s] INFO:colcon.colcon_core.shell:Creating environment hook '/home/ros2/hexapod_ws/install/hexapod_description/share/hexapod_description/hook/pythonpath.sh'
[4.633s] Level 1:colcon.colcon_core.environment:checking '/home/ros2/hexapod_ws/install/hexapod_description/bin'
[4.633s] Level 1:colcon.colcon_core.environment:create_environment_scripts_only(hexapod_description)
[4.677s] INFO:colcon.colcon_core.shell:Creating package script '/home/ros2/hexapod_ws/install/hexapod_description/share/hexapod_description/package.ps1'
[4.677s] INFO:colcon.colcon_core.shell:Creating package descriptor '/home/ros2/hexapod_ws/install/hexapod_description/share/hexapod_description/package.dsv'
[4.678s] INFO:colcon.colcon_core.shell:Creating package script '/home/ros2/hexapod_ws/install/hexapod_description/share/hexapod_description/package.sh'
[4.678s] INFO:colcon.colcon_core.shell:Creating package script '/home/ros2/hexapod_ws/install/hexapod_description/share/hexapod_description/package.bash'
[4.679s] INFO:colcon.colcon_core.shell:Creating package script '/home/ros2/hexapod_ws/install/hexapod_description/share/hexapod_description/package.zsh'
[4.679s] Level 1:colcon.colcon_core.environment:create_file_with_runtime_dependencies(/home/ros2/hexapod_ws/install/hexapod_description/share/colcon-core/packages/hexapod_description)
[4.680s] DEBUG:colcon.colcon_core.event_handler.log_command:Invoked command in '/home/ros2/hexapod_ws/src/patrol_action_client' returned '0': LD_LIBRARY_PATH=/home/ros2/hexapod_ws/install/custom_interfaces/lib:/usr/lib/x86_64-linux-gnu/gazebo-11/plugins:/opt/ros/foxy/opt/yaml_cpp_vendor/lib:/opt/ros/foxy/opt/rviz_ogre_vendor/lib:/opt/ros/foxy/lib/x86_64-linux-gnu:/opt/ros/foxy/lib:/usr/lib/x86_64-linux-gnu/gazebo-11/plugins PYTHONPATH=/home/ros2/hexapod_ws/build/patrol_action_client/prefix_override:/home/ros2/hexapod_ws/install/patrol_action_client/lib/python3.8/site-packages:/home/ros2/hexapod_ws/install/custom_interfaces/lib/python3.8/site-packages:/home/ros2/hexapod_ws/install/patrol_action_server/lib/python3.8/site-packages:/home/ros2/hexapod_ws/install/patrol_action_client/lib/python3.8/site-packages:/home/ros2/hexapod_ws/install/hexapod_description/lib/python3.8/site-packages:/opt/ros/foxy/lib/python3.8/site-packages /usr/bin/python3 setup.py egg_info --egg-base ../../build/patrol_action_client build --build-base /home/ros2/hexapod_ws/build/patrol_action_client/build install --record /home/ros2/hexapod_ws/build/patrol_action_client/install.log --install-scripts $base/lib/patrol_action_client --single-version-externally-managed
[4.724s] Level 1:colcon.colcon_core.environment:checking '/home/ros2/hexapod_ws/install/patrol_action_client' for CMake module files
[4.724s] Level 1:colcon.colcon_core.environment:checking '/home/ros2/hexapod_ws/install/patrol_action_client' for CMake config files
[4.725s] Level 1:colcon.colcon_core.environment:checking '/home/ros2/hexapod_ws/install/patrol_action_client/lib'
[4.725s] Level 1:colcon.colcon_core.environment:checking '/home/ros2/hexapod_ws/install/patrol_action_client/bin'
[4.725s] Level 1:colcon.colcon_core.environment:checking '/home/ros2/hexapod_ws/install/patrol_action_client/lib/pkgconfig/patrol_action_client.pc'
[4.725s] Level 1:colcon.colcon_core.environment:checking '/home/ros2/hexapod_ws/install/patrol_action_client/lib/python3.8/site-packages'
[4.725s] Level 1:colcon.colcon_core.shell:create_environment_hook('patrol_action_client', 'pythonpath')
[4.770s] INFO:colcon.colcon_core.shell:Creating environment hook '/home/ros2/hexapod_ws/install/patrol_action_client/share/patrol_action_client/hook/pythonpath.ps1'
[4.771s] INFO:colcon.colcon_core.shell:Creating environment descriptor '/home/ros2/hexapod_ws/install/patrol_action_client/share/patrol_action_client/hook/pythonpath.dsv'
[4.771s] INFO:colcon.colcon_core.shell:Creating environment hook '/home/ros2/hexapod_ws/install/patrol_action_client/share/patrol_action_client/hook/pythonpath.sh'
[4.772s] Level 1:colcon.colcon_core.environment:checking '/home/ros2/hexapod_ws/install/patrol_action_client/bin'
[4.772s] Level 1:colcon.colcon_core.environment:create_environment_scripts_only(patrol_action_client)
[4.818s] INFO:colcon.colcon_core.shell:Creating package script '/home/ros2/hexapod_ws/install/patrol_action_client/share/patrol_action_client/package.ps1'
[4.819s] INFO:colcon.colcon_core.shell:Creating package descriptor '/home/ros2/hexapod_ws/install/patrol_action_client/share/patrol_action_client/package.dsv'
[4.819s] INFO:colcon.colcon_core.shell:Creating package script '/home/ros2/hexapod_ws/install/patrol_action_client/share/patrol_action_client/package.sh'
[4.820s] INFO:colcon.colcon_core.shell:Creating package script '/home/ros2/hexapod_ws/install/patrol_action_client/share/patrol_action_client/package.bash'
[4.821s] INFO:colcon.colcon_core.shell:Creating package script '/home/ros2/hexapod_ws/install/patrol_action_client/share/patrol_action_client/package.zsh'
[4.821s] Level 1:colcon.colcon_core.environment:create_file_with_runtime_dependencies(/home/ros2/hexapod_ws/install/patrol_action_client/share/colcon-core/packages/patrol_action_client)
[4.821s] DEBUG:colcon.colcon_parallel_executor.executor.parallel:closing loop
[4.822s] DEBUG:colcon.colcon_parallel_executor.executor.parallel:loop closed
[4.822s] DEBUG:colcon.colcon_parallel_executor.executor.parallel:run_until_complete finished with '0'
[4.822s] DEBUG:colcon.colcon_core.event_reactor:joining thread
[4.879s] INFO:colcon.colcon_core.plugin_system:Skipping extension 'colcon_notification.desktop_notification.terminal_notifier': Not used on non-Darwin systems
[4.879s] INFO:colcon.colcon_core.plugin_system:Skipping extension 'colcon_notification.desktop_notification.win32': Not used on non-Windows systems
[4.879s] INFO:colcon.colcon_notification.desktop_notification:Sending desktop notification using 'notify2'
[4.898s] DEBUG:colcon.colcon_core.event_reactor:joined thread
[4.945s] INFO:colcon.colcon_core.shell:Creating prefix script '/home/ros2/hexapod_ws/install/local_setup.ps1'
[4.947s] INFO:colcon.colcon_core.shell:Creating prefix util module '/home/ros2/hexapod_ws/install/_local_setup_util_ps1.py'
[4.948s] INFO:colcon.colcon_core.shell:Creating prefix chain script '/home/ros2/hexapod_ws/install/setup.ps1'
[4.996s] INFO:colcon.colcon_core.shell:Creating prefix script '/home/ros2/hexapod_ws/install/local_setup.sh'
[4.996s] INFO:colcon.colcon_core.shell:Creating prefix util module '/home/ros2/hexapod_ws/install/_local_setup_util_sh.py'
[4.997s] INFO:colcon.colcon_core.shell:Creating prefix chain script '/home/ros2/hexapod_ws/install/setup.sh'
[5.043s] INFO:colcon.colcon_core.shell:Creating prefix script '/home/ros2/hexapod_ws/install/local_setup.bash'
[5.044s] INFO:colcon.colcon_core.shell:Creating prefix chain script '/home/ros2/hexapod_ws/install/setup.bash'
[5.092s] INFO:colcon.colcon_core.shell:Creating prefix script '/home/ros2/hexapod_ws/install/local_setup.zsh'
[5.093s] INFO:colcon.colcon_core.shell:Creating prefix chain script '/home/ros2/hexapod_ws/install/setup.zsh'
