[1.430s] Invoking command in '/home/ros2/hexapod_ws/src/hexapod_description': LD_LIBRARY_PATH=/home/ros2/hexapod_ws/install/custom_interfaces/lib:/usr/lib/x86_64-linux-gnu/gazebo-11/plugins:/opt/ros/foxy/opt/yaml_cpp_vendor/lib:/opt/ros/foxy/opt/rviz_ogre_vendor/lib:/opt/ros/foxy/lib/x86_64-linux-gnu:/opt/ros/foxy/lib:/usr/lib/x86_64-linux-gnu/gazebo-11/plugins PYTHONPATH=/home/ros2/hexapod_ws/build/hexapod_description/prefix_override:/home/ros2/hexapod_ws/install/hexapod_description/lib/python3.8/site-packages:/home/ros2/hexapod_ws/install/custom_interfaces/lib/python3.8/site-packages:/home/ros2/hexapod_ws/install/patrol_action_server/lib/python3.8/site-packages:/home/ros2/hexapod_ws/install/patrol_action_client/lib/python3.8/site-packages:/home/ros2/hexapod_ws/install/hexapod_description/lib/python3.8/site-packages:/opt/ros/foxy/lib/python3.8/site-packages /usr/bin/python3 setup.py egg_info --egg-base ../../build/hexapod_description build --build-base /home/ros2/hexapod_ws/build/hexapod_description/build install --record /home/ros2/hexapod_ws/build/hexapod_description/install.log --single-version-externally-managed
[1.606s] running egg_info
[1.606s] writing ../../build/hexapod_description/hexapod_description.egg-info/PKG-INFO
[1.606s] writing dependency_links to ../../build/hexapod_description/hexapod_description.egg-info/dependency_links.txt
[1.606s] writing entry points to ../../build/hexapod_description/hexapod_description.egg-info/entry_points.txt
[1.607s] writing requirements to ../../build/hexapod_description/hexapod_description.egg-info/requires.txt
[1.607s] writing top-level names to ../../build/hexapod_description/hexapod_description.egg-info/top_level.txt
[1.636s] reading manifest file '../../build/hexapod_description/hexapod_description.egg-info/SOURCES.txt'
[1.638s] writing manifest file '../../build/hexapod_description/hexapod_description.egg-info/SOURCES.txt'
[1.638s] running build
[1.638s] running build_py
[1.639s] running install
[1.640s] running install_lib
[1.642s] running install_data
[1.643s] running install_egg_info
[1.645s] removing '/home/ros2/hexapod_ws/install/hexapod_description/lib/python3.8/site-packages/hexapod_description-0.0.0-py3.8.egg-info' (and everything under it)
[1.646s] Copying ../../build/hexapod_description/hexapod_description.egg-info to /home/ros2/hexapod_ws/install/hexapod_description/lib/python3.8/site-packages/hexapod_description-0.0.0-py3.8.egg-info
[1.646s] running install_scripts
[1.662s] Installing motor_data1 script to /home/ros2/hexapod_ws/install/hexapod_description/lib/hexapod_description
[1.662s] Installing motor_data2 script to /home/ros2/hexapod_ws/install/hexapod_description/lib/hexapod_description
[1.662s] Installing motor_data3 script to /home/ros2/hexapod_ws/install/hexapod_description/lib/hexapod_description
[1.662s] Installing motor_data4 script to /home/ros2/hexapod_ws/install/hexapod_description/lib/hexapod_description
[1.662s] Installing patrol_action_server_exe script to /home/ros2/hexapod_ws/install/hexapod_description/lib/hexapod_description
[1.662s] writing list of installed files to '/home/ros2/hexapod_ws/build/hexapod_description/install.log'
[1.683s] Invoked command in '/home/ros2/hexapod_ws/src/hexapod_description' returned '0': LD_LIBRARY_PATH=/home/ros2/hexapod_ws/install/custom_interfaces/lib:/usr/lib/x86_64-linux-gnu/gazebo-11/plugins:/opt/ros/foxy/opt/yaml_cpp_vendor/lib:/opt/ros/foxy/opt/rviz_ogre_vendor/lib:/opt/ros/foxy/lib/x86_64-linux-gnu:/opt/ros/foxy/lib:/usr/lib/x86_64-linux-gnu/gazebo-11/plugins PYTHONPATH=/home/ros2/hexapod_ws/build/hexapod_description/prefix_override:/home/ros2/hexapod_ws/install/hexapod_description/lib/python3.8/site-packages:/home/ros2/hexapod_ws/install/custom_interfaces/lib/python3.8/site-packages:/home/ros2/hexapod_ws/install/patrol_action_server/lib/python3.8/site-packages:/home/ros2/hexapod_ws/install/patrol_action_client/lib/python3.8/site-packages:/home/ros2/hexapod_ws/install/hexapod_description/lib/python3.8/site-packages:/opt/ros/foxy/lib/python3.8/site-packages /usr/bin/python3 setup.py egg_info --egg-base ../../build/hexapod_description build --build-base /home/ros2/hexapod_ws/build/hexapod_description/build install --record /home/ros2/hexapod_ws/build/hexapod_description/install.log --single-version-externally-managed
