[0.500s] Invoking command in '/home/ros2/hexapod_ws/build/custom_interfaces': CMAKE_PREFIX_PATH=${CMAKE_PREFIX_PATH}:/home/ros2/hexapod_ws/install/patrol_action_server:/home/ros2/hexapod_ws/install/patrol_action_client:/home/ros2/hexapod_ws/install/hexapod_description:/opt/ros/foxy /usr/bin/cmake --build /home/ros2/hexapod_ws/build/custom_interfaces -- -j8 -l8
[0.607s] [  3%] Built target custom_interfaces__cpp
[0.608s] [ 12%] Built target custom_interfaces__rosidl_generator_c
[0.663s] [ 22%] Built target custom_interfaces__rosidl_typesupport_cpp
[0.667s] [ 32%] Built target custom_interfaces__rosidl_typesupport_introspection_c
[0.670s] [ 41%] Built target custom_interfaces__rosidl_typesupport_introspection_cpp
[0.671s] [ 51%] Built target custom_interfaces__rosidl_typesupport_fastrtps_cpp
[0.671s] [ 61%] Built target custom_interfaces__rosidl_typesupport_c
[0.724s] [ 70%] Built target custom_interfaces__rosidl_typesupport_fastrtps_c
[0.763s] [ 70%] Built target custom_interfaces
[0.801s] [ 74%] Built target custom_interfaces__py
[0.850s] [ 80%] Built target custom_interfaces__python
[0.897s] [100%] Built target custom_interfaces__rosidl_typesupport_fastrtps_c__pyext
[0.897s] [100%] Built target custom_interfaces__rosidl_typesupport_introspection_c__pyext
[0.898s] [100%] Built target custom_interfaces__rosidl_typesupport_c__pyext
[0.917s] Invoked command in '/home/ros2/hexapod_ws/build/custom_interfaces' returned '0': CMAKE_PREFIX_PATH=${CMAKE_PREFIX_PATH}:/home/ros2/hexapod_ws/install/patrol_action_server:/home/ros2/hexapod_ws/install/patrol_action_client:/home/ros2/hexapod_ws/install/hexapod_description:/opt/ros/foxy /usr/bin/cmake --build /home/ros2/hexapod_ws/build/custom_interfaces -- -j8 -l8
[1.022s] Invoking command in '/home/ros2/hexapod_ws/build/custom_interfaces': CMAKE_PREFIX_PATH=${CMAKE_PREFIX_PATH}:/home/ros2/hexapod_ws/install/patrol_action_server:/home/ros2/hexapod_ws/install/patrol_action_client:/home/ros2/hexapod_ws/install/hexapod_description:/opt/ros/foxy /usr/bin/cmake --install /home/ros2/hexapod_ws/build/custom_interfaces
[1.037s] -- Install configuration: ""
[1.037s] -- Up-to-date: /home/ros2/hexapod_ws/install/custom_interfaces/share/ament_index/resource_index/rosidl_interfaces/custom_interfaces
[1.037s] -- Up-to-date: /home/ros2/hexapod_ws/install/custom_interfaces/include/custom_interfaces
[1.037s] -- Up-to-date: /home/ros2/hexapod_ws/install/custom_interfaces/include/custom_interfaces/action
[1.038s] -- Up-to-date: /home/ros2/hexapod_ws/install/custom_interfaces/include/custom_interfaces/action/patrol.h
[1.038s] -- Up-to-date: /home/ros2/hexapod_ws/install/custom_interfaces/include/custom_interfaces/action/detail
[1.038s] -- Up-to-date: /home/ros2/hexapod_ws/install/custom_interfaces/include/custom_interfaces/action/detail/patrol__functions.c
[1.038s] -- Up-to-date: /home/ros2/hexapod_ws/install/custom_interfaces/include/custom_interfaces/action/detail/patrol__functions.h
[1.038s] -- Up-to-date: /home/ros2/hexapod_ws/install/custom_interfaces/include/custom_interfaces/action/detail/patrol__type_support.h
[1.038s] -- Up-to-date: /home/ros2/hexapod_ws/install/custom_interfaces/include/custom_interfaces/action/detail/patrol__struct.h
[1.038s] -- Up-to-date: /home/ros2/hexapod_ws/install/custom_interfaces/include/custom_interfaces/msg
[1.038s] -- Up-to-date: /home/ros2/hexapod_ws/install/custom_interfaces/include/custom_interfaces/msg/rosidl_generator_c__visibility_control.h
[1.038s] -- Up-to-date: /home/ros2/hexapod_ws/install/custom_interfaces/share/custom_interfaces/environment/library_path.sh
[1.038s] -- Up-to-date: /home/ros2/hexapod_ws/install/custom_interfaces/share/custom_interfaces/environment/library_path.dsv
[1.039s] -- Up-to-date: /home/ros2/hexapod_ws/install/custom_interfaces/lib/libcustom_interfaces__rosidl_generator_c.so
[1.039s] -- Up-to-date: /home/ros2/hexapod_ws/install/custom_interfaces/include/custom_interfaces
[1.039s] -- Up-to-date: /home/ros2/hexapod_ws/install/custom_interfaces/include/custom_interfaces/action
[1.039s] -- Up-to-date: /home/ros2/hexapod_ws/install/custom_interfaces/include/custom_interfaces/action/detail
[1.039s] -- Up-to-date: /home/ros2/hexapod_ws/install/custom_interfaces/include/custom_interfaces/action/detail/patrol__rosidl_typesupport_fastrtps_c.h
[1.039s] -- Up-to-date: /home/ros2/hexapod_ws/install/custom_interfaces/include/custom_interfaces/msg
[1.039s] -- Up-to-date: /home/ros2/hexapod_ws/install/custom_interfaces/include/custom_interfaces/msg/rosidl_typesupport_fastrtps_c__visibility_control.h
[1.039s] -- Up-to-date: /home/ros2/hexapod_ws/install/custom_interfaces/lib/libcustom_interfaces__rosidl_typesupport_fastrtps_c.so
[1.040s] -- Up-to-date: /home/ros2/hexapod_ws/install/custom_interfaces/include/custom_interfaces
[1.040s] -- Up-to-date: /home/ros2/hexapod_ws/install/custom_interfaces/include/custom_interfaces/action
[1.040s] -- Up-to-date: /home/ros2/hexapod_ws/install/custom_interfaces/include/custom_interfaces/action/detail
[1.040s] -- Up-to-date: /home/ros2/hexapod_ws/install/custom_interfaces/include/custom_interfaces/action/detail/dds_fastrtps
[1.040s] -- Up-to-date: /home/ros2/hexapod_ws/install/custom_interfaces/include/custom_interfaces/action/detail/patrol__rosidl_typesupport_fastrtps_cpp.hpp
[1.040s] -- Up-to-date: /home/ros2/hexapod_ws/install/custom_interfaces/include/custom_interfaces/msg
[1.040s] -- Up-to-date: /home/ros2/hexapod_ws/install/custom_interfaces/include/custom_interfaces/msg/rosidl_typesupport_fastrtps_cpp__visibility_control.h
[1.040s] -- Up-to-date: /home/ros2/hexapod_ws/install/custom_interfaces/lib/libcustom_interfaces__rosidl_typesupport_fastrtps_cpp.so
[1.040s] -- Up-to-date: /home/ros2/hexapod_ws/install/custom_interfaces/include/custom_interfaces
[1.040s] -- Up-to-date: /home/ros2/hexapod_ws/install/custom_interfaces/include/custom_interfaces/action
[1.041s] -- Up-to-date: /home/ros2/hexapod_ws/install/custom_interfaces/include/custom_interfaces/action/detail
[1.041s] -- Up-to-date: /home/ros2/hexapod_ws/install/custom_interfaces/include/custom_interfaces/action/detail/patrol__type_support.c
[1.041s] -- Up-to-date: /home/ros2/hexapod_ws/install/custom_interfaces/include/custom_interfaces/action/detail/patrol__rosidl_typesupport_introspection_c.h
[1.041s] -- Up-to-date: /home/ros2/hexapod_ws/install/custom_interfaces/include/custom_interfaces/msg
[1.041s] -- Up-to-date: /home/ros2/hexapod_ws/install/custom_interfaces/include/custom_interfaces/msg/rosidl_typesupport_introspection_c__visibility_control.h
[1.041s] -- Up-to-date: /home/ros2/hexapod_ws/install/custom_interfaces/lib/libcustom_interfaces__rosidl_typesupport_introspection_c.so
[1.042s] -- Up-to-date: /home/ros2/hexapod_ws/install/custom_interfaces/lib/libcustom_interfaces__rosidl_typesupport_c.so
[1.042s] -- Up-to-date: /home/ros2/hexapod_ws/install/custom_interfaces/include/custom_interfaces
[1.042s] -- Up-to-date: /home/ros2/hexapod_ws/install/custom_interfaces/include/custom_interfaces/action
[1.042s] -- Up-to-date: /home/ros2/hexapod_ws/install/custom_interfaces/include/custom_interfaces/action/patrol.hpp
[1.042s] -- Up-to-date: /home/ros2/hexapod_ws/install/custom_interfaces/include/custom_interfaces/action/detail
[1.042s] -- Up-to-date: /home/ros2/hexapod_ws/install/custom_interfaces/include/custom_interfaces/action/detail/patrol__struct.hpp
[1.042s] -- Up-to-date: /home/ros2/hexapod_ws/install/custom_interfaces/include/custom_interfaces/action/detail/patrol__traits.hpp
[1.042s] -- Up-to-date: /home/ros2/hexapod_ws/install/custom_interfaces/include/custom_interfaces/action/detail/patrol__builder.hpp
[1.042s] -- Up-to-date: /home/ros2/hexapod_ws/install/custom_interfaces/include/custom_interfaces/action/detail/patrol__type_support.hpp
[1.043s] -- Up-to-date: /home/ros2/hexapod_ws/install/custom_interfaces/include/custom_interfaces/msg
[1.043s] -- Up-to-date: /home/ros2/hexapod_ws/install/custom_interfaces/include/custom_interfaces/msg/rosidl_generator_cpp__visibility_control.hpp
[1.043s] -- Up-to-date: /home/ros2/hexapod_ws/install/custom_interfaces/include/custom_interfaces
[1.043s] -- Up-to-date: /home/ros2/hexapod_ws/install/custom_interfaces/include/custom_interfaces/action
[1.043s] -- Up-to-date: /home/ros2/hexapod_ws/install/custom_interfaces/include/custom_interfaces/action/detail
[1.043s] -- Up-to-date: /home/ros2/hexapod_ws/install/custom_interfaces/include/custom_interfaces/action/detail/patrol__type_support.cpp
[1.043s] -- Up-to-date: /home/ros2/hexapod_ws/install/custom_interfaces/include/custom_interfaces/action/detail/patrol__rosidl_typesupport_introspection_cpp.hpp
[1.043s] -- Up-to-date: /home/ros2/hexapod_ws/install/custom_interfaces/lib/libcustom_interfaces__rosidl_typesupport_introspection_cpp.so
[1.043s] -- Up-to-date: /home/ros2/hexapod_ws/install/custom_interfaces/lib/libcustom_interfaces__rosidl_typesupport_cpp.so
[1.043s] -- Up-to-date: /home/ros2/hexapod_ws/install/custom_interfaces/share/custom_interfaces/environment/pythonpath.sh
[1.044s] -- Up-to-date: /home/ros2/hexapod_ws/install/custom_interfaces/share/custom_interfaces/environment/pythonpath.dsv
[1.044s] -- Up-to-date: /home/ros2/hexapod_ws/install/custom_interfaces/lib/python3.8/site-packages/custom_interfaces/__init__.py
[1.099s] -- Up-to-date: /home/ros2/hexapod_ws/install/custom_interfaces/lib/python3.8/site-packages/custom_interfaces/action
[1.099s] -- Up-to-date: /home/ros2/hexapod_ws/install/custom_interfaces/lib/python3.8/site-packages/custom_interfaces/action/__init__.py
[1.099s] -- Up-to-date: /home/ros2/hexapod_ws/install/custom_interfaces/lib/python3.8/site-packages/custom_interfaces/action/_patrol.py
[1.099s] -- Up-to-date: /home/ros2/hexapod_ws/install/custom_interfaces/lib/python3.8/site-packages/custom_interfaces/action/_patrol_s.c
[1.100s] -- Up-to-date: /home/ros2/hexapod_ws/install/custom_interfaces/lib/python3.8/site-packages/custom_interfaces/custom_interfaces_s__rosidl_typesupport_fastrtps_c.cpython-38-x86_64-linux-gnu.so
[1.101s] -- Up-to-date: /home/ros2/hexapod_ws/install/custom_interfaces/lib/python3.8/site-packages/custom_interfaces/custom_interfaces_s__rosidl_typesupport_introspection_c.cpython-38-x86_64-linux-gnu.so
[1.102s] -- Up-to-date: /home/ros2/hexapod_ws/install/custom_interfaces/lib/python3.8/site-packages/custom_interfaces/custom_interfaces_s__rosidl_typesupport_c.cpython-38-x86_64-linux-gnu.so
[1.102s] -- Up-to-date: /home/ros2/hexapod_ws/install/custom_interfaces/lib/libcustom_interfaces__python.so
[1.103s] -- Up-to-date: /home/ros2/hexapod_ws/install/custom_interfaces/share/custom_interfaces/action/Patrol.idl
[1.103s] -- Up-to-date: /home/ros2/hexapod_ws/install/custom_interfaces/share/custom_interfaces/action/Patrol.action
[1.103s] -- Up-to-date: /home/ros2/hexapod_ws/install/custom_interfaces/share/ament_index/resource_index/package_run_dependencies/custom_interfaces
[1.103s] -- Up-to-date: /home/ros2/hexapod_ws/install/custom_interfaces/share/ament_index/resource_index/parent_prefix_path/custom_interfaces
[1.103s] -- Up-to-date: /home/ros2/hexapod_ws/install/custom_interfaces/share/custom_interfaces/environment/ament_prefix_path.sh
[1.103s] -- Up-to-date: /home/ros2/hexapod_ws/install/custom_interfaces/share/custom_interfaces/environment/ament_prefix_path.dsv
[1.103s] -- Up-to-date: /home/ros2/hexapod_ws/install/custom_interfaces/share/custom_interfaces/environment/path.sh
[1.104s] -- Up-to-date: /home/ros2/hexapod_ws/install/custom_interfaces/share/custom_interfaces/environment/path.dsv
[1.104s] -- Up-to-date: /home/ros2/hexapod_ws/install/custom_interfaces/share/custom_interfaces/local_setup.bash
[1.104s] -- Up-to-date: /home/ros2/hexapod_ws/install/custom_interfaces/share/custom_interfaces/local_setup.sh
[1.104s] -- Up-to-date: /home/ros2/hexapod_ws/install/custom_interfaces/share/custom_interfaces/local_setup.zsh
[1.104s] -- Up-to-date: /home/ros2/hexapod_ws/install/custom_interfaces/share/custom_interfaces/local_setup.dsv
[1.104s] -- Installing: /home/ros2/hexapod_ws/install/custom_interfaces/share/custom_interfaces/package.dsv
[1.104s] -- Up-to-date: /home/ros2/hexapod_ws/install/custom_interfaces/share/ament_index/resource_index/packages/custom_interfaces
[1.105s] -- Up-to-date: /home/ros2/hexapod_ws/install/custom_interfaces/share/custom_interfaces/cmake/custom_interfaces__rosidl_generator_cExport.cmake
[1.105s] -- Up-to-date: /home/ros2/hexapod_ws/install/custom_interfaces/share/custom_interfaces/cmake/custom_interfaces__rosidl_generator_cExport-noconfig.cmake
[1.105s] -- Up-to-date: /home/ros2/hexapod_ws/install/custom_interfaces/share/custom_interfaces/cmake/custom_interfaces__rosidl_typesupport_introspection_cExport.cmake
[1.105s] -- Up-to-date: /home/ros2/hexapod_ws/install/custom_interfaces/share/custom_interfaces/cmake/custom_interfaces__rosidl_typesupport_introspection_cExport-noconfig.cmake
[1.105s] -- Up-to-date: /home/ros2/hexapod_ws/install/custom_interfaces/share/custom_interfaces/cmake/custom_interfaces__rosidl_typesupport_cExport.cmake
[1.106s] -- Up-to-date: /home/ros2/hexapod_ws/install/custom_interfaces/share/custom_interfaces/cmake/custom_interfaces__rosidl_typesupport_cExport-noconfig.cmake
[1.106s] -- Up-to-date: /home/ros2/hexapod_ws/install/custom_interfaces/share/custom_interfaces/cmake/custom_interfaces__rosidl_generator_cppExport.cmake
[1.106s] -- Up-to-date: /home/ros2/hexapod_ws/install/custom_interfaces/share/custom_interfaces/cmake/custom_interfaces__rosidl_typesupport_introspection_cppExport.cmake
[1.106s] -- Up-to-date: /home/ros2/hexapod_ws/install/custom_interfaces/share/custom_interfaces/cmake/custom_interfaces__rosidl_typesupport_introspection_cppExport-noconfig.cmake
[1.107s] -- Up-to-date: /home/ros2/hexapod_ws/install/custom_interfaces/share/custom_interfaces/cmake/custom_interfaces__rosidl_typesupport_cppExport.cmake
[1.107s] -- Up-to-date: /home/ros2/hexapod_ws/install/custom_interfaces/share/custom_interfaces/cmake/custom_interfaces__rosidl_typesupport_cppExport-noconfig.cmake
[1.107s] -- Up-to-date: /home/ros2/hexapod_ws/install/custom_interfaces/share/custom_interfaces/cmake/rosidl_cmake-extras.cmake
[1.107s] -- Up-to-date: /home/ros2/hexapod_ws/install/custom_interfaces/share/custom_interfaces/cmake/ament_cmake_export_dependencies-extras.cmake
[1.107s] -- Up-to-date: /home/ros2/hexapod_ws/install/custom_interfaces/share/custom_interfaces/cmake/ament_cmake_export_libraries-extras.cmake
[1.107s] -- Up-to-date: /home/ros2/hexapod_ws/install/custom_interfaces/share/custom_interfaces/cmake/ament_cmake_export_targets-extras.cmake
[1.108s] -- Up-to-date: /home/ros2/hexapod_ws/install/custom_interfaces/share/custom_interfaces/cmake/ament_cmake_export_include_directories-extras.cmake
[1.108s] -- Up-to-date: /home/ros2/hexapod_ws/install/custom_interfaces/share/custom_interfaces/cmake/rosidl_cmake_export_typesupport_libraries-extras.cmake
[1.108s] -- Up-to-date: /home/ros2/hexapod_ws/install/custom_interfaces/share/custom_interfaces/cmake/rosidl_cmake_export_typesupport_targets-extras.cmake
[1.108s] -- Up-to-date: /home/ros2/hexapod_ws/install/custom_interfaces/share/custom_interfaces/cmake/custom_interfacesConfig.cmake
[1.108s] -- Up-to-date: /home/ros2/hexapod_ws/install/custom_interfaces/share/custom_interfaces/cmake/custom_interfacesConfig-version.cmake
[1.108s] -- Up-to-date: /home/ros2/hexapod_ws/install/custom_interfaces/share/custom_interfaces/package.xml
[1.111s] Invoked command in '/home/ros2/hexapod_ws/build/custom_interfaces' returned '0': CMAKE_PREFIX_PATH=${CMAKE_PREFIX_PATH}:/home/ros2/hexapod_ws/install/patrol_action_server:/home/ros2/hexapod_ws/install/patrol_action_client:/home/ros2/hexapod_ws/install/hexapod_description:/opt/ros/foxy /usr/bin/cmake --install /home/ros2/hexapod_ws/build/custom_interfaces
