[2.879s] Invoking command in '/home/ros2/hexapod_ws/src/hexapod_description': LD_LIBRARY_PATH=/home/ros2/hexapod_ws/install/custom_interfaces/lib:/usr/lib/x86_64-linux-gnu/gazebo-11/plugins:/opt/ros/foxy/opt/yaml_cpp_vendor/lib:/opt/ros/foxy/opt/rviz_ogre_vendor/lib:/opt/ros/foxy/lib/x86_64-linux-gnu:/opt/ros/foxy/lib:/usr/lib/x86_64-linux-gnu/gazebo-11/plugins PYTHONPATH=/home/ros2/hexapod_ws/build/hexapod_description/prefix_override:/home/ros2/hexapod_ws/install/hexapod_description/lib/python3.8/site-packages:/home/ros2/hexapod_ws/install/custom_interfaces/lib/python3.8/site-packages:/home/ros2/hexapod_ws/install/patrol_action_server/lib/python3.8/site-packages:/home/ros2/hexapod_ws/install/patrol_action_client/lib/python3.8/site-packages:/home/ros2/hexapod_ws/install/hexapod_description/lib/python3.8/site-packages:/opt/ros/foxy/lib/python3.8/site-packages /usr/bin/python3 setup.py egg_info --egg-base ../../build/hexapod_description build --build-base /home/ros2/hexapod_ws/build/hexapod_description/build install --record /home/ros2/hexapod_ws/build/hexapod_description/install.log --single-version-externally-managed
[3.303s] running egg_info
[3.305s] writing ../../build/hexapod_description/hexapod_description.egg-info/PKG-INFO
[3.305s] writing dependency_links to ../../build/hexapod_description/hexapod_description.egg-info/dependency_links.txt
[3.306s] writing entry points to ../../build/hexapod_description/hexapod_description.egg-info/entry_points.txt
[3.306s] writing requirements to ../../build/hexapod_description/hexapod_description.egg-info/requires.txt
[3.306s] writing top-level names to ../../build/hexapod_description/hexapod_description.egg-info/top_level.txt
[3.379s] reading manifest file '../../build/hexapod_description/hexapod_description.egg-info/SOURCES.txt'
[3.383s] writing manifest file '../../build/hexapod_description/hexapod_description.egg-info/SOURCES.txt'
[3.384s] running build
[3.384s] running build_py
[3.386s] running install
[3.387s] running install_lib
[3.391s] running install_data
[3.395s] running install_egg_info
[3.398s] removing '/home/ros2/hexapod_ws/install/hexapod_description/lib/python3.8/site-packages/hexapod_description-0.0.0-py3.8.egg-info' (and everything under it)
[3.399s] Copying ../../build/hexapod_description/hexapod_description.egg-info to /home/ros2/hexapod_ws/install/hexapod_description/lib/python3.8/site-packages/hexapod_description-0.0.0-py3.8.egg-info
[3.401s] running install_scripts
[3.440s] Installing motor_data1 script to /home/ros2/hexapod_ws/install/hexapod_description/lib/hexapod_description
[3.440s] Installing motor_data2 script to /home/ros2/hexapod_ws/install/hexapod_description/lib/hexapod_description
[3.440s] Installing motor_data3 script to /home/ros2/hexapod_ws/install/hexapod_description/lib/hexapod_description
[3.441s] Installing motor_data4 script to /home/ros2/hexapod_ws/install/hexapod_description/lib/hexapod_description
[3.441s] Installing patrol_action_server_exe script to /home/ros2/hexapod_ws/install/hexapod_description/lib/hexapod_description
[3.442s] writing list of installed files to '/home/ros2/hexapod_ws/build/hexapod_description/install.log'
[3.482s] Invoked command in '/home/ros2/hexapod_ws/src/hexapod_description' returned '0': LD_LIBRARY_PATH=/home/ros2/hexapod_ws/install/custom_interfaces/lib:/usr/lib/x86_64-linux-gnu/gazebo-11/plugins:/opt/ros/foxy/opt/yaml_cpp_vendor/lib:/opt/ros/foxy/opt/rviz_ogre_vendor/lib:/opt/ros/foxy/lib/x86_64-linux-gnu:/opt/ros/foxy/lib:/usr/lib/x86_64-linux-gnu/gazebo-11/plugins PYTHONPATH=/home/ros2/hexapod_ws/build/hexapod_description/prefix_override:/home/ros2/hexapod_ws/install/hexapod_description/lib/python3.8/site-packages:/home/ros2/hexapod_ws/install/custom_interfaces/lib/python3.8/site-packages:/home/ros2/hexapod_ws/install/patrol_action_server/lib/python3.8/site-packages:/home/ros2/hexapod_ws/install/patrol_action_client/lib/python3.8/site-packages:/home/ros2/hexapod_ws/install/hexapod_description/lib/python3.8/site-packages:/opt/ros/foxy/lib/python3.8/site-packages /usr/bin/python3 setup.py egg_info --egg-base ../../build/hexapod_description build --build-base /home/ros2/hexapod_ws/build/hexapod_description/build install --record /home/ros2/hexapod_ws/build/hexapod_description/install.log --single-version-externally-managed
