[5.686s] Invoking command in '/home/ros2/hexapod_ws/src/hexapod_description': LD_LIBRARY_PATH=/home/ros2/hexapod_ws/install/custom_interfaces/lib:/usr/lib/x86_64-linux-gnu/gazebo-11/plugins:/opt/ros/foxy/opt/yaml_cpp_vendor/lib:/opt/ros/foxy/opt/rviz_ogre_vendor/lib:/opt/ros/foxy/lib/x86_64-linux-gnu:/opt/ros/foxy/lib:/usr/lib/x86_64-linux-gnu/gazebo-11/plugins PYTHONPATH=/home/ros2/hexapod_ws/build/hexapod_description/prefix_override:/home/ros2/hexapod_ws/install/hexapod_description/lib/python3.8/site-packages:/home/ros2/hexapod_ws/install/custom_interfaces/lib/python3.8/site-packages:/home/ros2/hexapod_ws/install/patrol_action_server/lib/python3.8/site-packages:/home/ros2/hexapod_ws/install/patrol_action_client/lib/python3.8/site-packages:/home/ros2/hexapod_ws/install/hexapod_description/lib/python3.8/site-packages:/opt/ros/foxy/lib/python3.8/site-packages /usr/bin/python3 setup.py egg_info --egg-base ../../build/hexapod_description build --build-base /home/ros2/hexapod_ws/build/hexapod_description/build install --record /home/ros2/hexapod_ws/build/hexapod_description/install.log --single-version-externally-managed
[6.435s] running egg_info
[6.437s] writing ../../build/hexapod_description/hexapod_description.egg-info/PKG-INFO
[6.438s] writing dependency_links to ../../build/hexapod_description/hexapod_description.egg-info/dependency_links.txt
[6.439s] writing entry points to ../../build/hexapod_description/hexapod_description.egg-info/entry_points.txt
[6.440s] writing requirements to ../../build/hexapod_description/hexapod_description.egg-info/requires.txt
[6.440s] writing top-level names to ../../build/hexapod_description/hexapod_description.egg-info/top_level.txt
[6.570s] reading manifest file '../../build/hexapod_description/hexapod_description.egg-info/SOURCES.txt'
[6.577s] writing manifest file '../../build/hexapod_description/hexapod_description.egg-info/SOURCES.txt'
[6.577s] running build
[6.578s] running build_py
[6.582s] running install
[6.586s] running install_lib
[6.594s] running install_data
[6.597s] copying urdf/hexapod.gazebo -> /home/ros2/hexapod_ws/install/hexapod_description/share/hexapod_description/urdf
[6.601s] running install_egg_info
[6.607s] removing '/home/ros2/hexapod_ws/install/hexapod_description/lib/python3.8/site-packages/hexapod_description-0.0.0-py3.8.egg-info' (and everything under it)
[6.607s] Copying ../../build/hexapod_description/hexapod_description.egg-info to /home/ros2/hexapod_ws/install/hexapod_description/lib/python3.8/site-packages/hexapod_description-0.0.0-py3.8.egg-info
[6.610s] running install_scripts
[6.682s] Installing motor_data1 script to /home/ros2/hexapod_ws/install/hexapod_description/lib/hexapod_description
[6.682s] Installing motor_data2 script to /home/ros2/hexapod_ws/install/hexapod_description/lib/hexapod_description
[6.683s] Installing motor_data3 script to /home/ros2/hexapod_ws/install/hexapod_description/lib/hexapod_description
[6.683s] Installing motor_data4 script to /home/ros2/hexapod_ws/install/hexapod_description/lib/hexapod_description
[6.684s] Installing patrol_action_server_exe script to /home/ros2/hexapod_ws/install/hexapod_description/lib/hexapod_description
[6.687s] writing list of installed files to '/home/ros2/hexapod_ws/build/hexapod_description/install.log'
[7.365s] Invoked command in '/home/ros2/hexapod_ws/src/hexapod_description' returned '0': LD_LIBRARY_PATH=/home/ros2/hexapod_ws/install/custom_interfaces/lib:/usr/lib/x86_64-linux-gnu/gazebo-11/plugins:/opt/ros/foxy/opt/yaml_cpp_vendor/lib:/opt/ros/foxy/opt/rviz_ogre_vendor/lib:/opt/ros/foxy/lib/x86_64-linux-gnu:/opt/ros/foxy/lib:/usr/lib/x86_64-linux-gnu/gazebo-11/plugins PYTHONPATH=/home/ros2/hexapod_ws/build/hexapod_description/prefix_override:/home/ros2/hexapod_ws/install/hexapod_description/lib/python3.8/site-packages:/home/ros2/hexapod_ws/install/custom_interfaces/lib/python3.8/site-packages:/home/ros2/hexapod_ws/install/patrol_action_server/lib/python3.8/site-packages:/home/ros2/hexapod_ws/install/patrol_action_client/lib/python3.8/site-packages:/home/ros2/hexapod_ws/install/hexapod_description/lib/python3.8/site-packages:/opt/ros/foxy/lib/python3.8/site-packages /usr/bin/python3 setup.py egg_info --egg-base ../../build/hexapod_description build --build-base /home/ros2/hexapod_ws/build/hexapod_description/build install --record /home/ros2/hexapod_ws/build/hexapod_description/install.log --single-version-externally-managed
