[0.299s] Invoking command in '/home/ros2/hexapod_ws/build/custom_interfaces': CMAKE_PREFIX_PATH=${CMAKE_PREFIX_PATH}:/home/ros2/hexapod_ws/install/patrol_action_server:/home/ros2/hexapod_ws/install/patrol_action_client:/home/ros2/hexapod_ws/install/hexapod_description:/opt/ros/foxy /usr/bin/cmake --build /home/ros2/hexapod_ws/build/custom_interfaces -- -j8 -l8
[0.389s] [  3%] Built target custom_interfaces__cpp
[0.392s] [ 12%] Built target custom_interfaces__rosidl_generator_c
[0.433s] [ 22%] Built target custom_interfaces__rosidl_typesupport_cpp
[0.435s] [ 32%] Built target custom_interfaces__rosidl_typesupport_introspection_cpp
[0.440s] [ 41%] Built target custom_interfaces__rosidl_typesupport_introspection_c
[0.441s] [ 51%] Built target custom_interfaces__rosidl_typesupport_c
[0.445s] [ 61%] Built target custom_interfaces__rosidl_typesupport_fastrtps_cpp
[0.490s] [ 70%] Built target custom_interfaces__rosidl_typesupport_fastrtps_c
[0.524s] [ 70%] Built target custom_interfaces
[0.559s] [ 74%] Built target custom_interfaces__py
[0.602s] [ 80%] Built target custom_interfaces__python
[0.644s] [ 87%] Built target custom_interfaces__rosidl_typesupport_introspection_c__pyext
[0.645s] [ 93%] Built target custom_interfaces__rosidl_typesupport_c__pyext
[0.645s] [100%] Built target custom_interfaces__rosidl_typesupport_fastrtps_c__pyext
[0.663s] Invoked command in '/home/ros2/hexapod_ws/build/custom_interfaces' returned '0': CMAKE_PREFIX_PATH=${CMAKE_PREFIX_PATH}:/home/ros2/hexapod_ws/install/patrol_action_server:/home/ros2/hexapod_ws/install/patrol_action_client:/home/ros2/hexapod_ws/install/hexapod_description:/opt/ros/foxy /usr/bin/cmake --build /home/ros2/hexapod_ws/build/custom_interfaces -- -j8 -l8
[0.759s] Invoking command in '/home/ros2/hexapod_ws/build/custom_interfaces': CMAKE_PREFIX_PATH=${CMAKE_PREFIX_PATH}:/home/ros2/hexapod_ws/install/patrol_action_server:/home/ros2/hexapod_ws/install/patrol_action_client:/home/ros2/hexapod_ws/install/hexapod_description:/opt/ros/foxy /usr/bin/cmake --install /home/ros2/hexapod_ws/build/custom_interfaces
[0.773s] -- Install configuration: ""
[0.773s] -- Up-to-date: /home/ros2/hexapod_ws/install/custom_interfaces/share/ament_index/resource_index/rosidl_interfaces/custom_interfaces
[0.773s] -- Up-to-date: /home/ros2/hexapod_ws/install/custom_interfaces/include/custom_interfaces
[0.773s] -- Up-to-date: /home/ros2/hexapod_ws/install/custom_interfaces/include/custom_interfaces/action
[0.774s] -- Up-to-date: /home/ros2/hexapod_ws/install/custom_interfaces/include/custom_interfaces/action/patrol.h
[0.774s] -- Up-to-date: /home/ros2/hexapod_ws/install/custom_interfaces/include/custom_interfaces/action/detail
[0.774s] -- Up-to-date: /home/ros2/hexapod_ws/install/custom_interfaces/include/custom_interfaces/action/detail/patrol__functions.c
[0.775s] -- Up-to-date: /home/ros2/hexapod_ws/install/custom_interfaces/include/custom_interfaces/action/detail/patrol__functions.h
[0.775s] -- Up-to-date: /home/ros2/hexapod_ws/install/custom_interfaces/include/custom_interfaces/action/detail/patrol__type_support.h
[0.775s] -- Up-to-date: /home/ros2/hexapod_ws/install/custom_interfaces/include/custom_interfaces/action/detail/patrol__struct.h
[0.775s] -- Up-to-date: /home/ros2/hexapod_ws/install/custom_interfaces/include/custom_interfaces/msg
[0.775s] -- Up-to-date: /home/ros2/hexapod_ws/install/custom_interfaces/include/custom_interfaces/msg/rosidl_generator_c__visibility_control.h
[0.775s] -- Up-to-date: /home/ros2/hexapod_ws/install/custom_interfaces/share/custom_interfaces/environment/library_path.sh
[0.776s] -- Up-to-date: /home/ros2/hexapod_ws/install/custom_interfaces/share/custom_interfaces/environment/library_path.dsv
[0.776s] -- Up-to-date: /home/ros2/hexapod_ws/install/custom_interfaces/lib/libcustom_interfaces__rosidl_generator_c.so
[0.776s] -- Up-to-date: /home/ros2/hexapod_ws/install/custom_interfaces/include/custom_interfaces
[0.776s] -- Up-to-date: /home/ros2/hexapod_ws/install/custom_interfaces/include/custom_interfaces/action
[0.776s] -- Up-to-date: /home/ros2/hexapod_ws/install/custom_interfaces/include/custom_interfaces/action/detail
[0.776s] -- Up-to-date: /home/ros2/hexapod_ws/install/custom_interfaces/include/custom_interfaces/action/detail/patrol__rosidl_typesupport_fastrtps_c.h
[0.776s] -- Up-to-date: /home/ros2/hexapod_ws/install/custom_interfaces/include/custom_interfaces/msg
[0.776s] -- Up-to-date: /home/ros2/hexapod_ws/install/custom_interfaces/include/custom_interfaces/msg/rosidl_typesupport_fastrtps_c__visibility_control.h
[0.777s] -- Up-to-date: /home/ros2/hexapod_ws/install/custom_interfaces/lib/libcustom_interfaces__rosidl_typesupport_fastrtps_c.so
[0.777s] -- Up-to-date: /home/ros2/hexapod_ws/install/custom_interfaces/include/custom_interfaces
[0.777s] -- Up-to-date: /home/ros2/hexapod_ws/install/custom_interfaces/include/custom_interfaces/action
[0.777s] -- Up-to-date: /home/ros2/hexapod_ws/install/custom_interfaces/include/custom_interfaces/action/detail
[0.777s] -- Up-to-date: /home/ros2/hexapod_ws/install/custom_interfaces/include/custom_interfaces/action/detail/dds_fastrtps
[0.777s] -- Up-to-date: /home/ros2/hexapod_ws/install/custom_interfaces/include/custom_interfaces/action/detail/patrol__rosidl_typesupport_fastrtps_cpp.hpp
[0.777s] -- Up-to-date: /home/ros2/hexapod_ws/install/custom_interfaces/include/custom_interfaces/msg
[0.777s] -- Up-to-date: /home/ros2/hexapod_ws/install/custom_interfaces/include/custom_interfaces/msg/rosidl_typesupport_fastrtps_cpp__visibility_control.h
[0.778s] -- Up-to-date: /home/ros2/hexapod_ws/install/custom_interfaces/lib/libcustom_interfaces__rosidl_typesupport_fastrtps_cpp.so
[0.778s] -- Up-to-date: /home/ros2/hexapod_ws/install/custom_interfaces/include/custom_interfaces
[0.778s] -- Up-to-date: /home/ros2/hexapod_ws/install/custom_interfaces/include/custom_interfaces/action
[0.778s] -- Up-to-date: /home/ros2/hexapod_ws/install/custom_interfaces/include/custom_interfaces/action/detail
[0.778s] -- Up-to-date: /home/ros2/hexapod_ws/install/custom_interfaces/include/custom_interfaces/action/detail/patrol__type_support.c
[0.778s] -- Up-to-date: /home/ros2/hexapod_ws/install/custom_interfaces/include/custom_interfaces/action/detail/patrol__rosidl_typesupport_introspection_c.h
[0.778s] -- Up-to-date: /home/ros2/hexapod_ws/install/custom_interfaces/include/custom_interfaces/msg
[0.778s] -- Up-to-date: /home/ros2/hexapod_ws/install/custom_interfaces/include/custom_interfaces/msg/rosidl_typesupport_introspection_c__visibility_control.h
[0.778s] -- Up-to-date: /home/ros2/hexapod_ws/install/custom_interfaces/lib/libcustom_interfaces__rosidl_typesupport_introspection_c.so
[0.779s] -- Up-to-date: /home/ros2/hexapod_ws/install/custom_interfaces/lib/libcustom_interfaces__rosidl_typesupport_c.so
[0.779s] -- Up-to-date: /home/ros2/hexapod_ws/install/custom_interfaces/include/custom_interfaces
[0.779s] -- Up-to-date: /home/ros2/hexapod_ws/install/custom_interfaces/include/custom_interfaces/action
[0.779s] -- Up-to-date: /home/ros2/hexapod_ws/install/custom_interfaces/include/custom_interfaces/action/patrol.hpp
[0.779s] -- Up-to-date: /home/ros2/hexapod_ws/install/custom_interfaces/include/custom_interfaces/action/detail
[0.779s] -- Up-to-date: /home/ros2/hexapod_ws/install/custom_interfaces/include/custom_interfaces/action/detail/patrol__struct.hpp
[0.779s] -- Up-to-date: /home/ros2/hexapod_ws/install/custom_interfaces/include/custom_interfaces/action/detail/patrol__traits.hpp
[0.779s] -- Up-to-date: /home/ros2/hexapod_ws/install/custom_interfaces/include/custom_interfaces/action/detail/patrol__builder.hpp
[0.779s] -- Up-to-date: /home/ros2/hexapod_ws/install/custom_interfaces/include/custom_interfaces/action/detail/patrol__type_support.hpp
[0.779s] -- Up-to-date: /home/ros2/hexapod_ws/install/custom_interfaces/include/custom_interfaces/msg
[0.779s] -- Up-to-date: /home/ros2/hexapod_ws/install/custom_interfaces/include/custom_interfaces/msg/rosidl_generator_cpp__visibility_control.hpp
[0.779s] -- Up-to-date: /home/ros2/hexapod_ws/install/custom_interfaces/include/custom_interfaces
[0.780s] -- Up-to-date: /home/ros2/hexapod_ws/install/custom_interfaces/include/custom_interfaces/action
[0.780s] -- Up-to-date: /home/ros2/hexapod_ws/install/custom_interfaces/include/custom_interfaces/action/detail
[0.780s] -- Up-to-date: /home/ros2/hexapod_ws/install/custom_interfaces/include/custom_interfaces/action/detail/patrol__type_support.cpp
[0.780s] -- Up-to-date: /home/ros2/hexapod_ws/install/custom_interfaces/include/custom_interfaces/action/detail/patrol__rosidl_typesupport_introspection_cpp.hpp
[0.780s] -- Up-to-date: /home/ros2/hexapod_ws/install/custom_interfaces/lib/libcustom_interfaces__rosidl_typesupport_introspection_cpp.so
[0.780s] -- Up-to-date: /home/ros2/hexapod_ws/install/custom_interfaces/lib/libcustom_interfaces__rosidl_typesupport_cpp.so
[0.780s] -- Up-to-date: /home/ros2/hexapod_ws/install/custom_interfaces/share/custom_interfaces/environment/pythonpath.sh
[0.780s] -- Up-to-date: /home/ros2/hexapod_ws/install/custom_interfaces/share/custom_interfaces/environment/pythonpath.dsv
[0.780s] -- Up-to-date: /home/ros2/hexapod_ws/install/custom_interfaces/lib/python3.8/site-packages/custom_interfaces/__init__.py
[0.829s] -- Up-to-date: /home/ros2/hexapod_ws/install/custom_interfaces/lib/python3.8/site-packages/custom_interfaces/action
[0.830s] -- Up-to-date: /home/ros2/hexapod_ws/install/custom_interfaces/lib/python3.8/site-packages/custom_interfaces/action/__init__.py
[0.830s] -- Up-to-date: /home/ros2/hexapod_ws/install/custom_interfaces/lib/python3.8/site-packages/custom_interfaces/action/_patrol.py
[0.830s] -- Up-to-date: /home/ros2/hexapod_ws/install/custom_interfaces/lib/python3.8/site-packages/custom_interfaces/action/_patrol_s.c
[0.830s] -- Up-to-date: /home/ros2/hexapod_ws/install/custom_interfaces/lib/python3.8/site-packages/custom_interfaces/custom_interfaces_s__rosidl_typesupport_fastrtps_c.cpython-38-x86_64-linux-gnu.so
[0.831s] -- Up-to-date: /home/ros2/hexapod_ws/install/custom_interfaces/lib/python3.8/site-packages/custom_interfaces/custom_interfaces_s__rosidl_typesupport_introspection_c.cpython-38-x86_64-linux-gnu.so
[0.832s] -- Up-to-date: /home/ros2/hexapod_ws/install/custom_interfaces/lib/python3.8/site-packages/custom_interfaces/custom_interfaces_s__rosidl_typesupport_c.cpython-38-x86_64-linux-gnu.so
[0.833s] -- Up-to-date: /home/ros2/hexapod_ws/install/custom_interfaces/lib/libcustom_interfaces__python.so
[0.833s] -- Up-to-date: /home/ros2/hexapod_ws/install/custom_interfaces/share/custom_interfaces/action/Patrol.idl
[0.833s] -- Up-to-date: /home/ros2/hexapod_ws/install/custom_interfaces/share/custom_interfaces/action/Patrol.action
[0.833s] -- Up-to-date: /home/ros2/hexapod_ws/install/custom_interfaces/share/ament_index/resource_index/package_run_dependencies/custom_interfaces
[0.833s] -- Up-to-date: /home/ros2/hexapod_ws/install/custom_interfaces/share/ament_index/resource_index/parent_prefix_path/custom_interfaces
[0.834s] -- Up-to-date: /home/ros2/hexapod_ws/install/custom_interfaces/share/custom_interfaces/environment/ament_prefix_path.sh
[0.834s] -- Up-to-date: /home/ros2/hexapod_ws/install/custom_interfaces/share/custom_interfaces/environment/ament_prefix_path.dsv
[0.834s] -- Up-to-date: /home/ros2/hexapod_ws/install/custom_interfaces/share/custom_interfaces/environment/path.sh
[0.834s] -- Up-to-date: /home/ros2/hexapod_ws/install/custom_interfaces/share/custom_interfaces/environment/path.dsv
[0.834s] -- Up-to-date: /home/ros2/hexapod_ws/install/custom_interfaces/share/custom_interfaces/local_setup.bash
[0.834s] -- Up-to-date: /home/ros2/hexapod_ws/install/custom_interfaces/share/custom_interfaces/local_setup.sh
[0.835s] -- Up-to-date: /home/ros2/hexapod_ws/install/custom_interfaces/share/custom_interfaces/local_setup.zsh
[0.835s] -- Up-to-date: /home/ros2/hexapod_ws/install/custom_interfaces/share/custom_interfaces/local_setup.dsv
[0.835s] -- Installing: /home/ros2/hexapod_ws/install/custom_interfaces/share/custom_interfaces/package.dsv
[0.835s] -- Up-to-date: /home/ros2/hexapod_ws/install/custom_interfaces/share/ament_index/resource_index/packages/custom_interfaces
[0.835s] -- Up-to-date: /home/ros2/hexapod_ws/install/custom_interfaces/share/custom_interfaces/cmake/custom_interfaces__rosidl_generator_cExport.cmake
[0.835s] -- Up-to-date: /home/ros2/hexapod_ws/install/custom_interfaces/share/custom_interfaces/cmake/custom_interfaces__rosidl_generator_cExport-noconfig.cmake
[0.835s] -- Up-to-date: /home/ros2/hexapod_ws/install/custom_interfaces/share/custom_interfaces/cmake/custom_interfaces__rosidl_typesupport_introspection_cExport.cmake
[0.835s] -- Up-to-date: /home/ros2/hexapod_ws/install/custom_interfaces/share/custom_interfaces/cmake/custom_interfaces__rosidl_typesupport_introspection_cExport-noconfig.cmake
[0.835s] -- Up-to-date: /home/ros2/hexapod_ws/install/custom_interfaces/share/custom_interfaces/cmake/custom_interfaces__rosidl_typesupport_cExport.cmake
[0.836s] -- Up-to-date: /home/ros2/hexapod_ws/install/custom_interfaces/share/custom_interfaces/cmake/custom_interfaces__rosidl_typesupport_cExport-noconfig.cmake
[0.836s] -- Up-to-date: /home/ros2/hexapod_ws/install/custom_interfaces/share/custom_interfaces/cmake/custom_interfaces__rosidl_generator_cppExport.cmake
[0.836s] -- Up-to-date: /home/ros2/hexapod_ws/install/custom_interfaces/share/custom_interfaces/cmake/custom_interfaces__rosidl_typesupport_introspection_cppExport.cmake
[0.836s] -- Up-to-date: /home/ros2/hexapod_ws/install/custom_interfaces/share/custom_interfaces/cmake/custom_interfaces__rosidl_typesupport_introspection_cppExport-noconfig.cmake
[0.836s] -- Up-to-date: /home/ros2/hexapod_ws/install/custom_interfaces/share/custom_interfaces/cmake/custom_interfaces__rosidl_typesupport_cppExport.cmake
[0.836s] -- Up-to-date: /home/ros2/hexapod_ws/install/custom_interfaces/share/custom_interfaces/cmake/custom_interfaces__rosidl_typesupport_cppExport-noconfig.cmake
[0.837s] -- Up-to-date: /home/ros2/hexapod_ws/install/custom_interfaces/share/custom_interfaces/cmake/rosidl_cmake-extras.cmake
[0.837s] -- Up-to-date: /home/ros2/hexapod_ws/install/custom_interfaces/share/custom_interfaces/cmake/ament_cmake_export_dependencies-extras.cmake
[0.837s] -- Up-to-date: /home/ros2/hexapod_ws/install/custom_interfaces/share/custom_interfaces/cmake/ament_cmake_export_libraries-extras.cmake
[0.837s] -- Up-to-date: /home/ros2/hexapod_ws/install/custom_interfaces/share/custom_interfaces/cmake/ament_cmake_export_targets-extras.cmake
[0.837s] -- Up-to-date: /home/ros2/hexapod_ws/install/custom_interfaces/share/custom_interfaces/cmake/ament_cmake_export_include_directories-extras.cmake
[0.837s] -- Up-to-date: /home/ros2/hexapod_ws/install/custom_interfaces/share/custom_interfaces/cmake/rosidl_cmake_export_typesupport_libraries-extras.cmake
[0.838s] -- Up-to-date: /home/ros2/hexapod_ws/install/custom_interfaces/share/custom_interfaces/cmake/rosidl_cmake_export_typesupport_targets-extras.cmake
[0.838s] -- Up-to-date: /home/ros2/hexapod_ws/install/custom_interfaces/share/custom_interfaces/cmake/custom_interfacesConfig.cmake
[0.838s] -- Up-to-date: /home/ros2/hexapod_ws/install/custom_interfaces/share/custom_interfaces/cmake/custom_interfacesConfig-version.cmake
[0.838s] -- Up-to-date: /home/ros2/hexapod_ws/install/custom_interfaces/share/custom_interfaces/package.xml
[0.841s] Invoked command in '/home/ros2/hexapod_ws/build/custom_interfaces' returned '0': CMAKE_PREFIX_PATH=${CMAKE_PREFIX_PATH}:/home/ros2/hexapod_ws/install/patrol_action_server:/home/ros2/hexapod_ws/install/patrol_action_client:/home/ros2/hexapod_ws/install/hexapod_description:/opt/ros/foxy /usr/bin/cmake --install /home/ros2/hexapod_ws/build/custom_interfaces
