[1.275s] DEBUG:colcon:Command line arguments: ['/usr/bin/colcon', 'build']
[1.275s] DEBUG:colcon:Parsed command line arguments: Namespace(allow_overriding=[], ament_cmake_args=None, base_paths=['.'], build_base='build', catkin_cmake_args=None, catkin_skip_building_tests=False, cmake_args=None, cmake_clean_cache=False, cmake_clean_first=False, cmake_force_configure=False, cmake_target=None, cmake_target_skip_unavailable=False, continue_on_error=False, event_handlers=None, executor='parallel', ignore_user_meta=False, install_base='install', log_base=None, log_level=None, main=<bound method BuildVerb.main of <colcon_core.verb.build.BuildVerb object at 0x7f18f5453370>>, merge_install=False, metas=['./colcon.meta'], packages_above=None, packages_above_and_dependencies=None, packages_above_depth=None, packages_end=None, packages_ignore=None, packages_ignore_regex=None, packages_select=None, packages_select_build_failed=False, packages_select_by_dep=None, packages_select_regex=None, packages_select_test_failures=False, packages_skip=None, packages_skip_build_finished=False, packages_skip_by_dep=None, packages_skip_regex=None, packages_skip_test_passed=False, packages_skip_up_to=None, packages_start=None, packages_up_to=None, packages_up_to_regex=None, parallel_workers=8, paths=None, symlink_install=False, test_result_base=None, verb_extension=<colcon_core.verb.build.BuildVerb object at 0x7f18f5453370>, verb_name='build', verb_parser=<colcon_defaults.argument_parser.defaults.DefaultArgumentsDecorator object at 0x7f18f5431160>)
[1.330s] Level 1:colcon.colcon_core.package_discovery:discover_packages(colcon_meta) check parameters
[1.330s] Level 1:colcon.colcon_core.package_discovery:discover_packages(recursive) check parameters
[1.330s] Level 1:colcon.colcon_core.package_discovery:discover_packages(ignore) check parameters
[1.330s] Level 1:colcon.colcon_core.package_discovery:discover_packages(path) check parameters
[1.330s] Level 1:colcon.colcon_core.package_discovery:discover_packages(colcon_meta) discover
[1.330s] Level 1:colcon.colcon_core.package_discovery:discover_packages(recursive) discover
[1.330s] INFO:colcon.colcon_core.package_discovery:Crawling recursively for packages in '/home/ros2/hexapod_ws'
[1.330s] Level 1:colcon.colcon_core.package_identification:_identify(.) by extensions ['ignore', 'ignore_ament_install']
[1.330s] Level 1:colcon.colcon_core.package_identification:_identify(.) by extension 'ignore'
[1.330s] Level 1:colcon.colcon_core.package_identification:_identify(.) by extension 'ignore_ament_install'
[1.331s] Level 1:colcon.colcon_core.package_identification:_identify(.) by extensions ['colcon_pkg']
[1.331s] Level 1:colcon.colcon_core.package_identification:_identify(.) by extension 'colcon_pkg'
[1.331s] Level 1:colcon.colcon_core.package_identification:_identify(.) by extensions ['colcon_meta']
[1.331s] Level 1:colcon.colcon_core.package_identification:_identify(.) by extension 'colcon_meta'
[1.331s] Level 1:colcon.colcon_core.package_identification:_identify(.) by extensions ['ros']
[1.331s] Level 1:colcon.colcon_core.package_identification:_identify(.) by extension 'ros'
[1.338s] Level 1:colcon.colcon_core.package_identification:_identify(.) by extensions ['cmake', 'python']
[1.338s] Level 1:colcon.colcon_core.package_identification:_identify(.) by extension 'cmake'
[1.338s] Level 1:colcon.colcon_core.package_identification:_identify(.) by extension 'python'
[1.338s] Level 1:colcon.colcon_core.package_identification:_identify(.) by extensions ['python_setup_py']
[1.338s] Level 1:colcon.colcon_core.package_identification:_identify(.) by extension 'python_setup_py'
[1.338s] Level 1:colcon.colcon_core.package_identification:_identify(build) by extensions ['ignore', 'ignore_ament_install']
[1.338s] Level 1:colcon.colcon_core.package_identification:_identify(build) by extension 'ignore'
[1.338s] Level 1:colcon.colcon_core.package_identification:_identify(build) ignored
[1.338s] Level 1:colcon.colcon_core.package_identification:_identify(install) by extensions ['ignore', 'ignore_ament_install']
[1.338s] Level 1:colcon.colcon_core.package_identification:_identify(install) by extension 'ignore'
[1.338s] Level 1:colcon.colcon_core.package_identification:_identify(install) ignored
[1.338s] Level 1:colcon.colcon_core.package_identification:_identify(log) by extensions ['ignore', 'ignore_ament_install']
[1.339s] Level 1:colcon.colcon_core.package_identification:_identify(log) by extension 'ignore'
[1.339s] Level 1:colcon.colcon_core.package_identification:_identify(log) ignored
[1.339s] Level 1:colcon.colcon_core.package_identification:_identify(src) by extensions ['ignore', 'ignore_ament_install']
[1.339s] Level 1:colcon.colcon_core.package_identification:_identify(src) by extension 'ignore'
[1.339s] Level 1:colcon.colcon_core.package_identification:_identify(src) by extension 'ignore_ament_install'
[1.339s] Level 1:colcon.colcon_core.package_identification:_identify(src) by extensions ['colcon_pkg']
[1.339s] Level 1:colcon.colcon_core.package_identification:_identify(src) by extension 'colcon_pkg'
[1.339s] Level 1:colcon.colcon_core.package_identification:_identify(src) by extensions ['colcon_meta']
[1.339s] Level 1:colcon.colcon_core.package_identification:_identify(src) by extension 'colcon_meta'
[1.339s] Level 1:colcon.colcon_core.package_identification:_identify(src) by extensions ['ros']
[1.339s] Level 1:colcon.colcon_core.package_identification:_identify(src) by extension 'ros'
[1.339s] Level 1:colcon.colcon_core.package_identification:_identify(src) by extensions ['cmake', 'python']
[1.339s] Level 1:colcon.colcon_core.package_identification:_identify(src) by extension 'cmake'
[1.339s] Level 1:colcon.colcon_core.package_identification:_identify(src) by extension 'python'
[1.339s] Level 1:colcon.colcon_core.package_identification:_identify(src) by extensions ['python_setup_py']
[1.339s] Level 1:colcon.colcon_core.package_identification:_identify(src) by extension 'python_setup_py'
[1.339s] Level 1:colcon.colcon_core.package_identification:_identify(src/custom_interfaces) by extensions ['ignore', 'ignore_ament_install']
[1.339s] Level 1:colcon.colcon_core.package_identification:_identify(src/custom_interfaces) by extension 'ignore'
[1.339s] Level 1:colcon.colcon_core.package_identification:_identify(src/custom_interfaces) by extension 'ignore_ament_install'
[1.339s] Level 1:colcon.colcon_core.package_identification:_identify(src/custom_interfaces) by extensions ['colcon_pkg']
[1.339s] Level 1:colcon.colcon_core.package_identification:_identify(src/custom_interfaces) by extension 'colcon_pkg'
[1.339s] Level 1:colcon.colcon_core.package_identification:_identify(src/custom_interfaces) by extensions ['colcon_meta']
[1.339s] Level 1:colcon.colcon_core.package_identification:_identify(src/custom_interfaces) by extension 'colcon_meta'
[1.339s] Level 1:colcon.colcon_core.package_identification:_identify(src/custom_interfaces) by extensions ['ros']
[1.339s] Level 1:colcon.colcon_core.package_identification:_identify(src/custom_interfaces) by extension 'ros'
[1.341s] DEBUG:colcon.colcon_core.package_identification:Package 'src/custom_interfaces' with type 'ros.ament_cmake' and name 'custom_interfaces'
[1.341s] Level 1:colcon.colcon_core.package_identification:_identify(src/hexapod_description) by extensions ['ignore', 'ignore_ament_install']
[1.341s] Level 1:colcon.colcon_core.package_identification:_identify(src/hexapod_description) by extension 'ignore'
[1.341s] Level 1:colcon.colcon_core.package_identification:_identify(src/hexapod_description) by extension 'ignore_ament_install'
[1.341s] Level 1:colcon.colcon_core.package_identification:_identify(src/hexapod_description) by extensions ['colcon_pkg']
[1.341s] Level 1:colcon.colcon_core.package_identification:_identify(src/hexapod_description) by extension 'colcon_pkg'
[1.341s] Level 1:colcon.colcon_core.package_identification:_identify(src/hexapod_description) by extensions ['colcon_meta']
[1.341s] Level 1:colcon.colcon_core.package_identification:_identify(src/hexapod_description) by extension 'colcon_meta'
[1.342s] Level 1:colcon.colcon_core.package_identification:_identify(src/hexapod_description) by extensions ['ros']
[1.342s] Level 1:colcon.colcon_core.package_identification:_identify(src/hexapod_description) by extension 'ros'
[1.343s] DEBUG:colcon.colcon_core.package_identification:Package 'src/hexapod_description' with type 'ros.ament_python' and name 'hexapod_description'
[1.343s] Level 1:colcon.colcon_core.package_identification:_identify(src/install) by extensions ['ignore', 'ignore_ament_install']
[1.343s] Level 1:colcon.colcon_core.package_identification:_identify(src/install) by extension 'ignore'
[1.343s] Level 1:colcon.colcon_core.package_identification:_identify(src/install) ignored
[1.343s] Level 1:colcon.colcon_core.package_identification:_identify(src/log) by extensions ['ignore', 'ignore_ament_install']
[1.343s] Level 1:colcon.colcon_core.package_identification:_identify(src/log) by extension 'ignore'
[1.343s] Level 1:colcon.colcon_core.package_identification:_identify(src/log) ignored
[1.343s] Level 1:colcon.colcon_core.package_identification:_identify(src/patrol_action_client) by extensions ['ignore', 'ignore_ament_install']
[1.343s] Level 1:colcon.colcon_core.package_identification:_identify(src/patrol_action_client) by extension 'ignore'
[1.343s] Level 1:colcon.colcon_core.package_identification:_identify(src/patrol_action_client) by extension 'ignore_ament_install'
[1.343s] Level 1:colcon.colcon_core.package_identification:_identify(src/patrol_action_client) by extensions ['colcon_pkg']
[1.343s] Level 1:colcon.colcon_core.package_identification:_identify(src/patrol_action_client) by extension 'colcon_pkg'
[1.343s] Level 1:colcon.colcon_core.package_identification:_identify(src/patrol_action_client) by extensions ['colcon_meta']
[1.343s] Level 1:colcon.colcon_core.package_identification:_identify(src/patrol_action_client) by extension 'colcon_meta'
[1.344s] Level 1:colcon.colcon_core.package_identification:_identify(src/patrol_action_client) by extensions ['ros']
[1.344s] Level 1:colcon.colcon_core.package_identification:_identify(src/patrol_action_client) by extension 'ros'
[1.344s] DEBUG:colcon.colcon_core.package_identification:Package 'src/patrol_action_client' with type 'ros.ament_python' and name 'patrol_action_client'
[1.344s] Level 1:colcon.colcon_core.package_identification:_identify(src/patrol_action_server) by extensions ['ignore', 'ignore_ament_install']
[1.344s] Level 1:colcon.colcon_core.package_identification:_identify(src/patrol_action_server) by extension 'ignore'
[1.344s] Level 1:colcon.colcon_core.package_identification:_identify(src/patrol_action_server) by extension 'ignore_ament_install'
[1.344s] Level 1:colcon.colcon_core.package_identification:_identify(src/patrol_action_server) by extensions ['colcon_pkg']
[1.344s] Level 1:colcon.colcon_core.package_identification:_identify(src/patrol_action_server) by extension 'colcon_pkg'
[1.344s] Level 1:colcon.colcon_core.package_identification:_identify(src/patrol_action_server) by extensions ['colcon_meta']
[1.344s] Level 1:colcon.colcon_core.package_identification:_identify(src/patrol_action_server) by extension 'colcon_meta'
[1.344s] Level 1:colcon.colcon_core.package_identification:_identify(src/patrol_action_server) by extensions ['ros']
[1.344s] Level 1:colcon.colcon_core.package_identification:_identify(src/patrol_action_server) by extension 'ros'
[1.345s] DEBUG:colcon.colcon_core.package_identification:Package 'src/patrol_action_server' with type 'ros.ament_python' and name 'patrol_action_server'
[1.345s] Level 1:colcon.colcon_core.package_discovery:discover_packages(recursive) using defaults
[1.345s] Level 1:colcon.colcon_core.package_discovery:discover_packages(ignore) discover
[1.345s] Level 1:colcon.colcon_core.package_discovery:discover_packages(ignore) using defaults
[1.345s] Level 1:colcon.colcon_core.package_discovery:discover_packages(path) discover
[1.345s] Level 1:colcon.colcon_core.package_discovery:discover_packages(path) using defaults
[1.467s] Level 1:colcon.colcon_core.package_discovery:discover_packages(prefix_path) check parameters
[1.468s] Level 1:colcon.colcon_core.package_discovery:discover_packages(prefix_path) discover
[1.511s] DEBUG:colcon.colcon_installed_package_information.package_discovery:Found 4 installed packages in /home/ros2/hexapod_ws/install
[1.534s] DEBUG:colcon.colcon_installed_package_information.package_discovery:Found 287 installed packages in /opt/ros/foxy
[1.535s] Level 1:colcon.colcon_core.package_discovery:discover_packages(prefix_path) using defaults
[1.627s] Level 5:colcon.colcon_core.verb:set package 'custom_interfaces' build argument 'cmake_args' from command line to 'None'
[1.627s] Level 5:colcon.colcon_core.verb:set package 'custom_interfaces' build argument 'cmake_target' from command line to 'None'
[1.627s] Level 5:colcon.colcon_core.verb:set package 'custom_interfaces' build argument 'cmake_target_skip_unavailable' from command line to 'False'
[1.627s] Level 5:colcon.colcon_core.verb:set package 'custom_interfaces' build argument 'cmake_clean_cache' from command line to 'False'
[1.627s] Level 5:colcon.colcon_core.verb:set package 'custom_interfaces' build argument 'cmake_clean_first' from command line to 'False'
[1.627s] Level 5:colcon.colcon_core.verb:set package 'custom_interfaces' build argument 'cmake_force_configure' from command line to 'False'
[1.627s] Level 5:colcon.colcon_core.verb:set package 'custom_interfaces' build argument 'ament_cmake_args' from command line to 'None'
[1.627s] Level 5:colcon.colcon_core.verb:set package 'custom_interfaces' build argument 'catkin_cmake_args' from command line to 'None'
[1.627s] Level 5:colcon.colcon_core.verb:set package 'custom_interfaces' build argument 'catkin_skip_building_tests' from command line to 'False'
[1.627s] DEBUG:colcon.colcon_core.verb:Building package 'custom_interfaces' with the following arguments: {'ament_cmake_args': None, 'build_base': '/home/ros2/hexapod_ws/build/custom_interfaces', 'catkin_cmake_args': None, 'catkin_skip_building_tests': False, 'cmake_args': None, 'cmake_clean_cache': False, 'cmake_clean_first': False, 'cmake_force_configure': False, 'cmake_target': None, 'cmake_target_skip_unavailable': False, 'install_base': '/home/ros2/hexapod_ws/install/custom_interfaces', 'merge_install': False, 'path': '/home/ros2/hexapod_ws/src/custom_interfaces', 'symlink_install': False, 'test_result_base': None}
[1.648s] Level 5:colcon.colcon_core.verb:set package 'hexapod_description' build argument 'cmake_args' from command line to 'None'
[1.648s] Level 5:colcon.colcon_core.verb:set package 'hexapod_description' build argument 'cmake_target' from command line to 'None'
[1.648s] Level 5:colcon.colcon_core.verb:set package 'hexapod_description' build argument 'cmake_target_skip_unavailable' from command line to 'False'
[1.648s] Level 5:colcon.colcon_core.verb:set package 'hexapod_description' build argument 'cmake_clean_cache' from command line to 'False'
[1.648s] Level 5:colcon.colcon_core.verb:set package 'hexapod_description' build argument 'cmake_clean_first' from command line to 'False'
[1.648s] Level 5:colcon.colcon_core.verb:set package 'hexapod_description' build argument 'cmake_force_configure' from command line to 'False'
[1.648s] Level 5:colcon.colcon_core.verb:set package 'hexapod_description' build argument 'ament_cmake_args' from command line to 'None'
[1.648s] Level 5:colcon.colcon_core.verb:set package 'hexapod_description' build argument 'catkin_cmake_args' from command line to 'None'
[1.648s] Level 5:colcon.colcon_core.verb:set package 'hexapod_description' build argument 'catkin_skip_building_tests' from command line to 'False'
[1.648s] DEBUG:colcon.colcon_core.verb:Building package 'hexapod_description' with the following arguments: {'ament_cmake_args': None, 'build_base': '/home/ros2/hexapod_ws/build/hexapod_description', 'catkin_cmake_args': None, 'catkin_skip_building_tests': False, 'cmake_args': None, 'cmake_clean_cache': False, 'cmake_clean_first': False, 'cmake_force_configure': False, 'cmake_target': None, 'cmake_target_skip_unavailable': False, 'install_base': '/home/ros2/hexapod_ws/install/hexapod_description', 'merge_install': False, 'path': '/home/ros2/hexapod_ws/src/hexapod_description', 'symlink_install': False, 'test_result_base': None}
[1.670s] Level 5:colcon.colcon_core.verb:set package 'patrol_action_client' build argument 'cmake_args' from command line to 'None'
[1.670s] Level 5:colcon.colcon_core.verb:set package 'patrol_action_client' build argument 'cmake_target' from command line to 'None'
[1.670s] Level 5:colcon.colcon_core.verb:set package 'patrol_action_client' build argument 'cmake_target_skip_unavailable' from command line to 'False'
[1.670s] Level 5:colcon.colcon_core.verb:set package 'patrol_action_client' build argument 'cmake_clean_cache' from command line to 'False'
[1.670s] Level 5:colcon.colcon_core.verb:set package 'patrol_action_client' build argument 'cmake_clean_first' from command line to 'False'
[1.671s] Level 5:colcon.colcon_core.verb:set package 'patrol_action_client' build argument 'cmake_force_configure' from command line to 'False'
[1.671s] Level 5:colcon.colcon_core.verb:set package 'patrol_action_client' build argument 'ament_cmake_args' from command line to 'None'
[1.671s] Level 5:colcon.colcon_core.verb:set package 'patrol_action_client' build argument 'catkin_cmake_args' from command line to 'None'
[1.671s] Level 5:colcon.colcon_core.verb:set package 'patrol_action_client' build argument 'catkin_skip_building_tests' from command line to 'False'
[1.671s] DEBUG:colcon.colcon_core.verb:Building package 'patrol_action_client' with the following arguments: {'ament_cmake_args': None, 'build_base': '/home/ros2/hexapod_ws/build/patrol_action_client', 'catkin_cmake_args': None, 'catkin_skip_building_tests': False, 'cmake_args': None, 'cmake_clean_cache': False, 'cmake_clean_first': False, 'cmake_force_configure': False, 'cmake_target': None, 'cmake_target_skip_unavailable': False, 'install_base': '/home/ros2/hexapod_ws/install/patrol_action_client', 'merge_install': False, 'path': '/home/ros2/hexapod_ws/src/patrol_action_client', 'symlink_install': False, 'test_result_base': None}
[1.692s] Level 5:colcon.colcon_core.verb:set package 'patrol_action_server' build argument 'cmake_args' from command line to 'None'
[1.692s] Level 5:colcon.colcon_core.verb:set package 'patrol_action_server' build argument 'cmake_target' from command line to 'None'
[1.692s] Level 5:colcon.colcon_core.verb:set package 'patrol_action_server' build argument 'cmake_target_skip_unavailable' from command line to 'False'
[1.692s] Level 5:colcon.colcon_core.verb:set package 'patrol_action_server' build argument 'cmake_clean_cache' from command line to 'False'
[1.692s] Level 5:colcon.colcon_core.verb:set package 'patrol_action_server' build argument 'cmake_clean_first' from command line to 'False'
[1.692s] Level 5:colcon.colcon_core.verb:set package 'patrol_action_server' build argument 'cmake_force_configure' from command line to 'False'
[1.692s] Level 5:colcon.colcon_core.verb:set package 'patrol_action_server' build argument 'ament_cmake_args' from command line to 'None'
[1.692s] Level 5:colcon.colcon_core.verb:set package 'patrol_action_server' build argument 'catkin_cmake_args' from command line to 'None'
[1.692s] Level 5:colcon.colcon_core.verb:set package 'patrol_action_server' build argument 'catkin_skip_building_tests' from command line to 'False'
[1.692s] DEBUG:colcon.colcon_core.verb:Building package 'patrol_action_server' with the following arguments: {'ament_cmake_args': None, 'build_base': '/home/ros2/hexapod_ws/build/patrol_action_server', 'catkin_cmake_args': None, 'catkin_skip_building_tests': False, 'cmake_args': None, 'cmake_clean_cache': False, 'cmake_clean_first': False, 'cmake_force_configure': False, 'cmake_target': None, 'cmake_target_skip_unavailable': False, 'install_base': '/home/ros2/hexapod_ws/install/patrol_action_server', 'merge_install': False, 'path': '/home/ros2/hexapod_ws/src/patrol_action_server', 'symlink_install': False, 'test_result_base': None}
[1.713s] INFO:colcon.colcon_core.executor:Executing jobs using 'parallel' executor
[1.736s] DEBUG:colcon.colcon_parallel_executor.executor.parallel:run_until_complete
[1.736s] INFO:colcon.colcon_ros.task.ament_cmake.build:Building ROS package in '/home/ros2/hexapod_ws/src/custom_interfaces' with build type 'ament_cmake'
[1.736s] INFO:colcon.colcon_cmake.task.cmake.build:Building CMake package in '/home/ros2/hexapod_ws/src/custom_interfaces'
[1.761s] INFO:colcon.colcon_core.plugin_system:Skipping extension 'colcon_core.shell.bat': Not used on non-Windows systems
[1.761s] INFO:colcon.colcon_core.shell:Skip shell extension 'powershell' for command environment: Not usable outside of PowerShell
[1.761s] DEBUG:colcon.colcon_core.shell:Skip shell extension 'dsv' for command environment
[1.840s] DEBUG:colcon.colcon_core.event_handler.log_command:Invoking command in '/home/ros2/hexapod_ws/build/custom_interfaces': CMAKE_PREFIX_PATH=${CMAKE_PREFIX_PATH}:/home/ros2/hexapod_ws/install/patrol_action_server:/home/ros2/hexapod_ws/install/patrol_action_client:/home/ros2/hexapod_ws/install/hexapod_description:/opt/ros/foxy /usr/bin/cmake --build /home/ros2/hexapod_ws/build/custom_interfaces -- -j8 -l8
[2.021s] DEBUG:colcon.colcon_core.event_handler.log_command:Invoked command in '/home/ros2/hexapod_ws/build/custom_interfaces' returned '0': CMAKE_PREFIX_PATH=${CMAKE_PREFIX_PATH}:/home/ros2/hexapod_ws/install/patrol_action_server:/home/ros2/hexapod_ws/install/patrol_action_client:/home/ros2/hexapod_ws/install/hexapod_description:/opt/ros/foxy /usr/bin/cmake --build /home/ros2/hexapod_ws/build/custom_interfaces -- -j8 -l8
[2.069s] DEBUG:colcon.colcon_core.event_handler.log_command:Invoking command in '/home/ros2/hexapod_ws/build/custom_interfaces': CMAKE_PREFIX_PATH=${CMAKE_PREFIX_PATH}:/home/ros2/hexapod_ws/install/patrol_action_server:/home/ros2/hexapod_ws/install/patrol_action_client:/home/ros2/hexapod_ws/install/hexapod_description:/opt/ros/foxy /usr/bin/cmake --install /home/ros2/hexapod_ws/build/custom_interfaces
[2.108s] Level 1:colcon.colcon_core.environment:create_environment_scripts_only(custom_interfaces)
[2.109s] DEBUG:colcon.colcon_core.event_handler.log_command:Invoked command in '/home/ros2/hexapod_ws/build/custom_interfaces' returned '0': CMAKE_PREFIX_PATH=${CMAKE_PREFIX_PATH}:/home/ros2/hexapod_ws/install/patrol_action_server:/home/ros2/hexapod_ws/install/patrol_action_client:/home/ros2/hexapod_ws/install/hexapod_description:/opt/ros/foxy /usr/bin/cmake --install /home/ros2/hexapod_ws/build/custom_interfaces
[2.134s] Level 1:colcon.colcon_core.environment:checking '/home/ros2/hexapod_ws/install/custom_interfaces' for CMake module files
[2.135s] Level 1:colcon.colcon_core.environment:checking '/home/ros2/hexapod_ws/install/custom_interfaces' for CMake config files
[2.135s] Level 1:colcon.colcon_core.shell:create_environment_hook('custom_interfaces', 'cmake_prefix_path')
[2.157s] INFO:colcon.colcon_core.shell:Creating environment hook '/home/ros2/hexapod_ws/install/custom_interfaces/share/custom_interfaces/hook/cmake_prefix_path.ps1'
[2.158s] INFO:colcon.colcon_core.shell:Creating environment descriptor '/home/ros2/hexapod_ws/install/custom_interfaces/share/custom_interfaces/hook/cmake_prefix_path.dsv'
[2.158s] INFO:colcon.colcon_core.shell:Creating environment hook '/home/ros2/hexapod_ws/install/custom_interfaces/share/custom_interfaces/hook/cmake_prefix_path.sh'
[2.159s] Level 1:colcon.colcon_core.environment:checking '/home/ros2/hexapod_ws/install/custom_interfaces/lib'
[2.159s] Level 1:colcon.colcon_core.shell:create_environment_hook('custom_interfaces', 'ld_library_path_lib')
[2.182s] INFO:colcon.colcon_core.shell:Creating environment hook '/home/ros2/hexapod_ws/install/custom_interfaces/share/custom_interfaces/hook/ld_library_path_lib.ps1'
[2.182s] INFO:colcon.colcon_core.shell:Creating environment descriptor '/home/ros2/hexapod_ws/install/custom_interfaces/share/custom_interfaces/hook/ld_library_path_lib.dsv'
[2.182s] INFO:colcon.colcon_core.shell:Creating environment hook '/home/ros2/hexapod_ws/install/custom_interfaces/share/custom_interfaces/hook/ld_library_path_lib.sh'
[2.183s] Level 1:colcon.colcon_core.environment:checking '/home/ros2/hexapod_ws/install/custom_interfaces/bin'
[2.183s] Level 1:colcon.colcon_core.environment:checking '/home/ros2/hexapod_ws/install/custom_interfaces/lib/pkgconfig/custom_interfaces.pc'
[2.183s] Level 1:colcon.colcon_core.environment:checking '/home/ros2/hexapod_ws/install/custom_interfaces/lib/python3.8/site-packages'
[2.183s] Level 1:colcon.colcon_core.shell:create_environment_hook('custom_interfaces', 'pythonpath')
[2.206s] INFO:colcon.colcon_core.shell:Creating environment hook '/home/ros2/hexapod_ws/install/custom_interfaces/share/custom_interfaces/hook/pythonpath.ps1'
[2.206s] INFO:colcon.colcon_core.shell:Creating environment descriptor '/home/ros2/hexapod_ws/install/custom_interfaces/share/custom_interfaces/hook/pythonpath.dsv'
[2.206s] INFO:colcon.colcon_core.shell:Creating environment hook '/home/ros2/hexapod_ws/install/custom_interfaces/share/custom_interfaces/hook/pythonpath.sh'
[2.206s] Level 1:colcon.colcon_core.environment:checking '/home/ros2/hexapod_ws/install/custom_interfaces/bin'
[2.228s] INFO:colcon.colcon_core.shell:Creating package script '/home/ros2/hexapod_ws/install/custom_interfaces/share/custom_interfaces/package.ps1'
[2.229s] INFO:colcon.colcon_core.shell:Creating package descriptor '/home/ros2/hexapod_ws/install/custom_interfaces/share/custom_interfaces/package.dsv'
[2.229s] INFO:colcon.colcon_core.shell:Creating package script '/home/ros2/hexapod_ws/install/custom_interfaces/share/custom_interfaces/package.sh'
[2.230s] INFO:colcon.colcon_core.shell:Creating package script '/home/ros2/hexapod_ws/install/custom_interfaces/share/custom_interfaces/package.bash'
[2.230s] INFO:colcon.colcon_core.shell:Creating package script '/home/ros2/hexapod_ws/install/custom_interfaces/share/custom_interfaces/package.zsh'
[2.231s] Level 1:colcon.colcon_core.environment:create_file_with_runtime_dependencies(/home/ros2/hexapod_ws/install/custom_interfaces/share/colcon-core/packages/custom_interfaces)
[2.292s] Level 1:colcon.colcon_core.environment:create_environment_scripts_only(custom_interfaces)
[2.314s] Level 1:colcon.colcon_core.environment:checking '/home/ros2/hexapod_ws/install/custom_interfaces' for CMake module files
[2.315s] Level 1:colcon.colcon_core.environment:checking '/home/ros2/hexapod_ws/install/custom_interfaces' for CMake config files
[2.315s] Level 1:colcon.colcon_core.shell:create_environment_hook('custom_interfaces', 'cmake_prefix_path')
[2.338s] INFO:colcon.colcon_core.shell:Creating environment hook '/home/ros2/hexapod_ws/install/custom_interfaces/share/custom_interfaces/hook/cmake_prefix_path.ps1'
[2.338s] INFO:colcon.colcon_core.shell:Creating environment descriptor '/home/ros2/hexapod_ws/install/custom_interfaces/share/custom_interfaces/hook/cmake_prefix_path.dsv'
[2.338s] INFO:colcon.colcon_core.shell:Creating environment hook '/home/ros2/hexapod_ws/install/custom_interfaces/share/custom_interfaces/hook/cmake_prefix_path.sh'
[2.339s] Level 1:colcon.colcon_core.environment:checking '/home/ros2/hexapod_ws/install/custom_interfaces/lib'
[2.339s] Level 1:colcon.colcon_core.shell:create_environment_hook('custom_interfaces', 'ld_library_path_lib')
[2.364s] INFO:colcon.colcon_core.shell:Creating environment hook '/home/ros2/hexapod_ws/install/custom_interfaces/share/custom_interfaces/hook/ld_library_path_lib.ps1'
[2.365s] INFO:colcon.colcon_core.shell:Creating environment descriptor '/home/ros2/hexapod_ws/install/custom_interfaces/share/custom_interfaces/hook/ld_library_path_lib.dsv'
[2.365s] INFO:colcon.colcon_core.shell:Creating environment hook '/home/ros2/hexapod_ws/install/custom_interfaces/share/custom_interfaces/hook/ld_library_path_lib.sh'
[2.366s] Level 1:colcon.colcon_core.environment:checking '/home/ros2/hexapod_ws/install/custom_interfaces/bin'
[2.366s] Level 1:colcon.colcon_core.environment:checking '/home/ros2/hexapod_ws/install/custom_interfaces/lib/pkgconfig/custom_interfaces.pc'
[2.366s] Level 1:colcon.colcon_core.environment:checking '/home/ros2/hexapod_ws/install/custom_interfaces/lib/python3.8/site-packages'
[2.366s] Level 1:colcon.colcon_core.shell:create_environment_hook('custom_interfaces', 'pythonpath')
[2.390s] INFO:colcon.colcon_core.shell:Creating environment hook '/home/ros2/hexapod_ws/install/custom_interfaces/share/custom_interfaces/hook/pythonpath.ps1'
[2.391s] INFO:colcon.colcon_core.shell:Creating environment descriptor '/home/ros2/hexapod_ws/install/custom_interfaces/share/custom_interfaces/hook/pythonpath.dsv'
[2.391s] INFO:colcon.colcon_core.shell:Creating environment hook '/home/ros2/hexapod_ws/install/custom_interfaces/share/custom_interfaces/hook/pythonpath.sh'
[2.391s] Level 1:colcon.colcon_core.environment:checking '/home/ros2/hexapod_ws/install/custom_interfaces/bin'
[2.415s] INFO:colcon.colcon_core.shell:Creating package script '/home/ros2/hexapod_ws/install/custom_interfaces/share/custom_interfaces/package.ps1'
[2.416s] INFO:colcon.colcon_core.shell:Creating package descriptor '/home/ros2/hexapod_ws/install/custom_interfaces/share/custom_interfaces/package.dsv'
[2.416s] INFO:colcon.colcon_core.shell:Creating package script '/home/ros2/hexapod_ws/install/custom_interfaces/share/custom_interfaces/package.sh'
[2.416s] INFO:colcon.colcon_core.shell:Creating package script '/home/ros2/hexapod_ws/install/custom_interfaces/share/custom_interfaces/package.bash'
[2.417s] INFO:colcon.colcon_core.shell:Creating package script '/home/ros2/hexapod_ws/install/custom_interfaces/share/custom_interfaces/package.zsh'
[2.417s] Level 1:colcon.colcon_core.environment:create_file_with_runtime_dependencies(/home/ros2/hexapod_ws/install/custom_interfaces/share/colcon-core/packages/custom_interfaces)
[2.417s] INFO:colcon.colcon_ros.task.ament_python.build:Building ROS package in '/home/ros2/hexapod_ws/src/hexapod_description' with build type 'ament_python'
[2.418s] Level 1:colcon.colcon_core.shell:create_environment_hook('hexapod_description', 'ament_prefix_path')
[2.442s] INFO:colcon.colcon_core.shell:Creating environment hook '/home/ros2/hexapod_ws/install/hexapod_description/share/hexapod_description/hook/ament_prefix_path.ps1'
[2.443s] INFO:colcon.colcon_core.shell:Creating environment descriptor '/home/ros2/hexapod_ws/install/hexapod_description/share/hexapod_description/hook/ament_prefix_path.dsv'
[2.443s] INFO:colcon.colcon_core.shell:Creating environment hook '/home/ros2/hexapod_ws/install/hexapod_description/share/hexapod_description/hook/ament_prefix_path.sh'
[2.467s] INFO:colcon.colcon_core.shell:Skip shell extension 'powershell' for command environment: Not usable outside of PowerShell
[2.467s] DEBUG:colcon.colcon_core.shell:Skip shell extension 'dsv' for command environment
[2.535s] INFO:colcon.colcon_ros.task.ament_python.build:Building ROS package in '/home/ros2/hexapod_ws/src/patrol_action_client' with build type 'ament_python'
[2.536s] Level 1:colcon.colcon_core.shell:create_environment_hook('patrol_action_client', 'ament_prefix_path')
[2.573s] INFO:colcon.colcon_core.shell:Creating environment hook '/home/ros2/hexapod_ws/install/patrol_action_client/share/patrol_action_client/hook/ament_prefix_path.ps1'
[2.574s] INFO:colcon.colcon_core.shell:Creating environment descriptor '/home/ros2/hexapod_ws/install/patrol_action_client/share/patrol_action_client/hook/ament_prefix_path.dsv'
[2.574s] INFO:colcon.colcon_core.shell:Creating environment hook '/home/ros2/hexapod_ws/install/patrol_action_client/share/patrol_action_client/hook/ament_prefix_path.sh'
[2.597s] INFO:colcon.colcon_core.shell:Skip shell extension 'powershell' for command environment: Not usable outside of PowerShell
[2.597s] DEBUG:colcon.colcon_core.shell:Skip shell extension 'dsv' for command environment
[2.665s] INFO:colcon.colcon_ros.task.ament_python.build:Building ROS package in '/home/ros2/hexapod_ws/src/patrol_action_server' with build type 'ament_python'
[2.666s] Level 1:colcon.colcon_core.shell:create_environment_hook('patrol_action_server', 'ament_prefix_path')
[2.691s] INFO:colcon.colcon_core.shell:Creating environment hook '/home/ros2/hexapod_ws/install/patrol_action_server/share/patrol_action_server/hook/ament_prefix_path.ps1'
[2.692s] INFO:colcon.colcon_core.shell:Creating environment descriptor '/home/ros2/hexapod_ws/install/patrol_action_server/share/patrol_action_server/hook/ament_prefix_path.dsv'
[2.692s] INFO:colcon.colcon_core.shell:Creating environment hook '/home/ros2/hexapod_ws/install/patrol_action_server/share/patrol_action_server/hook/ament_prefix_path.sh'
[2.718s] INFO:colcon.colcon_core.shell:Skip shell extension 'powershell' for command environment: Not usable outside of PowerShell
[2.718s] DEBUG:colcon.colcon_core.shell:Skip shell extension 'dsv' for command environment
[2.935s] INFO:colcon.colcon_core.task.python.build:Building Python package in '/home/ros2/hexapod_ws/src/hexapod_description'
[2.958s] INFO:colcon.colcon_core.shell:Skip shell extension 'powershell' for command environment: Not usable outside of PowerShell
[2.958s] DEBUG:colcon.colcon_core.shell:Skip shell extension 'dsv' for command environment
[3.170s] INFO:colcon.colcon_core.task.python.build:Building Python package in '/home/ros2/hexapod_ws/src/patrol_action_client'
[3.195s] INFO:colcon.colcon_core.shell:Skip shell extension 'powershell' for command environment: Not usable outside of PowerShell
[3.195s] DEBUG:colcon.colcon_core.shell:Skip shell extension 'dsv' for command environment
[3.406s] INFO:colcon.colcon_core.task.python.build:Building Python package in '/home/ros2/hexapod_ws/src/patrol_action_server'
[3.428s] INFO:colcon.colcon_core.shell:Skip shell extension 'powershell' for command environment: Not usable outside of PowerShell
[3.428s] DEBUG:colcon.colcon_core.shell:Skip shell extension 'dsv' for command environment
[3.827s] DEBUG:colcon.colcon_core.event_handler.log_command:Invoking command in '/home/ros2/hexapod_ws/src/patrol_action_client': LD_LIBRARY_PATH=/home/ros2/hexapod_ws/install/custom_interfaces/lib:/usr/lib/x86_64-linux-gnu/gazebo-11/plugins:/opt/ros/foxy/opt/yaml_cpp_vendor/lib:/opt/ros/foxy/opt/rviz_ogre_vendor/lib:/opt/ros/foxy/lib/x86_64-linux-gnu:/opt/ros/foxy/lib:/usr/lib/x86_64-linux-gnu/gazebo-11/plugins PYTHONPATH=/home/ros2/hexapod_ws/build/patrol_action_client/prefix_override:/home/ros2/hexapod_ws/install/patrol_action_client/lib/python3.8/site-packages:/home/ros2/hexapod_ws/install/custom_interfaces/lib/python3.8/site-packages:/home/ros2/hexapod_ws/install/patrol_action_server/lib/python3.8/site-packages:/home/ros2/hexapod_ws/install/patrol_action_client/lib/python3.8/site-packages:/home/ros2/hexapod_ws/install/hexapod_description/lib/python3.8/site-packages:/opt/ros/foxy/lib/python3.8/site-packages /usr/bin/python3 setup.py egg_info --egg-base ../../build/patrol_action_client build --build-base /home/ros2/hexapod_ws/build/patrol_action_client/build install --record /home/ros2/hexapod_ws/build/patrol_action_client/install.log --install-scripts $base/lib/patrol_action_client --single-version-externally-managed
[3.831s] DEBUG:colcon.colcon_core.event_handler.log_command:Invoking command in '/home/ros2/hexapod_ws/src/hexapod_description': LD_LIBRARY_PATH=/home/ros2/hexapod_ws/install/custom_interfaces/lib:/usr/lib/x86_64-linux-gnu/gazebo-11/plugins:/opt/ros/foxy/opt/yaml_cpp_vendor/lib:/opt/ros/foxy/opt/rviz_ogre_vendor/lib:/opt/ros/foxy/lib/x86_64-linux-gnu:/opt/ros/foxy/lib:/usr/lib/x86_64-linux-gnu/gazebo-11/plugins PYTHONPATH=/home/ros2/hexapod_ws/build/hexapod_description/prefix_override:/home/ros2/hexapod_ws/install/hexapod_description/lib/python3.8/site-packages:/home/ros2/hexapod_ws/install/custom_interfaces/lib/python3.8/site-packages:/home/ros2/hexapod_ws/install/patrol_action_server/lib/python3.8/site-packages:/home/ros2/hexapod_ws/install/patrol_action_client/lib/python3.8/site-packages:/home/ros2/hexapod_ws/install/hexapod_description/lib/python3.8/site-packages:/opt/ros/foxy/lib/python3.8/site-packages /usr/bin/python3 setup.py egg_info --egg-base ../../build/hexapod_description build --build-base /home/ros2/hexapod_ws/build/hexapod_description/build install --record /home/ros2/hexapod_ws/build/hexapod_description/install.log --single-version-externally-managed
[3.836s] DEBUG:colcon.colcon_core.event_handler.log_command:Invoking command in '/home/ros2/hexapod_ws/src/patrol_action_server': LD_LIBRARY_PATH=/home/ros2/hexapod_ws/install/custom_interfaces/lib:/usr/lib/x86_64-linux-gnu/gazebo-11/plugins:/opt/ros/foxy/opt/yaml_cpp_vendor/lib:/opt/ros/foxy/opt/rviz_ogre_vendor/lib:/opt/ros/foxy/lib/x86_64-linux-gnu:/opt/ros/foxy/lib:/usr/lib/x86_64-linux-gnu/gazebo-11/plugins PYTHONPATH=/home/ros2/hexapod_ws/build/patrol_action_server/prefix_override:/home/ros2/hexapod_ws/install/patrol_action_server/lib/python3.8/site-packages:/home/ros2/hexapod_ws/install/custom_interfaces/lib/python3.8/site-packages:/home/ros2/hexapod_ws/install/patrol_action_server/lib/python3.8/site-packages:/home/ros2/hexapod_ws/install/patrol_action_client/lib/python3.8/site-packages:/home/ros2/hexapod_ws/install/hexapod_description/lib/python3.8/site-packages:/opt/ros/foxy/lib/python3.8/site-packages /usr/bin/python3 setup.py egg_info --egg-base ../../build/patrol_action_server build --build-base /home/ros2/hexapod_ws/build/patrol_action_server/build install --record /home/ros2/hexapod_ws/build/patrol_action_server/install.log --install-scripts $base/lib/patrol_action_server --single-version-externally-managed
[4.056s] DEBUG:colcon.colcon_core.event_handler.log_command:Invoked command in '/home/ros2/hexapod_ws/src/patrol_action_client' returned '0': LD_LIBRARY_PATH=/home/ros2/hexapod_ws/install/custom_interfaces/lib:/usr/lib/x86_64-linux-gnu/gazebo-11/plugins:/opt/ros/foxy/opt/yaml_cpp_vendor/lib:/opt/ros/foxy/opt/rviz_ogre_vendor/lib:/opt/ros/foxy/lib/x86_64-linux-gnu:/opt/ros/foxy/lib:/usr/lib/x86_64-linux-gnu/gazebo-11/plugins PYTHONPATH=/home/ros2/hexapod_ws/build/patrol_action_client/prefix_override:/home/ros2/hexapod_ws/install/patrol_action_client/lib/python3.8/site-packages:/home/ros2/hexapod_ws/install/custom_interfaces/lib/python3.8/site-packages:/home/ros2/hexapod_ws/install/patrol_action_server/lib/python3.8/site-packages:/home/ros2/hexapod_ws/install/patrol_action_client/lib/python3.8/site-packages:/home/ros2/hexapod_ws/install/hexapod_description/lib/python3.8/site-packages:/opt/ros/foxy/lib/python3.8/site-packages /usr/bin/python3 setup.py egg_info --egg-base ../../build/patrol_action_client build --build-base /home/ros2/hexapod_ws/build/patrol_action_client/build install --record /home/ros2/hexapod_ws/build/patrol_action_client/install.log --install-scripts $base/lib/patrol_action_client --single-version-externally-managed
[4.089s] Level 1:colcon.colcon_core.environment:checking '/home/ros2/hexapod_ws/install/patrol_action_client' for CMake module files
[4.089s] Level 1:colcon.colcon_core.environment:checking '/home/ros2/hexapod_ws/install/patrol_action_client' for CMake config files
[4.090s] Level 1:colcon.colcon_core.environment:checking '/home/ros2/hexapod_ws/install/patrol_action_client/lib'
[4.090s] Level 1:colcon.colcon_core.environment:checking '/home/ros2/hexapod_ws/install/patrol_action_client/bin'
[4.090s] Level 1:colcon.colcon_core.environment:checking '/home/ros2/hexapod_ws/install/patrol_action_client/lib/pkgconfig/patrol_action_client.pc'
[4.090s] Level 1:colcon.colcon_core.environment:checking '/home/ros2/hexapod_ws/install/patrol_action_client/lib/python3.8/site-packages'
[4.090s] Level 1:colcon.colcon_core.shell:create_environment_hook('patrol_action_client', 'pythonpath')
[4.113s] INFO:colcon.colcon_core.shell:Creating environment hook '/home/ros2/hexapod_ws/install/patrol_action_client/share/patrol_action_client/hook/pythonpath.ps1'
[4.114s] INFO:colcon.colcon_core.shell:Creating environment descriptor '/home/ros2/hexapod_ws/install/patrol_action_client/share/patrol_action_client/hook/pythonpath.dsv'
[4.114s] INFO:colcon.colcon_core.shell:Creating environment hook '/home/ros2/hexapod_ws/install/patrol_action_client/share/patrol_action_client/hook/pythonpath.sh'
[4.114s] Level 1:colcon.colcon_core.environment:checking '/home/ros2/hexapod_ws/install/patrol_action_client/bin'
[4.115s] Level 1:colcon.colcon_core.environment:create_environment_scripts_only(patrol_action_client)
[4.137s] INFO:colcon.colcon_core.shell:Creating package script '/home/ros2/hexapod_ws/install/patrol_action_client/share/patrol_action_client/package.ps1'
[4.137s] INFO:colcon.colcon_core.shell:Creating package descriptor '/home/ros2/hexapod_ws/install/patrol_action_client/share/patrol_action_client/package.dsv'
[4.138s] INFO:colcon.colcon_core.shell:Creating package script '/home/ros2/hexapod_ws/install/patrol_action_client/share/patrol_action_client/package.sh'
[4.138s] INFO:colcon.colcon_core.shell:Creating package script '/home/ros2/hexapod_ws/install/patrol_action_client/share/patrol_action_client/package.bash'
[4.138s] INFO:colcon.colcon_core.shell:Creating package script '/home/ros2/hexapod_ws/install/patrol_action_client/share/patrol_action_client/package.zsh'
[4.138s] Level 1:colcon.colcon_core.environment:create_file_with_runtime_dependencies(/home/ros2/hexapod_ws/install/patrol_action_client/share/colcon-core/packages/patrol_action_client)
[4.140s] DEBUG:colcon.colcon_core.event_handler.log_command:Invoked command in '/home/ros2/hexapod_ws/src/patrol_action_server' returned '0': LD_LIBRARY_PATH=/home/ros2/hexapod_ws/install/custom_interfaces/lib:/usr/lib/x86_64-linux-gnu/gazebo-11/plugins:/opt/ros/foxy/opt/yaml_cpp_vendor/lib:/opt/ros/foxy/opt/rviz_ogre_vendor/lib:/opt/ros/foxy/lib/x86_64-linux-gnu:/opt/ros/foxy/lib:/usr/lib/x86_64-linux-gnu/gazebo-11/plugins PYTHONPATH=/home/ros2/hexapod_ws/build/patrol_action_server/prefix_override:/home/ros2/hexapod_ws/install/patrol_action_server/lib/python3.8/site-packages:/home/ros2/hexapod_ws/install/custom_interfaces/lib/python3.8/site-packages:/home/ros2/hexapod_ws/install/patrol_action_server/lib/python3.8/site-packages:/home/ros2/hexapod_ws/install/patrol_action_client/lib/python3.8/site-packages:/home/ros2/hexapod_ws/install/hexapod_description/lib/python3.8/site-packages:/opt/ros/foxy/lib/python3.8/site-packages /usr/bin/python3 setup.py egg_info --egg-base ../../build/patrol_action_server build --build-base /home/ros2/hexapod_ws/build/patrol_action_server/build install --record /home/ros2/hexapod_ws/build/patrol_action_server/install.log --install-scripts $base/lib/patrol_action_server --single-version-externally-managed
[4.167s] Level 1:colcon.colcon_core.environment:checking '/home/ros2/hexapod_ws/install/patrol_action_server' for CMake module files
[4.167s] Level 1:colcon.colcon_core.environment:checking '/home/ros2/hexapod_ws/install/patrol_action_server' for CMake config files
[4.168s] Level 1:colcon.colcon_core.environment:checking '/home/ros2/hexapod_ws/install/patrol_action_server/lib'
[4.168s] Level 1:colcon.colcon_core.environment:checking '/home/ros2/hexapod_ws/install/patrol_action_server/bin'
[4.168s] Level 1:colcon.colcon_core.environment:checking '/home/ros2/hexapod_ws/install/patrol_action_server/lib/pkgconfig/patrol_action_server.pc'
[4.168s] Level 1:colcon.colcon_core.environment:checking '/home/ros2/hexapod_ws/install/patrol_action_server/lib/python3.8/site-packages'
[4.168s] Level 1:colcon.colcon_core.shell:create_environment_hook('patrol_action_server', 'pythonpath')
[4.193s] INFO:colcon.colcon_core.shell:Creating environment hook '/home/ros2/hexapod_ws/install/patrol_action_server/share/patrol_action_server/hook/pythonpath.ps1'
[4.193s] INFO:colcon.colcon_core.shell:Creating environment descriptor '/home/ros2/hexapod_ws/install/patrol_action_server/share/patrol_action_server/hook/pythonpath.dsv'
[4.193s] INFO:colcon.colcon_core.shell:Creating environment hook '/home/ros2/hexapod_ws/install/patrol_action_server/share/patrol_action_server/hook/pythonpath.sh'
[4.194s] Level 1:colcon.colcon_core.environment:checking '/home/ros2/hexapod_ws/install/patrol_action_server/bin'
[4.194s] Level 1:colcon.colcon_core.environment:create_environment_scripts_only(patrol_action_server)
[4.225s] INFO:colcon.colcon_core.shell:Creating package script '/home/ros2/hexapod_ws/install/patrol_action_server/share/patrol_action_server/package.ps1'
[4.225s] INFO:colcon.colcon_core.shell:Creating package descriptor '/home/ros2/hexapod_ws/install/patrol_action_server/share/patrol_action_server/package.dsv'
[4.226s] INFO:colcon.colcon_core.shell:Creating package script '/home/ros2/hexapod_ws/install/patrol_action_server/share/patrol_action_server/package.sh'
[4.226s] INFO:colcon.colcon_core.shell:Creating package script '/home/ros2/hexapod_ws/install/patrol_action_server/share/patrol_action_server/package.bash'
[4.226s] INFO:colcon.colcon_core.shell:Creating package script '/home/ros2/hexapod_ws/install/patrol_action_server/share/patrol_action_server/package.zsh'
[4.227s] Level 1:colcon.colcon_core.environment:create_file_with_runtime_dependencies(/home/ros2/hexapod_ws/install/patrol_action_server/share/colcon-core/packages/patrol_action_server)
[4.227s] DEBUG:colcon.colcon_core.event_handler.log_command:Invoked command in '/home/ros2/hexapod_ws/src/hexapod_description' returned '0': LD_LIBRARY_PATH=/home/ros2/hexapod_ws/install/custom_interfaces/lib:/usr/lib/x86_64-linux-gnu/gazebo-11/plugins:/opt/ros/foxy/opt/yaml_cpp_vendor/lib:/opt/ros/foxy/opt/rviz_ogre_vendor/lib:/opt/ros/foxy/lib/x86_64-linux-gnu:/opt/ros/foxy/lib:/usr/lib/x86_64-linux-gnu/gazebo-11/plugins PYTHONPATH=/home/ros2/hexapod_ws/build/hexapod_description/prefix_override:/home/ros2/hexapod_ws/install/hexapod_description/lib/python3.8/site-packages:/home/ros2/hexapod_ws/install/custom_interfaces/lib/python3.8/site-packages:/home/ros2/hexapod_ws/install/patrol_action_server/lib/python3.8/site-packages:/home/ros2/hexapod_ws/install/patrol_action_client/lib/python3.8/site-packages:/home/ros2/hexapod_ws/install/hexapod_description/lib/python3.8/site-packages:/opt/ros/foxy/lib/python3.8/site-packages /usr/bin/python3 setup.py egg_info --egg-base ../../build/hexapod_description build --build-base /home/ros2/hexapod_ws/build/hexapod_description/build install --record /home/ros2/hexapod_ws/build/hexapod_description/install.log --single-version-externally-managed
[4.254s] Level 1:colcon.colcon_core.environment:checking '/home/ros2/hexapod_ws/install/hexapod_description' for CMake module files
[4.254s] Level 1:colcon.colcon_core.environment:checking '/home/ros2/hexapod_ws/install/hexapod_description' for CMake config files
[4.255s] Level 1:colcon.colcon_core.environment:checking '/home/ros2/hexapod_ws/install/hexapod_description/lib'
[4.255s] Level 1:colcon.colcon_core.environment:checking '/home/ros2/hexapod_ws/install/hexapod_description/bin'
[4.255s] Level 1:colcon.colcon_core.environment:checking '/home/ros2/hexapod_ws/install/hexapod_description/lib/pkgconfig/hexapod_description.pc'
[4.255s] Level 1:colcon.colcon_core.environment:checking '/home/ros2/hexapod_ws/install/hexapod_description/lib/python3.8/site-packages'
[4.255s] Level 1:colcon.colcon_core.shell:create_environment_hook('hexapod_description', 'pythonpath')
[4.281s] INFO:colcon.colcon_core.shell:Creating environment hook '/home/ros2/hexapod_ws/install/hexapod_description/share/hexapod_description/hook/pythonpath.ps1'
[4.281s] INFO:colcon.colcon_core.shell:Creating environment descriptor '/home/ros2/hexapod_ws/install/hexapod_description/share/hexapod_description/hook/pythonpath.dsv'
[4.282s] INFO:colcon.colcon_core.shell:Creating environment hook '/home/ros2/hexapod_ws/install/hexapod_description/share/hexapod_description/hook/pythonpath.sh'
[4.282s] Level 1:colcon.colcon_core.environment:checking '/home/ros2/hexapod_ws/install/hexapod_description/bin'
[4.282s] Level 1:colcon.colcon_core.environment:create_environment_scripts_only(hexapod_description)
[4.304s] INFO:colcon.colcon_core.shell:Creating package script '/home/ros2/hexapod_ws/install/hexapod_description/share/hexapod_description/package.ps1'
[4.304s] INFO:colcon.colcon_core.shell:Creating package descriptor '/home/ros2/hexapod_ws/install/hexapod_description/share/hexapod_description/package.dsv'
[4.304s] INFO:colcon.colcon_core.shell:Creating package script '/home/ros2/hexapod_ws/install/hexapod_description/share/hexapod_description/package.sh'
[4.304s] INFO:colcon.colcon_core.shell:Creating package script '/home/ros2/hexapod_ws/install/hexapod_description/share/hexapod_description/package.bash'
[4.305s] INFO:colcon.colcon_core.shell:Creating package script '/home/ros2/hexapod_ws/install/hexapod_description/share/hexapod_description/package.zsh'
[4.305s] Level 1:colcon.colcon_core.environment:create_file_with_runtime_dependencies(/home/ros2/hexapod_ws/install/hexapod_description/share/colcon-core/packages/hexapod_description)
[4.305s] DEBUG:colcon.colcon_parallel_executor.executor.parallel:closing loop
[4.305s] DEBUG:colcon.colcon_parallel_executor.executor.parallel:loop closed
[4.305s] DEBUG:colcon.colcon_parallel_executor.executor.parallel:run_until_complete finished with '0'
[4.305s] DEBUG:colcon.colcon_core.event_reactor:joining thread
[4.336s] INFO:colcon.colcon_core.plugin_system:Skipping extension 'colcon_notification.desktop_notification.terminal_notifier': Not used on non-Darwin systems
[4.336s] INFO:colcon.colcon_core.plugin_system:Skipping extension 'colcon_notification.desktop_notification.win32': Not used on non-Windows systems
[4.336s] INFO:colcon.colcon_notification.desktop_notification:Sending desktop notification using 'notify2'
[4.347s] DEBUG:colcon.colcon_core.event_reactor:joined thread
[4.374s] INFO:colcon.colcon_core.shell:Creating prefix script '/home/ros2/hexapod_ws/install/local_setup.ps1'
[4.375s] INFO:colcon.colcon_core.shell:Creating prefix util module '/home/ros2/hexapod_ws/install/_local_setup_util_ps1.py'
[4.376s] INFO:colcon.colcon_core.shell:Creating prefix chain script '/home/ros2/hexapod_ws/install/setup.ps1'
[4.402s] INFO:colcon.colcon_core.shell:Creating prefix script '/home/ros2/hexapod_ws/install/local_setup.sh'
[4.403s] INFO:colcon.colcon_core.shell:Creating prefix util module '/home/ros2/hexapod_ws/install/_local_setup_util_sh.py'
[4.403s] INFO:colcon.colcon_core.shell:Creating prefix chain script '/home/ros2/hexapod_ws/install/setup.sh'
[4.429s] INFO:colcon.colcon_core.shell:Creating prefix script '/home/ros2/hexapod_ws/install/local_setup.bash'
[4.430s] INFO:colcon.colcon_core.shell:Creating prefix chain script '/home/ros2/hexapod_ws/install/setup.bash'
[4.456s] INFO:colcon.colcon_core.shell:Creating prefix script '/home/ros2/hexapod_ws/install/local_setup.zsh'
[4.456s] INFO:colcon.colcon_core.shell:Creating prefix chain script '/home/ros2/hexapod_ws/install/setup.zsh'
