[0.164s] Invoking command in '/home/ros2/hexapod_ws/build/custom_interfaces': CMAKE_PREFIX_PATH=${CMAKE_PREFIX_PATH}:/home/ros2/hexapod_ws/install/patrol_action_server:/home/ros2/hexapod_ws/install/patrol_action_client:/home/ros2/hexapod_ws/install/hexapod_description:/opt/ros/foxy /usr/bin/cmake --build /home/ros2/hexapod_ws/build/custom_interfaces -- -j8 -l8
[0.307s] [  9%] Built target custom_interfaces__cpp
[0.308s] [ 12%] Built target custom_interfaces__rosidl_generator_c
[0.383s] [ 22%] Built target custom_interfaces__rosidl_typesupport_fastrtps_cpp
[0.389s] [ 32%] Built target custom_interfaces__rosidl_typesupport_introspection_cpp
[0.392s] [ 41%] Built target custom_interfaces__rosidl_typesupport_introspection_c
[0.395s] [ 51%] Built target custom_interfaces__rosidl_typesupport_cpp
[0.403s] [ 61%] Built target custom_interfaces__rosidl_typesupport_c
[0.450s] [ 70%] Built target custom_interfaces__rosidl_typesupport_fastrtps_c
[0.482s] [ 70%] Built target custom_interfaces
[0.525s] [ 74%] Built target custom_interfaces__py
[0.571s] [ 80%] Built target custom_interfaces__python
[0.634s] [ 93%] Built target custom_interfaces__rosidl_typesupport_fastrtps_c__pyext
[0.634s] [ 93%] Built target custom_interfaces__rosidl_typesupport_introspection_c__pyext
[0.643s] [100%] Built target custom_interfaces__rosidl_typesupport_c__pyext
[0.670s] Invoked command in '/home/ros2/hexapod_ws/build/custom_interfaces' returned '0': CMAKE_PREFIX_PATH=${CMAKE_PREFIX_PATH}:/home/ros2/hexapod_ws/install/patrol_action_server:/home/ros2/hexapod_ws/install/patrol_action_client:/home/ros2/hexapod_ws/install/hexapod_description:/opt/ros/foxy /usr/bin/cmake --build /home/ros2/hexapod_ws/build/custom_interfaces -- -j8 -l8
[0.781s] Invoking command in '/home/ros2/hexapod_ws/build/custom_interfaces': CMAKE_PREFIX_PATH=${CMAKE_PREFIX_PATH}:/home/ros2/hexapod_ws/install/patrol_action_server:/home/ros2/hexapod_ws/install/patrol_action_client:/home/ros2/hexapod_ws/install/hexapod_description:/opt/ros/foxy /usr/bin/cmake --install /home/ros2/hexapod_ws/build/custom_interfaces
[0.794s] -- Install configuration: ""
[0.796s] -- Up-to-date: /home/ros2/hexapod_ws/install/custom_interfaces/share/ament_index/resource_index/rosidl_interfaces/custom_interfaces
[0.797s] -- Up-to-date: /home/ros2/hexapod_ws/install/custom_interfaces/include/custom_interfaces
[0.797s] -- Up-to-date: /home/ros2/hexapod_ws/install/custom_interfaces/include/custom_interfaces/action
[0.797s] -- Up-to-date: /home/ros2/hexapod_ws/install/custom_interfaces/include/custom_interfaces/action/patrol.h
[0.797s] -- Up-to-date: /home/ros2/hexapod_ws/install/custom_interfaces/include/custom_interfaces/action/detail
[0.797s] -- Up-to-date: /home/ros2/hexapod_ws/install/custom_interfaces/include/custom_interfaces/action/detail/patrol__functions.c
[0.797s] -- Up-to-date: /home/ros2/hexapod_ws/install/custom_interfaces/include/custom_interfaces/action/detail/patrol__functions.h
[0.797s] -- Up-to-date: /home/ros2/hexapod_ws/install/custom_interfaces/include/custom_interfaces/action/detail/patrol__type_support.h
[0.797s] -- Up-to-date: /home/ros2/hexapod_ws/install/custom_interfaces/include/custom_interfaces/action/detail/patrol__struct.h
[0.797s] -- Up-to-date: /home/ros2/hexapod_ws/install/custom_interfaces/include/custom_interfaces/msg
[0.797s] -- Up-to-date: /home/ros2/hexapod_ws/install/custom_interfaces/include/custom_interfaces/msg/rosidl_generator_c__visibility_control.h
[0.797s] -- Up-to-date: /home/ros2/hexapod_ws/install/custom_interfaces/share/custom_interfaces/environment/library_path.sh
[0.798s] -- Up-to-date: /home/ros2/hexapod_ws/install/custom_interfaces/share/custom_interfaces/environment/library_path.dsv
[0.798s] -- Up-to-date: /home/ros2/hexapod_ws/install/custom_interfaces/lib/libcustom_interfaces__rosidl_generator_c.so
[0.798s] -- Up-to-date: /home/ros2/hexapod_ws/install/custom_interfaces/include/custom_interfaces
[0.798s] -- Up-to-date: /home/ros2/hexapod_ws/install/custom_interfaces/include/custom_interfaces/action
[0.798s] -- Up-to-date: /home/ros2/hexapod_ws/install/custom_interfaces/include/custom_interfaces/action/detail
[0.798s] -- Up-to-date: /home/ros2/hexapod_ws/install/custom_interfaces/include/custom_interfaces/action/detail/patrol__rosidl_typesupport_fastrtps_c.h
[0.798s] -- Up-to-date: /home/ros2/hexapod_ws/install/custom_interfaces/include/custom_interfaces/msg
[0.798s] -- Up-to-date: /home/ros2/hexapod_ws/install/custom_interfaces/include/custom_interfaces/msg/rosidl_typesupport_fastrtps_c__visibility_control.h
[0.798s] -- Up-to-date: /home/ros2/hexapod_ws/install/custom_interfaces/lib/libcustom_interfaces__rosidl_typesupport_fastrtps_c.so
[0.799s] -- Up-to-date: /home/ros2/hexapod_ws/install/custom_interfaces/include/custom_interfaces
[0.799s] -- Up-to-date: /home/ros2/hexapod_ws/install/custom_interfaces/include/custom_interfaces/action
[0.799s] -- Up-to-date: /home/ros2/hexapod_ws/install/custom_interfaces/include/custom_interfaces/action/detail
[0.799s] -- Up-to-date: /home/ros2/hexapod_ws/install/custom_interfaces/include/custom_interfaces/action/detail/dds_fastrtps
[0.799s] -- Up-to-date: /home/ros2/hexapod_ws/install/custom_interfaces/include/custom_interfaces/action/detail/patrol__rosidl_typesupport_fastrtps_cpp.hpp
[0.799s] -- Up-to-date: /home/ros2/hexapod_ws/install/custom_interfaces/include/custom_interfaces/msg
[0.799s] -- Up-to-date: /home/ros2/hexapod_ws/install/custom_interfaces/include/custom_interfaces/msg/rosidl_typesupport_fastrtps_cpp__visibility_control.h
[0.799s] -- Up-to-date: /home/ros2/hexapod_ws/install/custom_interfaces/lib/libcustom_interfaces__rosidl_typesupport_fastrtps_cpp.so
[0.799s] -- Up-to-date: /home/ros2/hexapod_ws/install/custom_interfaces/include/custom_interfaces
[0.800s] -- Up-to-date: /home/ros2/hexapod_ws/install/custom_interfaces/include/custom_interfaces/action
[0.800s] -- Up-to-date: /home/ros2/hexapod_ws/install/custom_interfaces/include/custom_interfaces/action/detail
[0.800s] -- Up-to-date: /home/ros2/hexapod_ws/install/custom_interfaces/include/custom_interfaces/action/detail/patrol__type_support.c
[0.800s] -- Up-to-date: /home/ros2/hexapod_ws/install/custom_interfaces/include/custom_interfaces/action/detail/patrol__rosidl_typesupport_introspection_c.h
[0.800s] -- Up-to-date: /home/ros2/hexapod_ws/install/custom_interfaces/include/custom_interfaces/msg
[0.800s] -- Up-to-date: /home/ros2/hexapod_ws/install/custom_interfaces/include/custom_interfaces/msg/rosidl_typesupport_introspection_c__visibility_control.h
[0.800s] -- Up-to-date: /home/ros2/hexapod_ws/install/custom_interfaces/lib/libcustom_interfaces__rosidl_typesupport_introspection_c.so
[0.800s] -- Up-to-date: /home/ros2/hexapod_ws/install/custom_interfaces/lib/libcustom_interfaces__rosidl_typesupport_c.so
[0.801s] -- Up-to-date: /home/ros2/hexapod_ws/install/custom_interfaces/include/custom_interfaces
[0.801s] -- Up-to-date: /home/ros2/hexapod_ws/install/custom_interfaces/include/custom_interfaces/action
[0.801s] -- Up-to-date: /home/ros2/hexapod_ws/install/custom_interfaces/include/custom_interfaces/action/patrol.hpp
[0.801s] -- Up-to-date: /home/ros2/hexapod_ws/install/custom_interfaces/include/custom_interfaces/action/detail
[0.801s] -- Up-to-date: /home/ros2/hexapod_ws/install/custom_interfaces/include/custom_interfaces/action/detail/patrol__struct.hpp
[0.801s] -- Up-to-date: /home/ros2/hexapod_ws/install/custom_interfaces/include/custom_interfaces/action/detail/patrol__traits.hpp
[0.801s] -- Up-to-date: /home/ros2/hexapod_ws/install/custom_interfaces/include/custom_interfaces/action/detail/patrol__builder.hpp
[0.801s] -- Up-to-date: /home/ros2/hexapod_ws/install/custom_interfaces/include/custom_interfaces/action/detail/patrol__type_support.hpp
[0.801s] -- Up-to-date: /home/ros2/hexapod_ws/install/custom_interfaces/include/custom_interfaces/msg
[0.801s] -- Up-to-date: /home/ros2/hexapod_ws/install/custom_interfaces/include/custom_interfaces/msg/rosidl_generator_cpp__visibility_control.hpp
[0.802s] -- Up-to-date: /home/ros2/hexapod_ws/install/custom_interfaces/include/custom_interfaces
[0.802s] -- Up-to-date: /home/ros2/hexapod_ws/install/custom_interfaces/include/custom_interfaces/action
[0.802s] -- Up-to-date: /home/ros2/hexapod_ws/install/custom_interfaces/include/custom_interfaces/action/detail
[0.802s] -- Up-to-date: /home/ros2/hexapod_ws/install/custom_interfaces/include/custom_interfaces/action/detail/patrol__type_support.cpp
[0.802s] -- Up-to-date: /home/ros2/hexapod_ws/install/custom_interfaces/include/custom_interfaces/action/detail/patrol__rosidl_typesupport_introspection_cpp.hpp
[0.802s] -- Up-to-date: /home/ros2/hexapod_ws/install/custom_interfaces/lib/libcustom_interfaces__rosidl_typesupport_introspection_cpp.so
[0.802s] -- Up-to-date: /home/ros2/hexapod_ws/install/custom_interfaces/lib/libcustom_interfaces__rosidl_typesupport_cpp.so
[0.802s] -- Up-to-date: /home/ros2/hexapod_ws/install/custom_interfaces/share/custom_interfaces/environment/pythonpath.sh
[0.802s] -- Up-to-date: /home/ros2/hexapod_ws/install/custom_interfaces/share/custom_interfaces/environment/pythonpath.dsv
[0.802s] -- Up-to-date: /home/ros2/hexapod_ws/install/custom_interfaces/lib/python3.8/site-packages/custom_interfaces/__init__.py
[0.862s] -- Up-to-date: /home/ros2/hexapod_ws/install/custom_interfaces/lib/python3.8/site-packages/custom_interfaces/action
[0.862s] -- Up-to-date: /home/ros2/hexapod_ws/install/custom_interfaces/lib/python3.8/site-packages/custom_interfaces/action/__init__.py
[0.862s] -- Up-to-date: /home/ros2/hexapod_ws/install/custom_interfaces/lib/python3.8/site-packages/custom_interfaces/action/_patrol.py
[0.863s] -- Up-to-date: /home/ros2/hexapod_ws/install/custom_interfaces/lib/python3.8/site-packages/custom_interfaces/action/_patrol_s.c
[0.863s] -- Up-to-date: /home/ros2/hexapod_ws/install/custom_interfaces/lib/python3.8/site-packages/custom_interfaces/custom_interfaces_s__rosidl_typesupport_fastrtps_c.cpython-38-x86_64-linux-gnu.so
[0.863s] -- Up-to-date: /home/ros2/hexapod_ws/install/custom_interfaces/lib/python3.8/site-packages/custom_interfaces/custom_interfaces_s__rosidl_typesupport_introspection_c.cpython-38-x86_64-linux-gnu.so
[0.864s] -- Up-to-date: /home/ros2/hexapod_ws/install/custom_interfaces/lib/python3.8/site-packages/custom_interfaces/custom_interfaces_s__rosidl_typesupport_c.cpython-38-x86_64-linux-gnu.so
[0.865s] -- Up-to-date: /home/ros2/hexapod_ws/install/custom_interfaces/lib/libcustom_interfaces__python.so
[0.865s] -- Up-to-date: /home/ros2/hexapod_ws/install/custom_interfaces/share/custom_interfaces/action/Patrol.idl
[0.865s] -- Up-to-date: /home/ros2/hexapod_ws/install/custom_interfaces/share/custom_interfaces/action/Patrol.action
[0.866s] -- Up-to-date: /home/ros2/hexapod_ws/install/custom_interfaces/share/ament_index/resource_index/package_run_dependencies/custom_interfaces
[0.866s] -- Up-to-date: /home/ros2/hexapod_ws/install/custom_interfaces/share/ament_index/resource_index/parent_prefix_path/custom_interfaces
[0.866s] -- Up-to-date: /home/ros2/hexapod_ws/install/custom_interfaces/share/custom_interfaces/environment/ament_prefix_path.sh
[0.866s] -- Up-to-date: /home/ros2/hexapod_ws/install/custom_interfaces/share/custom_interfaces/environment/ament_prefix_path.dsv
[0.866s] -- Up-to-date: /home/ros2/hexapod_ws/install/custom_interfaces/share/custom_interfaces/environment/path.sh
[0.866s] -- Up-to-date: /home/ros2/hexapod_ws/install/custom_interfaces/share/custom_interfaces/environment/path.dsv
[0.866s] -- Up-to-date: /home/ros2/hexapod_ws/install/custom_interfaces/share/custom_interfaces/local_setup.bash
[0.866s] -- Up-to-date: /home/ros2/hexapod_ws/install/custom_interfaces/share/custom_interfaces/local_setup.sh
[0.866s] -- Up-to-date: /home/ros2/hexapod_ws/install/custom_interfaces/share/custom_interfaces/local_setup.zsh
[0.866s] -- Up-to-date: /home/ros2/hexapod_ws/install/custom_interfaces/share/custom_interfaces/local_setup.dsv
[0.866s] -- Installing: /home/ros2/hexapod_ws/install/custom_interfaces/share/custom_interfaces/package.dsv
[0.867s] -- Up-to-date: /home/ros2/hexapod_ws/install/custom_interfaces/share/ament_index/resource_index/packages/custom_interfaces
[0.867s] -- Up-to-date: /home/ros2/hexapod_ws/install/custom_interfaces/share/custom_interfaces/cmake/custom_interfaces__rosidl_generator_cExport.cmake
[0.867s] -- Up-to-date: /home/ros2/hexapod_ws/install/custom_interfaces/share/custom_interfaces/cmake/custom_interfaces__rosidl_generator_cExport-noconfig.cmake
[0.867s] -- Up-to-date: /home/ros2/hexapod_ws/install/custom_interfaces/share/custom_interfaces/cmake/custom_interfaces__rosidl_typesupport_introspection_cExport.cmake
[0.867s] -- Up-to-date: /home/ros2/hexapod_ws/install/custom_interfaces/share/custom_interfaces/cmake/custom_interfaces__rosidl_typesupport_introspection_cExport-noconfig.cmake
[0.867s] -- Up-to-date: /home/ros2/hexapod_ws/install/custom_interfaces/share/custom_interfaces/cmake/custom_interfaces__rosidl_typesupport_cExport.cmake
[0.867s] -- Up-to-date: /home/ros2/hexapod_ws/install/custom_interfaces/share/custom_interfaces/cmake/custom_interfaces__rosidl_typesupport_cExport-noconfig.cmake
[0.867s] -- Up-to-date: /home/ros2/hexapod_ws/install/custom_interfaces/share/custom_interfaces/cmake/custom_interfaces__rosidl_generator_cppExport.cmake
[0.867s] -- Up-to-date: /home/ros2/hexapod_ws/install/custom_interfaces/share/custom_interfaces/cmake/custom_interfaces__rosidl_typesupport_introspection_cppExport.cmake
[0.868s] -- Up-to-date: /home/ros2/hexapod_ws/install/custom_interfaces/share/custom_interfaces/cmake/custom_interfaces__rosidl_typesupport_introspection_cppExport-noconfig.cmake
[0.868s] -- Up-to-date: /home/ros2/hexapod_ws/install/custom_interfaces/share/custom_interfaces/cmake/custom_interfaces__rosidl_typesupport_cppExport.cmake
[0.868s] -- Up-to-date: /home/ros2/hexapod_ws/install/custom_interfaces/share/custom_interfaces/cmake/custom_interfaces__rosidl_typesupport_cppExport-noconfig.cmake
[0.868s] -- Up-to-date: /home/ros2/hexapod_ws/install/custom_interfaces/share/custom_interfaces/cmake/rosidl_cmake-extras.cmake
[0.868s] -- Up-to-date: /home/ros2/hexapod_ws/install/custom_interfaces/share/custom_interfaces/cmake/ament_cmake_export_dependencies-extras.cmake
[0.868s] -- Up-to-date: /home/ros2/hexapod_ws/install/custom_interfaces/share/custom_interfaces/cmake/ament_cmake_export_libraries-extras.cmake
[0.868s] -- Up-to-date: /home/ros2/hexapod_ws/install/custom_interfaces/share/custom_interfaces/cmake/ament_cmake_export_targets-extras.cmake
[0.868s] -- Up-to-date: /home/ros2/hexapod_ws/install/custom_interfaces/share/custom_interfaces/cmake/ament_cmake_export_include_directories-extras.cmake
[0.869s] -- Up-to-date: /home/ros2/hexapod_ws/install/custom_interfaces/share/custom_interfaces/cmake/rosidl_cmake_export_typesupport_libraries-extras.cmake
[0.869s] -- Up-to-date: /home/ros2/hexapod_ws/install/custom_interfaces/share/custom_interfaces/cmake/rosidl_cmake_export_typesupport_targets-extras.cmake
[0.869s] -- Up-to-date: /home/ros2/hexapod_ws/install/custom_interfaces/share/custom_interfaces/cmake/custom_interfacesConfig.cmake
[0.869s] -- Up-to-date: /home/ros2/hexapod_ws/install/custom_interfaces/share/custom_interfaces/cmake/custom_interfacesConfig-version.cmake
[0.869s] -- Up-to-date: /home/ros2/hexapod_ws/install/custom_interfaces/share/custom_interfaces/package.xml
[0.890s] Invoked command in '/home/ros2/hexapod_ws/build/custom_interfaces' returned '0': CMAKE_PREFIX_PATH=${CMAKE_PREFIX_PATH}:/home/ros2/hexapod_ws/install/patrol_action_server:/home/ros2/hexapod_ws/install/patrol_action_client:/home/ros2/hexapod_ws/install/hexapod_description:/opt/ros/foxy /usr/bin/cmake --install /home/ros2/hexapod_ws/build/custom_interfaces
