/home/ros2/hexapod_ws/install/patrol_action_client/lib/python3.8/site-packages/patrol_action_client/__init__.py
/home/ros2/hexapod_ws/install/patrol_action_client/lib/python3.8/site-packages/patrol_action_client/patrol_action_client copy_with_stance.py
/home/ros2/hexapod_ws/install/patrol_action_client/lib/python3.8/site-packages/patrol_action_client/patrol_action_client copy.py
/home/ros2/hexapod_ws/install/patrol_action_client/lib/python3.8/site-packages/patrol_action_client/patrol_action_client copy 3.py
/home/ros2/hexapod_ws/install/patrol_action_client/lib/python3.8/site-packages/patrol_action_client/patrol_action_client_backup.py
/home/ros2/hexapod_ws/install/patrol_action_client/lib/python3.8/site-packages/patrol_action_client/patrol_action_client_without_cartes_leg_posi.py
/home/ros2/hexapod_ws/install/patrol_action_client/lib/python3.8/site-packages/patrol_action_client/patrol_action_client_EXcellentBackup.py
/home/ros2/hexapod_ws/install/patrol_action_client/lib/python3.8/site-packages/patrol_action_client/patrol_action_client_best_backup.py
/home/ros2/hexapod_ws/install/patrol_action_client/lib/python3.8/site-packages/patrol_action_client/patrol_action_client copy 2.py
/home/ros2/hexapod_ws/install/patrol_action_client/lib/python3.8/site-packages/patrol_action_client/patrol_action_client.py
/home/ros2/hexapod_ws/install/patrol_action_client/lib/python3.8/site-packages/patrol_action_client/patrol_action_client_One_Leg_Test.py
/home/ros2/hexapod_ws/install/patrol_action_client/lib/python3.8/site-packages/patrol_action_client/patrol_action_clientOhneWorld.py
/home/ros2/hexapod_ws/install/patrol_action_client/lib/python3.8/site-packages/patrol_action_client/patrol_action_clientFinalBackup_InCaseSomethWrong.py
/home/ros2/hexapod_ws/install/patrol_action_client/lib/python3.8/site-packages/patrol_action_client/__pycache__/__init__.cpython-38.pyc
/home/ros2/hexapod_ws/install/patrol_action_client/lib/python3.8/site-packages/patrol_action_client/__pycache__/patrol_action_client copy_with_stance.cpython-38.pyc
/home/ros2/hexapod_ws/install/patrol_action_client/lib/python3.8/site-packages/patrol_action_client/__pycache__/patrol_action_client copy.cpython-38.pyc
/home/ros2/hexapod_ws/install/patrol_action_client/lib/python3.8/site-packages/patrol_action_client/__pycache__/patrol_action_client copy 3.cpython-38.pyc
/home/ros2/hexapod_ws/install/patrol_action_client/lib/python3.8/site-packages/patrol_action_client/__pycache__/patrol_action_client_backup.cpython-38.pyc
/home/ros2/hexapod_ws/install/patrol_action_client/lib/python3.8/site-packages/patrol_action_client/__pycache__/patrol_action_client_without_cartes_leg_posi.cpython-38.pyc
/home/ros2/hexapod_ws/install/patrol_action_client/lib/python3.8/site-packages/patrol_action_client/__pycache__/patrol_action_client_EXcellentBackup.cpython-38.pyc
/home/ros2/hexapod_ws/install/patrol_action_client/lib/python3.8/site-packages/patrol_action_client/__pycache__/patrol_action_client_best_backup.cpython-38.pyc
/home/ros2/hexapod_ws/install/patrol_action_client/lib/python3.8/site-packages/patrol_action_client/__pycache__/patrol_action_client copy 2.cpython-38.pyc
/home/ros2/hexapod_ws/install/patrol_action_client/lib/python3.8/site-packages/patrol_action_client/__pycache__/patrol_action_client.cpython-38.pyc
/home/ros2/hexapod_ws/install/patrol_action_client/lib/python3.8/site-packages/patrol_action_client/__pycache__/patrol_action_client_One_Leg_Test.cpython-38.pyc
/home/ros2/hexapod_ws/install/patrol_action_client/lib/python3.8/site-packages/patrol_action_client/__pycache__/patrol_action_clientOhneWorld.cpython-38.pyc
/home/ros2/hexapod_ws/install/patrol_action_client/lib/python3.8/site-packages/patrol_action_client/__pycache__/patrol_action_clientFinalBackup_InCaseSomethWrong.cpython-38.pyc
/home/ros2/hexapod_ws/install/patrol_action_client/share/ament_index/resource_index/packages/patrol_action_client
/home/ros2/hexapod_ws/install/patrol_action_client/share/patrol_action_client/package.xml
/home/ros2/hexapod_ws/install/patrol_action_client/lib/python3.8/site-packages/patrol_action_client-0.0.0-py3.8.egg-info/top_level.txt
/home/ros2/hexapod_ws/install/patrol_action_client/lib/python3.8/site-packages/patrol_action_client-0.0.0-py3.8.egg-info/dependency_links.txt
/home/ros2/hexapod_ws/install/patrol_action_client/lib/python3.8/site-packages/patrol_action_client-0.0.0-py3.8.egg-info/entry_points.txt
/home/ros2/hexapod_ws/install/patrol_action_client/lib/python3.8/site-packages/patrol_action_client-0.0.0-py3.8.egg-info/zip-safe
/home/ros2/hexapod_ws/install/patrol_action_client/lib/python3.8/site-packages/patrol_action_client-0.0.0-py3.8.egg-info/requires.txt
/home/ros2/hexapod_ws/install/patrol_action_client/lib/python3.8/site-packages/patrol_action_client-0.0.0-py3.8.egg-info/PKG-INFO
/home/ros2/hexapod_ws/install/patrol_action_client/lib/python3.8/site-packages/patrol_action_client-0.0.0-py3.8.egg-info/SOURCES.txt
/home/ros2/hexapod_ws/install/patrol_action_client/lib/patrol_action_client/patrol_action_client_exe
